1.12.1+cu102
cuda:0
Trainable Parameters : 593411
Start training...
epoch 0, loss: 1.10, train 20.00%
epoch 0, loss: 3.28, train 27.50%
epoch 0, loss: 2.37, train 30.00%
epoch 0, loss: 1.12, train 37.50%
epoch 0, loss: 1.05, train 40.00%
epoch 0, loss: 1.51, train 40.83%
epoch 0, loss: 1.58, train 37.86%
epoch 0, loss: 1.00, train 39.38%
epoch 0, loss: 1.42, train 41.11%
epoch 0, loss: 1.33, train 42.50%
epoch 0, loss: 1.98, train 41.36%
epoch 0, loss: 0.74, train 42.92%
epoch 0, loss: 0.80, train 44.23%
epoch 0, loss: 0.59, train 46.07%
epoch 0, loss: 1.04, train 46.67%
epoch 0, loss: 1.40, train 45.94%
epoch 0, loss: 0.84, train 46.47%
epoch 0, loss: 1.11, train 46.67%
epoch 0, loss: 1.00, train 46.84%
epoch 0, loss: 1.08, train 47.00%
epoch 0, loss: 0.86, train 47.38%
epoch 0, loss: 1.02, train 48.18%
epoch 0, loss: 0.73, train 48.70%
epoch 0, loss: 0.51, train 50.00%
epoch 0, loss: 0.53, train 51.20%
epoch 0, loss: 0.95, train 51.54%
epoch 0, loss: 0.65, train 51.85%
epoch 0, loss: 0.75, train 52.32%
epoch 0, loss: 0.88, train 52.59%
epoch 0, loss: 0.58, train 53.33%
epoch 0, loss: 0.55, train 54.03%
epoch 0, loss: 0.43, train 55.00%
epoch 0, loss: 0.53, train 55.76%
epoch 0, loss: 1.20, train 55.74%
epoch 0, loss: 0.62, train 56.29%
epoch 0, loss: 0.77, train 56.53%
epoch 0, loss: 0.90, train 56.35%
epoch 0, loss: 0.56, train 56.84%
epoch 0, loss: 0.65, train 57.31%
epoch 0, loss: 1.10, train 57.12%
epoch 0, loss: 0.78, train 57.20%
epoch 0, loss: 0.36, train 57.98%
epoch 0, loss: 1.05, train 57.91%
epoch 0, loss: 2.07, train 57.27%
epoch 0, loss: 1.45, train 57.33%
Epoch completed!
epoch 0, total signals 900, average_loss_per_batch: 1.040751, train 57.33%
Validating
Val set size: 120, validation accuracy 67.50%
epoch 1, loss: 1.07, train 70.00%
epoch 1, loss: 1.08, train 62.50%
epoch 1, loss: 0.38, train 73.33%
epoch 1, loss: 0.71, train 73.75%
epoch 1, loss: 0.89, train 73.00%
epoch 1, loss: 0.73, train 70.83%
epoch 1, loss: 0.75, train 69.29%
epoch 1, loss: 0.97, train 68.12%
epoch 1, loss: 0.90, train 67.22%
epoch 1, loss: 1.04, train 65.50%
epoch 1, loss: 0.58, train 66.36%
epoch 1, loss: 0.63, train 67.08%
epoch 1, loss: 0.66, train 66.54%
epoch 1, loss: 1.42, train 64.29%
epoch 1, loss: 0.44, train 66.00%
epoch 1, loss: 0.56, train 66.88%
epoch 1, loss: 0.75, train 66.76%
epoch 1, loss: 1.05, train 66.11%
epoch 1, loss: 0.67, train 65.79%
epoch 1, loss: 0.90, train 65.75%
epoch 1, loss: 0.50, train 66.43%
epoch 1, loss: 1.09, train 66.14%
epoch 1, loss: 1.11, train 65.87%
epoch 1, loss: 0.78, train 65.83%
epoch 1, loss: 0.50, train 66.20%
epoch 1, loss: 0.74, train 66.15%
epoch 1, loss: 1.13, train 66.11%
epoch 1, loss: 1.13, train 65.00%
epoch 1, loss: 0.87, train 65.00%
epoch 1, loss: 1.28, train 64.17%
epoch 1, loss: 0.89, train 64.03%
epoch 1, loss: 0.87, train 63.75%
epoch 1, loss: 0.58, train 64.24%
epoch 1, loss: 1.81, train 63.82%
epoch 1, loss: 1.25, train 63.00%
epoch 1, loss: 1.84, train 62.50%
epoch 1, loss: 0.79, train 62.30%
epoch 1, loss: 0.54, train 62.63%
epoch 1, loss: 0.71, train 62.69%
epoch 1, loss: 0.55, train 63.25%
epoch 1, loss: 0.66, train 63.54%
epoch 1, loss: 0.87, train 63.57%
epoch 1, loss: 0.45, train 64.30%
epoch 1, loss: 0.79, train 64.20%
epoch 1, loss: 0.70, train 64.44%
Epoch completed!
epoch 1, total signals 900, average_loss_per_batch: 0.858009, train 64.44%
Validating
Val set size: 120, validation accuracy 54.17%
epoch 2, loss: 0.73, train 70.00%
epoch 2, loss: 0.96, train 62.50%
epoch 2, loss: 1.53, train 55.00%
epoch 2, loss: 6.98, train 47.50%
epoch 2, loss: 2.72, train 47.00%
epoch 2, loss: 1.96, train 45.83%
epoch 2, loss: 1.09, train 45.71%
epoch 2, loss: 2.51, train 42.50%
epoch 2, loss: 4.00, train 43.33%
epoch 2, loss: 2.38, train 42.50%
epoch 2, loss: 2.00, train 41.82%
epoch 2, loss: 6.51, train 40.42%
epoch 2, loss: 1.89, train 38.85%
epoch 2, loss: 1.66, train 38.93%
epoch 2, loss: 2.12, train 38.00%
epoch 2, loss: 3.76, train 38.75%
epoch 2, loss: 7.63, train 37.94%
epoch 2, loss: 2.12, train 37.78%
epoch 2, loss: 2.43, train 37.63%
epoch 2, loss: 2.02, train 37.50%
epoch 2, loss: 1.71, train 36.43%
epoch 2, loss: 2.58, train 36.36%
epoch 2, loss: 2.62, train 35.65%
epoch 2, loss: 8.56, train 35.42%
epoch 2, loss: 1.22, train 35.80%
epoch 2, loss: 1.99, train 34.81%
epoch 2, loss: 1.91, train 34.81%
epoch 2, loss: 13.95, train 34.29%
epoch 2, loss: 1.28, train 34.48%
epoch 2, loss: 2.01, train 34.50%
epoch 2, loss: 1.78, train 34.84%
epoch 2, loss: 4.68, train 34.84%
epoch 2, loss: 1.07, train 35.30%
epoch 2, loss: 3.69, train 35.00%
epoch 2, loss: 2.57, train 34.86%
epoch 2, loss: 4.78, train 34.31%
epoch 2, loss: 2.11, train 34.32%
epoch 2, loss: 9.82, train 34.34%
epoch 2, loss: 2.17, train 33.85%
epoch 2, loss: 1.92, train 33.75%
epoch 2, loss: 2.05, train 34.02%
epoch 2, loss: 2.67, train 34.05%
epoch 2, loss: 3.66, train 34.19%
epoch 2, loss: 5.69, train 33.98%
epoch 2, loss: 4.80, train 33.78%
Epoch completed!
epoch 2, total signals 900, average_loss_per_batch: 3.295150, train 33.78%
Validating
Val set size: 120, validation accuracy 33.33%
epoch 3, loss: 2.18, train 35.00%
epoch 3, loss: 6.23, train 27.50%
epoch 3, loss: 1.79, train 21.67%
epoch 3, loss: 2.08, train 22.50%
epoch 3, loss: 1.23, train 24.00%
epoch 3, loss: 2.52, train 24.17%
epoch 3, loss: 1.25, train 25.00%
epoch 3, loss: 1.59, train 25.00%
epoch 3, loss: 1.26, train 26.67%
epoch 3, loss: 0.81, train 30.00%
epoch 3, loss: 3.52, train 30.91%
epoch 3, loss: 1.18, train 31.67%
epoch 3, loss: 10.03, train 30.00%
epoch 3, loss: 3.52, train 30.36%
epoch 3, loss: 5.35, train 29.67%
epoch 3, loss: 2.94, train 30.00%
epoch 3, loss: 2.52, train 29.41%
epoch 3, loss: 1.09, train 30.00%
epoch 3, loss: 1.17, train 30.53%
epoch 3, loss: 1.85, train 31.25%
epoch 3, loss: 1.76, train 31.90%
epoch 3, loss: 1.38, train 32.05%
epoch 3, loss: 2.50, train 32.17%
epoch 3, loss: 1.99, train 32.50%
epoch 3, loss: 1.56, train 33.00%
epoch 3, loss: 1.33, train 32.69%
epoch 3, loss: 1.63, train 33.15%
epoch 3, loss: 4.47, train 32.86%
epoch 3, loss: 10.53, train 32.76%
epoch 3, loss: 1.71, train 32.33%
epoch 3, loss: 1.59, train 32.74%
epoch 3, loss: 1.53, train 32.97%
epoch 3, loss: 3.77, train 32.27%
epoch 3, loss: 2.22, train 32.65%
epoch 3, loss: 2.32, train 32.14%
epoch 3, loss: 3.46, train 32.08%
epoch 3, loss: 4.79, train 32.43%
epoch 3, loss: 6.05, train 32.50%
epoch 3, loss: 7.05, train 32.31%
epoch 3, loss: 7.32, train 32.38%
epoch 3, loss: 4.35, train 32.32%
epoch 3, loss: 1.14, train 32.74%
epoch 3, loss: 1.93, train 32.91%
epoch 3, loss: 2.33, train 32.73%
epoch 3, loss: 1.11, train 32.89%
Epoch completed!
epoch 3, total signals 900, average_loss_per_batch: 2.976174, train 32.89%
Validating
Val set size: 120, validation accuracy 33.33%
epoch 4, loss: 1.19, train 45.00%
epoch 4, loss: 1.72, train 40.00%
epoch 4, loss: 1.24, train 33.33%
epoch 4, loss: 1.62, train 35.00%
epoch 4, loss: 3.27, train 32.00%
epoch 4, loss: 1.27, train 31.67%
epoch 4, loss: 1.34, train 31.43%
epoch 4, loss: 1.41, train 33.75%
epoch 4, loss: 1.29, train 33.33%
epoch 4, loss: 1.53, train 33.50%
epoch 4, loss: 2.18, train 32.73%
epoch 4, loss: 1.88, train 33.33%
epoch 4, loss: 2.87, train 33.46%
epoch 4, loss: 1.72, train 33.57%
epoch 4, loss: 1.19, train 34.33%
epoch 4, loss: 1.68, train 35.94%
epoch 4, loss: 4.42, train 36.47%
epoch 4, loss: 1.64, train 35.83%
epoch 4, loss: 3.61, train 35.53%
epoch 4, loss: 4.44, train 36.00%
epoch 4, loss: 4.68, train 35.71%
epoch 4, loss: 1.73, train 35.91%
epoch 4, loss: 5.54, train 35.43%
epoch 4, loss: 2.37, train 35.62%
epoch 4, loss: 1.56, train 35.80%
epoch 4, loss: 2.23, train 35.38%
epoch 4, loss: 1.25, train 35.93%
epoch 4, loss: 2.21, train 35.36%
epoch 4, loss: 1.29, train 36.03%
epoch 4, loss: 1.03, train 36.67%
epoch 4, loss: 1.96, train 36.13%
epoch 4, loss: 3.23, train 35.47%
epoch 4, loss: 2.22, train 35.45%
epoch 4, loss: 1.87, train 35.74%
epoch 4, loss: 3.78, train 35.86%
epoch 4, loss: 46.98, train 35.28%
epoch 4, loss: 1.09, train 35.68%
epoch 4, loss: 31.77, train 35.39%
epoch 4, loss: 2.04, train 35.26%
epoch 4, loss: 1.88, train 35.25%
epoch 4, loss: 1.59, train 35.37%
epoch 4, loss: 1.36, train 35.48%
epoch 4, loss: 2.41, train 35.93%
epoch 4, loss: 1.15, train 35.57%
epoch 4, loss: 2.16, train 35.56%
Epoch completed!
epoch 4, total signals 900, average_loss_per_batch: 3.797631, train 35.56%
Validating
Val set size: 120, validation accuracy 33.33%
epoch 5, loss: 1.38, train 45.00%
epoch 5, loss: 1.45, train 37.50%
epoch 5, loss: 1.14, train 36.67%
epoch 5, loss: 2.87, train 36.25%
epoch 5, loss: 1.14, train 37.00%
epoch 5, loss: 1.60, train 36.67%
epoch 5, loss: 1.18, train 37.14%
epoch 5, loss: 3.11, train 36.25%
epoch 5, loss: 13.86, train 38.33%
epoch 5, loss: 1.26, train 37.00%
epoch 5, loss: 2.04, train 35.91%
epoch 5, loss: 1.63, train 35.00%
epoch 5, loss: 2.36, train 35.77%
epoch 5, loss: 4.63, train 35.71%
epoch 5, loss: 2.07, train 35.33%
epoch 5, loss: 1.74, train 34.38%
epoch 5, loss: 2.61, train 34.12%
epoch 5, loss: 1.10, train 33.33%
epoch 5, loss: 4.08, train 33.95%
epoch 5, loss: 2.18, train 33.75%
epoch 5, loss: 1.41, train 34.05%
epoch 5, loss: 2.52, train 33.64%
epoch 5, loss: 1.23, train 34.13%
epoch 5, loss: 1.28, train 34.38%
epoch 5, loss: 2.00, train 34.20%
epoch 5, loss: 1.17, train 34.04%
epoch 5, loss: 1.48, train 34.26%
epoch 5, loss: 4.25, train 34.82%
epoch 5, loss: 1.38, train 35.00%
epoch 5, loss: 1.27, train 35.50%
epoch 5, loss: 1.38, train 35.97%
epoch 5, loss: 3.04, train 35.78%
epoch 5, loss: 1.65, train 35.91%
epoch 5, loss: 1.54, train 35.88%
epoch 5, loss: 1.00, train 36.29%
epoch 5, loss: 1.07, train 36.39%
epoch 5, loss: 1.68, train 36.35%
epoch 5, loss: 1.76, train 35.66%
epoch 5, loss: 1.37, train 35.77%
epoch 5, loss: 5.36, train 35.62%
epoch 5, loss: 2.33, train 35.61%
epoch 5, loss: 1.07, train 35.83%
epoch 5, loss: 1.35, train 36.51%
epoch 5, loss: 11.14, train 36.59%
epoch 5, loss: 2.30, train 36.33%
Epoch completed!
epoch 5, total signals 900, average_loss_per_batch: 2.432120, train 36.33%
Validating
Val set size: 120, validation accuracy 33.33%
epoch 6, loss: 1.32, train 45.00%
epoch 6, loss: 2.62, train 45.00%
epoch 6, loss: 1.27, train 40.00%
epoch 6, loss: 2.78, train 38.75%
epoch 6, loss: 1.88, train 40.00%
epoch 6, loss: 1.24, train 36.67%
epoch 6, loss: 1.39, train 36.43%
epoch 6, loss: 11.07, train 35.62%
epoch 6, loss: 3.86, train 35.56%
epoch 6, loss: 6.19, train 35.50%
epoch 6, loss: 5.15, train 34.09%
epoch 6, loss: 2.14, train 34.58%
epoch 6, loss: 1.79, train 34.23%
epoch 6, loss: 1.23, train 35.71%
epoch 6, loss: 2.41, train 35.67%
epoch 6, loss: 3.26, train 35.00%
epoch 6, loss: 1.98, train 35.00%
epoch 6, loss: 4.47, train 34.17%
epoch 6, loss: 1.86, train 34.47%
epoch 6, loss: 1.29, train 34.50%
epoch 6, loss: 2.13, train 35.00%
epoch 6, loss: 5.19, train 33.86%
epoch 6, loss: 1.35, train 34.35%
epoch 6, loss: 2.82, train 34.17%
epoch 6, loss: 1.32, train 34.00%
epoch 6, loss: 1.01, train 34.42%
epoch 6, loss: 3.36, train 34.26%
epoch 6, loss: 2.10, train 34.29%
epoch 6, loss: 2.98, train 33.97%
epoch 6, loss: 1.74, train 34.00%
epoch 6, loss: 1.54, train 34.03%
epoch 6, loss: 1.73, train 33.91%
epoch 6, loss: 1.35, train 33.94%
epoch 6, loss: 1.54, train 34.26%
epoch 6, loss: 3.25, train 34.86%
epoch 6, loss: 0.93, train 35.56%
epoch 6, loss: 1.45, train 35.27%
epoch 6, loss: 2.93, train 34.87%
epoch 6, loss: 1.83, train 35.00%
epoch 6, loss: 1.89, train 34.88%
epoch 6, loss: 2.35, train 35.00%
epoch 6, loss: 10.95, train 35.12%
epoch 6, loss: 2.01, train 35.35%
epoch 6, loss: 2.07, train 35.23%
epoch 6, loss: 2.64, train 35.33%
Epoch completed!
epoch 6, total signals 900, average_loss_per_batch: 2.703118, train 35.33%
Validating
Val set size: 120, validation accuracy 33.33%
epoch 7, loss: 1.18, train 45.00%
epoch 7, loss: 3.48, train 37.50%
epoch 7, loss: 1.76, train 41.67%
epoch 7, loss: 1.82, train 36.25%
epoch 7, loss: 1.21, train 36.00%
epoch 7, loss: 6.79, train 34.17%
epoch 7, loss: 1.88, train 32.14%
epoch 7, loss: 1.87, train 31.25%
epoch 7, loss: 4.19, train 30.00%
epoch 7, loss: 1.30, train 30.50%
epoch 7, loss: 1.28, train 30.00%
epoch 7, loss: 3.46, train 29.58%
epoch 7, loss: 10.99, train 28.08%
epoch 7, loss: 2.14, train 27.50%
epoch 7, loss: 1.71, train 27.33%
epoch 7, loss: 1.77, train 27.19%
epoch 7, loss: 1.23, train 27.94%
epoch 7, loss: 1.13, train 28.33%
epoch 7, loss: 1.41, train 27.89%
epoch 7, loss: 1.85, train 27.75%
epoch 7, loss: 1.85, train 28.57%
epoch 7, loss: 1.43, train 28.41%
epoch 7, loss: 14.29, train 28.26%
epoch 7, loss: 1.21, train 29.38%
epoch 7, loss: 1.44, train 29.60%
epoch 7, loss: 2.06, train 29.62%
epoch 7, loss: 1.60, train 29.81%
epoch 7, loss: 1.67, train 30.18%
epoch 7, loss: 6.16, train 30.86%
epoch 7, loss: 8.26, train 30.83%
epoch 7, loss: 1.30, train 30.48%
epoch 7, loss: 1.30, train 30.94%
epoch 7, loss: 1.02, train 31.97%
epoch 7, loss: 2.13, train 31.76%
epoch 7, loss: 1.07, train 32.00%
epoch 7, loss: 3.87, train 31.67%
epoch 7, loss: 1.69, train 32.03%
epoch 7, loss: 2.34, train 32.11%
epoch 7, loss: 2.16, train 32.56%
epoch 7, loss: 1.35, train 32.38%
epoch 7, loss: 1.33, train 32.44%
epoch 7, loss: 2.01, train 32.26%
epoch 7, loss: 1.28, train 32.33%
epoch 7, loss: 1.27, train 32.05%
epoch 7, loss: 1.17, train 31.89%
Epoch completed!
epoch 7, total signals 900, average_loss_per_batch: 2.616012, train 31.89%
Validating
Val set size: 120, validation accuracy 33.33%
epoch 8, loss: 1.20, train 15.00%
epoch 8, loss: 1.88, train 12.50%
epoch 8, loss: 1.22, train 20.00%
epoch 8, loss: 1.21, train 21.25%
epoch 8, loss: 5.64, train 24.00%
epoch 8, loss: 1.21, train 25.83%
epoch 8, loss: 1.32, train 25.00%
epoch 8, loss: 2.17, train 25.62%
epoch 8, loss: 2.00, train 25.56%
epoch 8, loss: 1.38, train 25.00%
epoch 8, loss: 1.15, train 25.45%
epoch 8, loss: 1.17, train 25.83%
epoch 8, loss: 1.89, train 26.92%
epoch 8, loss: 1.86, train 29.29%
epoch 8, loss: 3.61, train 29.67%
epoch 8, loss: 1.11, train 30.31%
epoch 8, loss: 1.14, train 30.88%
epoch 8, loss: 1.17, train 30.56%
epoch 8, loss: 1.30, train 30.26%
epoch 8, loss: 1.19, train 30.75%
epoch 8, loss: 1.72, train 30.24%
epoch 8, loss: 1.20, train 29.77%
epoch 8, loss: 1.05, train 30.22%
epoch 8, loss: 4.14, train 30.21%
epoch 8, loss: 1.24, train 30.40%
epoch 8, loss: 1.93, train 30.58%
epoch 8, loss: 2.31, train 30.93%
epoch 8, loss: 1.36, train 30.54%
epoch 8, loss: 1.13, train 31.38%
epoch 8, loss: 1.12, train 31.67%
epoch 8, loss: 1.37, train 31.61%
epoch 8, loss: 2.86, train 31.25%
epoch 8, loss: 3.00, train 31.52%
epoch 8, loss: 1.23, train 31.18%
epoch 8, loss: 1.11, train 31.43%
epoch 8, loss: 3.07, train 31.94%
epoch 8, loss: 1.43, train 31.62%
epoch 8, loss: 1.15, train 31.71%
epoch 8, loss: 1.45, train 31.79%
epoch 8, loss: 1.15, train 32.12%
epoch 8, loss: 1.44, train 32.07%
epoch 8, loss: 1.07, train 32.50%
epoch 8, loss: 1.11, train 32.33%
epoch 8, loss: 1.89, train 32.39%
epoch 8, loss: 1.12, train 32.11%
Epoch completed!
epoch 8, total signals 900, average_loss_per_batch: 1.699649, train 32.11%
Validating
Val set size: 120, validation accuracy 33.33%
epoch 9, loss: 1.16, train 55.00%
epoch 9, loss: 1.80, train 40.00%
epoch 9, loss: 1.10, train 38.33%
epoch 9, loss: 1.15, train 37.50%
epoch 9, loss: 1.40, train 37.00%
epoch 9, loss: 1.91, train 35.00%
epoch 9, loss: 1.30, train 35.00%
epoch 9, loss: 1.05, train 36.88%
epoch 9, loss: 1.19, train 37.22%
epoch 9, loss: 2.24, train 35.00%
epoch 9, loss: 1.11, train 35.45%
epoch 9, loss: 1.30, train 35.00%
epoch 9, loss: 1.24, train 35.00%
epoch 9, loss: 2.17, train 33.93%
epoch 9, loss: 1.07, train 34.00%
epoch 9, loss: 1.30, train 34.69%
epoch 9, loss: 1.14, train 35.00%
epoch 9, loss: 1.13, train 35.83%
epoch 9, loss: 1.31, train 35.79%
epoch 9, loss: 1.37, train 35.25%
epoch 9, loss: 1.12, train 35.95%
epoch 9, loss: 1.22, train 35.45%
epoch 9, loss: 1.32, train 35.00%
epoch 9, loss: 1.14, train 35.00%
epoch 9, loss: 1.74, train 35.00%
epoch 9, loss: 1.24, train 34.62%
epoch 9, loss: 1.83, train 34.07%
epoch 9, loss: 1.22, train 34.29%
epoch 9, loss: 1.60, train 33.97%
epoch 9, loss: 1.17, train 34.50%
epoch 9, loss: 1.70, train 34.84%
epoch 9, loss: 1.34, train 34.22%
epoch 9, loss: 1.06, train 34.55%
epoch 9, loss: 1.09, train 34.85%
epoch 9, loss: 1.20, train 34.71%
epoch 9, loss: 1.36, train 35.00%
epoch 9, loss: 1.12, train 35.00%
epoch 9, loss: 2.57, train 34.74%
epoch 9, loss: 1.18, train 34.36%
epoch 9, loss: 1.03, train 35.00%
epoch 9, loss: 1.80, train 34.63%
epoch 9, loss: 1.21, train 34.64%
epoch 9, loss: 1.43, train 34.65%
epoch 9, loss: 1.12, train 35.00%
epoch 9, loss: 1.37, train 34.89%
Epoch completed!
epoch 9, total signals 900, average_loss_per_batch: 1.370038, train 34.89%
Validating
Val set size: 120, validation accuracy 33.33%
epoch 10, loss: 1.33, train 35.00%
epoch 10, loss: 1.11, train 35.00%
epoch 10, loss: 1.25, train 38.33%
epoch 10, loss: 1.23, train 35.00%
epoch 10, loss: 1.73, train 33.00%
epoch 10, loss: 1.21, train 34.17%
epoch 10, loss: 1.30, train 34.29%
epoch 10, loss: 4.12, train 33.12%
epoch 10, loss: 1.56, train 32.22%
epoch 10, loss: 1.10, train 33.00%
epoch 10, loss: 1.08, train 32.73%
epoch 10, loss: 1.46, train 30.83%
epoch 10, loss: 1.24, train 30.00%
epoch 10, loss: 1.10, train 30.36%
epoch 10, loss: 1.94, train 29.67%
epoch 10, loss: 1.10, train 30.00%
epoch 10, loss: 1.27, train 30.29%
epoch 10, loss: 1.73, train 30.83%
epoch 10, loss: 1.17, train 31.05%
epoch 10, loss: 1.13, train 31.75%
epoch 10, loss: 1.25, train 31.90%
epoch 10, loss: 1.14, train 32.50%
epoch 10, loss: 2.19, train 31.52%
epoch 10, loss: 1.68, train 31.67%
epoch 10, loss: 1.16, train 31.80%
epoch 10, loss: 1.18, train 32.31%
epoch 10, loss: 1.10, train 32.04%
epoch 10, loss: 1.05, train 32.86%
epoch 10, loss: 1.65, train 32.24%
epoch 10, loss: 1.11, train 32.17%
epoch 10, loss: 1.29, train 32.26%
epoch 10, loss: 1.51, train 32.66%
epoch 10, loss: 1.09, train 32.42%
epoch 10, loss: 1.16, train 32.35%
epoch 10, loss: 1.09, train 32.71%
epoch 10, loss: 1.11, train 32.64%
epoch 10, loss: 1.14, train 32.84%
epoch 10, loss: 1.05, train 33.16%
epoch 10, loss: 1.05, train 33.72%
epoch 10, loss: 1.38, train 33.75%
epoch 10, loss: 1.35, train 33.54%
epoch 10, loss: 1.14, train 33.21%
epoch 10, loss: 1.12, train 33.26%
epoch 10, loss: 1.08, train 33.52%
epoch 10, loss: 1.01, train 34.00%
Epoch completed!
epoch 10, total signals 900, average_loss_per_batch: 1.338911, train 34.00%
Validating
Val set size: 120, validation accuracy 33.33%
epoch 11, loss: 1.11, train 30.00%
epoch 11, loss: 1.17, train 27.50%
epoch 11, loss: 1.22, train 25.00%
epoch 11, loss: 0.98, train 32.50%
epoch 11, loss: 0.97, train 39.00%
epoch 11, loss: 1.27, train 36.67%
epoch 11, loss: 1.33, train 36.43%
epoch 11, loss: 2.09, train 35.00%
epoch 11, loss: 1.10, train 36.11%
epoch 11, loss: 1.27, train 35.50%
epoch 11, loss: 1.19, train 35.00%
epoch 11, loss: 1.12, train 35.00%
epoch 11, loss: 2.05, train 35.00%
epoch 11, loss: 1.10, train 35.71%
epoch 11, loss: 1.09, train 35.33%
epoch 11, loss: 0.98, train 36.25%
epoch 11, loss: 0.99, train 37.65%
epoch 11, loss: 1.10, train 38.06%
epoch 11, loss: 1.12, train 37.63%
epoch 11, loss: 1.27, train 38.00%
epoch 11, loss: 1.10, train 38.33%
epoch 11, loss: 1.47, train 38.18%
epoch 11, loss: 1.18, train 38.48%
epoch 11, loss: 1.50, train 37.92%
epoch 11, loss: 1.17, train 37.40%
epoch 11, loss: 1.15, train 37.69%
epoch 11, loss: 1.14, train 37.41%
epoch 11, loss: 1.09, train 37.14%
epoch 11, loss: 1.32, train 37.24%
epoch 11, loss: 1.11, train 37.33%
epoch 11, loss: 2.00, train 36.61%
epoch 11, loss: 2.00, train 36.41%
epoch 11, loss: 1.14, train 35.91%
epoch 11, loss: 1.11, train 36.03%
epoch 11, loss: 1.10, train 36.14%
epoch 11, loss: 1.16, train 36.25%
epoch 11, loss: 1.09, train 36.08%
epoch 11, loss: 1.10, train 36.18%
epoch 11, loss: 1.08, train 36.28%
epoch 11, loss: 1.11, train 36.00%
epoch 11, loss: 1.34, train 35.85%
epoch 11, loss: 1.08, train 35.95%
epoch 11, loss: 1.30, train 35.93%
epoch 11, loss: 1.12, train 35.68%
epoch 11, loss: 1.06, train 35.67%
Epoch completed!
epoch 11, total signals 900, average_loss_per_batch: 1.234108, train 35.67%
Validating
Val set size: 120, validation accuracy 33.33%
epoch 12, loss: 2.59, train 15.00%
epoch 12, loss: 1.19, train 22.50%
epoch 12, loss: 1.13, train 26.67%
epoch 12, loss: 1.19, train 26.25%
epoch 12, loss: 1.23, train 28.00%
epoch 12, loss: 1.03, train 30.83%
epoch 12, loss: 1.24, train 32.14%
epoch 12, loss: 1.11, train 33.75%
epoch 12, loss: 1.37, train 32.78%
epoch 12, loss: 1.17, train 33.00%
epoch 12, loss: 2.85, train 32.27%
epoch 12, loss: 1.04, train 33.75%
epoch 12, loss: 1.18, train 33.85%
epoch 12, loss: 1.08, train 35.00%
epoch 12, loss: 2.45, train 35.33%
epoch 12, loss: 1.28, train 34.69%
epoch 12, loss: 1.08, train 34.41%
epoch 12, loss: 1.35, train 33.06%
epoch 12, loss: 1.09, train 33.42%
epoch 12, loss: 1.10, train 33.50%
epoch 12, loss: 1.06, train 34.05%
epoch 12, loss: 1.05, train 35.00%
epoch 12, loss: 1.43, train 34.57%
epoch 12, loss: 1.10, train 34.58%
epoch 12, loss: 1.23, train 34.60%
epoch 12, loss: 1.70, train 34.04%
epoch 12, loss: 1.14, train 33.70%
epoch 12, loss: 1.08, train 33.93%
epoch 12, loss: 1.18, train 33.79%
epoch 12, loss: 1.01, train 34.33%
epoch 12, loss: 1.17, train 34.03%
epoch 12, loss: 1.83, train 34.06%
epoch 12, loss: 1.21, train 33.94%
epoch 12, loss: 3.45, train 33.82%
epoch 12, loss: 1.08, train 34.00%
epoch 12, loss: 1.08, train 34.44%
epoch 12, loss: 1.22, train 34.19%
epoch 12, loss: 1.28, train 34.08%
epoch 12, loss: 1.14, train 33.97%
epoch 12, loss: 1.13, train 33.88%
epoch 12, loss: 1.12, train 33.54%
epoch 12, loss: 1.07, train 33.33%
epoch 12, loss: 1.17, train 33.26%
epoch 12, loss: 1.06, train 33.52%
epoch 12, loss: 1.15, train 33.22%
Epoch completed!
epoch 12, total signals 900, average_loss_per_batch: 1.331433, train 33.22%
Validating
Val set size: 120, validation accuracy 33.33%
epoch 13, loss: 1.21, train 35.00%
epoch 13, loss: 1.15, train 35.00%
epoch 13, loss: 1.51, train 33.33%
epoch 13, loss: 1.49, train 33.75%
epoch 13, loss: 1.22, train 33.00%
epoch 13, loss: 1.18, train 31.67%
epoch 13, loss: 1.23, train 29.29%
epoch 13, loss: 1.03, train 30.63%
epoch 13, loss: 1.13, train 31.11%
epoch 13, loss: 1.25, train 30.50%
epoch 13, loss: 1.12, train 30.91%
epoch 13, loss: 1.12, train 30.00%
epoch 13, loss: 1.10, train 30.77%
epoch 13, loss: 1.21, train 30.00%
epoch 13, loss: 1.19, train 29.67%
epoch 13, loss: 1.20, train 28.44%
epoch 13, loss: 1.14, train 28.53%
epoch 13, loss: 1.09, train 29.44%
epoch 13, loss: 1.09, train 29.74%
epoch 13, loss: 1.08, train 29.50%
epoch 13, loss: 1.16, train 29.52%
epoch 13, loss: 1.10, train 30.45%
epoch 13, loss: 1.02, train 31.96%
epoch 13, loss: 1.16, train 32.29%
epoch 13, loss: 1.65, train 32.20%
epoch 13, loss: 1.14, train 32.69%
epoch 13, loss: 1.09, train 32.96%
epoch 13, loss: 1.12, train 33.04%
epoch 13, loss: 1.23, train 33.10%
epoch 13, loss: 1.05, train 33.50%
epoch 13, loss: 5.18, train 33.23%
epoch 13, loss: 1.07, train 33.91%
epoch 13, loss: 1.11, train 34.55%
epoch 13, loss: 1.45, train 34.56%
epoch 13, loss: 1.12, train 34.86%
epoch 13, loss: 1.04, train 35.42%
epoch 13, loss: 1.59, train 35.14%
epoch 13, loss: 1.13, train 35.13%
epoch 13, loss: 1.07, train 35.26%
epoch 13, loss: 1.08, train 35.62%
epoch 13, loss: 1.09, train 35.49%
epoch 13, loss: 1.21, train 35.48%
epoch 13, loss: 1.10, train 35.58%
epoch 13, loss: 1.09, train 35.57%
epoch 13, loss: 1.35, train 35.11%
Epoch completed!
epoch 13, total signals 900, average_loss_per_batch: 1.269215, train 35.11%
Validating
Val set size: 120, validation accuracy 33.33%
epoch 14, loss: 1.12, train 35.00%
epoch 14, loss: 1.10, train 37.50%
epoch 14, loss: 1.06, train 38.33%
epoch 14, loss: 1.10, train 37.50%
epoch 14, loss: 1.06, train 38.00%
epoch 14, loss: 1.07, train 39.17%
epoch 14, loss: 1.10, train 40.00%
epoch 14, loss: 1.13, train 39.38%
epoch 14, loss: 1.42, train 38.89%
epoch 14, loss: 1.09, train 38.50%
epoch 14, loss: 1.07, train 39.55%
epoch 14, loss: 7.61, train 37.50%
epoch 14, loss: 1.89, train 37.31%
epoch 14, loss: 1.78, train 38.21%
epoch 14, loss: 1.12, train 37.33%
epoch 14, loss: 1.26, train 36.88%
epoch 14, loss: 1.11, train 37.35%
epoch 14, loss: 1.31, train 37.78%
epoch 14, loss: 1.87, train 37.63%
epoch 14, loss: 1.16, train 36.75%
epoch 14, loss: 1.17, train 37.14%
epoch 14, loss: 1.14, train 37.05%
epoch 14, loss: 1.04, train 37.83%
epoch 14, loss: 1.11, train 37.71%
epoch 14, loss: 1.13, train 37.20%
epoch 14, loss: 1.16, train 37.50%
epoch 14, loss: 1.08, train 37.59%
epoch 14, loss: 1.12, train 37.86%
epoch 14, loss: 1.35, train 37.59%
epoch 14, loss: 1.15, train 37.67%
epoch 14, loss: 1.51, train 37.58%
epoch 14, loss: 1.27, train 37.19%
epoch 14, loss: 1.04, train 37.58%
epoch 14, loss: 1.13, train 37.35%
epoch 14, loss: 1.14, train 37.00%
epoch 14, loss: 1.21, train 36.67%
epoch 14, loss: 1.19, train 35.95%
epoch 14, loss: 1.25, train 35.92%
epoch 14, loss: 1.26, train 35.64%
epoch 14, loss: 1.09, train 35.50%
epoch 14, loss: 1.12, train 35.49%
epoch 14, loss: 1.17, train 35.24%
epoch 14, loss: 1.06, train 35.23%
epoch 14, loss: 1.11, train 35.11%
epoch 14, loss: 1.20, train 35.11%
Epoch completed!
epoch 14, total signals 900, average_loss_per_batch: 1.347049, train 35.11%
Validating
Val set size: 120, validation accuracy 32.50%
epoch 15, loss: 1.09, train 35.00%
epoch 15, loss: 1.94, train 37.50%
epoch 15, loss: 1.12, train 35.00%
epoch 15, loss: 1.72, train 35.00%
epoch 15, loss: 1.16, train 31.00%
epoch 15, loss: 1.13, train 30.83%
epoch 15, loss: 1.15, train 29.29%
epoch 15, loss: 2.15, train 31.87%
epoch 15, loss: 1.25, train 31.67%
epoch 15, loss: 2.06, train 31.50%
epoch 15, loss: 1.27, train 31.82%
epoch 15, loss: 1.44, train 32.08%
epoch 15, loss: 1.15, train 32.31%
epoch 15, loss: 1.09, train 32.86%
epoch 15, loss: 1.13, train 32.33%
epoch 15, loss: 1.27, train 32.81%
epoch 15, loss: 1.32, train 32.65%
epoch 15, loss: 1.40, train 31.94%
epoch 15, loss: 1.13, train 31.58%
epoch 15, loss: 1.02, train 32.50%
epoch 15, loss: 1.82, train 33.10%
epoch 15, loss: 1.30, train 32.73%
epoch 15, loss: 1.26, train 31.96%
epoch 15, loss: 1.03, train 32.71%
epoch 15, loss: 1.10, train 32.80%
epoch 15, loss: 1.06, train 32.88%
epoch 15, loss: 1.15, train 33.15%
epoch 15, loss: 1.16, train 32.68%
epoch 15, loss: 1.01, train 33.28%
epoch 15, loss: 1.19, train 32.83%
epoch 15, loss: 1.13, train 32.90%
epoch 15, loss: 1.10, train 32.81%
epoch 15, loss: 1.11, train 33.33%
epoch 15, loss: 5.51, train 32.94%
epoch 15, loss: 1.13, train 33.00%
epoch 15, loss: 1.69, train 33.06%
epoch 15, loss: 1.09, train 33.38%
epoch 15, loss: 1.09, train 33.29%
epoch 15, loss: 1.13, train 33.33%
epoch 15, loss: 1.46, train 33.38%
epoch 15, loss: 1.23, train 33.05%
epoch 15, loss: 1.19, train 32.86%
epoch 15, loss: 1.25, train 32.91%
epoch 15, loss: 1.08, train 33.52%
epoch 15, loss: 1.67, train 33.33%
Epoch completed!
epoch 15, total signals 900, average_loss_per_batch: 1.375176, train 33.33%
Validating
Val set size: 120, validation accuracy 33.33%
epoch 16, loss: 1.25, train 25.00%
epoch 16, loss: 1.51, train 35.00%
epoch 16, loss: 1.98, train 33.33%
epoch 16, loss: 1.08, train 33.75%
epoch 16, loss: 1.13, train 32.00%
epoch 16, loss: 1.17, train 31.67%
epoch 16, loss: 1.41, train 30.00%
epoch 16, loss: 1.47, train 30.63%
epoch 16, loss: 1.07, train 32.22%
epoch 16, loss: 1.12, train 32.50%
epoch 16, loss: 1.14, train 30.91%
epoch 16, loss: 1.64, train 30.83%
epoch 16, loss: 1.10, train 31.54%
epoch 16, loss: 1.09, train 32.50%
epoch 16, loss: 1.09, train 33.00%
epoch 16, loss: 1.12, train 32.81%
epoch 16, loss: 1.09, train 32.65%
epoch 16, loss: 1.10, train 32.78%
epoch 16, loss: 1.96, train 32.89%
epoch 16, loss: 1.12, train 33.00%
epoch 16, loss: 1.20, train 32.14%
epoch 16, loss: 1.22, train 31.82%
epoch 16, loss: 1.08, train 32.39%
epoch 16, loss: 1.13, train 31.46%
epoch 16, loss: 1.07, train 31.60%
epoch 16, loss: 1.24, train 31.73%
epoch 16, loss: 1.21, train 31.85%
epoch 16, loss: 1.09, train 32.14%
epoch 16, loss: 1.16, train 31.72%
epoch 16, loss: 1.38, train 31.50%
epoch 16, loss: 1.12, train 31.94%
epoch 16, loss: 1.15, train 31.56%
epoch 16, loss: 1.04, train 31.36%
epoch 16, loss: 1.12, train 31.32%
epoch 16, loss: 1.90, train 31.43%
epoch 16, loss: 1.15, train 30.97%
epoch 16, loss: 1.45, train 30.41%
epoch 16, loss: 1.14, train 30.26%
epoch 16, loss: 1.16, train 30.51%
epoch 16, loss: 1.14, train 30.25%
epoch 16, loss: 1.18, train 30.61%
epoch 16, loss: 1.12, train 30.83%
epoch 16, loss: 2.30, train 30.35%
epoch 16, loss: 1.06, train 30.57%
epoch 16, loss: 1.09, train 30.89%
Epoch completed!
epoch 16, total signals 900, average_loss_per_batch: 1.256431, train 30.89%
Validating
Val set size: 120, validation accuracy 31.67%
epoch 17, loss: 0.98, train 55.00%
epoch 17, loss: 1.14, train 45.00%
epoch 17, loss: 1.24, train 38.33%
epoch 17, loss: 1.07, train 41.25%
epoch 17, loss: 1.01, train 44.00%
epoch 17, loss: 1.10, train 43.33%
epoch 17, loss: 1.03, train 45.71%
epoch 17, loss: 1.10, train 43.75%
epoch 17, loss: 1.08, train 42.78%
epoch 17, loss: 1.13, train 42.50%
epoch 17, loss: 1.20, train 41.36%
epoch 17, loss: 1.10, train 40.83%
epoch 17, loss: 1.17, train 39.23%
epoch 17, loss: 9.91, train 38.21%
epoch 17, loss: 1.15, train 38.00%
epoch 17, loss: 1.23, train 38.75%
epoch 17, loss: 1.09, train 39.12%
epoch 17, loss: 1.14, train 38.61%
epoch 17, loss: 1.12, train 38.68%
epoch 17, loss: 1.15, train 37.00%
epoch 17, loss: 1.06, train 37.62%
epoch 17, loss: 1.17, train 37.05%
epoch 17, loss: 1.15, train 36.96%
epoch 17, loss: 2.77, train 36.04%
epoch 17, loss: 1.12, train 36.20%
epoch 17, loss: 1.16, train 36.73%
epoch 17, loss: 1.19, train 36.67%
epoch 17, loss: 1.03, train 36.96%
epoch 17, loss: 1.16, train 36.72%
epoch 17, loss: 1.20, train 35.83%
epoch 17, loss: 1.09, train 36.13%
epoch 17, loss: 1.21, train 35.94%
epoch 17, loss: 1.22, train 35.76%
epoch 17, loss: 1.09, train 35.88%
epoch 17, loss: 5.32, train 35.57%
epoch 17, loss: 1.12, train 35.56%
epoch 17, loss: 1.80, train 35.27%
epoch 17, loss: 1.07, train 35.13%
epoch 17, loss: 1.37, train 35.26%
epoch 17, loss: 1.02, train 35.75%
epoch 17, loss: 1.34, train 35.73%
epoch 17, loss: 1.68, train 35.48%
epoch 17, loss: 1.11, train 35.47%
epoch 17, loss: 1.13, train 35.23%
epoch 17, loss: 1.06, train 35.44%
Epoch completed!
epoch 17, total signals 900, average_loss_per_batch: 1.484128, train 35.44%
Validating
Val set size: 120, validation accuracy 33.33%
epoch 18, loss: 1.11, train 25.00%
epoch 18, loss: 1.20, train 25.00%
epoch 18, loss: 1.14, train 26.67%
epoch 18, loss: 1.09, train 28.75%
epoch 18, loss: 1.13, train 29.00%
epoch 18, loss: 1.20, train 26.67%
epoch 18, loss: 1.15, train 26.43%
epoch 18, loss: 1.10, train 29.38%
epoch 18, loss: 1.13, train 28.89%
epoch 18, loss: 1.09, train 30.00%
epoch 18, loss: 1.17, train 29.09%
epoch 18, loss: 1.14, train 28.75%
epoch 18, loss: 1.11, train 28.85%
epoch 18, loss: 1.10, train 28.93%
epoch 18, loss: 1.15, train 29.00%
epoch 18, loss: 1.22, train 28.12%
epoch 18, loss: 2.80, train 28.53%
epoch 18, loss: 6.28, train 28.89%
epoch 18, loss: 1.11, train 28.42%
epoch 18, loss: 1.14, train 28.25%
epoch 18, loss: 1.16, train 28.10%
epoch 18, loss: 1.09, train 28.64%
epoch 18, loss: 1.14, train 28.70%
epoch 18, loss: 1.25, train 28.75%
epoch 18, loss: 1.12, train 28.60%
epoch 18, loss: 1.15, train 28.65%
epoch 18, loss: 1.13, train 28.52%
epoch 18, loss: 1.13, train 28.93%
epoch 18, loss: 1.20, train 28.79%
epoch 18, loss: 1.04, train 29.50%
epoch 18, loss: 1.15, train 30.16%
epoch 18, loss: 1.05, train 30.78%
epoch 18, loss: 1.26, train 30.61%
epoch 18, loss: 1.21, train 30.44%
epoch 18, loss: 1.11, train 30.57%
epoch 18, loss: 1.12, train 30.42%
epoch 18, loss: 1.03, train 30.81%
epoch 18, loss: 2.39, train 30.39%
epoch 18, loss: 1.18, train 30.51%
epoch 18, loss: 1.11, train 30.25%
epoch 18, loss: 1.76, train 30.61%
epoch 18, loss: 1.38, train 30.83%
epoch 18, loss: 1.50, train 30.81%
epoch 18, loss: 1.19, train 31.02%
epoch 18, loss: 1.09, train 31.22%
Epoch completed!
epoch 18, total signals 900, average_loss_per_batch: 1.345024, train 31.22%
Validating
Val set size: 120, validation accuracy 33.33%
epoch 19, loss: 1.13, train 25.00%
epoch 19, loss: 1.18, train 30.00%
epoch 19, loss: 1.11, train 31.67%
epoch 19, loss: 1.15, train 26.25%
epoch 19, loss: 1.09, train 31.00%
epoch 19, loss: 1.16, train 30.83%
epoch 19, loss: 10.82, train 31.43%
epoch 19, loss: 1.08, train 31.87%
epoch 19, loss: 1.50, train 33.33%
epoch 19, loss: 1.23, train 33.00%
epoch 19, loss: 1.65, train 32.73%
epoch 19, loss: 1.08, train 34.17%
epoch 19, loss: 1.22, train 34.62%
epoch 19, loss: 1.09, train 35.00%
epoch 19, loss: 1.12, train 34.67%
epoch 19, loss: 0.98, train 35.31%
epoch 19, loss: 1.13, train 34.41%
epoch 19, loss: 1.08, train 35.00%
epoch 19, loss: 1.13, train 35.00%
epoch 19, loss: 1.13, train 34.00%
epoch 19, loss: 1.04, train 35.00%
epoch 19, loss: 1.85, train 35.23%
epoch 19, loss: 1.13, train 35.00%
epoch 19, loss: 1.04, train 35.62%
epoch 19, loss: 1.10, train 36.00%
epoch 19, loss: 1.23, train 35.38%
epoch 19, loss: 1.06, train 35.37%
epoch 19, loss: 1.10, train 35.18%
epoch 19, loss: 1.08, train 35.00%
epoch 19, loss: 1.13, train 34.83%
epoch 19, loss: 1.11, train 35.00%
epoch 19, loss: 1.09, train 35.00%
epoch 19, loss: 1.17, train 35.30%
epoch 19, loss: 1.18, train 35.15%
epoch 19, loss: 9.68, train 35.14%
epoch 19, loss: 3.78, train 35.00%
epoch 19, loss: 1.17, train 35.41%
epoch 19, loss: 1.41, train 35.39%
epoch 19, loss: 1.26, train 35.64%
epoch 19, loss: 2.43, train 35.75%
epoch 19, loss: 1.20, train 35.61%
epoch 19, loss: 1.27, train 35.48%
epoch 19, loss: 1.70, train 35.00%
epoch 19, loss: 1.08, train 35.23%
epoch 19, loss: 1.98, train 35.22%
Epoch completed!
epoch 19, total signals 900, average_loss_per_batch: 1.696291, train 35.22%
Validating
Val set size: 120, validation accuracy 33.33%
epoch 20, loss: 1.13, train 25.00%
epoch 20, loss: 1.12, train 25.00%
epoch 20, loss: 1.09, train 28.33%
epoch 20, loss: 1.40, train 28.75%
epoch 20, loss: 1.15, train 30.00%
epoch 20, loss: 1.28, train 30.00%
epoch 20, loss: 1.13, train 30.00%
epoch 20, loss: 1.21, train 29.38%
epoch 20, loss: 1.11, train 31.11%
epoch 20, loss: 1.29, train 33.50%
epoch 20, loss: 1.14, train 32.27%
epoch 20, loss: 1.14, train 32.08%
epoch 20, loss: 1.29, train 32.69%
epoch 20, loss: 1.10, train 33.21%
epoch 20, loss: 1.13, train 32.67%
epoch 20, loss: 1.05, train 32.81%
epoch 20, loss: 1.33, train 32.35%
epoch 20, loss: 1.11, train 32.50%
epoch 20, loss: 1.10, train 32.89%
epoch 20, loss: 1.15, train 32.25%
epoch 20, loss: 1.14, train 32.14%
epoch 20, loss: 1.08, train 32.27%
epoch 20, loss: 1.12, train 32.17%
epoch 20, loss: 1.13, train 32.29%
epoch 20, loss: 1.12, train 32.20%
epoch 20, loss: 1.16, train 32.12%
epoch 20, loss: 1.13, train 32.22%
epoch 20, loss: 1.28, train 31.79%
epoch 20, loss: 1.23, train 32.24%
epoch 20, loss: 1.14, train 32.17%
epoch 20, loss: 1.08, train 32.10%
epoch 20, loss: 1.02, train 32.34%
epoch 20, loss: 1.07, train 32.42%
epoch 20, loss: 1.06, train 32.50%
epoch 20, loss: 1.10, train 32.00%
epoch 20, loss: 1.05, train 32.78%
epoch 20, loss: 1.16, train 32.16%
epoch 20, loss: 1.10, train 31.97%
epoch 20, loss: 1.19, train 31.79%
epoch 20, loss: 1.19, train 31.62%
epoch 20, loss: 1.14, train 31.59%
epoch 20, loss: 1.41, train 31.19%
epoch 20, loss: 1.11, train 31.40%
epoch 20, loss: 1.13, train 31.02%
epoch 20, loss: 1.15, train 30.56%
Epoch completed!
epoch 20, total signals 900, average_loss_per_batch: 1.154663, train 30.56%
Validating
Val set size: 120, validation accuracy 33.33%
epoch 21, loss: 1.12, train 30.00%
epoch 21, loss: 1.09, train 35.00%
epoch 21, loss: 1.32, train 35.00%
epoch 21, loss: 1.77, train 30.00%
epoch 21, loss: 1.06, train 31.00%
epoch 21, loss: 1.11, train 32.50%
epoch 21, loss: 1.11, train 32.14%
epoch 21, loss: 1.09, train 33.12%
epoch 21, loss: 1.13, train 31.67%
epoch 21, loss: 1.55, train 33.00%
epoch 21, loss: 1.06, train 33.64%
epoch 21, loss: 1.13, train 33.33%
epoch 21, loss: 1.28, train 33.08%
epoch 21, loss: 2.88, train 33.21%
epoch 21, loss: 1.10, train 34.00%
epoch 21, loss: 1.16, train 33.44%
epoch 21, loss: 1.49, train 34.41%
epoch 21, loss: 2.23, train 34.17%
epoch 21, loss: 1.11, train 33.68%
epoch 21, loss: 1.16, train 34.25%
epoch 21, loss: 1.14, train 34.05%
epoch 21, loss: 1.17, train 34.09%
epoch 21, loss: 1.11, train 34.35%
epoch 21, loss: 1.14, train 34.58%
epoch 21, loss: 1.09, train 34.20%
epoch 21, loss: 1.09, train 34.23%
epoch 21, loss: 1.14, train 34.44%
epoch 21, loss: 1.15, train 33.93%
epoch 21, loss: 1.13, train 33.79%
epoch 21, loss: 1.41, train 33.33%
epoch 21, loss: 1.18, train 32.74%
epoch 21, loss: 8.20, train 32.50%
epoch 21, loss: 1.07, train 33.03%
epoch 21, loss: 1.05, train 33.38%
epoch 21, loss: 1.12, train 32.86%
epoch 21, loss: 1.19, train 32.78%
epoch 21, loss: 1.07, train 33.65%
epoch 21, loss: 1.13, train 33.29%
epoch 21, loss: 1.07, train 33.46%
epoch 21, loss: 1.14, train 33.12%
epoch 21, loss: 1.01, train 33.78%
epoch 21, loss: 1.06, train 33.93%
epoch 21, loss: 1.17, train 33.72%
epoch 21, loss: 1.21, train 33.75%
epoch 21, loss: 1.11, train 33.67%
Epoch completed!
epoch 21, total signals 900, average_loss_per_batch: 1.384074, train 33.67%
Validating
Val set size: 120, validation accuracy 33.33%
epoch 22, loss: 1.23, train 25.00%
epoch 22, loss: 1.13, train 32.50%
epoch 22, loss: 1.10, train 35.00%
epoch 22, loss: 1.23, train 36.25%
epoch 22, loss: 1.18, train 33.00%
epoch 22, loss: 1.06, train 37.50%
epoch 22, loss: 1.38, train 37.14%
epoch 22, loss: 3.61, train 36.25%
epoch 22, loss: 1.23, train 34.44%
epoch 22, loss: 1.10, train 34.50%
epoch 22, loss: 1.13, train 33.64%
epoch 22, loss: 1.10, train 34.17%
epoch 22, loss: 1.12, train 35.00%
epoch 22, loss: 1.42, train 36.43%
epoch 22, loss: 1.21, train 36.33%
epoch 22, loss: 1.13, train 35.31%
epoch 22, loss: 1.10, train 35.29%
epoch 22, loss: 4.80, train 35.28%
epoch 22, loss: 1.18, train 34.21%
epoch 22, loss: 1.13, train 34.25%
epoch 22, loss: 1.13, train 34.29%
epoch 22, loss: 1.11, train 34.09%
epoch 22, loss: 1.14, train 33.91%
epoch 22, loss: 1.12, train 33.54%
epoch 22, loss: 1.78, train 33.20%
epoch 22, loss: 1.11, train 33.27%
epoch 22, loss: 1.08, train 33.52%
epoch 22, loss: 1.08, train 33.75%
epoch 22, loss: 1.02, train 34.48%
epoch 22, loss: 1.13, train 34.33%
epoch 22, loss: 1.30, train 34.03%
epoch 22, loss: 1.12, train 33.91%
epoch 22, loss: 1.09, train 34.24%
epoch 22, loss: 1.17, train 33.82%
epoch 22, loss: 1.09, train 34.00%
epoch 22, loss: 1.12, train 34.03%
epoch 22, loss: 1.16, train 33.51%
epoch 22, loss: 1.18, train 33.16%
epoch 22, loss: 1.15, train 32.69%
epoch 22, loss: 1.13, train 32.38%
epoch 22, loss: 1.10, train 32.07%
epoch 22, loss: 1.19, train 32.02%
epoch 22, loss: 1.06, train 32.33%
epoch 22, loss: 1.07, train 32.61%
epoch 22, loss: 1.05, train 32.89%
Epoch completed!
epoch 22, total signals 900, average_loss_per_batch: 1.294846, train 32.89%
Validating
Val set size: 120, validation accuracy 33.33%
epoch 23, loss: 1.11, train 25.00%
epoch 23, loss: 1.10, train 27.50%
epoch 23, loss: 1.47, train 30.00%
epoch 23, loss: 1.25, train 26.25%
epoch 23, loss: 1.12, train 28.00%
epoch 23, loss: 1.52, train 29.17%
epoch 23, loss: 1.18, train 30.00%
epoch 23, loss: 3.05, train 31.87%
epoch 23, loss: 1.03, train 33.89%
epoch 23, loss: 1.07, train 35.50%
epoch 23, loss: 2.47, train 36.82%
epoch 23, loss: 1.06, train 37.50%
epoch 23, loss: 1.16, train 36.54%
epoch 23, loss: 1.08, train 37.14%
epoch 23, loss: 1.13, train 37.00%
epoch 23, loss: 1.12, train 37.50%
epoch 23, loss: 1.11, train 37.65%
epoch 23, loss: 1.41, train 38.06%
epoch 23, loss: 3.68, train 37.89%
epoch 23, loss: 1.10, train 38.25%
epoch 23, loss: 1.27, train 37.86%
epoch 23, loss: 1.19, train 37.95%
epoch 23, loss: 1.11, train 37.39%
epoch 23, loss: 1.09, train 37.29%
epoch 23, loss: 1.71, train 36.80%
epoch 23, loss: 1.12, train 36.54%
epoch 23, loss: 1.10, train 36.48%
epoch 23, loss: 1.51, train 36.07%
epoch 23, loss: 1.17, train 35.69%
epoch 23, loss: 1.17, train 35.83%
epoch 23, loss: 1.15, train 36.13%
epoch 23, loss: 1.11, train 35.94%
epoch 23, loss: 1.12, train 35.91%
epoch 23, loss: 1.09, train 36.32%
epoch 23, loss: 1.33, train 35.86%
epoch 23, loss: 2.17, train 35.00%
epoch 23, loss: 1.08, train 35.14%
epoch 23, loss: 1.87, train 34.61%
epoch 23, loss: 1.22, train 34.62%
epoch 23, loss: 3.02, train 34.00%
epoch 23, loss: 1.12, train 34.39%
epoch 23, loss: 1.18, train 33.81%
epoch 23, loss: 1.10, train 33.60%
epoch 23, loss: 1.06, train 33.75%
epoch 23, loss: 1.11, train 33.78%
Epoch completed!
epoch 23, total signals 900, average_loss_per_batch: 1.385962, train 33.78%
Validating
Val set size: 120, validation accuracy 33.33%
epoch 24, loss: 1.10, train 30.00%
epoch 24, loss: 1.13, train 30.00%
epoch 24, loss: 1.08, train 28.33%
epoch 24, loss: 0.99, train 35.00%
epoch 24, loss: 1.18, train 36.00%
epoch 24, loss: 1.77, train 36.67%
epoch 24, loss: 1.14, train 35.71%
epoch 24, loss: 2.56, train 36.88%
epoch 24, loss: 1.13, train 36.67%
epoch 24, loss: 1.71, train 36.50%
epoch 24, loss: 1.13, train 35.00%
epoch 24, loss: 1.14, train 34.17%
epoch 24, loss: 1.16, train 31.92%
epoch 24, loss: 3.63, train 31.43%
epoch 24, loss: 1.15, train 32.00%
epoch 24, loss: 1.10, train 32.19%
epoch 24, loss: 1.83, train 31.76%
epoch 24, loss: 1.35, train 31.11%
epoch 24, loss: 1.04, train 32.11%
epoch 24, loss: 1.66, train 32.00%
epoch 24, loss: 1.08, train 32.14%
epoch 24, loss: 1.05, train 33.18%
epoch 24, loss: 1.08, train 33.26%
epoch 24, loss: 1.28, train 32.50%
epoch 24, loss: 1.16, train 33.00%
epoch 24, loss: 1.07, train 33.65%
epoch 24, loss: 1.10, train 34.07%
epoch 24, loss: 1.26, train 33.57%
epoch 24, loss: 1.06, train 33.79%
epoch 24, loss: 1.96, train 33.67%
epoch 24, loss: 1.12, train 33.55%
epoch 24, loss: 1.10, train 33.28%
epoch 24, loss: 1.43, train 32.73%
epoch 24, loss: 1.15, train 32.79%
epoch 24, loss: 2.13, train 32.43%
epoch 24, loss: 1.02, train 33.19%
epoch 24, loss: 1.12, train 33.51%
epoch 24, loss: 1.12, train 33.42%
epoch 24, loss: 1.26, train 32.82%
epoch 24, loss: 1.19, train 32.75%
epoch 24, loss: 1.06, train 33.05%
epoch 24, loss: 1.18, train 32.74%
epoch 24, loss: 1.13, train 32.56%
epoch 24, loss: 1.06, train 32.73%
epoch 24, loss: 1.12, train 32.67%
Epoch completed!
epoch 24, total signals 900, average_loss_per_batch: 1.317402, train 32.67%
Validating
Val set size: 120, validation accuracy 33.33%
epoch 25, loss: 1.19, train 25.00%
epoch 25, loss: 1.08, train 40.00%
epoch 25, loss: 1.11, train 35.00%
epoch 25, loss: 1.14, train 33.75%
epoch 25, loss: 1.18, train 32.00%
epoch 25, loss: 1.14, train 30.00%
epoch 25, loss: 1.10, train 30.71%
epoch 25, loss: 1.06, train 32.50%
epoch 25, loss: 1.15, train 30.56%
epoch 25, loss: 1.09, train 30.50%
epoch 25, loss: 1.08, train 31.36%
epoch 25, loss: 1.11, train 31.67%
epoch 25, loss: 2.28, train 31.54%
epoch 25, loss: 1.23, train 30.36%
epoch 25, loss: 1.11, train 30.67%
epoch 25, loss: 1.06, train 31.56%
epoch 25, loss: 1.21, train 31.47%
epoch 25, loss: 1.13, train 30.83%
epoch 25, loss: 1.13, train 31.05%
epoch 25, loss: 1.14, train 31.00%
epoch 25, loss: 1.12, train 30.95%
epoch 25, loss: 1.13, train 30.23%
epoch 25, loss: 1.21, train 29.78%
epoch 25, loss: 1.30, train 30.21%
epoch 25, loss: 1.11, train 30.40%
epoch 25, loss: 1.61, train 30.19%
epoch 25, loss: 1.09, train 30.93%
epoch 25, loss: 1.10, train 31.43%
epoch 25, loss: 1.15, train 31.03%
epoch 25, loss: 1.10, train 31.17%
epoch 25, loss: 1.14, train 31.61%
epoch 25, loss: 1.10, train 32.03%
epoch 25, loss: 0.99, train 32.73%
epoch 25, loss: 1.13, train 32.65%
epoch 25, loss: 1.12, train 33.00%
epoch 25, loss: 1.06, train 33.33%
epoch 25, loss: 1.31, train 33.11%
epoch 25, loss: 1.21, train 32.89%
epoch 25, loss: 1.09, train 33.08%
epoch 25, loss: 1.17, train 32.88%
epoch 25, loss: 1.15, train 32.68%
epoch 25, loss: 1.14, train 32.62%
epoch 25, loss: 1.37, train 32.91%
epoch 25, loss: 1.13, train 32.84%
epoch 25, loss: 1.10, train 32.78%
Epoch completed!
epoch 25, total signals 900, average_loss_per_batch: 1.174720, train 32.78%
Validating
Val set size: 120, validation accuracy 33.33%
epoch 26, loss: 1.42, train 25.00%
epoch 26, loss: 1.18, train 20.00%
epoch 26, loss: 1.21, train 21.67%
epoch 26, loss: 1.09, train 26.25%
epoch 26, loss: 1.12, train 27.00%
epoch 26, loss: 2.51, train 25.83%
epoch 26, loss: 1.12, train 26.43%
epoch 26, loss: 1.08, train 27.50%
epoch 26, loss: 1.17, train 26.67%
epoch 26, loss: 1.27, train 27.00%
epoch 26, loss: 1.16, train 25.91%
epoch 26, loss: 1.12, train 27.08%
epoch 26, loss: 1.09, train 27.31%
epoch 26, loss: 1.02, train 29.29%
epoch 26, loss: 1.09, train 30.33%
epoch 26, loss: 1.05, train 31.25%
epoch 26, loss: 3.85, train 32.35%
epoch 26, loss: 1.07, train 33.33%
epoch 26, loss: 1.11, train 32.11%
epoch 26, loss: 1.19, train 31.50%
epoch 26, loss: 1.09, train 31.43%
epoch 26, loss: 2.99, train 31.14%
epoch 26, loss: 1.12, train 31.09%
epoch 26, loss: 1.57, train 31.67%
epoch 26, loss: 1.14, train 31.60%
epoch 26, loss: 1.12, train 31.73%
epoch 26, loss: 1.10, train 31.85%
epoch 26, loss: 1.04, train 32.32%
epoch 26, loss: 1.12, train 32.59%
epoch 26, loss: 10.58, train 32.83%
epoch 26, loss: 1.06, train 33.55%
epoch 26, loss: 1.21, train 33.12%
epoch 26, loss: 1.07, train 33.48%
epoch 26, loss: 1.19, train 33.24%
epoch 26, loss: 1.02, train 33.71%
epoch 26, loss: 1.12, train 34.03%
epoch 26, loss: 1.11, train 34.19%
epoch 26, loss: 1.09, train 34.34%
epoch 26, loss: 1.13, train 34.74%
epoch 26, loss: 1.09, train 35.12%
epoch 26, loss: 1.10, train 35.00%
epoch 26, loss: 1.18, train 34.88%
epoch 26, loss: 1.15, train 35.00%
epoch 26, loss: 1.08, train 35.11%
epoch 26, loss: 1.37, train 35.00%
Epoch completed!
epoch 26, total signals 900, average_loss_per_batch: 1.483043, train 35.00%
Validating
Val set size: 120, validation accuracy 33.33%
epoch 27, loss: 1.46, train 40.00%
epoch 27, loss: 1.13, train 40.00%
epoch 27, loss: 1.91, train 38.33%
epoch 27, loss: 1.10, train 38.75%
epoch 27, loss: 0.99, train 43.00%
epoch 27, loss: 1.11, train 42.50%
epoch 27, loss: 1.03, train 41.43%
epoch 27, loss: 1.35, train 41.25%
epoch 27, loss: 1.37, train 40.00%
epoch 27, loss: 1.09, train 39.50%
epoch 27, loss: 1.09, train 39.09%
epoch 27, loss: 1.10, train 39.58%
epoch 27, loss: 1.07, train 39.62%
epoch 27, loss: 1.38, train 37.86%
epoch 27, loss: 1.12, train 38.00%
epoch 27, loss: 1.16, train 36.88%
epoch 27, loss: 1.08, train 36.47%
epoch 27, loss: 1.11, train 36.39%
epoch 27, loss: 1.03, train 36.58%
epoch 27, loss: 1.20, train 36.25%
epoch 27, loss: 1.13, train 36.43%
epoch 27, loss: 1.27, train 36.14%
epoch 27, loss: 1.10, train 35.43%
epoch 27, loss: 1.09, train 35.62%
epoch 27, loss: 1.22, train 35.20%
epoch 27, loss: 1.95, train 35.00%
epoch 27, loss: 1.02, train 35.74%
epoch 27, loss: 1.18, train 35.18%
epoch 27, loss: 1.41, train 35.17%
epoch 27, loss: 1.29, train 35.33%
epoch 27, loss: 1.38, train 34.68%
epoch 27, loss: 5.77, train 34.69%
epoch 27, loss: 1.23, train 34.39%
epoch 27, loss: 1.10, train 34.26%
epoch 27, loss: 1.76, train 34.14%
epoch 27, loss: 1.13, train 33.75%
epoch 27, loss: 1.09, train 33.65%
epoch 27, loss: 1.07, train 34.08%
epoch 27, loss: 1.06, train 34.49%
epoch 27, loss: 1.10, train 34.50%
epoch 27, loss: 1.10, train 34.39%
epoch 27, loss: 2.75, train 33.93%
epoch 27, loss: 1.07, train 34.19%
epoch 27, loss: 1.16, train 33.98%
epoch 27, loss: 1.13, train 33.89%
Epoch completed!
epoch 27, total signals 900, average_loss_per_batch: 1.343835, train 33.89%
Validating
Val set size: 120, validation accuracy 33.33%
epoch 28, loss: 1.21, train 35.00%
epoch 28, loss: 1.05, train 47.50%
epoch 28, loss: 1.07, train 48.33%
epoch 28, loss: 1.22, train 43.75%
epoch 28, loss: 1.12, train 41.00%
epoch 28, loss: 1.12, train 43.33%
epoch 28, loss: 1.73, train 42.86%
epoch 28, loss: 1.04, train 44.38%
epoch 28, loss: 1.11, train 43.89%
epoch 28, loss: 1.11, train 44.00%
epoch 28, loss: 8.48, train 41.82%
epoch 28, loss: 1.10, train 41.67%
epoch 28, loss: 1.44, train 40.77%
epoch 28, loss: 1.90, train 40.36%
epoch 28, loss: 1.33, train 38.67%
epoch 28, loss: 1.10, train 37.81%
epoch 28, loss: 1.05, train 38.53%
epoch 28, loss: 1.24, train 37.50%
epoch 28, loss: 1.67, train 37.63%
epoch 28, loss: 1.09, train 37.75%
epoch 28, loss: 1.15, train 37.14%
epoch 28, loss: 1.10, train 36.82%
epoch 28, loss: 1.13, train 37.17%
epoch 28, loss: 1.14, train 37.08%
epoch 28, loss: 6.08, train 37.00%
epoch 28, loss: 1.14, train 36.73%
epoch 28, loss: 1.11, train 35.93%
epoch 28, loss: 1.09, train 36.25%
epoch 28, loss: 1.10, train 36.38%
epoch 28, loss: 1.14, train 36.00%
epoch 28, loss: 1.14, train 35.65%
epoch 28, loss: 1.23, train 35.31%
epoch 28, loss: 1.11, train 35.30%
epoch 28, loss: 1.55, train 35.29%
epoch 28, loss: 1.11, train 35.14%
epoch 28, loss: 1.12, train 35.00%
epoch 28, loss: 1.08, train 35.14%
epoch 28, loss: 1.11, train 35.00%
epoch 28, loss: 1.16, train 35.13%
epoch 28, loss: 1.09, train 35.38%
epoch 28, loss: 1.12, train 34.88%
epoch 28, loss: 1.09, train 35.00%
epoch 28, loss: 1.53, train 34.77%
epoch 28, loss: 1.12, train 34.66%
epoch 28, loss: 1.17, train 34.11%
Epoch completed!
epoch 28, total signals 900, average_loss_per_batch: 1.468663, train 34.11%
Validating
Val set size: 120, validation accuracy 33.33%
epoch 29, loss: 1.36, train 25.00%
epoch 29, loss: 1.17, train 27.50%
epoch 29, loss: 1.11, train 33.33%
epoch 29, loss: 1.15, train 32.50%
epoch 29, loss: 1.36, train 33.00%
epoch 29, loss: 1.07, train 35.00%
epoch 29, loss: 1.09, train 35.71%
epoch 29, loss: 1.20, train 32.50%
epoch 29, loss: 1.33, train 32.22%
epoch 29, loss: 1.10, train 32.50%
epoch 29, loss: 1.07, train 33.64%
epoch 29, loss: 1.12, train 32.92%
epoch 29, loss: 1.13, train 32.31%
epoch 29, loss: 1.03, train 32.86%
epoch 29, loss: 1.09, train 33.00%
epoch 29, loss: 1.26, train 32.81%
epoch 29, loss: 1.18, train 32.35%
epoch 29, loss: 1.07, train 33.33%
epoch 29, loss: 1.13, train 33.16%
epoch 29, loss: 1.12, train 33.00%
epoch 29, loss: 1.06, train 33.57%
epoch 29, loss: 1.18, train 33.64%
epoch 29, loss: 1.14, train 33.26%
epoch 29, loss: 1.10, train 33.12%
epoch 29, loss: 1.11, train 33.20%
epoch 29, loss: 1.18, train 32.69%
epoch 29, loss: 1.11, train 32.78%
epoch 29, loss: 1.06, train 32.86%
epoch 29, loss: 1.03, train 33.45%
epoch 29, loss: 1.50, train 33.67%
epoch 29, loss: 1.17, train 33.71%
epoch 29, loss: 1.12, train 33.44%
epoch 29, loss: 1.08, train 33.64%
epoch 29, loss: 1.15, train 33.53%
epoch 29, loss: 1.14, train 33.57%
epoch 29, loss: 1.12, train 33.47%
epoch 29, loss: 1.12, train 33.38%
epoch 29, loss: 1.16, train 33.42%
epoch 29, loss: 1.25, train 33.21%
epoch 29, loss: 1.15, train 33.38%
epoch 29, loss: 1.15, train 33.05%
epoch 29, loss: 1.12, train 32.86%
epoch 29, loss: 1.26, train 32.44%
epoch 29, loss: 1.14, train 32.61%
epoch 29, loss: 1.13, train 32.33%
Epoch completed!
epoch 29, total signals 900, average_loss_per_batch: 1.152884, train 32.33%
Validating
Val set size: 120, validation accuracy 33.33%
epoch 30, loss: 1.05, train 50.00%
epoch 30, loss: 1.12, train 37.50%
epoch 30, loss: 1.04, train 41.67%
epoch 30, loss: 1.21, train 38.75%
epoch 30, loss: 1.20, train 36.00%
epoch 30, loss: 1.10, train 37.50%
epoch 30, loss: 1.10, train 35.00%
epoch 30, loss: 1.15, train 33.12%
epoch 30, loss: 1.16, train 32.78%
epoch 30, loss: 1.14, train 32.00%
epoch 30, loss: 1.14, train 31.36%
epoch 30, loss: 4.95, train 31.25%
epoch 30, loss: 1.09, train 31.92%
epoch 30, loss: 1.15, train 31.43%
epoch 30, loss: 1.09, train 31.33%
epoch 30, loss: 1.18, train 31.56%
epoch 30, loss: 1.22, train 31.47%
epoch 30, loss: 1.11, train 31.39%
epoch 30, loss: 1.09, train 30.79%
epoch 30, loss: 1.10, train 31.00%
epoch 30, loss: 1.12, train 30.95%
epoch 30, loss: 1.37, train 30.00%
epoch 30, loss: 1.41, train 30.00%
epoch 30, loss: 1.19, train 30.21%
epoch 30, loss: 1.20, train 29.80%
epoch 30, loss: 1.36, train 29.81%
epoch 30, loss: 1.18, train 30.56%
epoch 30, loss: 1.12, train 30.54%
epoch 30, loss: 1.14, train 30.69%
epoch 30, loss: 1.25, train 30.00%
epoch 30, loss: 1.05, train 30.81%
epoch 30, loss: 1.08, train 31.41%
epoch 30, loss: 1.08, train 31.82%
epoch 30, loss: 1.74, train 31.47%
epoch 30, loss: 1.13, train 31.43%
epoch 30, loss: 1.22, train 31.53%
epoch 30, loss: 1.08, train 31.76%
epoch 30, loss: 1.11, train 31.84%
epoch 30, loss: 1.12, train 31.67%
epoch 30, loss: 1.05, train 32.00%
epoch 30, loss: 1.12, train 32.32%
epoch 30, loss: 1.09, train 32.38%
epoch 30, loss: 1.16, train 31.86%
epoch 30, loss: 1.17, train 31.93%
epoch 30, loss: 1.07, train 32.33%
Epoch completed!
epoch 30, total signals 900, average_loss_per_batch: 1.243907, train 32.33%
Validating
Val set size: 120, validation accuracy 33.33%
epoch 31, loss: 1.21, train 15.00%
epoch 31, loss: 1.09, train 22.50%
epoch 31, loss: 1.12, train 30.00%
epoch 31, loss: 1.24, train 30.00%
epoch 31, loss: 1.09, train 34.00%
epoch 31, loss: 1.06, train 35.83%
epoch 31, loss: 1.11, train 35.00%
epoch 31, loss: 1.11, train 34.38%
epoch 31, loss: 0.97, train 36.11%
epoch 31, loss: 1.06, train 36.50%
epoch 31, loss: 2.34, train 35.91%
epoch 31, loss: 1.09, train 36.25%
epoch 31, loss: 1.13, train 35.38%
epoch 31, loss: 1.38, train 35.71%
epoch 31, loss: 1.48, train 35.67%
epoch 31, loss: 1.65, train 35.31%
epoch 31, loss: 1.12, train 34.12%
epoch 31, loss: 1.54, train 33.61%
epoch 31, loss: 1.22, train 33.16%
epoch 31, loss: 1.52, train 32.75%
epoch 31, loss: 1.13, train 32.62%
epoch 31, loss: 1.13, train 32.73%
epoch 31, loss: 1.11, train 33.04%
epoch 31, loss: 1.15, train 32.29%
epoch 31, loss: 1.08, train 32.80%
epoch 31, loss: 1.06, train 33.46%
epoch 31, loss: 1.05, train 34.26%
epoch 31, loss: 1.11, train 34.11%
epoch 31, loss: 1.14, train 33.97%
epoch 31, loss: 1.24, train 33.50%
epoch 31, loss: 1.17, train 33.39%
epoch 31, loss: 1.10, train 33.44%
epoch 31, loss: 1.14, train 33.18%
epoch 31, loss: 1.25, train 32.79%
epoch 31, loss: 1.07, train 33.29%
epoch 31, loss: 1.10, train 33.19%
epoch 31, loss: 1.09, train 33.11%
epoch 31, loss: 1.55, train 33.29%
epoch 31, loss: 1.18, train 33.21%
epoch 31, loss: 1.08, train 33.50%
epoch 31, loss: 2.11, train 33.29%
epoch 31, loss: 1.16, train 33.10%
epoch 31, loss: 1.08, train 33.49%
epoch 31, loss: 1.45, train 33.30%
epoch 31, loss: 1.11, train 33.22%
Epoch completed!
epoch 31, total signals 900, average_loss_per_batch: 1.230696, train 33.22%
Validating
Val set size: 120, validation accuracy 33.33%
epoch 32, loss: 1.07, train 40.00%
epoch 32, loss: 1.07, train 50.00%
epoch 32, loss: 1.08, train 50.00%
epoch 32, loss: 1.36, train 47.50%
epoch 32, loss: 1.06, train 48.00%
epoch 32, loss: 1.10, train 47.50%
epoch 32, loss: 3.44, train 43.57%
epoch 32, loss: 1.19, train 40.62%
epoch 32, loss: 1.48, train 37.22%
epoch 32, loss: 1.85, train 37.00%
epoch 32, loss: 1.62, train 36.82%
epoch 32, loss: 1.16, train 35.83%
epoch 32, loss: 3.05, train 35.00%
epoch 32, loss: 1.38, train 35.00%
epoch 32, loss: 1.07, train 36.00%
epoch 32, loss: 1.07, train 36.25%
epoch 32, loss: 1.24, train 35.59%
epoch 32, loss: 1.14, train 35.00%
epoch 32, loss: 1.10, train 35.26%
epoch 32, loss: 1.08, train 35.25%
epoch 32, loss: 1.13, train 34.52%
epoch 32, loss: 1.08, train 34.77%
epoch 32, loss: 1.12, train 35.00%
epoch 32, loss: 1.19, train 34.17%
epoch 32, loss: 1.16, train 34.00%
epoch 32, loss: 1.13, train 33.85%
epoch 32, loss: 1.07, train 34.26%
epoch 32, loss: 1.13, train 33.75%
epoch 32, loss: 1.12, train 33.97%
epoch 32, loss: 1.07, train 34.17%
epoch 32, loss: 1.07, train 34.19%
epoch 32, loss: 1.15, train 34.38%
epoch 32, loss: 1.10, train 34.55%
epoch 32, loss: 1.14, train 34.12%
epoch 32, loss: 1.08, train 34.29%
epoch 32, loss: 1.21, train 34.03%
epoch 32, loss: 1.13, train 33.92%
epoch 32, loss: 4.78, train 34.08%
epoch 32, loss: 1.12, train 33.72%
epoch 32, loss: 1.08, train 33.75%
epoch 32, loss: 1.19, train 33.78%
epoch 32, loss: 1.18, train 33.57%
epoch 32, loss: 4.35, train 33.49%
epoch 32, loss: 1.17, train 33.30%
epoch 32, loss: 1.18, train 33.22%
Epoch completed!
epoch 32, total signals 900, average_loss_per_batch: 1.416122, train 33.22%
Validating
Val set size: 120, validation accuracy 33.33%
epoch 33, loss: 1.13, train 40.00%
epoch 33, loss: 1.06, train 42.50%
epoch 33, loss: 1.06, train 43.33%
epoch 33, loss: 1.14, train 38.75%
epoch 33, loss: 1.23, train 33.00%
epoch 33, loss: 1.13, train 34.17%
epoch 33, loss: 1.33, train 32.14%
epoch 33, loss: 1.15, train 31.87%
epoch 33, loss: 1.12, train 30.00%
epoch 33, loss: 1.10, train 31.00%
epoch 33, loss: 1.10, train 31.36%
epoch 33, loss: 1.10, train 32.08%
epoch 33, loss: 1.07, train 33.46%
epoch 33, loss: 1.15, train 33.57%
epoch 33, loss: 1.11, train 34.33%
epoch 33, loss: 1.28, train 33.12%
epoch 33, loss: 1.11, train 33.53%
epoch 33, loss: 1.09, train 33.61%
epoch 33, loss: 1.09, train 33.95%
epoch 33, loss: 1.13, train 34.00%
epoch 33, loss: 1.25, train 33.33%
epoch 33, loss: 1.10, train 33.64%
epoch 33, loss: 1.11, train 33.91%
epoch 33, loss: 1.07, train 34.38%
epoch 33, loss: 1.27, train 34.00%
epoch 33, loss: 1.13, train 33.85%
epoch 33, loss: 1.02, train 35.19%
epoch 33, loss: 1.25, train 34.46%
epoch 33, loss: 1.33, train 34.14%
epoch 33, loss: 1.13, train 34.17%
epoch 33, loss: 1.17, train 33.87%
epoch 33, loss: 1.47, train 33.91%
epoch 33, loss: 1.20, train 33.64%
epoch 33, loss: 1.09, train 33.53%
epoch 33, loss: 1.14, train 33.29%
epoch 33, loss: 1.12, train 33.47%
epoch 33, loss: 1.11, train 33.78%
epoch 33, loss: 1.11, train 33.55%
epoch 33, loss: 1.24, train 33.33%
epoch 33, loss: 1.10, train 33.38%
epoch 33, loss: 1.05, train 33.54%
epoch 33, loss: 1.11, train 33.45%
epoch 33, loss: 1.45, train 33.72%
epoch 33, loss: 1.10, train 33.98%
epoch 33, loss: 4.41, train 34.00%
Epoch completed!
epoch 33, total signals 900, average_loss_per_batch: 1.226390, train 34.00%
Validating
Val set size: 120, validation accuracy 33.33%
epoch 34, loss: 1.46, train 30.00%
epoch 34, loss: 1.97, train 32.50%
epoch 34, loss: 0.99, train 41.67%
epoch 34, loss: 1.07, train 42.50%
epoch 34, loss: 1.12, train 38.00%
epoch 34, loss: 1.31, train 38.33%
epoch 34, loss: 1.07, train 37.14%
epoch 34, loss: 1.32, train 35.00%
epoch 34, loss: 1.11, train 35.56%
epoch 34, loss: 1.05, train 36.50%
epoch 34, loss: 1.16, train 37.73%
epoch 34, loss: 1.76, train 37.92%
epoch 34, loss: 1.04, train 38.85%
epoch 34, loss: 1.36, train 38.57%
epoch 34, loss: 1.08, train 38.33%
epoch 34, loss: 1.06, train 38.12%
epoch 34, loss: 1.24, train 37.06%
epoch 34, loss: 1.16, train 36.94%
epoch 34, loss: 1.31, train 37.11%
epoch 34, loss: 1.81, train 37.00%
epoch 34, loss: 1.02, train 38.10%
epoch 34, loss: 1.22, train 36.82%
epoch 34, loss: 1.10, train 36.52%
epoch 34, loss: 1.13, train 35.62%
epoch 34, loss: 13.43, train 35.60%
epoch 34, loss: 1.30, train 35.96%
epoch 34, loss: 1.17, train 35.37%
epoch 34, loss: 1.13, train 35.00%
epoch 34, loss: 1.08, train 35.17%
epoch 34, loss: 1.14, train 34.83%
epoch 34, loss: 1.10, train 35.16%
epoch 34, loss: 1.07, train 35.62%
epoch 34, loss: 1.37, train 35.45%
epoch 34, loss: 1.15, train 35.15%
epoch 34, loss: 1.16, train 35.14%
epoch 34, loss: 1.06, train 35.69%
epoch 34, loss: 1.08, train 35.95%
epoch 34, loss: 1.34, train 35.53%
epoch 34, loss: 1.05, train 35.90%
epoch 34, loss: 1.06, train 36.00%
epoch 34, loss: 1.12, train 36.10%
epoch 34, loss: 1.09, train 36.43%
epoch 34, loss: 1.07, train 36.51%
epoch 34, loss: 1.10, train 36.48%
epoch 34, loss: 1.11, train 36.22%
Epoch completed!
epoch 34, total signals 900, average_loss_per_batch: 1.468379, train 36.22%
Validating
Val set size: 120, validation accuracy 33.33%
epoch 35, loss: 1.12, train 30.00%
epoch 35, loss: 1.09, train 35.00%
epoch 35, loss: 1.12, train 36.67%
epoch 35, loss: 1.05, train 38.75%
epoch 35, loss: 1.20, train 34.00%
epoch 35, loss: 1.09, train 35.00%
epoch 35, loss: 2.06, train 35.00%
epoch 35, loss: 1.11, train 34.38%
epoch 35, loss: 1.09, train 35.00%
epoch 35, loss: 1.11, train 34.50%
epoch 35, loss: 1.12, train 34.09%
epoch 35, loss: 1.16, train 34.17%
epoch 35, loss: 1.08, train 35.00%
epoch 35, loss: 1.12, train 35.00%
epoch 35, loss: 1.15, train 34.67%
epoch 35, loss: 1.66, train 35.31%
epoch 35, loss: 1.07, train 35.88%
epoch 35, loss: 1.29, train 35.83%
epoch 35, loss: 1.08, train 36.58%
epoch 35, loss: 1.21, train 36.25%
epoch 35, loss: 1.16, train 35.95%
epoch 35, loss: 1.08, train 36.14%
epoch 35, loss: 1.09, train 36.09%
epoch 35, loss: 1.14, train 35.21%
epoch 35, loss: 1.12, train 35.00%
epoch 35, loss: 1.06, train 35.19%
epoch 35, loss: 1.15, train 35.19%
epoch 35, loss: 1.14, train 35.00%
epoch 35, loss: 1.24, train 35.00%
epoch 35, loss: 1.28, train 35.17%
epoch 35, loss: 1.12, train 34.68%
epoch 35, loss: 1.10, train 35.00%
epoch 35, loss: 1.17, train 34.85%
epoch 35, loss: 1.13, train 34.85%
epoch 35, loss: 1.16, train 34.86%
epoch 35, loss: 1.18, train 34.72%
epoch 35, loss: 1.09, train 35.00%
epoch 35, loss: 1.04, train 35.39%
epoch 35, loss: 1.08, train 35.90%
epoch 35, loss: 1.22, train 36.00%
epoch 35, loss: 1.21, train 35.73%
epoch 35, loss: 1.29, train 35.48%
epoch 35, loss: 1.18, train 35.47%
epoch 35, loss: 1.20, train 35.34%
epoch 35, loss: 1.77, train 35.11%
Epoch completed!
epoch 35, total signals 900, average_loss_per_batch: 1.186127, train 35.11%
Validating
Val set size: 120, validation accuracy 33.33%
epoch 36, loss: 1.19, train 20.00%
epoch 36, loss: 1.18, train 22.50%
epoch 36, loss: 1.18, train 23.33%
epoch 36, loss: 1.30, train 21.25%
epoch 36, loss: 1.13, train 22.00%
epoch 36, loss: 1.51, train 25.83%
epoch 36, loss: 1.13, train 27.14%
epoch 36, loss: 1.08, train 30.00%
epoch 36, loss: 1.11, train 31.67%
epoch 36, loss: 1.06, train 33.00%
epoch 36, loss: 1.07, train 34.09%
epoch 36, loss: 1.05, train 35.42%
epoch 36, loss: 1.11, train 35.38%
epoch 36, loss: 1.23, train 34.29%
epoch 36, loss: 1.63, train 34.00%
epoch 36, loss: 1.13, train 33.44%
epoch 36, loss: 1.12, train 33.53%
epoch 36, loss: 1.07, train 33.89%
epoch 36, loss: 1.06, train 34.47%
epoch 36, loss: 1.21, train 33.75%
epoch 36, loss: 1.08, train 34.05%
epoch 36, loss: 1.23, train 33.86%
epoch 36, loss: 1.14, train 33.70%
epoch 36, loss: 1.11, train 32.92%
epoch 36, loss: 1.06, train 33.60%
epoch 36, loss: 1.08, train 33.65%
epoch 36, loss: 1.07, train 34.81%
epoch 36, loss: 1.17, train 34.82%
epoch 36, loss: 1.09, train 34.83%
epoch 36, loss: 1.06, train 35.50%
epoch 36, loss: 1.09, train 35.65%
epoch 36, loss: 1.11, train 35.31%
epoch 36, loss: 1.08, train 35.61%
epoch 36, loss: 1.16, train 35.88%
epoch 36, loss: 1.11, train 35.71%
epoch 36, loss: 1.14, train 35.56%
epoch 36, loss: 1.07, train 35.95%
epoch 36, loss: 1.19, train 36.05%
epoch 36, loss: 1.09, train 36.03%
epoch 36, loss: 1.08, train 36.12%
epoch 36, loss: 1.08, train 35.98%
epoch 36, loss: 1.11, train 36.07%
epoch 36, loss: 1.23, train 35.93%
epoch 36, loss: 1.11, train 36.02%
epoch 36, loss: 1.20, train 36.00%
Epoch completed!
epoch 36, total signals 900, average_loss_per_batch: 1.143861, train 36.00%
Validating
Val set size: 120, validation accuracy 33.33%
epoch 37, loss: 1.45, train 20.00%
epoch 37, loss: 1.19, train 20.00%
epoch 37, loss: 1.09, train 28.33%
epoch 37, loss: 1.22, train 31.25%
epoch 37, loss: 1.10, train 31.00%
epoch 37, loss: 1.14, train 27.50%
epoch 37, loss: 1.43, train 27.86%
epoch 37, loss: 1.09, train 28.75%
epoch 37, loss: 1.10, train 29.44%
epoch 37, loss: 1.14, train 30.00%
epoch 37, loss: 1.07, train 30.91%
epoch 37, loss: 1.06, train 31.25%
epoch 37, loss: 1.12, train 30.77%
epoch 37, loss: 11.61, train 30.71%
epoch 37, loss: 1.13, train 31.00%
epoch 37, loss: 1.77, train 32.19%
epoch 37, loss: 1.99, train 33.24%
epoch 37, loss: 1.14, train 33.33%
epoch 37, loss: 1.14, train 33.16%
epoch 37, loss: 1.05, train 34.00%
epoch 37, loss: 1.23, train 33.57%
epoch 37, loss: 1.07, train 33.86%
epoch 37, loss: 1.15, train 33.26%
epoch 37, loss: 1.19, train 33.12%
epoch 37, loss: 1.31, train 32.60%
epoch 37, loss: 1.09, train 33.08%
epoch 37, loss: 1.06, train 33.33%
epoch 37, loss: 1.08, train 33.04%
epoch 37, loss: 1.13, train 32.93%
epoch 37, loss: 1.08, train 33.50%
epoch 37, loss: 1.10, train 34.03%
epoch 37, loss: 1.05, train 34.84%
epoch 37, loss: 1.09, train 34.85%
epoch 37, loss: 2.10, train 34.71%
epoch 37, loss: 1.11, train 34.71%
epoch 37, loss: 1.13, train 35.00%
epoch 37, loss: 4.34, train 34.46%
epoch 37, loss: 1.17, train 34.21%
epoch 37, loss: 1.09, train 34.36%
epoch 37, loss: 6.09, train 34.38%
epoch 37, loss: 1.44, train 34.27%
epoch 37, loss: 1.25, train 34.05%
epoch 37, loss: 1.20, train 33.84%
epoch 37, loss: 1.10, train 34.09%
epoch 37, loss: 1.02, train 34.44%
Epoch completed!
epoch 37, total signals 900, average_loss_per_batch: 1.615268, train 34.44%
Validating
Val set size: 120, validation accuracy 33.33%
epoch 38, loss: 1.09, train 35.00%
epoch 38, loss: 1.04, train 35.00%
epoch 38, loss: 1.19, train 28.33%
epoch 38, loss: 1.07, train 30.00%
epoch 38, loss: 1.04, train 34.00%
epoch 38, loss: 1.11, train 36.67%
epoch 38, loss: 2.16, train 35.00%
epoch 38, loss: 1.11, train 35.00%
epoch 38, loss: 4.31, train 36.67%
epoch 38, loss: 1.21, train 36.00%
epoch 38, loss: 1.14, train 35.91%
epoch 38, loss: 1.11, train 35.83%
epoch 38, loss: 1.20, train 35.38%
epoch 38, loss: 1.13, train 34.29%
epoch 38, loss: 1.16, train 34.33%
epoch 38, loss: 1.15, train 33.75%
epoch 38, loss: 1.19, train 32.65%
epoch 38, loss: 10.74, train 31.67%
epoch 38, loss: 1.07, train 32.37%
epoch 38, loss: 1.12, train 32.75%
epoch 38, loss: 1.11, train 32.86%
epoch 38, loss: 1.15, train 33.18%
epoch 38, loss: 1.26, train 32.17%
epoch 38, loss: 1.11, train 32.50%
epoch 38, loss: 1.19, train 32.20%
epoch 38, loss: 1.14, train 32.12%
epoch 38, loss: 1.14, train 31.48%
epoch 38, loss: 1.47, train 31.79%
epoch 38, loss: 1.13, train 32.07%
epoch 38, loss: 1.11, train 32.33%
epoch 38, loss: 1.12, train 31.94%
epoch 38, loss: 1.12, train 31.87%
epoch 38, loss: 1.27, train 31.97%
epoch 38, loss: 1.17, train 32.35%
epoch 38, loss: 1.10, train 32.86%
epoch 38, loss: 1.07, train 33.19%
epoch 38, loss: 1.08, train 33.51%
epoch 38, loss: 1.12, train 33.55%
epoch 38, loss: 1.17, train 33.59%
epoch 38, loss: 1.19, train 33.25%
epoch 38, loss: 1.19, train 33.41%
epoch 38, loss: 1.15, train 33.33%
epoch 38, loss: 1.20, train 33.26%
epoch 38, loss: 1.15, train 33.07%
epoch 38, loss: 1.08, train 33.00%
Epoch completed!
epoch 38, total signals 900, average_loss_per_batch: 1.451676, train 33.00%
Validating
Val set size: 120, validation accuracy 33.33%
epoch 39, loss: 1.21, train 40.00%
epoch 39, loss: 1.09, train 35.00%
epoch 39, loss: 1.33, train 33.33%
epoch 39, loss: 1.06, train 37.50%
epoch 39, loss: 1.09, train 38.00%
epoch 39, loss: 1.10, train 35.00%
epoch 39, loss: 1.12, train 34.29%
epoch 39, loss: 1.15, train 33.12%
epoch 39, loss: 1.12, train 31.67%
epoch 39, loss: 1.10, train 33.00%
epoch 39, loss: 1.30, train 33.18%
epoch 39, loss: 1.16, train 33.33%
epoch 39, loss: 1.07, train 33.08%
epoch 39, loss: 0.99, train 33.57%
epoch 39, loss: 1.12, train 34.67%
epoch 39, loss: 1.13, train 34.06%
epoch 39, loss: 1.31, train 33.53%
epoch 39, loss: 1.13, train 33.89%
epoch 39, loss: 1.12, train 34.21%
epoch 39, loss: 1.11, train 34.00%
epoch 39, loss: 1.25, train 33.57%
epoch 39, loss: 1.04, train 33.86%
epoch 39, loss: 1.10, train 34.35%
epoch 39, loss: 1.06, train 34.58%
epoch 39, loss: 1.16, train 34.40%
epoch 39, loss: 1.09, train 34.62%
epoch 39, loss: 1.11, train 34.44%
epoch 39, loss: 1.13, train 34.11%
epoch 39, loss: 1.55, train 33.45%
epoch 39, loss: 1.10, train 33.50%
epoch 39, loss: 5.56, train 33.39%
epoch 39, loss: 1.17, train 32.50%
epoch 39, loss: 1.18, train 32.27%
epoch 39, loss: 1.03, train 33.09%
epoch 39, loss: 1.18, train 33.14%
epoch 39, loss: 6.35, train 33.06%
epoch 39, loss: 1.13, train 32.84%
epoch 39, loss: 1.04, train 33.42%
epoch 39, loss: 1.07, train 33.72%
epoch 39, loss: 1.08, train 33.88%
epoch 39, loss: 1.27, train 33.29%
epoch 39, loss: 1.16, train 33.21%
epoch 39, loss: 1.14, train 32.79%
epoch 39, loss: 1.42, train 32.84%
epoch 39, loss: 1.78, train 32.78%
Epoch completed!
epoch 39, total signals 900, average_loss_per_batch: 1.377434, train 32.78%
Validating
Val set size: 120, validation accuracy 33.33%
epoch 40, loss: 1.32, train 45.00%
epoch 40, loss: 1.10, train 40.00%
epoch 40, loss: 2.66, train 40.00%
epoch 40, loss: 1.07, train 42.50%
epoch 40, loss: 1.18, train 40.00%
epoch 40, loss: 1.25, train 37.50%
epoch 40, loss: 1.22, train 33.57%
epoch 40, loss: 1.12, train 33.12%
epoch 40, loss: 1.07, train 33.33%
epoch 40, loss: 1.17, train 32.00%
epoch 40, loss: 1.08, train 32.27%
epoch 40, loss: 1.11, train 32.08%
epoch 40, loss: 1.22, train 30.77%
epoch 40, loss: 1.10, train 31.07%
epoch 40, loss: 1.21, train 31.00%
epoch 40, loss: 1.13, train 31.56%
epoch 40, loss: 1.37, train 31.76%
epoch 40, loss: 1.13, train 31.11%
epoch 40, loss: 1.10, train 30.79%
epoch 40, loss: 1.09, train 31.25%
epoch 40, loss: 1.58, train 30.48%
epoch 40, loss: 1.09, train 30.45%
epoch 40, loss: 1.10, train 30.22%
epoch 40, loss: 1.15, train 30.42%
epoch 40, loss: 1.09, train 30.80%
epoch 40, loss: 1.06, train 31.54%
epoch 40, loss: 1.12, train 31.85%
epoch 40, loss: 1.17, train 31.61%
epoch 40, loss: 1.24, train 31.38%
epoch 40, loss: 1.14, train 31.33%
epoch 40, loss: 1.13, train 31.61%
epoch 40, loss: 1.09, train 31.87%
epoch 40, loss: 1.04, train 32.58%
epoch 40, loss: 1.10, train 33.09%
epoch 40, loss: 3.94, train 33.29%
epoch 40, loss: 1.18, train 32.92%
epoch 40, loss: 1.02, train 33.51%
epoch 40, loss: 1.18, train 33.16%
epoch 40, loss: 1.10, train 33.46%
epoch 40, loss: 1.05, train 33.75%
epoch 40, loss: 1.10, train 33.66%
epoch 40, loss: 2.48, train 33.33%
epoch 40, loss: 1.10, train 33.26%
epoch 40, loss: 1.69, train 32.95%
epoch 40, loss: 5.42, train 32.89%
Epoch completed!
epoch 40, total signals 900, average_loss_per_batch: 1.379827, train 32.89%
Validating
Val set size: 120, validation accuracy 33.33%
epoch 41, loss: 1.15, train 35.00%
epoch 41, loss: 1.10, train 40.00%
epoch 41, loss: 1.12, train 31.67%
epoch 41, loss: 1.07, train 35.00%
epoch 41, loss: 1.16, train 34.00%
epoch 41, loss: 1.12, train 35.00%
epoch 41, loss: 1.22, train 33.57%
epoch 41, loss: 1.10, train 33.75%
epoch 41, loss: 1.11, train 33.89%
epoch 41, loss: 2.03, train 34.00%
epoch 41, loss: 4.72, train 33.64%
epoch 41, loss: 1.05, train 33.75%
epoch 41, loss: 1.17, train 33.08%
epoch 41, loss: 1.49, train 32.86%
epoch 41, loss: 1.08, train 33.00%
epoch 41, loss: 1.09, train 32.50%
epoch 41, loss: 1.41, train 32.35%
epoch 41, loss: 1.41, train 32.78%
epoch 41, loss: 1.08, train 32.89%
epoch 41, loss: 1.12, train 32.50%
epoch 41, loss: 1.14, train 32.38%
epoch 41, loss: 1.14, train 32.50%
epoch 41, loss: 1.11, train 32.39%
epoch 41, loss: 1.30, train 32.08%
epoch 41, loss: 1.14, train 32.20%
epoch 41, loss: 1.11, train 32.12%
epoch 41, loss: 1.22, train 31.85%
epoch 41, loss: 2.47, train 31.43%
epoch 41, loss: 1.18, train 31.90%
epoch 41, loss: 1.11, train 32.00%
epoch 41, loss: 1.09, train 32.58%
epoch 41, loss: 1.25, train 32.34%
epoch 41, loss: 1.12, train 32.42%
epoch 41, loss: 1.30, train 32.35%
epoch 41, loss: 1.09, train 32.71%
epoch 41, loss: 1.09, train 32.78%
epoch 41, loss: 1.14, train 32.97%
epoch 41, loss: 1.10, train 33.42%
epoch 41, loss: 5.65, train 33.21%
epoch 41, loss: 1.13, train 33.25%
epoch 41, loss: 1.21, train 33.05%
epoch 41, loss: 1.26, train 32.74%
epoch 41, loss: 1.19, train 32.79%
epoch 41, loss: 1.60, train 32.84%
epoch 41, loss: 1.37, train 32.89%
Epoch completed!
epoch 41, total signals 900, average_loss_per_batch: 1.407092, train 32.89%
Validating
Val set size: 120, validation accuracy 33.33%
epoch 42, loss: 1.10, train 25.00%
epoch 42, loss: 1.07, train 35.00%
epoch 42, loss: 1.15, train 36.67%
epoch 42, loss: 1.00, train 40.00%
epoch 42, loss: 1.14, train 38.00%
epoch 42, loss: 1.05, train 40.00%
epoch 42, loss: 1.15, train 40.00%
epoch 42, loss: 1.12, train 38.75%
epoch 42, loss: 1.11, train 38.33%
epoch 42, loss: 1.11, train 38.00%
epoch 42, loss: 1.09, train 37.27%
epoch 42, loss: 1.11, train 37.08%
epoch 42, loss: 1.10, train 38.46%
epoch 42, loss: 1.20, train 37.50%
epoch 42, loss: 1.09, train 38.00%
epoch 42, loss: 1.15, train 38.12%
epoch 42, loss: 1.19, train 38.53%
epoch 42, loss: 1.39, train 37.22%
epoch 42, loss: 1.20, train 37.37%
epoch 42, loss: 1.09, train 37.50%
epoch 42, loss: 1.40, train 37.38%
epoch 42, loss: 1.10, train 36.82%
epoch 42, loss: 1.11, train 36.74%
epoch 42, loss: 1.71, train 36.25%
epoch 42, loss: 5.35, train 35.80%
epoch 42, loss: 1.53, train 35.77%
epoch 42, loss: 1.13, train 35.74%
epoch 42, loss: 1.31, train 35.18%
epoch 42, loss: 1.17, train 35.34%
epoch 42, loss: 1.11, train 35.67%
epoch 42, loss: 1.09, train 35.65%
epoch 42, loss: 1.08, train 36.41%
epoch 42, loss: 1.13, train 36.36%
epoch 42, loss: 1.10, train 36.32%
epoch 42, loss: 1.13, train 36.14%
epoch 42, loss: 1.05, train 35.97%
epoch 42, loss: 1.02, train 36.22%
epoch 42, loss: 1.04, train 36.71%
epoch 42, loss: 1.09, train 36.67%
epoch 42, loss: 1.17, train 36.75%
epoch 42, loss: 1.12, train 36.34%
epoch 42, loss: 2.27, train 36.07%
epoch 42, loss: 1.09, train 35.70%
epoch 42, loss: 1.12, train 35.91%
epoch 42, loss: 1.12, train 35.78%
Epoch completed!
epoch 42, total signals 900, average_loss_per_batch: 1.270092, train 35.78%
Validating
Val set size: 120, validation accuracy 33.33%
epoch 43, loss: 1.08, train 45.00%
epoch 43, loss: 1.15, train 35.00%
epoch 43, loss: 1.12, train 33.33%
epoch 43, loss: 1.10, train 31.25%
epoch 43, loss: 1.37, train 32.00%
epoch 43, loss: 1.16, train 31.67%
epoch 43, loss: 1.31, train 30.00%
epoch 43, loss: 1.35, train 31.87%
epoch 43, loss: 1.05, train 33.89%
epoch 43, loss: 1.13, train 33.00%
epoch 43, loss: 1.14, train 33.18%
epoch 43, loss: 1.12, train 33.33%
epoch 43, loss: 1.26, train 32.31%
epoch 43, loss: 1.13, train 31.07%
epoch 43, loss: 1.12, train 30.67%
epoch 43, loss: 1.15, train 30.31%
epoch 43, loss: 1.11, train 30.88%
epoch 43, loss: 1.18, train 31.11%
epoch 43, loss: 1.04, train 32.11%
epoch 43, loss: 1.11, train 32.75%
epoch 43, loss: 1.28, train 32.62%
epoch 43, loss: 1.07, train 32.73%
epoch 43, loss: 1.15, train 33.04%
epoch 43, loss: 1.05, train 33.54%
epoch 43, loss: 1.13, train 33.80%
epoch 43, loss: 1.12, train 33.65%
epoch 43, loss: 1.07, train 33.52%
epoch 43, loss: 1.11, train 33.21%
epoch 43, loss: 1.13, train 32.76%
epoch 43, loss: 1.14, train 32.33%
epoch 43, loss: 1.14, train 31.77%
epoch 43, loss: 1.12, train 31.87%
epoch 43, loss: 1.64, train 32.42%
epoch 43, loss: 1.15, train 32.50%
epoch 43, loss: 1.16, train 32.29%
epoch 43, loss: 1.06, train 32.50%
epoch 43, loss: 1.23, train 32.84%
epoch 43, loss: 1.09, train 32.76%
epoch 43, loss: 1.07, train 32.95%
epoch 43, loss: 1.18, train 32.75%
epoch 43, loss: 1.09, train 32.80%
epoch 43, loss: 1.38, train 32.62%
epoch 43, loss: 0.98, train 33.26%
epoch 43, loss: 1.18, train 33.30%
epoch 43, loss: 1.20, train 33.11%
Epoch completed!
epoch 43, total signals 900, average_loss_per_batch: 1.157529, train 33.11%
Validating
Val set size: 120, validation accuracy 33.33%
epoch 44, loss: 1.12, train 30.00%
epoch 44, loss: 1.08, train 32.50%
epoch 44, loss: 1.15, train 35.00%
epoch 44, loss: 1.09, train 35.00%
epoch 44, loss: 1.20, train 35.00%
epoch 44, loss: 1.25, train 34.17%
epoch 44, loss: 1.29, train 35.00%
epoch 44, loss: 1.11, train 35.00%
epoch 44, loss: 1.11, train 35.00%
epoch 44, loss: 1.09, train 35.50%
epoch 44, loss: 1.15, train 35.00%
epoch 44, loss: 1.05, train 35.42%
epoch 44, loss: 1.22, train 35.00%
epoch 44, loss: 1.17, train 34.29%
epoch 44, loss: 1.08, train 34.67%
epoch 44, loss: 1.06, train 35.62%
epoch 44, loss: 1.08, train 35.88%
epoch 44, loss: 1.24, train 35.56%
epoch 44, loss: 1.25, train 35.00%
epoch 44, loss: 1.07, train 35.50%
epoch 44, loss: 1.09, train 35.24%
epoch 44, loss: 1.08, train 35.45%
epoch 44, loss: 1.05, train 36.30%
epoch 44, loss: 1.13, train 36.46%
epoch 44, loss: 1.14, train 36.20%
epoch 44, loss: 1.23, train 36.15%
epoch 44, loss: 1.10, train 36.11%
epoch 44, loss: 1.04, train 36.43%
epoch 44, loss: 1.12, train 36.55%
epoch 44, loss: 1.09, train 36.33%
epoch 44, loss: 1.11, train 35.97%
epoch 44, loss: 1.20, train 36.09%
epoch 44, loss: 1.08, train 36.52%
epoch 44, loss: 1.16, train 36.47%
epoch 44, loss: 1.10, train 36.43%
epoch 44, loss: 1.04, train 36.67%
epoch 44, loss: 1.47, train 36.49%
epoch 44, loss: 1.07, train 36.84%
epoch 44, loss: 1.09, train 36.79%
epoch 44, loss: 1.15, train 36.62%
epoch 44, loss: 1.13, train 36.46%
epoch 44, loss: 1.35, train 36.31%
epoch 44, loss: 1.09, train 36.28%
epoch 44, loss: 1.08, train 36.36%
epoch 44, loss: 1.09, train 36.22%
Epoch completed!
epoch 44, total signals 900, average_loss_per_batch: 1.135835, train 36.22%
Validating
Val set size: 120, validation accuracy 33.33%
epoch 45, loss: 1.10, train 30.00%
epoch 45, loss: 3.89, train 27.50%
epoch 45, loss: 1.18, train 28.33%
epoch 45, loss: 1.49, train 30.00%
epoch 45, loss: 1.06, train 33.00%
epoch 45, loss: 1.25, train 31.67%
epoch 45, loss: 1.89, train 32.14%
epoch 45, loss: 1.27, train 30.63%
epoch 45, loss: 1.08, train 31.11%
epoch 45, loss: 1.14, train 30.50%
epoch 45, loss: 1.27, train 30.00%
epoch 45, loss: 1.48, train 31.25%
epoch 45, loss: 1.11, train 31.54%
epoch 45, loss: 1.20, train 31.07%
epoch 45, loss: 1.13, train 31.00%
epoch 45, loss: 1.07, train 32.19%
epoch 45, loss: 1.09, train 32.35%
epoch 45, loss: 1.15, train 32.50%
epoch 45, loss: 1.11, train 32.63%
epoch 45, loss: 1.12, train 32.75%
epoch 45, loss: 1.17, train 32.62%
epoch 45, loss: 1.15, train 32.27%
epoch 45, loss: 1.20, train 31.96%
epoch 45, loss: 1.82, train 31.46%
epoch 45, loss: 1.06, train 32.00%
epoch 45, loss: 1.11, train 31.54%
epoch 45, loss: 1.19, train 31.67%
epoch 45, loss: 1.12, train 31.25%
epoch 45, loss: 1.13, train 31.21%
epoch 45, loss: 1.12, train 30.83%
epoch 45, loss: 1.18, train 30.81%
epoch 45, loss: 1.12, train 31.25%
epoch 45, loss: 1.08, train 31.52%
epoch 45, loss: 1.11, train 31.62%
epoch 45, loss: 1.10, train 32.00%
epoch 45, loss: 1.09, train 32.08%
epoch 45, loss: 1.41, train 31.89%
epoch 45, loss: 1.17, train 31.84%
epoch 45, loss: 3.17, train 31.92%
epoch 45, loss: 1.10, train 32.25%
epoch 45, loss: 1.10, train 31.95%
epoch 45, loss: 1.37, train 32.02%
epoch 45, loss: 1.19, train 31.74%
epoch 45, loss: 1.34, train 31.93%
epoch 45, loss: 1.01, train 32.56%
Epoch completed!
epoch 45, total signals 900, average_loss_per_batch: 1.303731, train 32.56%
Validating
Val set size: 120, validation accuracy 33.33%
epoch 46, loss: 1.17, train 20.00%
epoch 46, loss: 1.12, train 25.00%
epoch 46, loss: 1.20, train 26.67%
epoch 46, loss: 1.14, train 25.00%
epoch 46, loss: 1.09, train 28.00%
epoch 46, loss: 1.13, train 29.17%
epoch 46, loss: 1.97, train 30.00%
epoch 46, loss: 1.16, train 28.75%
epoch 46, loss: 1.12, train 28.89%
epoch 46, loss: 1.28, train 28.00%
epoch 46, loss: 1.05, train 29.55%
epoch 46, loss: 1.13, train 28.33%
epoch 46, loss: 2.41, train 30.00%
epoch 46, loss: 1.22, train 30.00%
epoch 46, loss: 1.17, train 29.67%
epoch 46, loss: 1.08, train 30.31%
epoch 46, loss: 1.10, train 30.88%
epoch 46, loss: 1.07, train 30.83%
epoch 46, loss: 1.12, train 30.53%
epoch 46, loss: 1.54, train 30.00%
epoch 46, loss: 1.09, train 30.24%
epoch 46, loss: 1.09, train 30.00%
epoch 46, loss: 1.08, train 30.65%
epoch 46, loss: 1.12, train 30.83%
epoch 46, loss: 1.23, train 30.80%
epoch 46, loss: 1.10, train 30.96%
epoch 46, loss: 3.82, train 30.19%
epoch 46, loss: 1.17, train 30.00%
epoch 46, loss: 1.35, train 30.52%
epoch 46, loss: 1.20, train 30.83%
epoch 46, loss: 1.21, train 30.81%
epoch 46, loss: 1.15, train 30.63%
epoch 46, loss: 1.13, train 31.06%
epoch 46, loss: 1.13, train 30.74%
epoch 46, loss: 1.10, train 30.71%
epoch 46, loss: 1.16, train 30.69%
epoch 46, loss: 1.10, train 31.08%
epoch 46, loss: 1.05, train 31.32%
epoch 46, loss: 1.11, train 31.79%
epoch 46, loss: 1.13, train 32.12%
epoch 46, loss: 1.16, train 31.71%
epoch 46, loss: 1.19, train 31.79%
epoch 46, loss: 1.27, train 31.51%
epoch 46, loss: 1.21, train 31.70%
epoch 46, loss: 1.06, train 31.89%
Epoch completed!
epoch 46, total signals 900, average_loss_per_batch: 1.259415, train 31.89%
Validating
Val set size: 120, validation accuracy 33.33%
epoch 47, loss: 1.16, train 20.00%
epoch 47, loss: 1.22, train 22.50%
epoch 47, loss: 1.09, train 30.00%
epoch 47, loss: 2.98, train 31.25%
epoch 47, loss: 1.13, train 33.00%
epoch 47, loss: 1.51, train 31.67%
epoch 47, loss: 1.12, train 31.43%
epoch 47, loss: 1.16, train 30.00%
epoch 47, loss: 1.14, train 28.89%
epoch 47, loss: 1.08, train 29.50%
epoch 47, loss: 1.13, train 29.55%
epoch 47, loss: 3.54, train 28.75%
epoch 47, loss: 1.10, train 28.85%
epoch 47, loss: 1.01, train 31.07%
epoch 47, loss: 1.17, train 31.00%
epoch 47, loss: 1.20, train 30.63%
epoch 47, loss: 1.12, train 31.47%
epoch 47, loss: 1.57, train 31.39%
epoch 47, loss: 1.21, train 31.58%
epoch 47, loss: 1.10, train 31.25%
epoch 47, loss: 1.30, train 30.71%
epoch 47, loss: 1.10, train 31.36%
epoch 47, loss: 1.05, train 32.39%
epoch 47, loss: 1.17, train 32.08%
epoch 47, loss: 1.05, train 32.20%
epoch 47, loss: 1.89, train 31.54%
epoch 47, loss: 1.14, train 31.30%
epoch 47, loss: 1.56, train 31.79%
epoch 47, loss: 1.18, train 31.21%
epoch 47, loss: 1.09, train 31.50%
epoch 47, loss: 1.12, train 31.29%
epoch 47, loss: 1.21, train 30.63%
epoch 47, loss: 1.07, train 30.76%
epoch 47, loss: 1.13, train 30.74%
epoch 47, loss: 1.14, train 30.71%
epoch 47, loss: 1.16, train 30.69%
epoch 47, loss: 1.01, train 31.08%
epoch 47, loss: 1.07, train 31.71%
epoch 47, loss: 1.09, train 31.92%
epoch 47, loss: 1.10, train 32.12%
epoch 47, loss: 1.57, train 31.95%
epoch 47, loss: 1.34, train 31.90%
epoch 47, loss: 1.10, train 31.98%
epoch 47, loss: 1.19, train 32.27%
epoch 47, loss: 1.18, train 32.33%
Epoch completed!
epoch 47, total signals 900, average_loss_per_batch: 1.284147, train 32.33%
Validating
Val set size: 120, validation accuracy 33.33%
epoch 48, loss: 1.32, train 30.00%
epoch 48, loss: 1.23, train 35.00%
epoch 48, loss: 4.90, train 40.00%
epoch 48, loss: 1.46, train 40.00%
epoch 48, loss: 1.13, train 35.00%
epoch 48, loss: 2.16, train 34.17%
epoch 48, loss: 1.06, train 35.00%
epoch 48, loss: 1.30, train 34.38%
epoch 48, loss: 1.09, train 35.56%
epoch 48, loss: 1.18, train 34.00%
epoch 48, loss: 1.15, train 32.27%
epoch 48, loss: 1.11, train 32.92%
epoch 48, loss: 1.14, train 33.08%
epoch 48, loss: 1.06, train 34.64%
epoch 48, loss: 1.20, train 34.67%
epoch 48, loss: 1.09, train 34.69%
epoch 48, loss: 1.19, train 33.82%
epoch 48, loss: 1.00, train 35.00%
epoch 48, loss: 1.07, train 35.79%
epoch 48, loss: 1.25, train 35.00%
epoch 48, loss: 8.65, train 34.76%
epoch 48, loss: 1.09, train 35.00%
epoch 48, loss: 1.14, train 34.78%
epoch 48, loss: 1.09, train 35.42%
epoch 48, loss: 1.17, train 34.60%
epoch 48, loss: 1.19, train 34.04%
epoch 48, loss: 1.20, train 33.89%
epoch 48, loss: 1.05, train 34.46%
epoch 48, loss: 1.11, train 35.34%
epoch 48, loss: 1.11, train 35.50%
epoch 48, loss: 1.29, train 35.00%
epoch 48, loss: 1.05, train 35.47%
epoch 48, loss: 3.45, train 35.30%
epoch 48, loss: 1.16, train 34.85%
epoch 48, loss: 1.22, train 34.14%
epoch 48, loss: 1.04, train 34.31%
epoch 48, loss: 1.06, train 34.46%
epoch 48, loss: 1.10, train 34.61%
epoch 48, loss: 1.10, train 34.62%
epoch 48, loss: 1.11, train 34.38%
epoch 48, loss: 1.09, train 34.51%
epoch 48, loss: 1.09, train 34.52%
epoch 48, loss: 1.07, train 34.77%
epoch 48, loss: 1.09, train 34.77%
epoch 48, loss: 1.08, train 34.78%
Epoch completed!
epoch 48, total signals 900, average_loss_per_batch: 1.463699, train 34.78%
Validating
Val set size: 120, validation accuracy 33.33%
epoch 49, loss: 3.21, train 50.00%
epoch 49, loss: 1.89, train 40.00%
epoch 49, loss: 1.15, train 35.00%
epoch 49, loss: 1.13, train 32.50%
epoch 49, loss: 1.14, train 34.00%
epoch 49, loss: 1.09, train 35.00%
epoch 49, loss: 1.24, train 34.29%
epoch 49, loss: 1.12, train 33.75%
epoch 49, loss: 1.24, train 32.78%
epoch 49, loss: 1.13, train 32.50%
epoch 49, loss: 1.11, train 31.82%
epoch 49, loss: 0.98, train 33.33%
epoch 49, loss: 1.13, train 32.69%
epoch 49, loss: 1.17, train 32.86%
epoch 49, loss: 4.20, train 33.00%
epoch 49, loss: 1.43, train 34.38%
epoch 49, loss: 1.12, train 34.71%
epoch 49, loss: 1.11, train 34.44%
epoch 49, loss: 1.05, train 35.26%
epoch 49, loss: 1.37, train 34.75%
epoch 49, loss: 1.25, train 33.81%
epoch 49, loss: 1.18, train 33.18%
epoch 49, loss: 2.21, train 32.83%
epoch 49, loss: 1.11, train 32.29%
epoch 49, loss: 1.25, train 32.40%
epoch 49, loss: 1.05, train 32.88%
epoch 49, loss: 1.13, train 32.96%
epoch 49, loss: 1.26, train 32.86%
epoch 49, loss: 1.09, train 32.93%
epoch 49, loss: 1.11, train 32.83%
epoch 49, loss: 1.14, train 32.58%
epoch 49, loss: 1.14, train 32.66%
epoch 49, loss: 1.03, train 33.48%
epoch 49, loss: 1.23, train 33.24%
epoch 49, loss: 1.04, train 33.86%
epoch 49, loss: 1.91, train 33.89%
epoch 49, loss: 1.09, train 33.65%
epoch 49, loss: 1.02, train 34.34%
epoch 49, loss: 1.09, train 34.36%
epoch 49, loss: 3.90, train 34.12%
epoch 49, loss: 1.15, train 33.78%
epoch 49, loss: 1.13, train 33.69%
epoch 49, loss: 1.03, train 34.19%
epoch 49, loss: 1.11, train 33.86%
epoch 49, loss: 1.14, train 33.67%
Epoch completed!
epoch 49, total signals 900, average_loss_per_batch: 1.373514, train 33.67%
Validating
Val set size: 120, validation accuracy 33.33%
Training Completed!
Testing
en es ko
[[ 0  0 40]
 [ 0  0 40]
 [ 0  0 40]]
Test set size: 120, Test accuracy 33.33%
