1.12.1+cu102
cuda:0
Trainable Parameters : 593411
Start training...
epoch 0, loss: 1.12, train 15.00%
epoch 0, loss: 4.20, train 22.50%
epoch 0, loss: 2.08, train 28.33%
epoch 0, loss: 1.09, train 30.00%
epoch 0, loss: 1.95, train 33.00%
epoch 0, loss: 2.14, train 32.50%
epoch 0, loss: 1.35, train 32.14%
epoch 0, loss: 2.20, train 31.87%
epoch 0, loss: 2.10, train 31.11%
epoch 0, loss: 2.74, train 30.50%
epoch 0, loss: 1.07, train 32.27%
epoch 0, loss: 1.04, train 34.17%
epoch 0, loss: 1.72, train 34.23%
epoch 0, loss: 1.19, train 34.29%
epoch 0, loss: 1.32, train 33.00%
epoch 0, loss: 1.20, train 33.12%
epoch 0, loss: 1.29, train 33.53%
epoch 0, loss: 1.01, train 34.44%
epoch 0, loss: 1.31, train 33.95%
epoch 0, loss: 1.36, train 34.00%
epoch 0, loss: 1.18, train 33.81%
epoch 0, loss: 1.34, train 34.09%
epoch 0, loss: 2.10, train 34.57%
epoch 0, loss: 5.50, train 34.17%
epoch 0, loss: 2.62, train 33.40%
epoch 0, loss: 1.54, train 32.88%
epoch 0, loss: 1.26, train 32.59%
epoch 0, loss: 1.59, train 33.04%
epoch 0, loss: 2.66, train 32.93%
epoch 0, loss: 2.77, train 32.67%
epoch 0, loss: 1.60, train 32.74%
epoch 0, loss: 1.13, train 32.97%
epoch 0, loss: 1.51, train 32.73%
epoch 0, loss: 1.55, train 32.21%
epoch 0, loss: 1.27, train 32.29%
epoch 0, loss: 8.43, train 31.94%
epoch 0, loss: 1.08, train 32.43%
epoch 0, loss: 1.37, train 33.03%
epoch 0, loss: 1.10, train 33.33%
epoch 0, loss: 1.56, train 32.62%
epoch 0, loss: 6.83, train 32.93%
epoch 0, loss: 1.36, train 32.62%
epoch 0, loss: 1.15, train 33.02%
epoch 0, loss: 1.74, train 32.73%
epoch 0, loss: 1.06, train 33.00%
Epoch completed!
epoch 0, total signals 900, average_loss_per_batch: 1.972848, train 33.00%
Validating
Val set size: 120, validation accuracy 34.17%
epoch 1, loss: 1.15, train 20.00%
epoch 1, loss: 1.11, train 35.00%
epoch 1, loss: 1.88, train 30.00%
epoch 1, loss: 2.49, train 35.00%
epoch 1, loss: 1.36, train 34.00%
epoch 1, loss: 1.09, train 35.83%
epoch 1, loss: 1.44, train 33.57%
epoch 1, loss: 1.26, train 33.75%
epoch 1, loss: 2.21, train 32.22%
epoch 1, loss: 1.55, train 32.00%
epoch 1, loss: 1.15, train 31.82%
epoch 1, loss: 1.20, train 32.50%
epoch 1, loss: 1.55, train 31.92%
epoch 1, loss: 1.82, train 31.79%
epoch 1, loss: 1.52, train 30.33%
epoch 1, loss: 3.67, train 31.25%
epoch 1, loss: 2.48, train 30.88%
epoch 1, loss: 2.11, train 31.11%
epoch 1, loss: 2.13, train 31.32%
epoch 1, loss: 1.11, train 32.00%
epoch 1, loss: 2.04, train 31.19%
epoch 1, loss: 1.64, train 31.14%
epoch 1, loss: 2.62, train 30.43%
epoch 1, loss: 1.74, train 31.46%
epoch 1, loss: 1.50, train 31.60%
epoch 1, loss: 1.61, train 32.12%
epoch 1, loss: 1.21, train 32.04%
epoch 1, loss: 1.23, train 32.14%
epoch 1, loss: 2.40, train 32.07%
epoch 1, loss: 3.14, train 31.50%
epoch 1, loss: 1.90, train 31.77%
epoch 1, loss: 1.34, train 31.72%
epoch 1, loss: 1.61, train 31.67%
epoch 1, loss: 1.77, train 31.91%
epoch 1, loss: 1.29, train 32.29%
epoch 1, loss: 3.35, train 32.08%
epoch 1, loss: 1.75, train 32.03%
epoch 1, loss: 2.02, train 32.24%
epoch 1, loss: 2.65, train 32.44%
epoch 1, loss: 2.07, train 32.50%
epoch 1, loss: 1.48, train 32.20%
epoch 1, loss: 1.09, train 32.62%
epoch 1, loss: 2.11, train 32.67%
epoch 1, loss: 1.78, train 32.95%
epoch 1, loss: 2.74, train 33.00%
Epoch completed!
epoch 1, total signals 900, average_loss_per_batch: 1.830206, train 33.00%
Validating
Val set size: 120, validation accuracy 33.33%
epoch 2, loss: 3.30, train 20.00%
epoch 2, loss: 1.91, train 30.00%
epoch 2, loss: 2.82, train 31.67%
epoch 2, loss: 1.27, train 37.50%
epoch 2, loss: 1.71, train 37.00%
epoch 2, loss: 1.59, train 36.67%
epoch 2, loss: 1.69, train 36.43%
epoch 2, loss: 1.39, train 38.12%
epoch 2, loss: 3.54, train 35.00%
epoch 2, loss: 2.30, train 34.50%
epoch 2, loss: 1.48, train 34.55%
epoch 2, loss: 4.84, train 33.33%
epoch 2, loss: 2.43, train 32.31%
epoch 2, loss: 2.04, train 31.43%
epoch 2, loss: 1.42, train 30.67%
epoch 2, loss: 3.19, train 31.25%
epoch 2, loss: 1.22, train 31.18%
epoch 2, loss: 2.78, train 31.67%
epoch 2, loss: 1.55, train 31.84%
epoch 2, loss: 1.23, train 31.50%
epoch 2, loss: 1.13, train 31.90%
epoch 2, loss: 5.80, train 31.82%
epoch 2, loss: 1.39, train 31.09%
epoch 2, loss: 4.71, train 30.83%
epoch 2, loss: 2.54, train 30.80%
epoch 2, loss: 3.23, train 30.38%
epoch 2, loss: 3.33, train 30.74%
epoch 2, loss: 1.13, train 31.79%
epoch 2, loss: 1.80, train 32.07%
epoch 2, loss: 1.88, train 32.33%
epoch 2, loss: 1.70, train 32.10%
epoch 2, loss: 1.92, train 32.34%
epoch 2, loss: 1.93, train 32.12%
epoch 2, loss: 1.45, train 32.35%
epoch 2, loss: 1.83, train 32.29%
epoch 2, loss: 1.72, train 32.50%
epoch 2, loss: 1.53, train 33.11%
epoch 2, loss: 4.54, train 33.42%
epoch 2, loss: 1.84, train 33.08%
epoch 2, loss: 1.84, train 32.88%
epoch 2, loss: 3.44, train 33.29%
epoch 2, loss: 1.35, train 33.33%
epoch 2, loss: 2.19, train 33.26%
epoch 2, loss: 1.29, train 33.64%
epoch 2, loss: 8.08, train 33.89%
Epoch completed!
epoch 2, total signals 900, average_loss_per_batch: 2.384191, train 33.89%
Validating
Val set size: 120, validation accuracy 33.33%
epoch 3, loss: 2.05, train 35.00%
epoch 3, loss: 1.77, train 27.50%
epoch 3, loss: 3.50, train 23.33%
epoch 3, loss: 1.52, train 32.50%
epoch 3, loss: 1.50, train 34.00%
epoch 3, loss: 1.64, train 34.17%
epoch 3, loss: 1.35, train 31.43%
epoch 3, loss: 1.53, train 31.87%
epoch 3, loss: 1.37, train 32.78%
epoch 3, loss: 1.76, train 32.50%
epoch 3, loss: 1.28, train 33.18%
epoch 3, loss: 1.97, train 32.50%
epoch 3, loss: 1.75, train 33.85%
epoch 3, loss: 2.28, train 33.57%
epoch 3, loss: 1.85, train 33.67%
epoch 3, loss: 2.30, train 34.38%
epoch 3, loss: 1.51, train 35.00%
epoch 3, loss: 2.48, train 35.00%
epoch 3, loss: 1.42, train 35.00%
epoch 3, loss: 1.28, train 35.00%
epoch 3, loss: 2.54, train 35.24%
epoch 3, loss: 1.66, train 35.00%
epoch 3, loss: 1.59, train 34.35%
epoch 3, loss: 2.03, train 34.17%
epoch 3, loss: 3.84, train 34.20%
epoch 3, loss: 1.27, train 34.04%
epoch 3, loss: 1.81, train 34.07%
epoch 3, loss: 3.50, train 33.75%
epoch 3, loss: 1.39, train 33.79%
epoch 3, loss: 2.20, train 33.50%
epoch 3, loss: 1.45, train 33.55%
epoch 3, loss: 1.47, train 33.91%
epoch 3, loss: 1.25, train 34.39%
epoch 3, loss: 3.71, train 34.56%
epoch 3, loss: 2.98, train 34.43%
epoch 3, loss: 1.31, train 34.03%
epoch 3, loss: 1.25, train 33.92%
epoch 3, loss: 1.55, train 33.95%
epoch 3, loss: 2.57, train 33.72%
epoch 3, loss: 3.95, train 33.38%
epoch 3, loss: 2.98, train 33.29%
epoch 3, loss: 1.63, train 33.69%
epoch 3, loss: 1.70, train 33.37%
epoch 3, loss: 1.18, train 33.41%
epoch 3, loss: 1.12, train 33.56%
Epoch completed!
epoch 3, total signals 900, average_loss_per_batch: 1.955919, train 33.56%
Validating
Val set size: 120, validation accuracy 33.33%
epoch 4, loss: 5.52, train 30.00%
epoch 4, loss: 1.47, train 32.50%
epoch 4, loss: 1.88, train 30.00%
epoch 4, loss: 2.02, train 26.25%
epoch 4, loss: 1.17, train 25.00%
epoch 4, loss: 3.21, train 26.67%
epoch 4, loss: 1.94, train 26.43%
epoch 4, loss: 1.27, train 28.75%
epoch 4, loss: 1.90, train 28.33%
epoch 4, loss: 2.29, train 28.50%
epoch 4, loss: 1.23, train 28.18%
epoch 4, loss: 1.11, train 27.92%
epoch 4, loss: 1.28, train 27.69%
epoch 4, loss: 9.95, train 28.21%
epoch 4, loss: 1.97, train 28.67%
epoch 4, loss: 8.25, train 29.38%
epoch 4, loss: 5.34, train 30.29%
epoch 4, loss: 1.87, train 30.56%
epoch 4, loss: 1.48, train 30.26%
epoch 4, loss: 1.69, train 30.00%
epoch 4, loss: 1.89, train 30.00%
epoch 4, loss: 1.25, train 30.68%
epoch 4, loss: 1.48, train 30.65%
epoch 4, loss: 1.58, train 30.00%
epoch 4, loss: 1.75, train 29.60%
epoch 4, loss: 1.06, train 30.19%
epoch 4, loss: 1.07, train 30.37%
epoch 4, loss: 1.36, train 30.71%
epoch 4, loss: 1.55, train 31.03%
epoch 4, loss: 3.16, train 31.67%
epoch 4, loss: 7.38, train 31.94%
epoch 4, loss: 1.49, train 32.03%
epoch 4, loss: 2.24, train 31.67%
epoch 4, loss: 1.19, train 31.76%
epoch 4, loss: 5.63, train 31.43%
epoch 4, loss: 6.80, train 31.67%
epoch 4, loss: 2.17, train 31.62%
epoch 4, loss: 4.91, train 32.11%
epoch 4, loss: 2.30, train 32.05%
epoch 4, loss: 1.50, train 32.12%
epoch 4, loss: 1.76, train 32.20%
epoch 4, loss: 2.29, train 32.14%
epoch 4, loss: 3.57, train 31.74%
epoch 4, loss: 2.83, train 31.59%
epoch 4, loss: 4.09, train 31.22%
Epoch completed!
epoch 4, total signals 900, average_loss_per_batch: 2.736381, train 31.22%
Validating
Val set size: 120, validation accuracy 33.33%
epoch 5, loss: 3.86, train 20.00%
epoch 5, loss: 7.13, train 27.50%
epoch 5, loss: 3.19, train 31.67%
epoch 5, loss: 3.37, train 35.00%
epoch 5, loss: 2.99, train 35.00%
epoch 5, loss: 1.55, train 35.83%
epoch 5, loss: 1.63, train 34.29%
epoch 5, loss: 1.74, train 34.38%
epoch 5, loss: 5.78, train 33.89%
epoch 5, loss: 5.12, train 33.00%
epoch 5, loss: 4.26, train 34.09%
epoch 5, loss: 3.93, train 34.17%
epoch 5, loss: 5.95, train 33.46%
epoch 5, loss: 4.05, train 33.93%
epoch 5, loss: 3.46, train 34.00%
epoch 5, loss: 2.62, train 35.62%
epoch 5, loss: 5.24, train 35.00%
epoch 5, loss: 3.39, train 34.44%
epoch 5, loss: 3.43, train 34.74%
epoch 5, loss: 4.41, train 34.25%
epoch 5, loss: 5.33, train 33.81%
epoch 5, loss: 4.95, train 33.41%
epoch 5, loss: 5.33, train 32.61%
epoch 5, loss: 1.42, train 32.92%
epoch 5, loss: 3.91, train 33.00%
epoch 5, loss: 5.11, train 32.88%
epoch 5, loss: 1.86, train 32.78%
epoch 5, loss: 1.29, train 32.68%
epoch 5, loss: 2.66, train 32.41%
epoch 5, loss: 1.90, train 32.17%
epoch 5, loss: 1.58, train 32.42%
epoch 5, loss: 1.43, train 32.50%
epoch 5, loss: 1.01, train 33.18%
epoch 5, loss: 1.85, train 33.09%
epoch 5, loss: 1.29, train 32.86%
epoch 5, loss: 2.05, train 32.64%
epoch 5, loss: 1.48, train 32.84%
epoch 5, loss: 1.97, train 32.63%
epoch 5, loss: 2.24, train 32.31%
epoch 5, loss: 4.14, train 32.38%
epoch 5, loss: 1.36, train 32.32%
epoch 5, loss: 1.75, train 32.02%
epoch 5, loss: 1.47, train 32.09%
epoch 5, loss: 1.46, train 32.39%
epoch 5, loss: 1.51, train 32.44%
Epoch completed!
epoch 5, total signals 900, average_loss_per_batch: 3.054373, train 32.44%
Validating
Val set size: 120, validation accuracy 33.33%
epoch 6, loss: 1.25, train 30.00%
epoch 6, loss: 1.61, train 25.00%
epoch 6, loss: 2.15, train 33.33%
epoch 6, loss: 3.09, train 33.75%
epoch 6, loss: 1.91, train 38.00%
epoch 6, loss: 2.17, train 36.67%
epoch 6, loss: 2.25, train 35.00%
epoch 6, loss: 1.27, train 33.12%
epoch 6, loss: 1.15, train 34.44%
epoch 6, loss: 1.35, train 33.00%
epoch 6, loss: 1.05, train 35.00%
epoch 6, loss: 1.54, train 34.17%
epoch 6, loss: 2.32, train 34.62%
epoch 6, loss: 1.52, train 34.29%
epoch 6, loss: 2.12, train 34.33%
epoch 6, loss: 1.11, train 34.38%
epoch 6, loss: 1.19, train 35.00%
epoch 6, loss: 1.51, train 34.72%
epoch 6, loss: 1.37, train 34.47%
epoch 6, loss: 1.67, train 34.00%
epoch 6, loss: 1.35, train 33.33%
epoch 6, loss: 1.47, train 33.18%
epoch 6, loss: 1.85, train 33.04%
epoch 6, loss: 2.69, train 32.50%
epoch 6, loss: 0.99, train 33.60%
epoch 6, loss: 1.34, train 33.08%
epoch 6, loss: 1.53, train 32.96%
epoch 6, loss: 1.40, train 33.04%
epoch 6, loss: 1.16, train 33.10%
epoch 6, loss: 1.32, train 33.33%
epoch 6, loss: 1.15, train 33.23%
epoch 6, loss: 1.18, train 33.91%
epoch 6, loss: 4.17, train 33.79%
epoch 6, loss: 9.37, train 33.68%
epoch 6, loss: 2.79, train 33.43%
epoch 6, loss: 1.52, train 33.19%
epoch 6, loss: 3.22, train 32.70%
epoch 6, loss: 1.47, train 32.76%
epoch 6, loss: 2.25, train 32.69%
epoch 6, loss: 2.41, train 33.00%
epoch 6, loss: 1.73, train 33.29%
epoch 6, loss: 3.25, train 33.21%
epoch 6, loss: 2.05, train 33.14%
epoch 6, loss: 1.48, train 33.18%
epoch 6, loss: 1.66, train 33.00%
Epoch completed!
epoch 6, total signals 900, average_loss_per_batch: 1.963933, train 33.00%
Validating
Val set size: 120, validation accuracy 33.33%
epoch 7, loss: 1.15, train 60.00%
epoch 7, loss: 2.06, train 50.00%
epoch 7, loss: 1.59, train 51.67%
epoch 7, loss: 2.17, train 48.75%
epoch 7, loss: 1.83, train 44.00%
epoch 7, loss: 1.68, train 44.17%
epoch 7, loss: 1.36, train 45.00%
epoch 7, loss: 6.48, train 41.25%
epoch 7, loss: 1.80, train 38.33%
epoch 7, loss: 3.81, train 37.50%
epoch 7, loss: 3.99, train 35.45%
epoch 7, loss: 2.77, train 36.25%
epoch 7, loss: 3.43, train 36.15%
epoch 7, loss: 2.39, train 36.43%
epoch 7, loss: 2.18, train 36.33%
epoch 7, loss: 11.43, train 35.00%
epoch 7, loss: 3.33, train 35.00%
epoch 7, loss: 2.92, train 35.00%
epoch 7, loss: 2.08, train 34.74%
epoch 7, loss: 0.92, train 35.75%
epoch 7, loss: 4.26, train 35.71%
epoch 7, loss: 1.06, train 35.91%
epoch 7, loss: 3.91, train 35.43%
epoch 7, loss: 4.93, train 35.00%
epoch 7, loss: 4.33, train 34.80%
epoch 7, loss: 1.27, train 35.77%
epoch 7, loss: 2.68, train 35.93%
epoch 7, loss: 2.00, train 35.89%
epoch 7, loss: 1.66, train 35.52%
epoch 7, loss: 7.03, train 35.67%
epoch 7, loss: 3.61, train 35.48%
epoch 7, loss: 2.59, train 35.16%
epoch 7, loss: 1.90, train 35.45%
epoch 7, loss: 3.01, train 34.85%
epoch 7, loss: 2.76, train 35.00%
epoch 7, loss: 2.15, train 35.00%
epoch 7, loss: 1.99, train 34.59%
epoch 7, loss: 2.37, train 34.08%
epoch 7, loss: 1.54, train 34.74%
epoch 7, loss: 3.29, train 34.75%
epoch 7, loss: 1.41, train 35.12%
epoch 7, loss: 1.81, train 34.88%
epoch 7, loss: 1.18, train 35.00%
epoch 7, loss: 1.15, train 35.23%
epoch 7, loss: 1.63, train 34.89%
Epoch completed!
epoch 7, total signals 900, average_loss_per_batch: 2.776075, train 34.89%
Validating
Val set size: 120, validation accuracy 33.33%
epoch 8, loss: 1.52, train 20.00%
epoch 8, loss: 2.21, train 25.00%
epoch 8, loss: 1.48, train 28.33%
epoch 8, loss: 1.06, train 32.50%
epoch 8, loss: 0.97, train 40.00%
epoch 8, loss: 1.35, train 39.17%
epoch 8, loss: 1.54, train 41.43%
epoch 8, loss: 1.70, train 38.75%
epoch 8, loss: 1.78, train 37.78%
epoch 8, loss: 1.52, train 37.00%
epoch 8, loss: 1.36, train 37.73%
epoch 8, loss: 1.52, train 36.67%
epoch 8, loss: 1.16, train 37.31%
epoch 8, loss: 1.39, train 36.79%
epoch 8, loss: 1.37, train 35.67%
epoch 8, loss: 5.23, train 35.00%
epoch 8, loss: 1.23, train 33.53%
epoch 8, loss: 1.03, train 33.89%
epoch 8, loss: 1.14, train 33.95%
epoch 8, loss: 1.27, train 33.75%
epoch 8, loss: 1.14, train 33.81%
epoch 8, loss: 1.81, train 33.64%
epoch 8, loss: 1.24, train 33.26%
epoch 8, loss: 1.02, train 34.17%
epoch 8, loss: 1.15, train 34.20%
epoch 8, loss: 1.08, train 34.42%
epoch 8, loss: 1.06, train 34.81%
epoch 8, loss: 1.26, train 34.46%
epoch 8, loss: 1.02, train 35.17%
epoch 8, loss: 1.16, train 35.00%
epoch 8, loss: 1.22, train 35.00%
epoch 8, loss: 1.07, train 35.47%
epoch 8, loss: 1.44, train 35.15%
epoch 8, loss: 2.18, train 35.00%
epoch 8, loss: 1.29, train 35.14%
epoch 8, loss: 1.38, train 34.86%
epoch 8, loss: 1.22, train 35.00%
epoch 8, loss: 4.08, train 34.87%
epoch 8, loss: 1.05, train 35.26%
epoch 8, loss: 1.40, train 35.00%
epoch 8, loss: 1.68, train 35.00%
epoch 8, loss: 1.40, train 35.12%
epoch 8, loss: 1.16, train 35.12%
epoch 8, loss: 1.19, train 34.89%
epoch 8, loss: 1.66, train 34.67%
Epoch completed!
epoch 8, total signals 900, average_loss_per_batch: 1.493414, train 34.67%
Validating
Val set size: 120, validation accuracy 33.33%
epoch 9, loss: 1.15, train 35.00%
epoch 9, loss: 2.43, train 42.50%
epoch 9, loss: 1.16, train 41.67%
epoch 9, loss: 1.18, train 38.75%
epoch 9, loss: 1.16, train 40.00%
epoch 9, loss: 1.15, train 37.50%
epoch 9, loss: 1.07, train 37.14%
epoch 9, loss: 1.72, train 38.12%
epoch 9, loss: 1.11, train 38.33%
epoch 9, loss: 2.86, train 36.50%
epoch 9, loss: 1.10, train 37.73%
epoch 9, loss: 1.19, train 37.08%
epoch 9, loss: 3.48, train 35.38%
epoch 9, loss: 1.20, train 35.00%
epoch 9, loss: 1.17, train 35.00%
epoch 9, loss: 0.99, train 35.31%
epoch 9, loss: 1.14, train 35.29%
epoch 9, loss: 1.01, train 36.11%
epoch 9, loss: 1.17, train 36.05%
epoch 9, loss: 1.62, train 35.25%
epoch 9, loss: 1.22, train 35.00%
epoch 9, loss: 1.12, train 35.00%
epoch 9, loss: 1.21, train 35.00%
epoch 9, loss: 1.09, train 35.62%
epoch 9, loss: 1.29, train 34.80%
epoch 9, loss: 1.46, train 35.19%
epoch 9, loss: 1.22, train 35.37%
epoch 9, loss: 1.16, train 35.18%
epoch 9, loss: 1.30, train 34.83%
epoch 9, loss: 1.21, train 34.67%
epoch 9, loss: 1.80, train 35.16%
epoch 9, loss: 1.59, train 35.16%
epoch 9, loss: 1.66, train 34.85%
epoch 9, loss: 1.81, train 34.41%
epoch 9, loss: 1.35, train 34.00%
epoch 9, loss: 1.20, train 34.03%
epoch 9, loss: 1.14, train 33.92%
epoch 9, loss: 1.36, train 33.82%
epoch 9, loss: 1.08, train 33.97%
epoch 9, loss: 2.18, train 34.50%
epoch 9, loss: 1.11, train 34.63%
epoch 9, loss: 1.23, train 34.52%
epoch 9, loss: 1.28, train 34.53%
epoch 9, loss: 1.13, train 34.55%
epoch 9, loss: 1.03, train 34.78%
Epoch completed!
epoch 9, total signals 900, average_loss_per_batch: 1.383605, train 34.78%
Validating
Val set size: 120, validation accuracy 33.33%
epoch 10, loss: 1.36, train 25.00%
epoch 10, loss: 1.24, train 25.00%
epoch 10, loss: 1.25, train 23.33%
epoch 10, loss: 1.19, train 21.25%
epoch 10, loss: 2.05, train 21.00%
epoch 10, loss: 1.65, train 22.50%
epoch 10, loss: 1.87, train 22.14%
epoch 10, loss: 1.07, train 24.38%
epoch 10, loss: 1.21, train 23.33%
epoch 10, loss: 1.07, train 24.50%
epoch 10, loss: 1.42, train 25.45%
epoch 10, loss: 1.28, train 25.83%
epoch 10, loss: 1.35, train 25.77%
epoch 10, loss: 1.18, train 27.50%
epoch 10, loss: 1.12, train 27.67%
epoch 10, loss: 1.39, train 27.50%
epoch 10, loss: 1.13, train 27.65%
epoch 10, loss: 1.14, train 28.33%
epoch 10, loss: 1.13, train 28.95%
epoch 10, loss: 1.03, train 30.00%
epoch 10, loss: 1.22, train 29.52%
epoch 10, loss: 1.16, train 29.32%
epoch 10, loss: 1.52, train 29.57%
epoch 10, loss: 1.98, train 29.79%
epoch 10, loss: 1.92, train 29.60%
epoch 10, loss: 1.29, train 30.00%
epoch 10, loss: 1.24, train 30.00%
epoch 10, loss: 1.18, train 30.00%
epoch 10, loss: 1.14, train 30.17%
epoch 10, loss: 1.06, train 30.50%
epoch 10, loss: 1.21, train 30.16%
epoch 10, loss: 1.18, train 30.31%
epoch 10, loss: 1.21, train 30.30%
epoch 10, loss: 1.22, train 30.88%
epoch 10, loss: 1.24, train 30.86%
epoch 10, loss: 1.51, train 30.69%
epoch 10, loss: 1.13, train 30.81%
epoch 10, loss: 4.83, train 30.92%
epoch 10, loss: 1.09, train 31.54%
epoch 10, loss: 1.22, train 31.13%
epoch 10, loss: 1.14, train 31.22%
epoch 10, loss: 1.29, train 31.19%
epoch 10, loss: 1.39, train 31.40%
epoch 10, loss: 1.07, train 31.82%
epoch 10, loss: 1.46, train 31.78%
Epoch completed!
epoch 10, total signals 900, average_loss_per_batch: 1.378626, train 31.78%
Validating
Val set size: 120, validation accuracy 33.33%
epoch 11, loss: 1.05, train 45.00%
epoch 11, loss: 1.20, train 30.00%
epoch 11, loss: 1.07, train 33.33%
epoch 11, loss: 1.24, train 28.75%
epoch 11, loss: 1.22, train 26.00%
epoch 11, loss: 3.46, train 24.17%
epoch 11, loss: 1.04, train 27.86%
epoch 11, loss: 0.99, train 30.63%
epoch 11, loss: 4.28, train 29.44%
epoch 11, loss: 1.04, train 31.50%
epoch 11, loss: 1.07, train 32.27%
epoch 11, loss: 1.95, train 32.92%
epoch 11, loss: 1.07, train 33.85%
epoch 11, loss: 1.12, train 34.29%
epoch 11, loss: 1.14, train 34.00%
epoch 11, loss: 1.17, train 32.81%
epoch 11, loss: 1.01, train 33.53%
epoch 11, loss: 1.20, train 33.06%
epoch 11, loss: 1.72, train 32.89%
epoch 11, loss: 1.49, train 32.50%
epoch 11, loss: 1.21, train 32.14%
epoch 11, loss: 1.03, train 33.18%
epoch 11, loss: 1.29, train 33.04%
epoch 11, loss: 1.10, train 32.92%
epoch 11, loss: 1.08, train 33.40%
epoch 11, loss: 1.14, train 34.04%
epoch 11, loss: 1.29, train 33.15%
epoch 11, loss: 1.14, train 33.39%
epoch 11, loss: 1.73, train 33.28%
epoch 11, loss: 1.48, train 33.50%
epoch 11, loss: 1.28, train 33.55%
epoch 11, loss: 1.31, train 33.44%
epoch 11, loss: 1.19, train 33.03%
epoch 11, loss: 1.20, train 32.94%
epoch 11, loss: 1.22, train 32.57%
epoch 11, loss: 3.74, train 32.50%
epoch 11, loss: 1.47, train 32.57%
epoch 11, loss: 1.38, train 32.37%
epoch 11, loss: 1.13, train 32.18%
epoch 11, loss: 1.46, train 31.75%
epoch 11, loss: 1.73, train 31.59%
epoch 11, loss: 1.18, train 31.67%
epoch 11, loss: 2.33, train 31.86%
epoch 11, loss: 1.07, train 32.05%
epoch 11, loss: 1.07, train 32.44%
Epoch completed!
epoch 11, total signals 900, average_loss_per_batch: 1.440118, train 32.44%
Validating
Val set size: 120, validation accuracy 33.33%
epoch 12, loss: 1.08, train 40.00%
epoch 12, loss: 1.13, train 35.00%
epoch 12, loss: 1.21, train 30.00%
epoch 12, loss: 1.12, train 31.25%
epoch 12, loss: 1.04, train 35.00%
epoch 12, loss: 1.14, train 34.17%
epoch 12, loss: 1.21, train 32.14%
epoch 12, loss: 1.13, train 32.50%
epoch 12, loss: 1.15, train 31.11%
epoch 12, loss: 1.49, train 30.50%
epoch 12, loss: 1.19, train 29.55%
epoch 12, loss: 1.10, train 30.42%
epoch 12, loss: 0.98, train 32.31%
epoch 12, loss: 1.12, train 32.50%
epoch 12, loss: 1.21, train 33.00%
epoch 12, loss: 1.19, train 32.19%
epoch 12, loss: 1.13, train 32.06%
epoch 12, loss: 1.13, train 31.94%
epoch 12, loss: 2.62, train 31.32%
epoch 12, loss: 1.03, train 32.50%
epoch 12, loss: 1.17, train 31.43%
epoch 12, loss: 1.16, train 31.14%
epoch 12, loss: 1.26, train 31.52%
epoch 12, loss: 1.12, train 31.46%
epoch 12, loss: 1.15, train 31.20%
epoch 12, loss: 1.17, train 30.96%
epoch 12, loss: 1.20, train 30.74%
epoch 12, loss: 1.52, train 30.89%
epoch 12, loss: 1.15, train 30.86%
epoch 12, loss: 1.13, train 30.83%
epoch 12, loss: 1.09, train 31.13%
epoch 12, loss: 1.41, train 30.94%
epoch 12, loss: 1.99, train 30.76%
epoch 12, loss: 1.32, train 30.74%
epoch 12, loss: 1.13, train 31.00%
epoch 12, loss: 1.04, train 31.39%
epoch 12, loss: 1.13, train 31.76%
epoch 12, loss: 1.20, train 31.58%
epoch 12, loss: 1.16, train 31.54%
epoch 12, loss: 2.07, train 31.75%
epoch 12, loss: 1.08, train 31.95%
epoch 12, loss: 1.21, train 31.67%
epoch 12, loss: 1.21, train 31.40%
epoch 12, loss: 1.16, train 31.48%
epoch 12, loss: 1.19, train 31.33%
Epoch completed!
epoch 12, total signals 900, average_loss_per_batch: 1.240494, train 31.33%
Validating
Val set size: 120, validation accuracy 33.33%
epoch 13, loss: 1.17, train 20.00%
epoch 13, loss: 1.20, train 20.00%
epoch 13, loss: 1.18, train 25.00%
epoch 13, loss: 1.18, train 28.75%
epoch 13, loss: 1.22, train 28.00%
epoch 13, loss: 1.15, train 27.50%
epoch 13, loss: 1.15, train 27.14%
epoch 13, loss: 1.08, train 28.12%
epoch 13, loss: 1.74, train 28.33%
epoch 13, loss: 1.56, train 30.00%
epoch 13, loss: 1.19, train 30.00%
epoch 13, loss: 1.11, train 30.42%
epoch 13, loss: 1.05, train 30.77%
epoch 13, loss: 1.13, train 31.07%
epoch 13, loss: 1.13, train 31.00%
epoch 13, loss: 1.15, train 30.94%
epoch 13, loss: 1.18, train 30.59%
epoch 13, loss: 1.52, train 31.39%
epoch 13, loss: 1.86, train 31.32%
epoch 13, loss: 1.63, train 30.75%
epoch 13, loss: 1.11, train 30.48%
epoch 13, loss: 1.37, train 30.23%
epoch 13, loss: 1.03, train 31.30%
epoch 13, loss: 1.15, train 32.08%
epoch 13, loss: 1.16, train 31.80%
epoch 13, loss: 1.16, train 31.92%
epoch 13, loss: 1.11, train 32.41%
epoch 13, loss: 1.05, train 32.68%
epoch 13, loss: 1.32, train 32.07%
epoch 13, loss: 1.21, train 31.83%
epoch 13, loss: 1.08, train 31.77%
epoch 13, loss: 1.14, train 31.87%
epoch 13, loss: 1.09, train 32.42%
epoch 13, loss: 1.13, train 32.35%
epoch 13, loss: 1.38, train 32.14%
epoch 13, loss: 1.20, train 32.22%
epoch 13, loss: 2.02, train 32.30%
epoch 13, loss: 1.14, train 32.37%
epoch 13, loss: 1.23, train 32.05%
epoch 13, loss: 1.15, train 32.12%
epoch 13, loss: 1.06, train 32.44%
epoch 13, loss: 1.37, train 31.79%
epoch 13, loss: 1.10, train 31.98%
epoch 13, loss: 1.12, train 32.16%
epoch 13, loss: 1.16, train 31.89%
Epoch completed!
epoch 13, total signals 900, average_loss_per_batch: 1.235852, train 31.89%
Validating
Val set size: 120, validation accuracy 33.33%
epoch 14, loss: 1.24, train 40.00%
epoch 14, loss: 1.67, train 32.50%
epoch 14, loss: 1.08, train 38.33%
epoch 14, loss: 1.13, train 37.50%
epoch 14, loss: 1.20, train 39.00%
epoch 14, loss: 1.15, train 39.17%
epoch 14, loss: 1.19, train 36.43%
epoch 14, loss: 1.00, train 38.75%
epoch 14, loss: 1.15, train 38.89%
epoch 14, loss: 0.99, train 40.00%
epoch 14, loss: 1.51, train 38.64%
epoch 14, loss: 1.22, train 37.92%
epoch 14, loss: 1.11, train 36.92%
epoch 14, loss: 1.20, train 35.71%
epoch 14, loss: 2.17, train 35.00%
epoch 14, loss: 1.08, train 35.62%
epoch 14, loss: 1.13, train 35.88%
epoch 14, loss: 1.86, train 36.11%
epoch 14, loss: 1.15, train 35.53%
epoch 14, loss: 1.16, train 36.00%
epoch 14, loss: 1.10, train 35.71%
epoch 14, loss: 1.25, train 35.23%
epoch 14, loss: 3.63, train 35.43%
epoch 14, loss: 1.26, train 34.38%
epoch 14, loss: 1.69, train 34.60%
epoch 14, loss: 1.09, train 34.62%
epoch 14, loss: 1.10, train 34.44%
epoch 14, loss: 1.07, train 34.82%
epoch 14, loss: 1.11, train 34.31%
epoch 14, loss: 1.20, train 33.83%
epoch 14, loss: 1.14, train 33.87%
epoch 14, loss: 1.10, train 33.91%
epoch 14, loss: 1.15, train 33.64%
epoch 14, loss: 1.25, train 33.38%
epoch 14, loss: 1.12, train 33.29%
epoch 14, loss: 1.07, train 33.75%
epoch 14, loss: 1.12, train 33.38%
epoch 14, loss: 1.09, train 33.68%
epoch 14, loss: 2.07, train 33.97%
epoch 14, loss: 1.08, train 34.00%
epoch 14, loss: 1.05, train 34.02%
epoch 14, loss: 1.19, train 33.81%
epoch 14, loss: 1.17, train 33.72%
epoch 14, loss: 1.04, train 34.20%
epoch 14, loss: 1.16, train 34.00%
Epoch completed!
epoch 14, total signals 900, average_loss_per_batch: 1.281770, train 34.00%
Validating
Val set size: 120, validation accuracy 33.33%
epoch 15, loss: 1.11, train 30.00%
epoch 15, loss: 1.11, train 37.50%
epoch 15, loss: 1.19, train 31.67%
epoch 15, loss: 1.17, train 31.25%
epoch 15, loss: 1.23, train 32.00%
epoch 15, loss: 1.14, train 33.33%
epoch 15, loss: 1.14, train 31.43%
epoch 15, loss: 1.14, train 32.50%
epoch 15, loss: 1.22, train 31.67%
epoch 15, loss: 1.31, train 31.00%
epoch 15, loss: 1.20, train 31.36%
epoch 15, loss: 1.15, train 31.67%
epoch 15, loss: 1.10, train 31.92%
epoch 15, loss: 1.28, train 31.43%
epoch 15, loss: 1.49, train 30.33%
epoch 15, loss: 0.99, train 31.56%
epoch 15, loss: 1.29, train 32.06%
epoch 15, loss: 1.41, train 32.22%
epoch 15, loss: 1.12, train 32.11%
epoch 15, loss: 1.11, train 32.00%
epoch 15, loss: 1.18, train 31.67%
epoch 15, loss: 1.13, train 31.82%
epoch 15, loss: 1.11, train 31.96%
epoch 15, loss: 0.98, train 32.50%
epoch 15, loss: 1.02, train 33.00%
epoch 15, loss: 1.23, train 32.50%
epoch 15, loss: 1.10, train 32.78%
epoch 15, loss: 1.03, train 33.39%
epoch 15, loss: 1.77, train 33.10%
epoch 15, loss: 1.10, train 33.67%
epoch 15, loss: 1.19, train 33.71%
epoch 15, loss: 1.19, train 33.91%
epoch 15, loss: 1.22, train 33.64%
epoch 15, loss: 1.13, train 33.68%
epoch 15, loss: 1.05, train 34.14%
epoch 15, loss: 1.30, train 34.17%
epoch 15, loss: 1.67, train 34.05%
epoch 15, loss: 2.50, train 33.55%
epoch 15, loss: 1.13, train 33.59%
epoch 15, loss: 1.23, train 33.50%
epoch 15, loss: 1.12, train 33.66%
epoch 15, loss: 1.09, train 33.93%
epoch 15, loss: 1.15, train 33.60%
epoch 15, loss: 1.20, train 33.52%
epoch 15, loss: 1.18, train 33.33%
Epoch completed!
epoch 15, total signals 900, average_loss_per_batch: 1.220952, train 33.33%
Validating
Val set size: 120, validation accuracy 33.33%
epoch 16, loss: 1.16, train 20.00%
epoch 16, loss: 1.00, train 37.50%
epoch 16, loss: 1.10, train 33.33%
epoch 16, loss: 1.03, train 36.25%
epoch 16, loss: 1.02, train 40.00%
epoch 16, loss: 1.40, train 38.33%
epoch 16, loss: 1.07, train 38.57%
epoch 16, loss: 1.21, train 38.12%
epoch 16, loss: 1.14, train 37.22%
epoch 16, loss: 1.13, train 37.50%
epoch 16, loss: 1.13, train 37.27%
epoch 16, loss: 1.15, train 37.08%
epoch 16, loss: 1.14, train 36.15%
epoch 16, loss: 1.14, train 36.43%
epoch 16, loss: 1.23, train 35.33%
epoch 16, loss: 1.14, train 35.31%
epoch 16, loss: 1.16, train 35.88%
epoch 16, loss: 1.19, train 35.00%
epoch 16, loss: 1.21, train 35.00%
epoch 16, loss: 2.04, train 34.50%
epoch 16, loss: 1.20, train 34.05%
epoch 16, loss: 1.81, train 33.86%
epoch 16, loss: 1.14, train 33.04%
epoch 16, loss: 1.23, train 32.50%
epoch 16, loss: 1.10, train 32.80%
epoch 16, loss: 1.00, train 33.85%
epoch 16, loss: 1.15, train 33.89%
epoch 16, loss: 1.21, train 33.75%
epoch 16, loss: 1.74, train 33.45%
epoch 16, loss: 1.16, train 33.33%
epoch 16, loss: 1.06, train 33.87%
epoch 16, loss: 1.11, train 33.28%
epoch 16, loss: 1.10, train 33.18%
epoch 16, loss: 1.17, train 32.94%
epoch 16, loss: 1.15, train 33.14%
epoch 16, loss: 1.04, train 33.89%
epoch 16, loss: 1.24, train 33.92%
epoch 16, loss: 0.98, train 34.34%
epoch 16, loss: 1.34, train 34.10%
epoch 16, loss: 1.07, train 34.50%
epoch 16, loss: 1.03, train 34.51%
epoch 16, loss: 1.09, train 34.52%
epoch 16, loss: 1.10, train 34.65%
epoch 16, loss: 1.08, train 35.00%
epoch 16, loss: 1.01, train 35.33%
Epoch completed!
epoch 16, total signals 900, average_loss_per_batch: 1.179499, train 35.33%
Validating
Val set size: 120, validation accuracy 33.33%
epoch 17, loss: 1.05, train 40.00%
epoch 17, loss: 1.27, train 40.00%
epoch 17, loss: 1.15, train 35.00%
epoch 17, loss: 1.11, train 35.00%
epoch 17, loss: 1.10, train 37.00%
epoch 17, loss: 1.13, train 35.83%
epoch 17, loss: 1.10, train 35.71%
epoch 17, loss: 1.10, train 36.25%
epoch 17, loss: 1.12, train 36.67%
epoch 17, loss: 1.13, train 36.50%
epoch 17, loss: 1.17, train 34.09%
epoch 17, loss: 1.10, train 33.75%
epoch 17, loss: 1.20, train 33.08%
epoch 17, loss: 1.18, train 32.14%
epoch 17, loss: 1.28, train 31.67%
epoch 17, loss: 1.26, train 31.87%
epoch 17, loss: 1.22, train 30.88%
epoch 17, loss: 2.62, train 31.11%
epoch 17, loss: 1.09, train 31.58%
epoch 17, loss: 1.18, train 31.00%
epoch 17, loss: 1.30, train 30.95%
epoch 17, loss: 1.23, train 31.14%
epoch 17, loss: 1.10, train 31.52%
epoch 17, loss: 2.09, train 31.25%
epoch 17, loss: 1.17, train 30.80%
epoch 17, loss: 1.18, train 31.35%
epoch 17, loss: 1.43, train 30.93%
epoch 17, loss: 1.25, train 30.71%
epoch 17, loss: 1.37, train 30.52%
epoch 17, loss: 1.18, train 30.33%
epoch 17, loss: 1.09, train 30.48%
epoch 17, loss: 1.09, train 30.78%
epoch 17, loss: 1.13, train 30.91%
epoch 17, loss: 1.10, train 31.18%
epoch 17, loss: 1.03, train 31.71%
epoch 17, loss: 1.25, train 31.67%
epoch 17, loss: 1.07, train 32.43%
epoch 17, loss: 1.11, train 32.63%
epoch 17, loss: 1.17, train 32.44%
epoch 17, loss: 1.19, train 32.12%
epoch 17, loss: 1.15, train 32.07%
epoch 17, loss: 1.12, train 31.55%
epoch 17, loss: 1.12, train 31.63%
epoch 17, loss: 1.09, train 32.05%
epoch 17, loss: 1.06, train 32.11%
Epoch completed!
epoch 17, total signals 900, average_loss_per_batch: 1.214293, train 32.11%
Validating
Val set size: 120, validation accuracy 33.33%
epoch 18, loss: 1.18, train 35.00%
epoch 18, loss: 1.66, train 32.50%
epoch 18, loss: 1.03, train 41.67%
epoch 18, loss: 1.32, train 37.50%
epoch 18, loss: 1.05, train 37.00%
epoch 18, loss: 1.15, train 36.67%
epoch 18, loss: 1.12, train 37.14%
epoch 18, loss: 1.16, train 36.25%
epoch 18, loss: 1.64, train 35.00%
epoch 18, loss: 1.21, train 35.00%
epoch 18, loss: 1.19, train 35.00%
epoch 18, loss: 1.17, train 34.58%
epoch 18, loss: 1.07, train 34.62%
epoch 18, loss: 1.16, train 33.21%
epoch 18, loss: 1.14, train 33.67%
epoch 18, loss: 1.06, train 34.06%
epoch 18, loss: 1.16, train 33.53%
epoch 18, loss: 1.12, train 33.61%
epoch 18, loss: 1.08, train 33.42%
epoch 18, loss: 1.08, train 34.00%
epoch 18, loss: 1.16, train 34.29%
epoch 18, loss: 1.10, train 34.09%
epoch 18, loss: 1.01, train 35.22%
epoch 18, loss: 1.14, train 35.00%
epoch 18, loss: 1.24, train 34.80%
epoch 18, loss: 1.21, train 34.81%
epoch 18, loss: 1.87, train 35.00%
epoch 18, loss: 1.09, train 35.18%
epoch 18, loss: 1.08, train 34.83%
epoch 18, loss: 1.09, train 35.33%
epoch 18, loss: 1.15, train 34.84%
epoch 18, loss: 1.19, train 34.53%
epoch 18, loss: 1.12, train 34.09%
epoch 18, loss: 1.17, train 34.12%
epoch 18, loss: 1.71, train 34.00%
epoch 18, loss: 1.21, train 33.89%
epoch 18, loss: 1.24, train 33.78%
epoch 18, loss: 1.08, train 33.95%
epoch 18, loss: 1.25, train 33.59%
epoch 18, loss: 1.14, train 33.75%
epoch 18, loss: 1.09, train 33.90%
epoch 18, loss: 1.02, train 34.17%
epoch 18, loss: 1.20, train 34.19%
epoch 18, loss: 0.93, train 34.77%
epoch 18, loss: 2.94, train 34.89%
Epoch completed!
epoch 18, total signals 900, average_loss_per_batch: 1.226152, train 34.89%
Validating
Val set size: 120, validation accuracy 33.33%
epoch 19, loss: 1.02, train 50.00%
epoch 19, loss: 1.16, train 40.00%
epoch 19, loss: 1.04, train 38.33%
epoch 19, loss: 1.11, train 35.00%
epoch 19, loss: 1.51, train 35.00%
epoch 19, loss: 1.14, train 35.00%
epoch 19, loss: 1.13, train 36.43%
epoch 19, loss: 1.12, train 38.12%
epoch 19, loss: 1.15, train 37.22%
epoch 19, loss: 1.09, train 37.50%
epoch 19, loss: 1.11, train 36.82%
epoch 19, loss: 1.17, train 35.42%
epoch 19, loss: 1.41, train 35.77%
epoch 19, loss: 1.13, train 35.00%
epoch 19, loss: 1.12, train 34.67%
epoch 19, loss: 1.19, train 33.75%
epoch 19, loss: 1.09, train 33.82%
epoch 19, loss: 1.04, train 35.00%
epoch 19, loss: 1.14, train 34.47%
epoch 19, loss: 1.18, train 33.75%
epoch 19, loss: 1.24, train 32.62%
epoch 19, loss: 1.13, train 32.50%
epoch 19, loss: 1.08, train 33.26%
epoch 19, loss: 1.10, train 33.33%
epoch 19, loss: 1.13, train 33.20%
epoch 19, loss: 1.14, train 33.08%
epoch 19, loss: 1.11, train 33.15%
epoch 19, loss: 1.06, train 33.75%
epoch 19, loss: 1.89, train 33.97%
epoch 19, loss: 1.12, train 33.17%
epoch 19, loss: 1.10, train 33.23%
epoch 19, loss: 1.14, train 33.12%
epoch 19, loss: 1.09, train 33.33%
epoch 19, loss: 1.17, train 33.38%
epoch 19, loss: 1.13, train 33.71%
epoch 19, loss: 1.06, train 33.61%
epoch 19, loss: 1.29, train 33.24%
epoch 19, loss: 1.13, train 33.16%
epoch 19, loss: 1.20, train 33.21%
epoch 19, loss: 1.15, train 33.00%
epoch 19, loss: 1.05, train 33.54%
epoch 19, loss: 1.15, train 33.21%
epoch 19, loss: 1.10, train 33.72%
epoch 19, loss: 1.19, train 33.86%
epoch 19, loss: 1.06, train 34.33%
Epoch completed!
epoch 19, total signals 900, average_loss_per_batch: 1.157523, train 34.33%
Validating
Val set size: 120, validation accuracy 33.33%
epoch 20, loss: 1.19, train 30.00%
epoch 20, loss: 1.22, train 25.00%
epoch 20, loss: 1.18, train 25.00%
epoch 20, loss: 1.07, train 32.50%
epoch 20, loss: 1.08, train 33.00%
epoch 20, loss: 1.43, train 31.67%
epoch 20, loss: 1.51, train 30.71%
epoch 20, loss: 1.15, train 29.38%
epoch 20, loss: 1.09, train 30.00%
epoch 20, loss: 1.10, train 32.00%
epoch 20, loss: 1.13, train 31.82%
epoch 20, loss: 0.95, train 34.17%
epoch 20, loss: 1.25, train 32.31%
epoch 20, loss: 2.68, train 31.07%
epoch 20, loss: 1.13, train 31.00%
epoch 20, loss: 1.21, train 30.94%
epoch 20, loss: 1.61, train 30.00%
epoch 20, loss: 1.12, train 30.28%
epoch 20, loss: 1.05, train 31.05%
epoch 20, loss: 1.12, train 30.75%
epoch 20, loss: 1.08, train 31.43%
epoch 20, loss: 1.11, train 31.36%
epoch 20, loss: 1.15, train 30.87%
epoch 20, loss: 1.05, train 31.87%
epoch 20, loss: 1.06, train 32.40%
epoch 20, loss: 1.16, train 32.50%
epoch 20, loss: 1.73, train 32.04%
epoch 20, loss: 1.11, train 32.32%
epoch 20, loss: 1.18, train 32.41%
epoch 20, loss: 1.07, train 32.50%
epoch 20, loss: 1.16, train 32.74%
epoch 20, loss: 1.08, train 33.44%
epoch 20, loss: 1.04, train 33.79%
epoch 20, loss: 1.09, train 33.97%
epoch 20, loss: 1.44, train 33.57%
epoch 20, loss: 1.20, train 33.47%
epoch 20, loss: 1.12, train 33.24%
epoch 20, loss: 1.14, train 33.42%
epoch 20, loss: 1.11, train 33.59%
epoch 20, loss: 1.10, train 33.50%
epoch 20, loss: 1.36, train 33.05%
epoch 20, loss: 1.00, train 33.93%
epoch 20, loss: 1.11, train 33.95%
epoch 20, loss: 1.26, train 33.86%
epoch 20, loss: 2.98, train 34.00%
Epoch completed!
epoch 20, total signals 900, average_loss_per_batch: 1.248367, train 34.00%
Validating
Val set size: 120, validation accuracy 33.33%
epoch 21, loss: 1.05, train 50.00%
epoch 21, loss: 1.13, train 40.00%
epoch 21, loss: 1.25, train 36.67%
epoch 21, loss: 1.20, train 32.50%
epoch 21, loss: 1.18, train 37.00%
epoch 21, loss: 1.18, train 36.67%
epoch 21, loss: 1.05, train 37.86%
epoch 21, loss: 1.25, train 35.62%
epoch 21, loss: 1.19, train 33.89%
epoch 21, loss: 1.14, train 33.50%
epoch 21, loss: 1.13, train 34.55%
epoch 21, loss: 1.39, train 33.33%
epoch 21, loss: 1.11, train 33.08%
epoch 21, loss: 1.11, train 32.86%
epoch 21, loss: 1.09, train 32.67%
epoch 21, loss: 1.32, train 31.87%
epoch 21, loss: 1.15, train 31.47%
epoch 21, loss: 1.17, train 31.11%
epoch 21, loss: 1.05, train 31.84%
epoch 21, loss: 1.39, train 32.25%
epoch 21, loss: 1.34, train 31.90%
epoch 21, loss: 1.35, train 31.82%
epoch 21, loss: 1.31, train 31.52%
epoch 21, loss: 1.18, train 31.46%
epoch 21, loss: 1.13, train 31.40%
epoch 21, loss: 1.14, train 31.35%
epoch 21, loss: 1.32, train 31.30%
epoch 21, loss: 1.10, train 31.25%
epoch 21, loss: 1.20, train 30.69%
epoch 21, loss: 1.61, train 30.50%
epoch 21, loss: 1.19, train 30.65%
epoch 21, loss: 1.18, train 30.31%
epoch 21, loss: 1.17, train 30.45%
epoch 21, loss: 1.14, train 30.44%
epoch 21, loss: 1.10, train 30.57%
epoch 21, loss: 1.13, train 30.69%
epoch 21, loss: 1.17, train 30.68%
epoch 21, loss: 1.24, train 30.92%
epoch 21, loss: 1.23, train 30.64%
epoch 21, loss: 1.11, train 30.50%
epoch 21, loss: 1.08, train 30.85%
epoch 21, loss: 1.16, train 30.48%
epoch 21, loss: 1.63, train 30.58%
epoch 21, loss: 1.23, train 30.45%
epoch 21, loss: 1.11, train 30.22%
Epoch completed!
epoch 21, total signals 900, average_loss_per_batch: 1.201529, train 30.22%
Validating
Val set size: 120, validation accuracy 33.33%
epoch 22, loss: 1.11, train 35.00%
epoch 22, loss: 1.10, train 40.00%
epoch 22, loss: 1.28, train 33.33%
epoch 22, loss: 1.04, train 37.50%
epoch 22, loss: 3.01, train 36.00%
epoch 22, loss: 1.43, train 34.17%
epoch 22, loss: 1.22, train 33.57%
epoch 22, loss: 1.10, train 35.62%
epoch 22, loss: 1.11, train 35.56%
epoch 22, loss: 1.12, train 35.50%
epoch 22, loss: 1.16, train 35.45%
epoch 22, loss: 1.13, train 34.58%
epoch 22, loss: 1.19, train 33.85%
epoch 22, loss: 1.08, train 34.64%
epoch 22, loss: 1.24, train 34.67%
epoch 22, loss: 1.07, train 35.62%
epoch 22, loss: 1.05, train 35.88%
epoch 22, loss: 1.08, train 36.39%
epoch 22, loss: 1.13, train 36.58%
epoch 22, loss: 1.07, train 36.75%
epoch 22, loss: 1.97, train 37.14%
epoch 22, loss: 1.11, train 36.82%
epoch 22, loss: 1.20, train 36.74%
epoch 22, loss: 1.11, train 36.88%
epoch 22, loss: 1.14, train 36.60%
epoch 22, loss: 1.15, train 36.92%
epoch 22, loss: 1.08, train 37.04%
epoch 22, loss: 1.38, train 36.79%
epoch 22, loss: 1.32, train 36.21%
epoch 22, loss: 1.15, train 36.17%
epoch 22, loss: 1.16, train 35.81%
epoch 22, loss: 1.05, train 36.25%
epoch 22, loss: 1.60, train 36.06%
epoch 22, loss: 1.10, train 35.59%
epoch 22, loss: 1.11, train 35.29%
epoch 22, loss: 0.84, train 35.83%
epoch 22, loss: 1.11, train 35.81%
epoch 22, loss: 1.14, train 35.79%
epoch 22, loss: 2.96, train 35.38%
epoch 22, loss: 1.14, train 35.38%
epoch 22, loss: 1.11, train 35.00%
epoch 22, loss: 1.14, train 34.88%
epoch 22, loss: 1.43, train 35.12%
epoch 22, loss: 1.07, train 35.34%
epoch 22, loss: 1.09, train 35.33%
Epoch completed!
epoch 22, total signals 900, average_loss_per_batch: 1.252993, train 35.33%
Validating
Val set size: 120, validation accuracy 33.33%
epoch 23, loss: 1.12, train 20.00%
epoch 23, loss: 1.89, train 22.50%
epoch 23, loss: 1.12, train 28.33%
epoch 23, loss: 1.16, train 25.00%
epoch 23, loss: 1.06, train 29.00%
epoch 23, loss: 1.26, train 26.67%
epoch 23, loss: 1.10, train 26.43%
epoch 23, loss: 1.13, train 26.88%
epoch 23, loss: 1.02, train 28.89%
epoch 23, loss: 1.28, train 28.50%
epoch 23, loss: 1.18, train 28.64%
epoch 23, loss: 1.21, train 27.50%
epoch 23, loss: 1.18, train 27.31%
epoch 23, loss: 1.32, train 27.50%
epoch 23, loss: 1.06, train 28.67%
epoch 23, loss: 1.09, train 30.31%
epoch 23, loss: 1.48, train 30.29%
epoch 23, loss: 1.11, train 31.11%
epoch 23, loss: 1.04, train 31.84%
epoch 23, loss: 1.05, train 32.25%
epoch 23, loss: 1.14, train 31.43%
epoch 23, loss: 1.22, train 31.14%
epoch 23, loss: 1.18, train 30.22%
epoch 23, loss: 1.13, train 30.83%
epoch 23, loss: 1.07, train 31.00%
epoch 23, loss: 2.03, train 31.73%
epoch 23, loss: 1.21, train 31.30%
epoch 23, loss: 1.17, train 31.07%
epoch 23, loss: 1.26, train 30.52%
epoch 23, loss: 1.17, train 30.17%
epoch 23, loss: 1.13, train 30.00%
epoch 23, loss: 1.15, train 30.00%
epoch 23, loss: 1.10, train 30.15%
epoch 23, loss: 1.15, train 30.15%
epoch 23, loss: 1.15, train 30.29%
epoch 23, loss: 1.13, train 30.42%
epoch 23, loss: 1.22, train 30.14%
epoch 23, loss: 1.18, train 30.00%
epoch 23, loss: 1.77, train 30.51%
epoch 23, loss: 1.34, train 30.00%
epoch 23, loss: 1.26, train 29.88%
epoch 23, loss: 1.20, train 29.64%
epoch 23, loss: 1.16, train 30.00%
epoch 23, loss: 1.13, train 30.11%
epoch 23, loss: 1.11, train 30.67%
Epoch completed!
epoch 23, total signals 900, average_loss_per_batch: 1.214036, train 30.67%
Validating
Val set size: 120, validation accuracy 33.33%
epoch 24, loss: 1.20, train 20.00%
epoch 24, loss: 0.97, train 37.50%
epoch 24, loss: 2.07, train 35.00%
epoch 24, loss: 1.30, train 37.50%
epoch 24, loss: 1.15, train 35.00%
epoch 24, loss: 1.11, train 35.00%
epoch 24, loss: 1.12, train 35.00%
epoch 24, loss: 1.16, train 32.50%
epoch 24, loss: 1.14, train 31.67%
epoch 24, loss: 1.05, train 33.00%
epoch 24, loss: 1.17, train 31.36%
epoch 24, loss: 1.19, train 30.83%
epoch 24, loss: 1.10, train 31.54%
epoch 24, loss: 1.12, train 32.14%
epoch 24, loss: 1.13, train 32.67%
epoch 24, loss: 1.11, train 33.44%
epoch 24, loss: 1.12, train 33.53%
epoch 24, loss: 1.11, train 33.61%
epoch 24, loss: 1.31, train 34.21%
epoch 24, loss: 1.13, train 34.50%
epoch 24, loss: 1.18, train 34.05%
epoch 24, loss: 1.16, train 33.18%
epoch 24, loss: 1.17, train 33.48%
epoch 24, loss: 1.12, train 33.54%
epoch 24, loss: 1.20, train 32.80%
epoch 24, loss: 1.10, train 33.08%
epoch 24, loss: 1.05, train 33.89%
epoch 24, loss: 1.14, train 33.39%
epoch 24, loss: 1.13, train 32.76%
epoch 24, loss: 1.01, train 33.17%
epoch 24, loss: 1.22, train 32.58%
epoch 24, loss: 1.27, train 32.03%
epoch 24, loss: 1.29, train 32.12%
epoch 24, loss: 1.14, train 32.35%
epoch 24, loss: 1.16, train 31.86%
epoch 24, loss: 1.10, train 32.08%
epoch 24, loss: 1.06, train 32.70%
epoch 24, loss: 1.12, train 32.89%
epoch 24, loss: 1.13, train 32.82%
epoch 24, loss: 1.12, train 32.88%
epoch 24, loss: 1.17, train 32.56%
epoch 24, loss: 1.15, train 32.38%
epoch 24, loss: 1.21, train 32.33%
epoch 24, loss: 1.18, train 32.05%
epoch 24, loss: 1.36, train 32.22%
Epoch completed!
epoch 24, total signals 900, average_loss_per_batch: 1.170873, train 32.22%
Validating
Val set size: 120, validation accuracy 33.33%
epoch 25, loss: 1.14, train 25.00%
epoch 25, loss: 1.59, train 27.50%
epoch 25, loss: 1.27, train 33.33%
epoch 25, loss: 0.99, train 38.75%
epoch 25, loss: 1.14, train 38.00%
epoch 25, loss: 1.19, train 36.67%
epoch 25, loss: 1.17, train 37.14%
epoch 25, loss: 1.09, train 35.62%
epoch 25, loss: 1.04, train 37.22%
epoch 25, loss: 1.14, train 36.50%
epoch 25, loss: 1.16, train 36.36%
epoch 25, loss: 1.16, train 35.42%
epoch 25, loss: 1.72, train 35.00%
epoch 25, loss: 1.11, train 34.64%
epoch 25, loss: 1.14, train 34.67%
epoch 25, loss: 1.14, train 35.00%
epoch 25, loss: 1.11, train 34.71%
epoch 25, loss: 1.09, train 35.00%
epoch 25, loss: 1.15, train 34.47%
epoch 25, loss: 1.08, train 34.25%
epoch 25, loss: 1.08, train 35.24%
epoch 25, loss: 1.06, train 35.91%
epoch 25, loss: 1.24, train 35.43%
epoch 25, loss: 1.28, train 35.83%
epoch 25, loss: 1.15, train 35.40%
epoch 25, loss: 1.16, train 35.19%
epoch 25, loss: 1.08, train 35.00%
epoch 25, loss: 1.10, train 35.00%
epoch 25, loss: 1.13, train 34.31%
epoch 25, loss: 1.10, train 34.33%
epoch 25, loss: 1.14, train 34.19%
epoch 25, loss: 1.11, train 33.75%
epoch 25, loss: 1.18, train 33.33%
epoch 25, loss: 1.20, train 32.94%
epoch 25, loss: 1.11, train 32.86%
epoch 25, loss: 1.10, train 33.06%
epoch 25, loss: 1.13, train 32.70%
epoch 25, loss: 2.59, train 32.63%
epoch 25, loss: 1.12, train 32.69%
epoch 25, loss: 1.37, train 32.62%
epoch 25, loss: 1.18, train 32.20%
epoch 25, loss: 1.02, train 32.38%
epoch 25, loss: 1.14, train 32.33%
epoch 25, loss: 1.08, train 32.39%
epoch 25, loss: 1.19, train 32.33%
Epoch completed!
epoch 25, total signals 900, average_loss_per_batch: 1.192371, train 32.33%
Validating
Val set size: 120, validation accuracy 33.33%
epoch 26, loss: 1.21, train 25.00%
epoch 26, loss: 1.09, train 30.00%
epoch 26, loss: 1.06, train 41.67%
epoch 26, loss: 1.10, train 40.00%
epoch 26, loss: 1.29, train 39.00%
epoch 26, loss: 1.14, train 39.17%
epoch 26, loss: 1.33, train 37.86%
epoch 26, loss: 1.44, train 36.88%
epoch 26, loss: 1.16, train 35.56%
epoch 26, loss: 1.16, train 35.00%
epoch 26, loss: 1.09, train 36.36%
epoch 26, loss: 1.15, train 36.25%
epoch 26, loss: 1.13, train 35.77%
epoch 26, loss: 1.06, train 35.71%
epoch 26, loss: 1.12, train 36.33%
epoch 26, loss: 1.11, train 35.94%
epoch 26, loss: 1.10, train 36.18%
epoch 26, loss: 1.07, train 36.39%
epoch 26, loss: 1.14, train 36.32%
epoch 26, loss: 1.11, train 36.00%
epoch 26, loss: 1.13, train 35.71%
epoch 26, loss: 1.16, train 35.23%
epoch 26, loss: 1.04, train 35.87%
epoch 26, loss: 1.12, train 35.21%
epoch 26, loss: 1.16, train 34.40%
epoch 26, loss: 1.24, train 34.23%
epoch 26, loss: 1.07, train 34.63%
epoch 26, loss: 1.14, train 34.46%
epoch 26, loss: 1.16, train 34.31%
epoch 26, loss: 1.08, train 34.67%
epoch 26, loss: 1.09, train 35.16%
epoch 26, loss: 1.18, train 35.00%
epoch 26, loss: 1.07, train 35.15%
epoch 26, loss: 1.20, train 35.15%
epoch 26, loss: 1.13, train 35.14%
epoch 26, loss: 1.08, train 35.28%
epoch 26, loss: 1.18, train 35.14%
epoch 26, loss: 1.12, train 35.00%
epoch 26, loss: 1.08, train 35.13%
epoch 26, loss: 1.43, train 35.00%
epoch 26, loss: 1.11, train 35.24%
epoch 26, loss: 1.16, train 35.48%
epoch 26, loss: 1.11, train 35.47%
epoch 26, loss: 1.21, train 35.23%
epoch 26, loss: 1.07, train 35.44%
Epoch completed!
epoch 26, total signals 900, average_loss_per_batch: 1.145908, train 35.44%
Validating
Val set size: 120, validation accuracy 33.33%
epoch 27, loss: 1.25, train 25.00%
epoch 27, loss: 1.36, train 25.00%
epoch 27, loss: 1.09, train 30.00%
epoch 27, loss: 1.15, train 31.25%
epoch 27, loss: 1.12, train 33.00%
epoch 27, loss: 1.40, train 30.83%
epoch 27, loss: 1.05, train 33.57%
epoch 27, loss: 1.20, train 34.38%
epoch 27, loss: 1.16, train 33.33%
epoch 27, loss: 1.07, train 34.00%
epoch 27, loss: 1.07, train 35.00%
epoch 27, loss: 1.09, train 35.42%
epoch 27, loss: 1.77, train 35.38%
epoch 27, loss: 1.04, train 36.07%
epoch 27, loss: 1.11, train 35.67%
epoch 27, loss: 1.16, train 34.38%
epoch 27, loss: 1.07, train 34.41%
epoch 27, loss: 1.06, train 34.44%
epoch 27, loss: 1.11, train 34.47%
epoch 27, loss: 1.07, train 35.00%
epoch 27, loss: 1.12, train 35.24%
epoch 27, loss: 1.12, train 35.00%
epoch 27, loss: 1.19, train 34.35%
epoch 27, loss: 1.09, train 34.58%
epoch 27, loss: 1.07, train 35.00%
epoch 27, loss: 1.11, train 34.81%
epoch 27, loss: 1.08, train 35.00%
epoch 27, loss: 1.20, train 34.64%
epoch 27, loss: 1.22, train 34.48%
epoch 27, loss: 1.13, train 33.83%
epoch 27, loss: 1.04, train 34.19%
epoch 27, loss: 1.11, train 34.38%
epoch 27, loss: 1.02, train 34.85%
epoch 27, loss: 1.50, train 34.41%
epoch 27, loss: 1.11, train 34.43%
epoch 27, loss: 1.10, train 34.58%
epoch 27, loss: 1.22, train 34.46%
epoch 27, loss: 1.10, train 34.34%
epoch 27, loss: 1.02, train 34.74%
epoch 27, loss: 1.09, train 34.75%
epoch 27, loss: 1.11, train 35.00%
epoch 27, loss: 1.16, train 35.00%
epoch 27, loss: 1.08, train 35.12%
epoch 27, loss: 1.14, train 34.66%
epoch 27, loss: 1.08, train 35.00%
Epoch completed!
epoch 27, total signals 900, average_loss_per_batch: 1.147382, train 35.00%
Validating
Val set size: 120, validation accuracy 33.33%
epoch 28, loss: 1.14, train 15.00%
epoch 28, loss: 1.16, train 17.50%
epoch 28, loss: 1.17, train 21.67%
epoch 28, loss: 1.26, train 21.25%
epoch 28, loss: 1.11, train 24.00%
epoch 28, loss: 1.16, train 24.17%
epoch 28, loss: 1.13, train 25.00%
epoch 28, loss: 1.11, train 28.12%
epoch 28, loss: 1.21, train 27.78%
epoch 28, loss: 1.04, train 30.50%
epoch 28, loss: 1.03, train 32.27%
epoch 28, loss: 1.12, train 32.08%
epoch 28, loss: 1.05, train 33.08%
epoch 28, loss: 1.35, train 32.86%
epoch 28, loss: 1.12, train 32.00%
epoch 28, loss: 1.07, train 32.81%
epoch 28, loss: 1.11, train 32.35%
epoch 28, loss: 1.12, train 31.39%
epoch 28, loss: 1.10, train 32.11%
epoch 28, loss: 1.06, train 33.00%
epoch 28, loss: 1.16, train 32.86%
epoch 28, loss: 1.09, train 33.41%
epoch 28, loss: 1.10, train 33.70%
epoch 28, loss: 1.11, train 33.96%
epoch 28, loss: 1.20, train 33.60%
epoch 28, loss: 1.11, train 33.46%
epoch 28, loss: 1.14, train 33.52%
epoch 28, loss: 1.30, train 33.21%
epoch 28, loss: 1.12, train 33.45%
epoch 28, loss: 1.11, train 33.33%
epoch 28, loss: 1.20, train 32.90%
epoch 28, loss: 1.12, train 33.12%
epoch 28, loss: 1.12, train 32.88%
epoch 28, loss: 1.34, train 32.65%
epoch 28, loss: 1.13, train 32.29%
epoch 28, loss: 1.19, train 32.08%
epoch 28, loss: 1.08, train 32.30%
epoch 28, loss: 1.72, train 32.50%
epoch 28, loss: 1.39, train 32.56%
epoch 28, loss: 1.15, train 32.38%
epoch 28, loss: 1.09, train 32.20%
epoch 28, loss: 1.10, train 32.14%
epoch 28, loss: 1.13, train 32.09%
epoch 28, loss: 1.38, train 31.93%
epoch 28, loss: 1.17, train 31.78%
Epoch completed!
epoch 28, total signals 900, average_loss_per_batch: 1.163974, train 31.78%
Validating
Val set size: 120, validation accuracy 33.33%
epoch 29, loss: 1.12, train 20.00%
epoch 29, loss: 1.10, train 32.50%
epoch 29, loss: 1.16, train 31.67%
epoch 29, loss: 1.12, train 31.25%
epoch 29, loss: 1.10, train 35.00%
epoch 29, loss: 1.07, train 32.50%
epoch 29, loss: 1.16, train 30.71%
epoch 29, loss: 1.09, train 31.25%
epoch 29, loss: 1.12, train 32.22%
epoch 29, loss: 1.21, train 32.50%
epoch 29, loss: 1.09, train 33.64%
epoch 29, loss: 1.16, train 32.50%
epoch 29, loss: 1.06, train 33.08%
epoch 29, loss: 1.09, train 33.21%
epoch 29, loss: 1.14, train 32.33%
epoch 29, loss: 1.15, train 31.87%
epoch 29, loss: 1.09, train 32.35%
epoch 29, loss: 1.17, train 31.67%
epoch 29, loss: 1.18, train 31.32%
epoch 29, loss: 1.09, train 31.75%
epoch 29, loss: 1.14, train 31.19%
epoch 29, loss: 1.19, train 31.59%
epoch 29, loss: 1.12, train 31.52%
epoch 29, loss: 1.12, train 31.67%
epoch 29, loss: 1.18, train 30.80%
epoch 29, loss: 1.02, train 32.31%
epoch 29, loss: 1.14, train 32.22%
epoch 29, loss: 1.11, train 32.32%
epoch 29, loss: 1.08, train 32.59%
epoch 29, loss: 1.04, train 32.83%
epoch 29, loss: 1.18, train 32.26%
epoch 29, loss: 1.11, train 32.34%
epoch 29, loss: 1.17, train 31.97%
epoch 29, loss: 1.18, train 31.91%
epoch 29, loss: 0.97, train 32.57%
epoch 29, loss: 1.09, train 32.92%
epoch 29, loss: 1.03, train 33.51%
epoch 29, loss: 1.12, train 33.16%
epoch 29, loss: 1.20, train 32.82%
epoch 29, loss: 1.26, train 32.88%
epoch 29, loss: 1.17, train 32.44%
epoch 29, loss: 1.18, train 32.26%
epoch 29, loss: 1.13, train 32.44%
epoch 29, loss: 1.15, train 32.27%
epoch 29, loss: 1.92, train 32.22%
Epoch completed!
epoch 29, total signals 900, average_loss_per_batch: 1.143998, train 32.22%
Validating
Val set size: 120, validation accuracy 33.33%
epoch 30, loss: 1.16, train 5.00%
epoch 30, loss: 1.09, train 27.50%
epoch 30, loss: 1.07, train 30.00%
epoch 30, loss: 1.13, train 32.50%
epoch 30, loss: 2.43, train 33.00%
epoch 30, loss: 1.09, train 32.50%
epoch 30, loss: 1.26, train 30.71%
epoch 30, loss: 1.06, train 31.25%
epoch 30, loss: 1.04, train 33.33%
epoch 30, loss: 1.12, train 33.00%
epoch 30, loss: 1.09, train 34.09%
epoch 30, loss: 1.12, train 32.92%
epoch 30, loss: 1.12, train 32.31%
epoch 30, loss: 1.15, train 31.79%
epoch 30, loss: 1.09, train 32.67%
epoch 30, loss: 1.17, train 32.19%
epoch 30, loss: 1.26, train 31.47%
epoch 30, loss: 1.07, train 31.94%
epoch 30, loss: 1.12, train 32.11%
epoch 30, loss: 1.08, train 33.00%
epoch 30, loss: 1.12, train 32.86%
epoch 30, loss: 1.16, train 32.95%
epoch 30, loss: 1.12, train 33.04%
epoch 30, loss: 1.11, train 32.92%
epoch 30, loss: 1.06, train 33.80%
epoch 30, loss: 1.14, train 33.27%
epoch 30, loss: 1.19, train 32.96%
epoch 30, loss: 1.06, train 33.57%
epoch 30, loss: 1.06, train 33.62%
epoch 30, loss: 1.11, train 33.50%
epoch 30, loss: 1.05, train 33.87%
epoch 30, loss: 5.32, train 33.91%
epoch 30, loss: 1.27, train 33.33%
epoch 30, loss: 1.09, train 33.82%
epoch 30, loss: 1.19, train 33.43%
epoch 30, loss: 1.29, train 33.19%
epoch 30, loss: 1.07, train 33.38%
epoch 30, loss: 1.15, train 33.03%
epoch 30, loss: 1.16, train 32.69%
epoch 30, loss: 1.13, train 32.62%
epoch 30, loss: 1.07, train 32.80%
epoch 30, loss: 1.02, train 33.45%
epoch 30, loss: 1.15, train 33.37%
epoch 30, loss: 1.04, train 33.75%
epoch 30, loss: 1.19, train 33.44%
Epoch completed!
epoch 30, total signals 900, average_loss_per_batch: 1.245062, train 33.44%
Validating
Val set size: 120, validation accuracy 33.33%
epoch 31, loss: 1.08, train 45.00%
epoch 31, loss: 1.07, train 45.00%
epoch 31, loss: 1.11, train 45.00%
epoch 31, loss: 1.11, train 43.75%
epoch 31, loss: 1.59, train 41.00%
epoch 31, loss: 1.12, train 39.17%
epoch 31, loss: 1.70, train 39.29%
epoch 31, loss: 1.08, train 40.62%
epoch 31, loss: 1.11, train 40.56%
epoch 31, loss: 1.09, train 39.50%
epoch 31, loss: 1.14, train 38.64%
epoch 31, loss: 1.07, train 38.75%
epoch 31, loss: 1.10, train 38.85%
epoch 31, loss: 1.19, train 37.86%
epoch 31, loss: 1.19, train 36.33%
epoch 31, loss: 1.10, train 36.25%
epoch 31, loss: 1.04, train 37.35%
epoch 31, loss: 1.10, train 37.50%
epoch 31, loss: 1.09, train 37.37%
epoch 31, loss: 1.15, train 37.25%
epoch 31, loss: 1.16, train 36.43%
epoch 31, loss: 1.08, train 36.82%
epoch 31, loss: 1.14, train 36.96%
epoch 31, loss: 1.61, train 37.29%
epoch 31, loss: 1.08, train 37.80%
epoch 31, loss: 1.14, train 37.50%
epoch 31, loss: 1.07, train 37.59%
epoch 31, loss: 1.12, train 37.86%
epoch 31, loss: 1.12, train 37.59%
epoch 31, loss: 1.35, train 37.17%
epoch 31, loss: 1.13, train 36.77%
epoch 31, loss: 1.13, train 36.41%
epoch 31, loss: 1.19, train 36.67%
epoch 31, loss: 1.14, train 36.03%
epoch 31, loss: 1.10, train 35.86%
epoch 31, loss: 1.13, train 35.56%
epoch 31, loss: 1.15, train 35.54%
epoch 31, loss: 1.06, train 36.18%
epoch 31, loss: 1.28, train 36.41%
epoch 31, loss: 1.12, train 36.62%
epoch 31, loss: 1.11, train 36.46%
epoch 31, loss: 1.09, train 36.19%
epoch 31, loss: 1.16, train 36.28%
epoch 31, loss: 1.08, train 36.70%
epoch 31, loss: 1.13, train 36.22%
Epoch completed!
epoch 31, total signals 900, average_loss_per_batch: 1.158106, train 36.22%
Validating
Val set size: 120, validation accuracy 33.33%
epoch 32, loss: 1.09, train 30.00%
epoch 32, loss: 1.10, train 35.00%
epoch 32, loss: 1.11, train 31.67%
epoch 32, loss: 1.11, train 28.75%
epoch 32, loss: 1.13, train 30.00%
epoch 32, loss: 1.14, train 30.83%
epoch 32, loss: 1.58, train 28.57%
epoch 32, loss: 1.07, train 31.25%
epoch 32, loss: 1.09, train 31.67%
epoch 32, loss: 1.07, train 32.50%
epoch 32, loss: 1.12, train 32.27%
epoch 32, loss: 1.10, train 32.08%
epoch 32, loss: 1.12, train 32.31%
epoch 32, loss: 1.14, train 32.14%
epoch 32, loss: 1.26, train 31.67%
epoch 32, loss: 1.10, train 31.87%
epoch 32, loss: 1.07, train 32.65%
epoch 32, loss: 1.02, train 33.89%
epoch 32, loss: 1.10, train 33.68%
epoch 32, loss: 1.54, train 33.75%
epoch 32, loss: 1.11, train 33.33%
epoch 32, loss: 1.34, train 32.73%
epoch 32, loss: 1.09, train 32.61%
epoch 32, loss: 1.06, train 33.33%
epoch 32, loss: 1.11, train 33.40%
epoch 32, loss: 1.09, train 33.65%
epoch 32, loss: 1.02, train 34.26%
epoch 32, loss: 1.09, train 34.64%
epoch 32, loss: 1.20, train 33.97%
epoch 32, loss: 1.13, train 33.33%
epoch 32, loss: 1.14, train 33.71%
epoch 32, loss: 1.15, train 33.59%
epoch 32, loss: 1.10, train 33.48%
epoch 32, loss: 1.10, train 33.53%
epoch 32, loss: 1.13, train 33.00%
epoch 32, loss: 1.13, train 32.36%
epoch 32, loss: 1.11, train 32.57%
epoch 32, loss: 1.05, train 32.63%
epoch 32, loss: 1.10, train 32.69%
epoch 32, loss: 1.12, train 32.38%
epoch 32, loss: 1.09, train 32.56%
epoch 32, loss: 1.51, train 32.02%
epoch 32, loss: 1.11, train 32.09%
epoch 32, loss: 1.12, train 32.27%
epoch 32, loss: 1.23, train 32.22%
Epoch completed!
epoch 32, total signals 900, average_loss_per_batch: 1.144055, train 32.22%
Validating
Val set size: 120, validation accuracy 33.33%
epoch 33, loss: 1.14, train 25.00%
epoch 33, loss: 1.05, train 25.00%
epoch 33, loss: 1.09, train 26.67%
epoch 33, loss: 1.11, train 30.00%
epoch 33, loss: 1.05, train 33.00%
epoch 33, loss: 1.08, train 35.83%
epoch 33, loss: 1.26, train 34.29%
epoch 33, loss: 1.13, train 32.50%
epoch 33, loss: 1.34, train 32.78%
epoch 33, loss: 1.18, train 32.00%
epoch 33, loss: 1.17, train 33.18%
epoch 33, loss: 1.14, train 32.08%
epoch 33, loss: 1.14, train 32.31%
epoch 33, loss: 1.14, train 31.43%
epoch 33, loss: 1.09, train 31.67%
epoch 33, loss: 1.12, train 31.25%
epoch 33, loss: 1.14, train 31.18%
epoch 33, loss: 1.08, train 31.39%
epoch 33, loss: 1.07, train 32.37%
epoch 33, loss: 1.81, train 31.50%
epoch 33, loss: 1.15, train 31.43%
epoch 33, loss: 1.14, train 30.23%
epoch 33, loss: 1.51, train 29.57%
epoch 33, loss: 1.27, train 28.96%
epoch 33, loss: 1.10, train 29.00%
epoch 33, loss: 1.21, train 29.04%
epoch 33, loss: 1.09, train 30.00%
epoch 33, loss: 1.14, train 30.36%
epoch 33, loss: 1.16, train 29.83%
epoch 33, loss: 1.05, train 30.33%
epoch 33, loss: 1.20, train 30.48%
epoch 33, loss: 1.08, train 30.94%
epoch 33, loss: 1.11, train 30.91%
epoch 33, loss: 1.09, train 31.03%
epoch 33, loss: 1.11, train 31.14%
epoch 33, loss: 1.09, train 31.25%
epoch 33, loss: 1.28, train 31.08%
epoch 33, loss: 1.05, train 31.58%
epoch 33, loss: 1.09, train 31.79%
epoch 33, loss: 1.17, train 31.75%
epoch 33, loss: 1.11, train 31.59%
epoch 33, loss: 2.50, train 31.19%
epoch 33, loss: 1.14, train 31.16%
epoch 33, loss: 1.61, train 31.02%
epoch 33, loss: 1.07, train 31.44%
Epoch completed!
epoch 33, total signals 900, average_loss_per_batch: 1.196176, train 31.44%
Validating
Val set size: 120, validation accuracy 33.33%
epoch 34, loss: 1.11, train 35.00%
epoch 34, loss: 1.05, train 40.00%
epoch 34, loss: 1.10, train 36.67%
epoch 34, loss: 1.14, train 32.50%
epoch 34, loss: 1.25, train 31.00%
epoch 34, loss: 1.10, train 32.50%
epoch 34, loss: 1.08, train 32.14%
epoch 34, loss: 1.13, train 30.00%
epoch 34, loss: 1.18, train 27.78%
epoch 34, loss: 1.21, train 27.50%
epoch 34, loss: 1.14, train 26.82%
epoch 34, loss: 1.19, train 27.50%
epoch 34, loss: 1.11, train 27.69%
epoch 34, loss: 2.03, train 27.14%
epoch 34, loss: 1.38, train 27.67%
epoch 34, loss: 1.15, train 28.44%
epoch 34, loss: 1.16, train 28.24%
epoch 34, loss: 1.16, train 28.06%
epoch 34, loss: 1.13, train 27.89%
epoch 34, loss: 1.11, train 28.50%
epoch 34, loss: 1.18, train 28.10%
epoch 34, loss: 1.15, train 28.18%
epoch 34, loss: 1.27, train 28.04%
epoch 34, loss: 1.09, train 28.96%
epoch 34, loss: 1.16, train 28.80%
epoch 34, loss: 1.07, train 29.42%
epoch 34, loss: 1.09, train 29.07%
epoch 34, loss: 1.07, train 29.46%
epoch 34, loss: 1.08, train 30.17%
epoch 34, loss: 1.05, train 30.83%
epoch 34, loss: 1.10, train 30.81%
epoch 34, loss: 1.09, train 30.47%
epoch 34, loss: 1.13, train 30.00%
epoch 34, loss: 1.17, train 30.15%
epoch 34, loss: 1.14, train 30.43%
epoch 34, loss: 1.48, train 30.14%
epoch 34, loss: 1.15, train 29.86%
epoch 34, loss: 1.16, train 30.00%
epoch 34, loss: 1.13, train 29.87%
epoch 34, loss: 1.00, train 30.50%
epoch 34, loss: 1.25, train 30.49%
epoch 34, loss: 1.21, train 30.60%
epoch 34, loss: 1.16, train 30.23%
epoch 34, loss: 1.15, train 30.23%
epoch 34, loss: 1.09, train 30.33%
Epoch completed!
epoch 34, total signals 900, average_loss_per_batch: 1.167270, train 30.33%
Validating
Val set size: 120, validation accuracy 33.33%
epoch 35, loss: 1.12, train 35.00%
epoch 35, loss: 1.08, train 45.00%
epoch 35, loss: 1.08, train 45.00%
epoch 35, loss: 1.09, train 40.00%
epoch 35, loss: 1.11, train 36.00%
epoch 35, loss: 2.68, train 32.50%
epoch 35, loss: 1.11, train 32.86%
epoch 35, loss: 1.20, train 32.50%
epoch 35, loss: 1.22, train 32.22%
epoch 35, loss: 1.14, train 32.00%
epoch 35, loss: 1.04, train 33.18%
epoch 35, loss: 1.10, train 33.75%
epoch 35, loss: 1.12, train 33.85%
epoch 35, loss: 1.15, train 33.21%
epoch 35, loss: 1.14, train 32.33%
epoch 35, loss: 1.14, train 32.81%
epoch 35, loss: 1.11, train 32.94%
epoch 35, loss: 1.16, train 32.78%
epoch 35, loss: 1.12, train 32.11%
epoch 35, loss: 1.14, train 31.50%
epoch 35, loss: 1.11, train 31.43%
epoch 35, loss: 1.10, train 31.59%
epoch 35, loss: 1.08, train 32.39%
epoch 35, loss: 1.01, train 33.54%
epoch 35, loss: 1.08, train 34.20%
epoch 35, loss: 1.05, train 34.81%
epoch 35, loss: 1.13, train 34.07%
epoch 35, loss: 1.07, train 34.29%
epoch 35, loss: 1.15, train 34.14%
epoch 35, loss: 1.10, train 34.17%
epoch 35, loss: 1.39, train 33.87%
epoch 35, loss: 1.11, train 33.75%
epoch 35, loss: 1.09, train 33.94%
epoch 35, loss: 1.08, train 33.82%
epoch 35, loss: 1.16, train 33.86%
epoch 35, loss: 1.11, train 33.89%
epoch 35, loss: 1.10, train 34.05%
epoch 35, loss: 1.16, train 34.47%
epoch 35, loss: 1.09, train 34.23%
epoch 35, loss: 1.14, train 34.25%
epoch 35, loss: 1.09, train 34.51%
epoch 35, loss: 1.09, train 34.64%
epoch 35, loss: 1.11, train 34.42%
epoch 35, loss: 1.11, train 34.20%
epoch 35, loss: 1.11, train 34.00%
Epoch completed!
epoch 35, total signals 900, average_loss_per_batch: 1.152811, train 34.00%
Validating
Val set size: 120, validation accuracy 33.33%
epoch 36, loss: 1.06, train 25.00%
epoch 36, loss: 1.09, train 30.00%
epoch 36, loss: 0.93, train 38.33%
epoch 36, loss: 1.08, train 43.75%
epoch 36, loss: 1.08, train 45.00%
epoch 36, loss: 1.11, train 45.83%
epoch 36, loss: 1.10, train 43.57%
epoch 36, loss: 1.04, train 43.12%
epoch 36, loss: 1.18, train 41.11%
epoch 36, loss: 1.11, train 41.00%
epoch 36, loss: 1.95, train 40.91%
epoch 36, loss: 1.06, train 41.67%
epoch 36, loss: 1.12, train 41.92%
epoch 36, loss: 1.11, train 41.43%
epoch 36, loss: 1.20, train 40.33%
epoch 36, loss: 1.16, train 39.38%
epoch 36, loss: 1.10, train 38.53%
epoch 36, loss: 1.09, train 38.61%
epoch 36, loss: 1.15, train 38.16%
epoch 36, loss: 1.05, train 38.75%
epoch 36, loss: 1.11, train 38.81%
epoch 36, loss: 1.09, train 39.09%
epoch 36, loss: 1.09, train 38.70%
epoch 36, loss: 1.14, train 38.33%
epoch 36, loss: 1.07, train 38.40%
epoch 36, loss: 1.10, train 38.46%
epoch 36, loss: 1.17, train 37.96%
epoch 36, loss: 1.11, train 37.50%
epoch 36, loss: 1.08, train 37.59%
epoch 36, loss: 1.12, train 37.17%
epoch 36, loss: 1.11, train 37.26%
epoch 36, loss: 1.23, train 37.19%
epoch 36, loss: 1.17, train 36.82%
epoch 36, loss: 1.05, train 36.76%
epoch 36, loss: 1.47, train 36.57%
epoch 36, loss: 1.15, train 35.97%
epoch 36, loss: 1.09, train 35.95%
epoch 36, loss: 1.06, train 36.18%
epoch 36, loss: 1.14, train 35.90%
epoch 36, loss: 1.09, train 35.88%
epoch 36, loss: 1.11, train 36.10%
epoch 36, loss: 1.11, train 35.83%
epoch 36, loss: 1.10, train 35.93%
epoch 36, loss: 1.10, train 35.91%
epoch 36, loss: 1.12, train 36.00%
Epoch completed!
epoch 36, total signals 900, average_loss_per_batch: 1.132079, train 36.00%
Validating
Val set size: 120, validation accuracy 33.33%
epoch 37, loss: 1.14, train 50.00%
epoch 37, loss: 1.12, train 40.00%
epoch 37, loss: 1.07, train 41.67%
epoch 37, loss: 1.06, train 45.00%
epoch 37, loss: 1.09, train 45.00%
epoch 37, loss: 1.09, train 45.00%
epoch 37, loss: 1.13, train 42.14%
epoch 37, loss: 1.11, train 42.50%
epoch 37, loss: 1.08, train 42.22%
epoch 37, loss: 1.12, train 41.00%
epoch 37, loss: 1.11, train 40.00%
epoch 37, loss: 1.11, train 39.17%
epoch 37, loss: 1.11, train 38.85%
epoch 37, loss: 1.11, train 38.57%
epoch 37, loss: 1.75, train 37.33%
epoch 37, loss: 1.11, train 37.50%
epoch 37, loss: 1.14, train 37.35%
epoch 37, loss: 1.13, train 36.67%
epoch 37, loss: 1.11, train 37.11%
epoch 37, loss: 1.13, train 36.50%
epoch 37, loss: 1.34, train 35.48%
epoch 37, loss: 1.09, train 35.91%
epoch 37, loss: 1.09, train 36.30%
epoch 37, loss: 1.12, train 36.25%
epoch 37, loss: 1.12, train 36.20%
epoch 37, loss: 1.13, train 35.58%
epoch 37, loss: 1.05, train 36.11%
epoch 37, loss: 1.17, train 35.36%
epoch 37, loss: 1.12, train 34.66%
epoch 37, loss: 1.09, train 34.33%
epoch 37, loss: 1.15, train 33.87%
epoch 37, loss: 3.30, train 33.75%
epoch 37, loss: 1.10, train 33.79%
epoch 37, loss: 1.07, train 34.26%
epoch 37, loss: 1.10, train 34.14%
epoch 37, loss: 1.09, train 34.03%
epoch 37, loss: 1.09, train 34.19%
epoch 37, loss: 1.27, train 33.82%
epoch 37, loss: 2.56, train 33.59%
epoch 37, loss: 1.16, train 32.88%
epoch 37, loss: 1.09, train 32.93%
epoch 37, loss: 1.08, train 33.21%
epoch 37, loss: 1.09, train 33.37%
epoch 37, loss: 1.08, train 33.41%
epoch 37, loss: 1.10, train 33.44%
Epoch completed!
epoch 37, total signals 900, average_loss_per_batch: 1.210825, train 33.44%
Validating
Val set size: 120, validation accuracy 33.33%
epoch 38, loss: 1.25, train 35.00%
epoch 38, loss: 1.14, train 27.50%
epoch 38, loss: 1.07, train 30.00%
epoch 38, loss: 1.17, train 28.75%
epoch 38, loss: 1.26, train 28.00%
epoch 38, loss: 1.12, train 26.67%
epoch 38, loss: 1.15, train 25.71%
epoch 38, loss: 1.10, train 28.75%
epoch 38, loss: 1.11, train 29.44%
epoch 38, loss: 1.13, train 28.00%
epoch 38, loss: 1.37, train 28.18%
epoch 38, loss: 1.07, train 29.17%
epoch 38, loss: 1.12, train 29.62%
epoch 38, loss: 1.15, train 28.93%
epoch 38, loss: 1.12, train 29.33%
epoch 38, loss: 1.23, train 28.75%
epoch 38, loss: 1.95, train 29.71%
epoch 38, loss: 1.22, train 30.00%
epoch 38, loss: 1.20, train 30.53%
epoch 38, loss: 1.14, train 30.75%
epoch 38, loss: 1.06, train 31.19%
epoch 38, loss: 1.09, train 32.05%
epoch 38, loss: 1.10, train 32.39%
epoch 38, loss: 1.05, train 33.12%
epoch 38, loss: 1.08, train 33.20%
epoch 38, loss: 1.09, train 33.85%
epoch 38, loss: 1.17, train 33.33%
epoch 38, loss: 1.12, train 33.39%
epoch 38, loss: 1.15, train 33.10%
epoch 38, loss: 1.12, train 32.67%
epoch 38, loss: 1.04, train 33.39%
epoch 38, loss: 1.17, train 33.12%
epoch 38, loss: 1.12, train 32.73%
epoch 38, loss: 1.03, train 33.24%
epoch 38, loss: 1.13, train 33.00%
epoch 38, loss: 1.09, train 33.06%
epoch 38, loss: 1.12, train 33.24%
epoch 38, loss: 1.10, train 33.42%
epoch 38, loss: 1.12, train 33.59%
epoch 38, loss: 1.12, train 33.25%
epoch 38, loss: 1.11, train 32.93%
epoch 38, loss: 1.33, train 32.38%
epoch 38, loss: 1.08, train 32.44%
epoch 38, loss: 1.13, train 32.61%
epoch 38, loss: 1.12, train 32.67%
Epoch completed!
epoch 38, total signals 900, average_loss_per_batch: 1.153218, train 32.67%
Validating
Val set size: 120, validation accuracy 33.33%
epoch 39, loss: 1.06, train 55.00%
epoch 39, loss: 1.11, train 45.00%
epoch 39, loss: 1.15, train 41.67%
epoch 39, loss: 1.10, train 42.50%
epoch 39, loss: 1.08, train 41.00%
epoch 39, loss: 1.11, train 40.00%
epoch 39, loss: 1.14, train 39.29%
epoch 39, loss: 1.06, train 40.00%
epoch 39, loss: 1.23, train 38.89%
epoch 39, loss: 1.10, train 38.50%
epoch 39, loss: 1.06, train 38.64%
epoch 39, loss: 1.17, train 37.08%
epoch 39, loss: 1.09, train 36.92%
epoch 39, loss: 1.18, train 36.43%
epoch 39, loss: 1.59, train 36.67%
epoch 39, loss: 1.14, train 36.56%
epoch 39, loss: 1.25, train 36.47%
epoch 39, loss: 1.11, train 36.39%
epoch 39, loss: 1.14, train 35.53%
epoch 39, loss: 1.04, train 36.25%
epoch 39, loss: 1.11, train 36.19%
epoch 39, loss: 1.11, train 35.91%
epoch 39, loss: 1.10, train 35.43%
epoch 39, loss: 0.95, train 36.46%
epoch 39, loss: 1.09, train 36.40%
epoch 39, loss: 1.16, train 35.77%
epoch 39, loss: 1.27, train 35.93%
epoch 39, loss: 1.12, train 35.54%
epoch 39, loss: 1.11, train 35.69%
epoch 39, loss: 1.14, train 35.67%
epoch 39, loss: 1.19, train 35.32%
epoch 39, loss: 1.08, train 35.47%
epoch 39, loss: 1.08, train 35.45%
epoch 39, loss: 1.08, train 35.29%
epoch 39, loss: 2.05, train 35.29%
epoch 39, loss: 1.84, train 34.86%
epoch 39, loss: 1.41, train 34.46%
epoch 39, loss: 1.22, train 34.47%
epoch 39, loss: 1.09, train 34.62%
epoch 39, loss: 1.11, train 34.75%
epoch 39, loss: 1.42, train 34.27%
epoch 39, loss: 1.10, train 34.17%
epoch 39, loss: 1.27, train 33.84%
epoch 39, loss: 1.02, train 34.20%
epoch 39, loss: 1.04, train 34.56%
Epoch completed!
epoch 39, total signals 900, average_loss_per_batch: 1.178735, train 34.56%
Validating
Val set size: 120, validation accuracy 33.33%
epoch 40, loss: 1.13, train 35.00%
epoch 40, loss: 1.09, train 37.50%
epoch 40, loss: 1.28, train 38.33%
epoch 40, loss: 1.23, train 35.00%
epoch 40, loss: 1.13, train 32.00%
epoch 40, loss: 1.10, train 33.33%
epoch 40, loss: 1.09, train 35.71%
epoch 40, loss: 1.09, train 35.62%
epoch 40, loss: 1.14, train 36.11%
epoch 40, loss: 1.11, train 36.00%
epoch 40, loss: 1.62, train 35.00%
epoch 40, loss: 1.16, train 36.25%
epoch 40, loss: 1.00, train 37.31%
epoch 40, loss: 1.13, train 36.43%
epoch 40, loss: 1.12, train 36.67%
epoch 40, loss: 1.10, train 36.56%
epoch 40, loss: 1.16, train 35.88%
epoch 40, loss: 1.06, train 36.67%
epoch 40, loss: 1.10, train 36.05%
epoch 40, loss: 1.12, train 36.00%
epoch 40, loss: 1.11, train 35.95%
epoch 40, loss: 1.12, train 35.45%
epoch 40, loss: 1.25, train 34.35%
epoch 40, loss: 1.16, train 33.75%
epoch 40, loss: 1.08, train 34.20%
epoch 40, loss: 1.11, train 34.42%
epoch 40, loss: 1.19, train 34.44%
epoch 40, loss: 1.10, train 34.46%
epoch 40, loss: 1.09, train 35.00%
epoch 40, loss: 1.11, train 34.50%
epoch 40, loss: 1.27, train 34.03%
epoch 40, loss: 1.22, train 34.53%
epoch 40, loss: 1.04, train 35.00%
epoch 40, loss: 1.12, train 34.12%
epoch 40, loss: 1.39, train 34.14%
epoch 40, loss: 1.01, train 34.58%
epoch 40, loss: 1.24, train 34.59%
epoch 40, loss: 1.15, train 34.74%
epoch 40, loss: 1.13, train 34.62%
epoch 40, loss: 1.14, train 34.38%
epoch 40, loss: 1.15, train 34.02%
epoch 40, loss: 1.13, train 34.05%
epoch 40, loss: 1.09, train 34.19%
epoch 40, loss: 1.07, train 34.32%
epoch 40, loss: 1.18, train 34.11%
Epoch completed!
epoch 40, total signals 900, average_loss_per_batch: 1.147151, train 34.11%
Validating
Val set size: 120, validation accuracy 33.33%
epoch 41, loss: 1.18, train 40.00%
epoch 41, loss: 1.22, train 27.50%
epoch 41, loss: 1.07, train 35.00%
epoch 41, loss: 1.19, train 33.75%
epoch 41, loss: 1.19, train 30.00%
epoch 41, loss: 1.16, train 30.83%
epoch 41, loss: 1.10, train 32.86%
epoch 41, loss: 1.11, train 34.38%
epoch 41, loss: 1.07, train 36.11%
epoch 41, loss: 1.28, train 35.00%
epoch 41, loss: 1.10, train 36.36%
epoch 41, loss: 1.15, train 36.25%
epoch 41, loss: 1.11, train 35.38%
epoch 41, loss: 2.22, train 34.64%
epoch 41, loss: 1.07, train 35.67%
epoch 41, loss: 1.29, train 35.31%
epoch 41, loss: 1.06, train 36.47%
epoch 41, loss: 1.37, train 36.11%
epoch 41, loss: 1.10, train 35.79%
epoch 41, loss: 1.03, train 36.50%
epoch 41, loss: 1.05, train 37.38%
epoch 41, loss: 1.08, train 37.50%
epoch 41, loss: 1.09, train 37.83%
epoch 41, loss: 1.17, train 36.67%
epoch 41, loss: 1.07, train 37.00%
epoch 41, loss: 1.09, train 36.73%
epoch 41, loss: 1.05, train 37.22%
epoch 41, loss: 1.14, train 37.32%
epoch 41, loss: 1.15, train 37.24%
epoch 41, loss: 1.07, train 38.00%
epoch 41, loss: 1.05, train 38.39%
epoch 41, loss: 1.13, train 37.81%
epoch 41, loss: 1.12, train 37.58%
epoch 41, loss: 1.08, train 37.50%
epoch 41, loss: 1.10, train 37.57%
epoch 41, loss: 1.12, train 37.64%
epoch 41, loss: 1.05, train 38.38%
epoch 41, loss: 1.07, train 38.42%
epoch 41, loss: 1.13, train 38.08%
epoch 41, loss: 1.11, train 38.00%
epoch 41, loss: 1.13, train 38.05%
epoch 41, loss: 1.03, train 38.21%
epoch 41, loss: 1.11, train 38.14%
epoch 41, loss: 1.14, train 38.18%
epoch 41, loss: 1.23, train 38.22%
Epoch completed!
epoch 41, total signals 900, average_loss_per_batch: 1.147515, train 38.22%
Validating
Val set size: 120, validation accuracy 33.33%
epoch 42, loss: 1.13, train 30.00%
epoch 42, loss: 1.11, train 30.00%
epoch 42, loss: 1.18, train 30.00%
epoch 42, loss: 1.14, train 26.25%
epoch 42, loss: 1.10, train 28.00%
epoch 42, loss: 1.10, train 30.83%
epoch 42, loss: 1.10, train 30.71%
epoch 42, loss: 1.11, train 30.00%
epoch 42, loss: 1.06, train 31.67%
epoch 42, loss: 1.09, train 32.50%
epoch 42, loss: 1.12, train 31.82%
epoch 42, loss: 1.12, train 32.50%
epoch 42, loss: 1.10, train 31.54%
epoch 42, loss: 1.01, train 32.86%
epoch 42, loss: 1.11, train 32.33%
epoch 42, loss: 1.25, train 32.19%
epoch 42, loss: 1.09, train 32.35%
epoch 42, loss: 1.19, train 32.22%
epoch 42, loss: 1.10, train 32.63%
epoch 42, loss: 1.13, train 33.00%
epoch 42, loss: 1.09, train 33.57%
epoch 42, loss: 1.24, train 33.41%
epoch 42, loss: 1.08, train 33.70%
epoch 42, loss: 1.13, train 33.12%
epoch 42, loss: 1.07, train 34.00%
epoch 42, loss: 1.00, train 35.00%
epoch 42, loss: 1.08, train 35.37%
epoch 42, loss: 1.05, train 35.71%
epoch 42, loss: 1.13, train 35.34%
epoch 42, loss: 1.16, train 34.33%
epoch 42, loss: 1.12, train 34.35%
epoch 42, loss: 1.14, train 33.59%
epoch 42, loss: 1.11, train 33.64%
epoch 42, loss: 1.16, train 33.53%
epoch 42, loss: 1.11, train 33.43%
epoch 42, loss: 1.08, train 33.61%
epoch 42, loss: 1.11, train 33.78%
epoch 42, loss: 1.15, train 33.55%
epoch 42, loss: 1.09, train 33.72%
epoch 42, loss: 1.08, train 33.75%
epoch 42, loss: 1.10, train 34.02%
epoch 42, loss: 1.12, train 33.93%
epoch 42, loss: 1.25, train 33.60%
epoch 42, loss: 1.13, train 33.30%
epoch 42, loss: 1.08, train 33.67%
Epoch completed!
epoch 42, total signals 900, average_loss_per_batch: 1.115108, train 33.67%
Validating
Val set size: 120, validation accuracy 33.33%
epoch 43, loss: 1.14, train 40.00%
epoch 43, loss: 1.17, train 35.00%
epoch 43, loss: 1.10, train 36.67%
epoch 43, loss: 1.13, train 35.00%
epoch 43, loss: 1.12, train 32.00%
epoch 43, loss: 1.09, train 31.67%
epoch 43, loss: 1.14, train 30.71%
epoch 43, loss: 1.10, train 31.25%
epoch 43, loss: 1.25, train 31.67%
epoch 43, loss: 1.19, train 31.00%
epoch 43, loss: 1.11, train 30.91%
epoch 43, loss: 1.08, train 30.83%
epoch 43, loss: 1.08, train 32.31%
epoch 43, loss: 1.07, train 32.50%
epoch 43, loss: 1.08, train 32.33%
epoch 43, loss: 1.08, train 33.44%
epoch 43, loss: 1.13, train 33.82%
epoch 43, loss: 1.10, train 34.17%
epoch 43, loss: 1.11, train 34.74%
epoch 43, loss: 1.11, train 34.00%
epoch 43, loss: 1.24, train 34.05%
epoch 43, loss: 1.08, train 34.55%
epoch 43, loss: 1.12, train 34.35%
epoch 43, loss: 1.07, train 34.58%
epoch 43, loss: 1.20, train 34.40%
epoch 43, loss: 1.06, train 35.00%
epoch 43, loss: 1.12, train 35.00%
epoch 43, loss: 1.13, train 34.46%
epoch 43, loss: 1.23, train 33.97%
epoch 43, loss: 1.08, train 33.83%
epoch 43, loss: 1.09, train 34.03%
epoch 43, loss: 1.26, train 33.44%
epoch 43, loss: 1.10, train 33.48%
epoch 43, loss: 1.12, train 33.68%
epoch 43, loss: 1.04, train 33.86%
epoch 43, loss: 1.08, train 33.89%
epoch 43, loss: 1.16, train 33.78%
epoch 43, loss: 1.06, train 33.68%
epoch 43, loss: 1.12, train 33.85%
epoch 43, loss: 1.05, train 34.12%
epoch 43, loss: 1.32, train 33.66%
epoch 43, loss: 1.27, train 33.57%
epoch 43, loss: 1.02, train 34.30%
epoch 43, loss: 1.10, train 34.55%
epoch 43, loss: 1.12, train 34.67%
Epoch completed!
epoch 43, total signals 900, average_loss_per_batch: 1.125135, train 34.67%
Validating
Val set size: 120, validation accuracy 33.33%
epoch 44, loss: 1.07, train 55.00%
epoch 44, loss: 1.30, train 42.50%
epoch 44, loss: 1.14, train 36.67%
epoch 44, loss: 1.14, train 37.50%
epoch 44, loss: 1.12, train 35.00%
epoch 44, loss: 1.33, train 35.00%
epoch 44, loss: 1.14, train 33.57%
epoch 44, loss: 1.08, train 35.00%
epoch 44, loss: 1.10, train 35.00%
epoch 44, loss: 1.10, train 34.00%
epoch 44, loss: 1.12, train 33.18%
epoch 44, loss: 1.10, train 33.33%
epoch 44, loss: 1.12, train 33.46%
epoch 44, loss: 1.14, train 32.86%
epoch 44, loss: 1.11, train 32.00%
epoch 44, loss: 1.11, train 32.50%
epoch 44, loss: 1.11, train 31.76%
epoch 44, loss: 1.09, train 33.06%
epoch 44, loss: 1.43, train 33.16%
epoch 44, loss: 1.09, train 33.50%
epoch 44, loss: 1.12, train 33.57%
epoch 44, loss: 1.05, train 34.32%
epoch 44, loss: 1.09, train 33.91%
epoch 44, loss: 1.14, train 33.54%
epoch 44, loss: 1.11, train 33.80%
epoch 44, loss: 1.06, train 34.04%
epoch 44, loss: 1.06, train 34.63%
epoch 44, loss: 1.09, train 34.82%
epoch 44, loss: 1.08, train 35.00%
epoch 44, loss: 1.19, train 34.83%
epoch 44, loss: 1.24, train 34.19%
epoch 44, loss: 1.16, train 33.91%
epoch 44, loss: 1.16, train 33.64%
epoch 44, loss: 1.12, train 33.68%
epoch 44, loss: 1.16, train 34.00%
epoch 44, loss: 1.13, train 34.03%
epoch 44, loss: 1.09, train 34.19%
epoch 44, loss: 1.14, train 33.82%
epoch 44, loss: 1.17, train 34.10%
epoch 44, loss: 1.08, train 34.38%
epoch 44, loss: 1.16, train 34.02%
epoch 44, loss: 1.15, train 33.69%
epoch 44, loss: 1.11, train 33.60%
epoch 44, loss: 1.11, train 33.52%
epoch 44, loss: 1.13, train 33.22%
Epoch completed!
epoch 44, total signals 900, average_loss_per_batch: 1.134126, train 33.22%
Validating
Val set size: 120, validation accuracy 33.33%
epoch 45, loss: 1.31, train 20.00%
epoch 45, loss: 1.12, train 20.00%
epoch 45, loss: 1.15, train 21.67%
epoch 45, loss: 1.14, train 25.00%
epoch 45, loss: 1.08, train 27.00%
epoch 45, loss: 1.10, train 30.00%
epoch 45, loss: 1.14, train 28.57%
epoch 45, loss: 1.16, train 29.38%
epoch 45, loss: 1.17, train 27.78%
epoch 45, loss: 1.11, train 27.00%
epoch 45, loss: 1.10, train 27.73%
epoch 45, loss: 1.12, train 30.42%
epoch 45, loss: 1.10, train 30.00%
epoch 45, loss: 1.10, train 30.71%
epoch 45, loss: 1.09, train 31.00%
epoch 45, loss: 1.15, train 30.31%
epoch 45, loss: 1.06, train 31.76%
epoch 45, loss: 1.20, train 30.83%
epoch 45, loss: 1.08, train 31.58%
epoch 45, loss: 1.42, train 31.50%
epoch 45, loss: 1.11, train 31.67%
epoch 45, loss: 1.12, train 31.14%
epoch 45, loss: 1.04, train 32.17%
epoch 45, loss: 1.10, train 32.29%
epoch 45, loss: 1.18, train 32.40%
epoch 45, loss: 1.33, train 31.92%
epoch 45, loss: 1.12, train 32.04%
epoch 45, loss: 1.12, train 31.61%
epoch 45, loss: 1.07, train 32.07%
epoch 45, loss: 0.96, train 33.17%
epoch 45, loss: 1.10, train 32.90%
epoch 45, loss: 1.10, train 32.66%
epoch 45, loss: 1.28, train 32.12%
epoch 45, loss: 1.16, train 31.76%
epoch 45, loss: 1.11, train 31.57%
epoch 45, loss: 1.08, train 31.67%
epoch 45, loss: 1.14, train 31.62%
epoch 45, loss: 1.19, train 31.58%
epoch 45, loss: 1.23, train 31.54%
epoch 45, loss: 1.08, train 31.75%
epoch 45, loss: 1.16, train 31.59%
epoch 45, loss: 1.09, train 31.90%
epoch 45, loss: 1.08, train 31.98%
epoch 45, loss: 1.14, train 31.93%
epoch 45, loss: 1.09, train 32.11%
Epoch completed!
epoch 45, total signals 900, average_loss_per_batch: 1.135191, train 32.11%
Validating
Val set size: 120, validation accuracy 33.33%
epoch 46, loss: 1.41, train 30.00%
epoch 46, loss: 1.59, train 25.00%
epoch 46, loss: 1.12, train 23.33%
epoch 46, loss: 1.08, train 27.50%
epoch 46, loss: 1.34, train 28.00%
epoch 46, loss: 1.16, train 28.33%
epoch 46, loss: 1.10, train 28.57%
epoch 46, loss: 1.11, train 28.75%
epoch 46, loss: 1.16, train 27.78%
epoch 46, loss: 1.10, train 28.50%
epoch 46, loss: 1.11, train 28.64%
epoch 46, loss: 1.07, train 30.42%
epoch 46, loss: 1.10, train 30.38%
epoch 46, loss: 1.12, train 30.71%
epoch 46, loss: 1.10, train 31.33%
epoch 46, loss: 1.15, train 31.25%
epoch 46, loss: 1.13, train 31.47%
epoch 46, loss: 1.08, train 32.22%
epoch 46, loss: 1.06, train 32.89%
epoch 46, loss: 1.15, train 32.25%
epoch 46, loss: 1.12, train 31.90%
epoch 46, loss: 1.13, train 31.82%
epoch 46, loss: 1.12, train 31.52%
epoch 46, loss: 1.10, train 31.87%
epoch 46, loss: 1.05, train 32.80%
epoch 46, loss: 1.11, train 33.08%
epoch 46, loss: 1.08, train 33.33%
epoch 46, loss: 1.09, train 33.21%
epoch 46, loss: 1.24, train 33.28%
epoch 46, loss: 1.10, train 33.00%
epoch 46, loss: 1.04, train 33.87%
epoch 46, loss: 1.22, train 33.75%
epoch 46, loss: 1.09, train 33.79%
epoch 46, loss: 1.08, train 34.12%
epoch 46, loss: 1.05, train 34.57%
epoch 46, loss: 1.27, train 34.58%
epoch 46, loss: 1.09, train 34.86%
epoch 46, loss: 1.12, train 34.61%
epoch 46, loss: 1.22, train 34.74%
epoch 46, loss: 1.43, train 34.75%
epoch 46, loss: 1.10, train 34.63%
epoch 46, loss: 1.10, train 34.76%
epoch 46, loss: 1.09, train 34.88%
epoch 46, loss: 1.12, train 34.77%
epoch 46, loss: 1.22, train 34.89%
Epoch completed!
epoch 46, total signals 900, average_loss_per_batch: 1.147434, train 34.89%
Validating
Val set size: 120, validation accuracy 33.33%
epoch 47, loss: 1.11, train 40.00%
epoch 47, loss: 1.13, train 30.00%
epoch 47, loss: 1.20, train 26.67%
epoch 47, loss: 1.09, train 32.50%
epoch 47, loss: 1.21, train 35.00%
epoch 47, loss: 1.12, train 32.50%
epoch 47, loss: 1.10, train 31.43%
epoch 47, loss: 1.06, train 35.00%
epoch 47, loss: 1.08, train 35.56%
epoch 47, loss: 1.10, train 35.00%
epoch 47, loss: 1.10, train 34.09%
epoch 47, loss: 1.11, train 34.58%
epoch 47, loss: 1.12, train 33.85%
epoch 47, loss: 1.08, train 34.29%
epoch 47, loss: 1.18, train 33.00%
epoch 47, loss: 1.15, train 32.19%
epoch 47, loss: 1.08, train 32.65%
epoch 47, loss: 1.14, train 31.94%
epoch 47, loss: 1.21, train 32.11%
epoch 47, loss: 1.13, train 31.75%
epoch 47, loss: 1.20, train 31.19%
epoch 47, loss: 1.09, train 31.36%
epoch 47, loss: 1.18, train 31.09%
epoch 47, loss: 1.10, train 31.04%
epoch 47, loss: 1.11, train 31.00%
epoch 47, loss: 1.13, train 30.19%
epoch 47, loss: 1.13, train 29.63%
epoch 47, loss: 1.58, train 29.46%
epoch 47, loss: 1.15, train 29.14%
epoch 47, loss: 1.06, train 30.00%
epoch 47, loss: 1.05, train 30.65%
epoch 47, loss: 1.32, train 30.47%
epoch 47, loss: 1.07, train 30.76%
epoch 47, loss: 1.13, train 31.03%
epoch 47, loss: 1.13, train 30.86%
epoch 47, loss: 1.11, train 30.83%
epoch 47, loss: 1.12, train 31.08%
epoch 47, loss: 1.08, train 31.05%
epoch 47, loss: 1.12, train 30.90%
epoch 47, loss: 1.11, train 30.88%
epoch 47, loss: 1.09, train 31.10%
epoch 47, loss: 1.12, train 30.83%
epoch 47, loss: 1.15, train 30.47%
epoch 47, loss: 1.16, train 30.34%
epoch 47, loss: 1.08, train 30.33%
Epoch completed!
epoch 47, total signals 900, average_loss_per_batch: 1.135772, train 30.33%
Validating
Val set size: 120, validation accuracy 33.33%
epoch 48, loss: 1.13, train 30.00%
epoch 48, loss: 1.08, train 35.00%
epoch 48, loss: 1.05, train 35.00%
epoch 48, loss: 1.06, train 40.00%
epoch 48, loss: 1.09, train 39.00%
epoch 48, loss: 1.09, train 37.50%
epoch 48, loss: 1.08, train 37.14%
epoch 48, loss: 1.11, train 36.88%
epoch 48, loss: 1.11, train 35.56%
epoch 48, loss: 1.13, train 35.00%
epoch 48, loss: 1.09, train 35.00%
epoch 48, loss: 1.11, train 33.75%
epoch 48, loss: 1.11, train 32.69%
epoch 48, loss: 1.09, train 32.86%
epoch 48, loss: 1.06, train 33.67%
epoch 48, loss: 1.09, train 34.69%
epoch 48, loss: 1.00, train 36.47%
epoch 48, loss: 1.12, train 35.28%
epoch 48, loss: 0.99, train 36.58%
epoch 48, loss: 1.10, train 36.75%
epoch 48, loss: 1.24, train 35.95%
epoch 48, loss: 1.12, train 35.45%
epoch 48, loss: 1.12, train 35.22%
epoch 48, loss: 1.16, train 35.21%
epoch 48, loss: 1.12, train 34.60%
epoch 48, loss: 1.15, train 34.42%
epoch 48, loss: 1.13, train 34.07%
epoch 48, loss: 1.14, train 34.46%
epoch 48, loss: 1.04, train 34.83%
epoch 48, loss: 1.12, train 35.17%
epoch 48, loss: 1.59, train 35.32%
epoch 48, loss: 1.17, train 35.16%
epoch 48, loss: 1.09, train 34.85%
epoch 48, loss: 1.11, train 34.85%
epoch 48, loss: 1.04, train 35.14%
epoch 48, loss: 1.11, train 35.28%
epoch 48, loss: 1.15, train 35.14%
epoch 48, loss: 1.81, train 35.00%
epoch 48, loss: 1.77, train 34.74%
epoch 48, loss: 1.12, train 34.50%
epoch 48, loss: 1.11, train 34.39%
epoch 48, loss: 1.14, train 34.17%
epoch 48, loss: 1.06, train 34.53%
epoch 48, loss: 1.41, train 34.43%
epoch 48, loss: 1.10, train 35.00%
Epoch completed!
epoch 48, total signals 900, average_loss_per_batch: 1.150593, train 35.00%
Validating
Val set size: 120, validation accuracy 33.33%
epoch 49, loss: 1.18, train 25.00%
epoch 49, loss: 1.06, train 37.50%
epoch 49, loss: 1.11, train 36.67%
epoch 49, loss: 1.27, train 32.50%
epoch 49, loss: 1.11, train 34.00%
epoch 49, loss: 1.11, train 33.33%
epoch 49, loss: 1.11, train 32.86%
epoch 49, loss: 1.11, train 32.50%
epoch 49, loss: 1.12, train 33.33%
epoch 49, loss: 1.08, train 34.50%
epoch 49, loss: 1.65, train 33.18%
epoch 49, loss: 1.15, train 32.08%
epoch 49, loss: 1.31, train 31.15%
epoch 49, loss: 1.07, train 31.07%
epoch 49, loss: 1.10, train 31.33%
epoch 49, loss: 1.23, train 31.25%
epoch 49, loss: 1.15, train 30.59%
epoch 49, loss: 1.16, train 30.56%
epoch 49, loss: 1.12, train 30.26%
epoch 49, loss: 1.06, train 31.25%
epoch 49, loss: 1.17, train 30.95%
epoch 49, loss: 1.10, train 31.14%
epoch 49, loss: 1.12, train 31.09%
epoch 49, loss: 1.12, train 31.25%
epoch 49, loss: 1.11, train 31.20%
epoch 49, loss: 1.16, train 30.77%
epoch 49, loss: 1.13, train 30.74%
epoch 49, loss: 1.13, train 30.89%
epoch 49, loss: 1.10, train 31.21%
epoch 49, loss: 1.07, train 31.50%
epoch 49, loss: 1.11, train 31.77%
epoch 49, loss: 1.11, train 32.03%
epoch 49, loss: 1.09, train 32.27%
epoch 49, loss: 1.26, train 32.35%
epoch 49, loss: 1.16, train 32.14%
epoch 49, loss: 1.04, train 32.64%
epoch 49, loss: 1.07, train 32.97%
epoch 49, loss: 1.16, train 32.37%
epoch 49, loss: 1.10, train 32.56%
epoch 49, loss: 1.13, train 32.62%
epoch 49, loss: 1.13, train 32.20%
epoch 49, loss: 1.04, train 32.74%
epoch 49, loss: 1.09, train 32.56%
epoch 49, loss: 1.05, train 32.84%
epoch 49, loss: 1.15, train 32.44%
Epoch completed!
epoch 49, total signals 900, average_loss_per_batch: 1.136868, train 32.44%
Validating
Val set size: 120, validation accuracy 33.33%
Training Completed!
Testing
da no sv
[[ 0 40  0]
 [ 0 40  0]
 [ 0 40  0]]
Test set size: 120, Test accuracy 33.33%
