1.12.1+cu102
cuda:0
Trainable Parameters : 593424
Start training...
epoch 0, loss: 20.30, train 10.00%
epoch 0, loss: 31.45, train 20.00%
epoch 0, loss: 23.05, train 26.67%
epoch 0, loss: 20.18, train 28.75%
epoch 0, loss: 19.29, train 31.00%
epoch 0, loss: 16.05, train 32.50%
epoch 0, loss: 17.97, train 33.57%
epoch 0, loss: 14.11, train 34.38%
epoch 0, loss: 15.83, train 35.56%
epoch 0, loss: 26.72, train 36.50%
epoch 0, loss: 31.32, train 36.82%
epoch 0, loss: 24.38, train 35.83%
epoch 0, loss: 14.46, train 35.77%
epoch 0, loss: 18.35, train 36.43%
epoch 0, loss: 20.89, train 37.00%
epoch 0, loss: 9.55, train 38.12%
epoch 0, loss: 10.68, train 39.12%
epoch 0, loss: 9.02, train 39.72%
epoch 0, loss: 13.06, train 40.00%
epoch 0, loss: 4.27, train 41.25%
epoch 0, loss: 8.95, train 41.67%
epoch 0, loss: 18.64, train 41.36%
epoch 0, loss: 13.84, train 41.74%
epoch 0, loss: 21.84, train 42.08%
epoch 0, loss: 11.06, train 42.00%
epoch 0, loss: 14.48, train 41.73%
epoch 0, loss: 10.20, train 42.59%
epoch 0, loss: 5.84, train 43.21%
epoch 0, loss: 29.11, train 42.76%
epoch 0, loss: 8.89, train 43.50%
epoch 0, loss: 7.92, train 44.03%
epoch 0, loss: 5.88, train 44.53%
epoch 0, loss: 9.68, train 44.55%
epoch 0, loss: 5.20, train 45.15%
epoch 0, loss: 12.07, train 45.29%
epoch 0, loss: 8.65, train 45.69%
epoch 0, loss: 24.74, train 45.27%
epoch 0, loss: 4.45, train 45.66%
epoch 0, loss: 7.41, train 45.64%
epoch 0, loss: 10.57, train 45.62%
epoch 0, loss: 6.56, train 46.10%
epoch 0, loss: 13.34, train 46.19%
epoch 0, loss: 10.42, train 46.05%
epoch 0, loss: 15.65, train 45.68%
epoch 0, loss: 56.55, train 45.33%
Epoch completed!
epoch 0, total signals 900, average_loss_per_batch: 15.620063, train 45.33%
Validating
Val set size: 120, validation accuracy 50.83%
epoch 1, loss: 4.00, train 85.00%
epoch 1, loss: 6.68, train 72.50%
epoch 1, loss: 13.31, train 61.67%
epoch 1, loss: 11.60, train 63.75%
epoch 1, loss: 6.09, train 65.00%
epoch 1, loss: 8.15, train 63.33%
epoch 1, loss: 9.35, train 62.86%
epoch 1, loss: 5.95, train 63.12%
epoch 1, loss: 4.12, train 64.44%
epoch 1, loss: 6.76, train 65.50%
epoch 1, loss: 7.43, train 65.00%
epoch 1, loss: 11.27, train 64.17%
epoch 1, loss: 10.81, train 62.69%
epoch 1, loss: 6.65, train 63.57%
epoch 1, loss: 6.00, train 63.67%
epoch 1, loss: 5.87, train 63.75%
epoch 1, loss: 4.13, train 63.82%
epoch 1, loss: 12.56, train 63.89%
epoch 1, loss: 12.34, train 63.95%
epoch 1, loss: 13.43, train 63.75%
epoch 1, loss: 5.88, train 63.81%
epoch 1, loss: 1.48, train 65.00%
epoch 1, loss: 5.38, train 65.00%
epoch 1, loss: 1.30, train 66.04%
epoch 1, loss: 6.59, train 66.40%
epoch 1, loss: 6.14, train 66.54%
epoch 1, loss: 8.37, train 66.11%
epoch 1, loss: 16.72, train 65.71%
epoch 1, loss: 4.07, train 66.03%
epoch 1, loss: 2.51, train 66.00%
epoch 1, loss: 3.67, train 66.29%
epoch 1, loss: 2.08, train 66.56%
epoch 1, loss: 3.88, train 66.52%
epoch 1, loss: 2.68, train 66.91%
epoch 1, loss: 22.10, train 66.14%
epoch 1, loss: 3.18, train 66.67%
epoch 1, loss: 1.95, train 67.03%
epoch 1, loss: 10.54, train 66.84%
epoch 1, loss: 3.26, train 67.31%
epoch 1, loss: 3.27, train 67.25%
epoch 1, loss: 2.35, train 67.07%
epoch 1, loss: 1.96, train 67.38%
epoch 1, loss: 1.86, train 67.67%
epoch 1, loss: 6.86, train 67.50%
epoch 1, loss: 8.29, train 67.00%
Epoch completed!
epoch 1, total signals 900, average_loss_per_batch: 6.730302, train 67.00%
Validating
Val set size: 120, validation accuracy 57.50%
epoch 2, loss: 5.62, train 60.00%
epoch 2, loss: 2.57, train 72.50%
epoch 2, loss: 6.97, train 66.67%
epoch 2, loss: 2.32, train 66.25%
epoch 2, loss: 1.44, train 69.00%
epoch 2, loss: 1.17, train 71.67%
epoch 2, loss: 10.26, train 70.00%
epoch 2, loss: 7.55, train 70.00%
epoch 2, loss: 3.81, train 70.56%
epoch 2, loss: 8.04, train 69.50%
epoch 2, loss: 1.32, train 70.91%
epoch 2, loss: 1.76, train 72.08%
epoch 2, loss: 9.40, train 71.15%
epoch 2, loss: 0.75, train 72.86%
epoch 2, loss: 3.08, train 73.00%
epoch 2, loss: 0.76, train 73.75%
epoch 2, loss: 2.74, train 74.41%
epoch 2, loss: 23.12, train 73.33%
epoch 2, loss: 0.28, train 74.47%
epoch 2, loss: 6.06, train 74.25%
epoch 2, loss: 3.80, train 73.81%
epoch 2, loss: 1.38, train 74.09%
epoch 2, loss: 5.76, train 73.04%
epoch 2, loss: 6.12, train 72.71%
epoch 2, loss: 2.69, train 72.80%
epoch 2, loss: 4.36, train 72.69%
epoch 2, loss: 4.94, train 72.96%
epoch 2, loss: 7.32, train 72.50%
epoch 2, loss: 1.83, train 72.59%
epoch 2, loss: 4.21, train 72.50%
epoch 2, loss: 4.60, train 72.42%
epoch 2, loss: 3.38, train 72.50%
epoch 2, loss: 1.64, train 72.58%
epoch 2, loss: 0.49, train 73.09%
epoch 2, loss: 17.39, train 72.71%
epoch 2, loss: 2.74, train 72.92%
epoch 2, loss: 9.19, train 72.84%
epoch 2, loss: 11.54, train 72.37%
epoch 2, loss: 3.81, train 72.69%
epoch 2, loss: 1.75, train 73.00%
epoch 2, loss: 2.91, train 73.41%
epoch 2, loss: 3.05, train 73.69%
epoch 2, loss: 1.36, train 73.95%
epoch 2, loss: 1.86, train 73.98%
epoch 2, loss: 1.14, train 74.00%
Epoch completed!
epoch 2, total signals 900, average_loss_per_batch: 4.628253, train 74.00%
Validating
Val set size: 120, validation accuracy 70.00%
epoch 3, loss: 2.98, train 70.00%
epoch 3, loss: 0.70, train 82.50%
epoch 3, loss: 1.25, train 83.33%
epoch 3, loss: 0.36, train 83.75%
epoch 3, loss: 2.29, train 85.00%
epoch 3, loss: 3.11, train 83.33%
epoch 3, loss: 0.36, train 84.29%
epoch 3, loss: 1.68, train 84.38%
epoch 3, loss: 0.58, train 85.00%
epoch 3, loss: 3.49, train 84.00%
epoch 3, loss: 2.28, train 84.09%
epoch 3, loss: 2.03, train 83.75%
epoch 3, loss: 1.72, train 83.46%
epoch 3, loss: 1.91, train 82.86%
epoch 3, loss: 3.30, train 81.67%
epoch 3, loss: 0.97, train 82.50%
epoch 3, loss: 0.93, train 82.65%
epoch 3, loss: 0.13, train 83.33%
epoch 3, loss: 0.96, train 83.68%
epoch 3, loss: 2.67, train 83.50%
epoch 3, loss: 8.32, train 82.14%
epoch 3, loss: 0.99, train 82.50%
epoch 3, loss: 4.69, train 82.17%
epoch 3, loss: 1.61, train 82.29%
epoch 3, loss: 1.19, train 82.20%
epoch 3, loss: 2.04, train 81.73%
epoch 3, loss: 4.82, train 81.11%
epoch 3, loss: 1.63, train 80.89%
epoch 3, loss: 0.56, train 81.38%
epoch 3, loss: 2.61, train 81.50%
epoch 3, loss: 3.06, train 81.29%
epoch 3, loss: 0.12, train 81.72%
epoch 3, loss: 0.00, train 82.27%
epoch 3, loss: 0.25, train 82.65%
epoch 3, loss: 1.59, train 82.29%
epoch 3, loss: 1.21, train 82.36%
epoch 3, loss: 4.56, train 81.89%
epoch 3, loss: 1.75, train 81.97%
epoch 3, loss: 0.51, train 81.92%
epoch 3, loss: 0.49, train 82.12%
epoch 3, loss: 2.13, train 82.07%
epoch 3, loss: 0.74, train 82.26%
epoch 3, loss: 2.14, train 82.56%
epoch 3, loss: 2.69, train 82.16%
epoch 3, loss: 4.53, train 82.00%
Epoch completed!
epoch 3, total signals 900, average_loss_per_batch: 1.954418, train 82.00%
Validating
Val set size: 120, validation accuracy 65.83%
epoch 4, loss: 2.64, train 80.00%
epoch 4, loss: 3.20, train 77.50%
epoch 4, loss: 2.25, train 78.33%
epoch 4, loss: 4.78, train 76.25%
epoch 4, loss: 0.87, train 78.00%
epoch 4, loss: 4.08, train 78.33%
epoch 4, loss: 3.60, train 77.86%
epoch 4, loss: 4.37, train 76.25%
epoch 4, loss: 2.35, train 76.11%
epoch 4, loss: 5.62, train 76.50%
epoch 4, loss: 4.59, train 76.82%
epoch 4, loss: 2.10, train 76.67%
epoch 4, loss: 4.15, train 76.54%
epoch 4, loss: 1.55, train 76.43%
epoch 4, loss: 1.61, train 76.67%
epoch 4, loss: 5.26, train 76.56%
epoch 4, loss: 2.57, train 77.06%
epoch 4, loss: 1.57, train 77.78%
epoch 4, loss: 0.89, train 78.42%
epoch 4, loss: 0.17, train 79.25%
epoch 4, loss: 2.28, train 79.05%
epoch 4, loss: 0.11, train 79.77%
epoch 4, loss: 1.22, train 80.00%
epoch 4, loss: 0.37, train 80.42%
epoch 4, loss: 1.33, train 80.60%
epoch 4, loss: 0.99, train 80.77%
epoch 4, loss: 1.97, train 80.93%
epoch 4, loss: 13.46, train 79.82%
epoch 4, loss: 1.47, train 79.83%
epoch 4, loss: 1.31, train 80.00%
epoch 4, loss: 1.54, train 80.00%
epoch 4, loss: 1.66, train 79.84%
epoch 4, loss: 2.86, train 79.70%
epoch 4, loss: 2.14, train 80.00%
epoch 4, loss: 1.48, train 80.00%
epoch 4, loss: 0.94, train 80.28%
epoch 4, loss: 5.39, train 80.14%
epoch 4, loss: 1.91, train 80.13%
epoch 4, loss: 3.33, train 79.87%
epoch 4, loss: 1.30, train 79.75%
epoch 4, loss: 1.72, train 80.00%
epoch 4, loss: 0.24, train 80.24%
epoch 4, loss: 0.65, train 80.23%
epoch 4, loss: 2.50, train 80.11%
epoch 4, loss: 0.80, train 80.33%
Epoch completed!
epoch 4, total signals 900, average_loss_per_batch: 2.471524, train 80.33%
Validating
Val set size: 120, validation accuracy 76.67%
epoch 5, loss: 1.43, train 80.00%
epoch 5, loss: 2.87, train 82.50%
epoch 5, loss: 0.97, train 85.00%
epoch 5, loss: 3.95, train 82.50%
epoch 5, loss: 0.00, train 86.00%
epoch 5, loss: 0.81, train 87.50%
epoch 5, loss: 1.03, train 87.14%
epoch 5, loss: 0.49, train 88.12%
epoch 5, loss: 0.64, train 88.33%
epoch 5, loss: 0.19, train 88.50%
epoch 5, loss: 6.75, train 86.36%
epoch 5, loss: 0.05, train 87.08%
epoch 5, loss: 0.07, train 87.69%
epoch 5, loss: 0.53, train 88.21%
epoch 5, loss: 0.88, train 88.33%
epoch 5, loss: 2.51, train 87.50%
epoch 5, loss: 1.70, train 87.06%
epoch 5, loss: 1.68, train 86.67%
epoch 5, loss: 0.47, train 86.05%
epoch 5, loss: 1.55, train 85.75%
epoch 5, loss: 4.09, train 85.24%
epoch 5, loss: 3.34, train 85.00%
epoch 5, loss: 3.01, train 83.70%
epoch 5, loss: 1.19, train 84.17%
epoch 5, loss: 1.10, train 84.20%
epoch 5, loss: 4.07, train 83.65%
epoch 5, loss: 4.05, train 83.15%
epoch 5, loss: 0.84, train 83.04%
epoch 5, loss: 0.62, train 83.10%
epoch 5, loss: 1.18, train 83.33%
epoch 5, loss: 0.57, train 83.55%
epoch 5, loss: 0.22, train 83.59%
epoch 5, loss: 2.10, train 83.64%
epoch 5, loss: 0.12, train 83.97%
epoch 5, loss: 0.35, train 84.29%
epoch 5, loss: 5.77, train 84.03%
epoch 5, loss: 5.38, train 83.65%
epoch 5, loss: 3.41, train 83.42%
epoch 5, loss: 1.06, train 83.46%
epoch 5, loss: 0.33, train 83.50%
epoch 5, loss: 0.05, train 83.78%
epoch 5, loss: 1.26, train 83.93%
epoch 5, loss: 3.67, train 83.95%
epoch 5, loss: 0.02, train 84.32%
epoch 5, loss: 9.53, train 83.78%
Epoch completed!
epoch 5, total signals 900, average_loss_per_batch: 1.908577, train 83.78%
Validating
Val set size: 120, validation accuracy 73.33%
epoch 6, loss: 0.21, train 90.00%
epoch 6, loss: 0.65, train 90.00%
epoch 6, loss: 4.03, train 83.33%
epoch 6, loss: 0.37, train 86.25%
epoch 6, loss: 0.55, train 88.00%
epoch 6, loss: 0.36, train 88.33%
epoch 6, loss: 0.09, train 89.29%
epoch 6, loss: 0.70, train 90.00%
epoch 6, loss: 0.43, train 90.00%
epoch 6, loss: 1.35, train 89.50%
epoch 6, loss: 3.32, train 87.27%
epoch 6, loss: 0.07, train 87.92%
epoch 6, loss: 1.13, train 88.08%
epoch 6, loss: 16.16, train 85.00%
epoch 6, loss: 5.07, train 84.00%
epoch 6, loss: 1.46, train 84.38%
epoch 6, loss: 0.00, train 85.29%
epoch 6, loss: 1.22, train 85.00%
epoch 6, loss: 0.00, train 85.79%
epoch 6, loss: 1.10, train 85.75%
epoch 6, loss: 11.05, train 84.52%
epoch 6, loss: 0.18, train 85.00%
epoch 6, loss: 5.79, train 83.91%
epoch 6, loss: 3.97, train 83.12%
epoch 6, loss: 4.12, train 82.60%
epoch 6, loss: 4.30, train 82.12%
epoch 6, loss: 0.17, train 82.59%
epoch 6, loss: 4.46, train 81.96%
epoch 6, loss: 10.96, train 81.03%
epoch 6, loss: 1.05, train 81.50%
epoch 6, loss: 2.46, train 81.77%
epoch 6, loss: 0.82, train 81.88%
epoch 6, loss: 6.04, train 81.52%
epoch 6, loss: 4.39, train 81.32%
epoch 6, loss: 3.55, train 81.14%
epoch 6, loss: 0.03, train 81.67%
epoch 6, loss: 0.01, train 82.16%
epoch 6, loss: 0.24, train 82.37%
epoch 6, loss: 2.50, train 82.31%
epoch 6, loss: 1.71, train 82.38%
epoch 6, loss: 6.31, train 82.32%
epoch 6, loss: 14.27, train 81.55%
epoch 6, loss: 2.75, train 81.51%
epoch 6, loss: 1.07, train 81.82%
epoch 6, loss: 2.11, train 81.78%
Epoch completed!
epoch 6, total signals 900, average_loss_per_batch: 2.946157, train 81.78%
Validating
Val set size: 120, validation accuracy 77.50%
epoch 7, loss: 0.89, train 80.00%
epoch 7, loss: 0.21, train 85.00%
epoch 7, loss: 1.29, train 83.33%
epoch 7, loss: 0.67, train 85.00%
epoch 7, loss: 1.66, train 82.00%
epoch 7, loss: 1.20, train 83.33%
epoch 7, loss: 0.03, train 85.71%
epoch 7, loss: 2.30, train 85.00%
epoch 7, loss: 8.53, train 81.11%
epoch 7, loss: 6.33, train 79.50%
epoch 7, loss: 4.11, train 78.64%
epoch 7, loss: 2.07, train 79.17%
epoch 7, loss: 6.24, train 78.46%
epoch 7, loss: 1.83, train 78.93%
epoch 7, loss: 0.47, train 80.00%
epoch 7, loss: 1.60, train 80.62%
epoch 7, loss: 0.15, train 81.47%
epoch 7, loss: 0.66, train 81.67%
epoch 7, loss: 0.04, train 82.37%
epoch 7, loss: 0.02, train 83.25%
epoch 7, loss: 0.00, train 84.05%
epoch 7, loss: 0.00, train 84.77%
epoch 7, loss: 0.17, train 85.22%
epoch 7, loss: 6.56, train 84.79%
epoch 7, loss: 1.51, train 85.00%
epoch 7, loss: 0.69, train 85.38%
epoch 7, loss: 0.02, train 85.93%
epoch 7, loss: 0.02, train 86.43%
epoch 7, loss: 1.82, train 86.21%
epoch 7, loss: 0.00, train 86.67%
epoch 7, loss: 2.42, train 86.13%
epoch 7, loss: 0.37, train 86.41%
epoch 7, loss: 2.91, train 85.91%
epoch 7, loss: 24.74, train 85.44%
epoch 7, loss: 0.30, train 85.71%
epoch 7, loss: 0.03, train 86.11%
epoch 7, loss: 1.02, train 86.08%
epoch 7, loss: 5.05, train 85.92%
epoch 7, loss: 0.00, train 86.28%
epoch 7, loss: 1.06, train 86.25%
epoch 7, loss: 1.86, train 86.10%
epoch 7, loss: 0.60, train 86.19%
epoch 7, loss: 1.72, train 86.05%
epoch 7, loss: 2.46, train 85.80%
epoch 7, loss: 0.03, train 86.11%
Epoch completed!
epoch 7, total signals 900, average_loss_per_batch: 2.126304, train 86.11%
Validating
Val set size: 120, validation accuracy 79.17%
epoch 8, loss: 0.00, train 100.00%
epoch 8, loss: 1.62, train 87.50%
epoch 8, loss: 1.66, train 85.00%
epoch 8, loss: 0.02, train 88.75%
epoch 8, loss: 0.04, train 91.00%
epoch 8, loss: 0.00, train 92.50%
epoch 8, loss: 0.00, train 93.57%
epoch 8, loss: 1.21, train 91.88%
epoch 8, loss: 3.77, train 89.44%
epoch 8, loss: 0.31, train 90.00%
epoch 8, loss: 0.27, train 90.45%
epoch 8, loss: 4.96, train 88.75%
epoch 8, loss: 0.31, train 89.23%
epoch 8, loss: 0.29, train 89.64%
epoch 8, loss: 0.64, train 89.67%
epoch 8, loss: 1.53, train 89.38%
epoch 8, loss: 0.10, train 89.71%
epoch 8, loss: 0.34, train 89.72%
epoch 8, loss: 0.46, train 90.00%
epoch 8, loss: 0.40, train 90.00%
epoch 8, loss: 0.72, train 89.76%
epoch 8, loss: 15.13, train 87.73%
epoch 8, loss: 2.13, train 87.39%
epoch 8, loss: 1.28, train 87.29%
epoch 8, loss: 1.51, train 87.00%
epoch 8, loss: 3.98, train 86.54%
epoch 8, loss: 7.51, train 85.74%
epoch 8, loss: 0.38, train 86.07%
epoch 8, loss: 0.02, train 86.55%
epoch 8, loss: 7.21, train 85.83%
epoch 8, loss: 0.28, train 86.13%
epoch 8, loss: 6.16, train 85.62%
epoch 8, loss: 0.45, train 85.76%
epoch 8, loss: 4.53, train 85.29%
epoch 8, loss: 0.43, train 85.43%
epoch 8, loss: 3.39, train 85.14%
epoch 8, loss: 1.65, train 85.27%
epoch 8, loss: 0.26, train 85.53%
epoch 8, loss: 1.15, train 85.38%
epoch 8, loss: 0.62, train 85.50%
epoch 8, loss: 0.56, train 85.61%
epoch 8, loss: 8.65, train 84.88%
epoch 8, loss: 6.05, train 84.65%
epoch 8, loss: 3.02, train 84.66%
epoch 8, loss: 5.90, train 83.78%
Epoch completed!
epoch 8, total signals 900, average_loss_per_batch: 2.242638, train 83.78%
Validating
Val set size: 120, validation accuracy 70.83%
epoch 9, loss: 1.58, train 70.00%
epoch 9, loss: 1.78, train 80.00%
epoch 9, loss: 2.22, train 80.00%
epoch 9, loss: 0.00, train 85.00%
epoch 9, loss: 0.24, train 85.00%
epoch 9, loss: 0.41, train 85.83%
epoch 9, loss: 0.01, train 87.86%
epoch 9, loss: 0.00, train 89.38%
epoch 9, loss: 0.01, train 90.56%
epoch 9, loss: 0.01, train 91.50%
epoch 9, loss: 8.37, train 89.55%
epoch 9, loss: 8.32, train 87.92%
epoch 9, loss: 5.99, train 85.77%
epoch 9, loss: 5.64, train 84.64%
epoch 9, loss: 0.41, train 85.00%
epoch 9, loss: 0.01, train 85.94%
epoch 9, loss: 1.12, train 85.88%
epoch 9, loss: 1.46, train 85.28%
epoch 9, loss: 0.35, train 85.79%
epoch 9, loss: 0.00, train 86.50%
epoch 9, loss: 0.79, train 86.43%
epoch 9, loss: 2.81, train 86.36%
epoch 9, loss: 2.29, train 86.09%
epoch 9, loss: 5.53, train 85.83%
epoch 9, loss: 6.13, train 84.60%
epoch 9, loss: 0.44, train 85.00%
epoch 9, loss: 0.23, train 85.37%
epoch 9, loss: 0.06, train 85.71%
epoch 9, loss: 2.71, train 85.86%
epoch 9, loss: 4.75, train 85.67%
epoch 9, loss: 9.50, train 84.84%
epoch 9, loss: 1.11, train 85.16%
epoch 9, loss: 0.02, train 85.61%
epoch 9, loss: 0.00, train 86.03%
epoch 9, loss: 0.19, train 86.29%
epoch 9, loss: 0.28, train 86.53%
epoch 9, loss: 0.13, train 86.76%
epoch 9, loss: 1.21, train 86.71%
epoch 9, loss: 0.17, train 86.79%
epoch 9, loss: 0.24, train 86.88%
epoch 9, loss: 0.00, train 87.20%
epoch 9, loss: 0.38, train 87.26%
epoch 9, loss: 0.72, train 87.33%
epoch 9, loss: 0.00, train 87.61%
epoch 9, loss: 1.65, train 87.56%
Epoch completed!
epoch 9, total signals 900, average_loss_per_batch: 1.761458, train 87.56%
Validating
Val set size: 120, validation accuracy 80.00%
epoch 10, loss: 2.04, train 90.00%
epoch 10, loss: 0.26, train 90.00%
epoch 10, loss: 0.95, train 91.67%
epoch 10, loss: 0.22, train 92.50%
epoch 10, loss: 1.75, train 91.00%
epoch 10, loss: 2.23, train 91.67%
epoch 10, loss: 0.76, train 90.71%
epoch 10, loss: 0.61, train 90.62%
epoch 10, loss: 0.00, train 91.67%
epoch 10, loss: 0.00, train 92.50%
epoch 10, loss: 0.00, train 93.18%
epoch 10, loss: 0.21, train 93.33%
epoch 10, loss: 19.81, train 88.46%
epoch 10, loss: 0.16, train 88.93%
epoch 10, loss: 7.63, train 87.33%
epoch 10, loss: 0.70, train 87.81%
epoch 10, loss: 0.87, train 87.94%
epoch 10, loss: 0.07, train 88.33%
epoch 10, loss: 0.20, train 88.68%
epoch 10, loss: 1.85, train 88.00%
epoch 10, loss: 1.05, train 87.86%
epoch 10, loss: 0.00, train 88.41%
epoch 10, loss: 5.96, train 87.39%
epoch 10, loss: 0.62, train 87.29%
epoch 10, loss: 0.46, train 87.40%
epoch 10, loss: 0.31, train 87.50%
epoch 10, loss: 1.17, train 87.78%
epoch 10, loss: 5.03, train 87.14%
epoch 10, loss: 1.02, train 87.24%
epoch 10, loss: 0.69, train 87.33%
epoch 10, loss: 1.37, train 87.10%
epoch 10, loss: 2.08, train 87.03%
epoch 10, loss: 0.00, train 87.42%
epoch 10, loss: 0.23, train 87.65%
epoch 10, loss: 0.09, train 87.86%
epoch 10, loss: 0.96, train 87.78%
epoch 10, loss: 0.76, train 87.70%
epoch 10, loss: 0.59, train 87.89%
epoch 10, loss: 0.96, train 87.95%
epoch 10, loss: 0.97, train 87.75%
epoch 10, loss: 0.00, train 88.05%
epoch 10, loss: 0.76, train 87.86%
epoch 10, loss: 0.71, train 87.91%
epoch 10, loss: 1.15, train 87.84%
epoch 10, loss: 14.53, train 87.22%
Epoch completed!
epoch 10, total signals 900, average_loss_per_batch: 1.818332, train 87.22%
Validating
Val set size: 120, validation accuracy 72.50%
epoch 11, loss: 1.43, train 80.00%
epoch 11, loss: 0.21, train 85.00%
epoch 11, loss: 1.23, train 83.33%
epoch 11, loss: 0.97, train 85.00%
epoch 11, loss: 1.02, train 86.00%
epoch 11, loss: 5.36, train 83.33%
epoch 11, loss: 0.00, train 85.71%
epoch 11, loss: 0.02, train 87.50%
epoch 11, loss: 0.11, train 88.33%
epoch 11, loss: 0.01, train 89.50%
epoch 11, loss: 0.06, train 90.00%
epoch 11, loss: 1.65, train 88.33%
epoch 11, loss: 8.51, train 86.15%
epoch 11, loss: 8.81, train 83.93%
epoch 11, loss: 1.43, train 84.00%
epoch 11, loss: 0.00, train 85.00%
epoch 11, loss: 3.22, train 84.12%
epoch 11, loss: 3.11, train 83.61%
epoch 11, loss: 1.08, train 83.42%
epoch 11, loss: 8.49, train 82.25%
epoch 11, loss: 1.51, train 82.14%
epoch 11, loss: 0.59, train 82.50%
epoch 11, loss: 0.03, train 83.26%
epoch 11, loss: 0.97, train 83.54%
epoch 11, loss: 0.75, train 83.60%
epoch 11, loss: 1.70, train 83.08%
epoch 11, loss: 1.56, train 83.15%
epoch 11, loss: 1.37, train 83.21%
epoch 11, loss: 0.88, train 83.62%
epoch 11, loss: 0.89, train 83.67%
epoch 11, loss: 0.00, train 84.19%
epoch 11, loss: 0.00, train 84.69%
epoch 11, loss: 0.51, train 85.00%
epoch 11, loss: 0.34, train 85.15%
epoch 11, loss: 0.93, train 85.43%
epoch 11, loss: 0.39, train 85.69%
epoch 11, loss: 0.79, train 85.81%
epoch 11, loss: 0.71, train 85.92%
epoch 11, loss: 1.01, train 86.03%
epoch 11, loss: 0.26, train 86.25%
epoch 11, loss: 0.31, train 86.34%
epoch 11, loss: 3.99, train 86.19%
epoch 11, loss: 1.30, train 86.16%
epoch 11, loss: 0.24, train 86.36%
epoch 11, loss: 0.00, train 86.67%
Epoch completed!
epoch 11, total signals 900, average_loss_per_batch: 1.505632, train 86.67%
Validating
Val set size: 120, validation accuracy 77.50%
epoch 12, loss: 0.16, train 95.00%
epoch 12, loss: 2.77, train 85.00%
epoch 12, loss: 0.00, train 90.00%
epoch 12, loss: 0.06, train 92.50%
epoch 12, loss: 0.61, train 93.00%
epoch 12, loss: 0.19, train 93.33%
epoch 12, loss: 0.07, train 93.57%
epoch 12, loss: 4.07, train 90.62%
epoch 12, loss: 6.79, train 88.33%
epoch 12, loss: 0.01, train 89.50%
epoch 12, loss: 0.11, train 89.55%
epoch 12, loss: 0.00, train 90.42%
epoch 12, loss: 0.08, train 90.77%
epoch 12, loss: 0.02, train 91.43%
epoch 12, loss: 0.07, train 91.67%
epoch 12, loss: 0.00, train 92.19%
epoch 12, loss: 0.06, train 92.65%
epoch 12, loss: 0.19, train 92.78%
epoch 12, loss: 1.04, train 92.37%
epoch 12, loss: 0.04, train 92.50%
epoch 12, loss: 0.00, train 92.86%
epoch 12, loss: 1.44, train 92.27%
epoch 12, loss: 0.00, train 92.61%
epoch 12, loss: 0.27, train 92.71%
epoch 12, loss: 0.00, train 93.00%
epoch 12, loss: 0.21, train 92.88%
epoch 12, loss: 0.01, train 93.15%
epoch 12, loss: 0.12, train 93.21%
epoch 12, loss: 0.27, train 93.28%
epoch 12, loss: 0.84, train 93.17%
epoch 12, loss: 0.37, train 93.23%
epoch 12, loss: 1.05, train 92.97%
epoch 12, loss: 0.00, train 93.18%
epoch 12, loss: 0.09, train 93.24%
epoch 12, loss: 0.23, train 93.29%
epoch 12, loss: 3.69, train 92.92%
epoch 12, loss: 1.95, train 92.57%
epoch 12, loss: 0.00, train 92.76%
epoch 12, loss: 1.89, train 92.44%
epoch 12, loss: 1.78, train 92.25%
epoch 12, loss: 0.37, train 92.32%
epoch 12, loss: 0.01, train 92.50%
epoch 12, loss: 0.77, train 92.44%
epoch 12, loss: 0.55, train 92.50%
epoch 12, loss: 0.27, train 92.56%
Epoch completed!
epoch 12, total signals 900, average_loss_per_batch: 0.722104, train 92.56%
Validating
Val set size: 120, validation accuracy 74.17%
epoch 13, loss: 0.01, train 100.00%
epoch 13, loss: 0.00, train 100.00%
epoch 13, loss: 0.01, train 100.00%
epoch 13, loss: 0.06, train 98.75%
epoch 13, loss: 0.15, train 98.00%
epoch 13, loss: 0.00, train 98.33%
epoch 13, loss: 0.12, train 97.86%
epoch 13, loss: 0.03, train 98.12%
epoch 13, loss: 0.00, train 98.33%
epoch 13, loss: 0.00, train 98.50%
epoch 13, loss: 0.00, train 98.64%
epoch 13, loss: 0.49, train 97.92%
epoch 13, loss: 0.22, train 97.69%
epoch 13, loss: 1.76, train 96.79%
epoch 13, loss: 0.36, train 96.33%
epoch 13, loss: 0.86, train 95.94%
epoch 13, loss: 0.03, train 96.18%
epoch 13, loss: 0.00, train 96.39%
epoch 13, loss: 0.01, train 96.58%
epoch 13, loss: 0.00, train 96.75%
epoch 13, loss: 0.00, train 96.90%
epoch 13, loss: 0.41, train 96.82%
epoch 13, loss: 0.17, train 96.74%
epoch 13, loss: 0.07, train 96.67%
epoch 13, loss: 0.00, train 96.80%
epoch 13, loss: 0.48, train 96.73%
epoch 13, loss: 0.07, train 96.67%
epoch 13, loss: 0.00, train 96.79%
epoch 13, loss: 0.02, train 96.90%
epoch 13, loss: 1.28, train 96.50%
epoch 13, loss: 0.08, train 96.45%
epoch 13, loss: 0.00, train 96.56%
epoch 13, loss: 0.06, train 96.52%
epoch 13, loss: 1.14, train 96.32%
epoch 13, loss: 0.02, train 96.43%
epoch 13, loss: 0.24, train 96.39%
epoch 13, loss: 0.10, train 96.35%
epoch 13, loss: 0.00, train 96.45%
epoch 13, loss: 0.00, train 96.54%
epoch 13, loss: 0.00, train 96.62%
epoch 13, loss: 0.00, train 96.71%
epoch 13, loss: 0.00, train 96.79%
epoch 13, loss: 0.26, train 96.63%
epoch 13, loss: 1.34, train 96.36%
epoch 13, loss: 0.21, train 96.22%
Epoch completed!
epoch 13, total signals 900, average_loss_per_batch: 0.223566, train 96.22%
Validating
Val set size: 120, validation accuracy 75.00%
epoch 14, loss: 0.00, train 100.00%
epoch 14, loss: 0.80, train 90.00%
epoch 14, loss: 0.00, train 93.33%
epoch 14, loss: 0.91, train 90.00%
epoch 14, loss: 1.45, train 89.00%
epoch 14, loss: 0.31, train 90.00%
epoch 14, loss: 0.00, train 91.43%
epoch 14, loss: 1.11, train 90.62%
epoch 14, loss: 0.78, train 91.11%
epoch 14, loss: 1.37, train 91.50%
epoch 14, loss: 0.01, train 92.27%
epoch 14, loss: 0.33, train 92.50%
epoch 14, loss: 0.51, train 92.31%
epoch 14, loss: 0.43, train 92.50%
epoch 14, loss: 0.12, train 92.67%
epoch 14, loss: 0.44, train 92.81%
epoch 14, loss: 0.00, train 93.24%
epoch 14, loss: 0.08, train 93.33%
epoch 14, loss: 0.00, train 93.68%
epoch 14, loss: 0.42, train 93.50%
epoch 14, loss: 0.99, train 93.57%
epoch 14, loss: 1.28, train 93.18%
epoch 14, loss: 9.77, train 91.74%
epoch 14, loss: 0.02, train 92.08%
epoch 14, loss: 0.00, train 92.40%
epoch 14, loss: 0.00, train 92.69%
epoch 14, loss: 0.00, train 92.96%
epoch 14, loss: 1.44, train 92.68%
epoch 14, loss: 0.20, train 92.76%
epoch 14, loss: 0.00, train 93.00%
epoch 14, loss: 0.01, train 93.23%
epoch 14, loss: 0.00, train 93.44%
epoch 14, loss: 0.00, train 93.64%
epoch 14, loss: 0.36, train 93.68%
epoch 14, loss: 0.11, train 93.57%
epoch 14, loss: 0.13, train 93.61%
epoch 14, loss: 0.07, train 93.65%
epoch 14, loss: 0.04, train 93.68%
epoch 14, loss: 0.00, train 93.85%
epoch 14, loss: 0.04, train 94.00%
epoch 14, loss: 0.00, train 94.15%
epoch 14, loss: 0.00, train 94.29%
epoch 14, loss: 0.78, train 93.95%
epoch 14, loss: 0.33, train 93.86%
epoch 14, loss: 0.90, train 93.56%
Epoch completed!
epoch 14, total signals 900, average_loss_per_batch: 0.568325, train 93.56%
Validating
Val set size: 120, validation accuracy 80.83%
epoch 15, loss: 0.25, train 95.00%
epoch 15, loss: 0.26, train 92.50%
epoch 15, loss: 0.75, train 90.00%
epoch 15, loss: 0.05, train 92.50%
epoch 15, loss: 0.00, train 94.00%
epoch 15, loss: 0.04, train 94.17%
epoch 15, loss: 0.40, train 92.86%
epoch 15, loss: 6.34, train 88.12%
epoch 15, loss: 0.00, train 89.44%
epoch 15, loss: 0.26, train 89.50%
epoch 15, loss: 0.00, train 90.45%
epoch 15, loss: 1.44, train 90.42%
epoch 15, loss: 0.01, train 91.15%
epoch 15, loss: 3.21, train 90.36%
epoch 15, loss: 1.72, train 89.67%
epoch 15, loss: 0.23, train 90.00%
epoch 15, loss: 0.01, train 90.59%
epoch 15, loss: 0.00, train 91.11%
epoch 15, loss: 0.00, train 91.58%
epoch 15, loss: 0.29, train 91.75%
epoch 15, loss: 0.23, train 91.90%
epoch 15, loss: 0.00, train 92.27%
epoch 15, loss: 0.09, train 92.39%
epoch 15, loss: 0.24, train 92.50%
epoch 15, loss: 0.73, train 92.20%
epoch 15, loss: 0.04, train 92.31%
epoch 15, loss: 1.43, train 91.85%
epoch 15, loss: 0.00, train 92.14%
epoch 15, loss: 4.53, train 91.03%
epoch 15, loss: 0.00, train 91.33%
epoch 15, loss: 0.00, train 91.61%
epoch 15, loss: 0.50, train 91.72%
epoch 15, loss: 0.10, train 91.82%
epoch 15, loss: 0.00, train 92.06%
epoch 15, loss: 2.33, train 91.86%
epoch 15, loss: 0.00, train 92.08%
epoch 15, loss: 0.00, train 92.30%
epoch 15, loss: 1.21, train 92.24%
epoch 15, loss: 0.02, train 92.44%
epoch 15, loss: 0.00, train 92.62%
epoch 15, loss: 0.27, train 92.68%
epoch 15, loss: 0.00, train 92.86%
epoch 15, loss: 0.09, train 92.79%
epoch 15, loss: 0.00, train 92.95%
epoch 15, loss: 1.88, train 92.56%
Epoch completed!
epoch 15, total signals 900, average_loss_per_batch: 0.644297, train 92.56%
Validating
Val set size: 120, validation accuracy 81.67%
epoch 16, loss: 0.00, train 100.00%
epoch 16, loss: 0.45, train 97.50%
epoch 16, loss: 0.00, train 98.33%
epoch 16, loss: 0.00, train 98.75%
epoch 16, loss: 0.00, train 99.00%
epoch 16, loss: 0.00, train 99.17%
epoch 16, loss: 0.53, train 98.57%
epoch 16, loss: 0.08, train 98.12%
epoch 16, loss: 0.02, train 98.33%
epoch 16, loss: 1.60, train 95.50%
epoch 16, loss: 0.00, train 95.91%
epoch 16, loss: 0.55, train 95.83%
epoch 16, loss: 0.07, train 95.77%
epoch 16, loss: 0.02, train 96.07%
epoch 16, loss: 0.00, train 96.33%
epoch 16, loss: 1.50, train 95.94%
epoch 16, loss: 0.14, train 95.59%
epoch 16, loss: 0.52, train 95.28%
epoch 16, loss: 0.00, train 95.53%
epoch 16, loss: 0.00, train 95.75%
epoch 16, loss: 0.00, train 95.95%
epoch 16, loss: 0.63, train 95.68%
epoch 16, loss: 0.02, train 95.87%
epoch 16, loss: 0.01, train 96.04%
epoch 16, loss: 5.97, train 95.20%
epoch 16, loss: 0.00, train 95.38%
epoch 16, loss: 0.00, train 95.56%
epoch 16, loss: 1.57, train 95.18%
epoch 16, loss: 0.23, train 95.17%
epoch 16, loss: 0.00, train 95.33%
epoch 16, loss: 0.00, train 95.48%
epoch 16, loss: 0.01, train 95.62%
epoch 16, loss: 0.00, train 95.76%
epoch 16, loss: 0.02, train 95.88%
epoch 16, loss: 0.00, train 96.00%
epoch 16, loss: 0.03, train 96.11%
epoch 16, loss: 0.03, train 96.22%
epoch 16, loss: 0.00, train 96.32%
epoch 16, loss: 0.00, train 96.41%
epoch 16, loss: 1.06, train 96.25%
epoch 16, loss: 0.12, train 96.22%
epoch 16, loss: 0.00, train 96.31%
epoch 16, loss: 0.00, train 96.40%
epoch 16, loss: 0.00, train 96.48%
epoch 16, loss: 0.00, train 96.56%
Epoch completed!
epoch 16, total signals 900, average_loss_per_batch: 0.337608, train 96.56%
Validating
Val set size: 120, validation accuracy 80.00%
epoch 17, loss: 0.06, train 95.00%
epoch 17, loss: 0.20, train 95.00%
epoch 17, loss: 1.81, train 90.00%
epoch 17, loss: 0.32, train 91.25%
epoch 17, loss: 3.15, train 88.00%
epoch 17, loss: 0.00, train 90.00%
epoch 17, loss: 0.08, train 90.71%
epoch 17, loss: 0.28, train 90.62%
epoch 17, loss: 0.14, train 91.11%
epoch 17, loss: 0.00, train 92.00%
epoch 17, loss: 0.05, train 92.27%
epoch 17, loss: 0.00, train 92.92%
epoch 17, loss: 0.00, train 93.46%
epoch 17, loss: 0.32, train 93.57%
epoch 17, loss: 0.42, train 93.67%
epoch 17, loss: 0.35, train 93.12%
epoch 17, loss: 2.28, train 92.65%
epoch 17, loss: 0.39, train 92.22%
epoch 17, loss: 1.03, train 92.11%
epoch 17, loss: 0.00, train 92.50%
epoch 17, loss: 16.47, train 90.24%
epoch 17, loss: 0.02, train 90.68%
epoch 17, loss: 0.87, train 90.65%
epoch 17, loss: 0.00, train 91.04%
epoch 17, loss: 1.58, train 90.40%
epoch 17, loss: 0.52, train 90.58%
epoch 17, loss: 0.93, train 90.37%
epoch 17, loss: 1.77, train 90.18%
epoch 17, loss: 0.58, train 90.17%
epoch 17, loss: 0.25, train 90.33%
epoch 17, loss: 0.00, train 90.65%
epoch 17, loss: 0.00, train 90.94%
epoch 17, loss: 1.79, train 90.61%
epoch 17, loss: 0.01, train 90.88%
epoch 17, loss: 2.74, train 90.29%
epoch 17, loss: 0.75, train 90.28%
epoch 17, loss: 1.93, train 90.00%
epoch 17, loss: 1.29, train 89.74%
epoch 17, loss: 1.11, train 89.49%
epoch 17, loss: 0.16, train 89.62%
epoch 17, loss: 0.61, train 89.63%
epoch 17, loss: 0.00, train 89.88%
epoch 17, loss: 0.26, train 89.88%
epoch 17, loss: 9.31, train 89.20%
epoch 17, loss: 18.50, train 88.33%
Epoch completed!
epoch 17, total signals 900, average_loss_per_batch: 1.607152, train 88.33%
Validating
Val set size: 120, validation accuracy 81.67%
epoch 18, loss: 1.22, train 90.00%
epoch 18, loss: 0.35, train 92.50%
epoch 18, loss: 1.69, train 90.00%
epoch 18, loss: 17.10, train 80.00%
epoch 18, loss: 0.89, train 80.00%
epoch 18, loss: 0.08, train 82.50%
epoch 18, loss: 1.70, train 82.14%
epoch 18, loss: 2.56, train 81.25%
epoch 18, loss: 1.94, train 81.11%
epoch 18, loss: 0.92, train 81.00%
epoch 18, loss: 0.97, train 81.82%
epoch 18, loss: 0.80, train 82.50%
epoch 18, loss: 1.36, train 81.92%
epoch 18, loss: 0.18, train 82.86%
epoch 18, loss: 0.62, train 83.33%
epoch 18, loss: 0.71, train 83.75%
epoch 18, loss: 0.68, train 84.41%
epoch 18, loss: 0.51, train 85.00%
epoch 18, loss: 3.54, train 84.21%
epoch 18, loss: 1.58, train 84.50%
epoch 18, loss: 0.04, train 85.24%
epoch 18, loss: 0.03, train 85.91%
epoch 18, loss: 0.04, train 86.30%
epoch 18, loss: 3.97, train 86.04%
epoch 18, loss: 0.05, train 86.40%
epoch 18, loss: 0.59, train 86.73%
epoch 18, loss: 0.00, train 87.22%
epoch 18, loss: 0.31, train 87.50%
epoch 18, loss: 0.01, train 87.93%
epoch 18, loss: 0.07, train 88.17%
epoch 18, loss: 0.00, train 88.55%
epoch 18, loss: 0.44, train 88.59%
epoch 18, loss: 0.08, train 88.79%
epoch 18, loss: 0.11, train 88.97%
epoch 18, loss: 0.00, train 89.29%
epoch 18, loss: 0.56, train 89.44%
epoch 18, loss: 0.00, train 89.73%
epoch 18, loss: 0.00, train 90.00%
epoch 18, loss: 0.06, train 90.13%
epoch 18, loss: 0.66, train 90.25%
epoch 18, loss: 0.92, train 90.24%
epoch 18, loss: 0.03, train 90.48%
epoch 18, loss: 0.00, train 90.70%
epoch 18, loss: 6.99, train 90.00%
epoch 18, loss: 0.00, train 90.22%
Epoch completed!
epoch 18, total signals 900, average_loss_per_batch: 1.208257, train 90.22%
Validating
Val set size: 120, validation accuracy 75.83%
epoch 19, loss: 0.06, train 95.00%
epoch 19, loss: 0.97, train 95.00%
epoch 19, loss: 0.00, train 96.67%
epoch 19, loss: 2.01, train 90.00%
epoch 19, loss: 0.69, train 90.00%
epoch 19, loss: 0.03, train 91.67%
epoch 19, loss: 0.16, train 92.14%
epoch 19, loss: 0.00, train 93.12%
epoch 19, loss: 0.00, train 93.89%
epoch 19, loss: 0.00, train 94.50%
epoch 19, loss: 0.24, train 94.55%
epoch 19, loss: 1.40, train 93.75%
epoch 19, loss: 0.70, train 93.46%
epoch 19, loss: 0.86, train 93.21%
epoch 19, loss: 0.11, train 93.33%
epoch 19, loss: 0.00, train 93.75%
epoch 19, loss: 0.00, train 94.12%
epoch 19, loss: 0.27, train 94.17%
epoch 19, loss: 0.25, train 93.95%
epoch 19, loss: 0.32, train 94.00%
epoch 19, loss: 1.31, train 93.81%
epoch 19, loss: 5.28, train 92.95%
epoch 19, loss: 0.00, train 93.26%
epoch 19, loss: 0.19, train 93.33%
epoch 19, loss: 0.02, train 93.60%
epoch 19, loss: 0.01, train 93.85%
epoch 19, loss: 0.65, train 93.70%
epoch 19, loss: 0.53, train 93.75%
epoch 19, loss: 1.90, train 93.62%
epoch 19, loss: 0.28, train 93.67%
epoch 19, loss: 2.52, train 93.06%
epoch 19, loss: 18.40, train 91.41%
epoch 19, loss: 0.09, train 91.52%
epoch 19, loss: 0.00, train 91.76%
epoch 19, loss: 0.13, train 91.71%
epoch 19, loss: 0.03, train 91.94%
epoch 19, loss: 1.18, train 91.89%
epoch 19, loss: 0.04, train 91.97%
epoch 19, loss: 0.09, train 92.05%
epoch 19, loss: 0.05, train 92.12%
epoch 19, loss: 0.77, train 92.20%
epoch 19, loss: 0.56, train 92.14%
epoch 19, loss: 8.81, train 91.16%
epoch 19, loss: 0.13, train 91.25%
epoch 19, loss: 0.00, train 91.44%
Epoch completed!
epoch 19, total signals 900, average_loss_per_batch: 1.134230, train 91.44%
Validating
Val set size: 120, validation accuracy 84.17%
epoch 20, loss: 0.76, train 95.00%
epoch 20, loss: 1.14, train 90.00%
epoch 20, loss: 0.00, train 93.33%
epoch 20, loss: 0.02, train 95.00%
epoch 20, loss: 0.26, train 95.00%
epoch 20, loss: 0.00, train 95.83%
epoch 20, loss: 0.38, train 94.29%
epoch 20, loss: 0.58, train 94.38%
epoch 20, loss: 0.78, train 93.89%
epoch 20, loss: 0.84, train 93.50%
epoch 20, loss: 0.47, train 93.18%
epoch 20, loss: 0.48, train 93.33%
epoch 20, loss: 0.10, train 93.46%
epoch 20, loss: 0.98, train 92.86%
epoch 20, loss: 0.00, train 93.33%
epoch 20, loss: 10.41, train 89.69%
epoch 20, loss: 0.74, train 89.71%
epoch 20, loss: 0.00, train 90.28%
epoch 20, loss: 0.09, train 90.53%
epoch 20, loss: 0.00, train 91.00%
epoch 20, loss: 2.04, train 90.24%
epoch 20, loss: 0.02, train 90.68%
epoch 20, loss: 0.01, train 91.09%
epoch 20, loss: 0.38, train 91.04%
epoch 20, loss: 0.91, train 91.00%
epoch 20, loss: 0.00, train 91.35%
epoch 20, loss: 10.68, train 90.00%
epoch 20, loss: 0.00, train 90.36%
epoch 20, loss: 0.01, train 90.69%
epoch 20, loss: 0.02, train 91.00%
epoch 20, loss: 0.00, train 91.29%
epoch 20, loss: 0.63, train 91.41%
epoch 20, loss: 0.05, train 91.52%
epoch 20, loss: 1.04, train 91.32%
epoch 20, loss: 0.28, train 91.43%
epoch 20, loss: 1.45, train 91.11%
epoch 20, loss: 0.07, train 91.22%
epoch 20, loss: 0.00, train 91.45%
epoch 20, loss: 0.43, train 91.54%
epoch 20, loss: 0.02, train 91.75%
epoch 20, loss: 0.00, train 91.95%
epoch 20, loss: 0.02, train 92.14%
epoch 20, loss: 0.00, train 92.33%
epoch 20, loss: 0.55, train 92.39%
epoch 20, loss: 0.55, train 92.33%
Epoch completed!
epoch 20, total signals 900, average_loss_per_batch: 0.827091, train 92.33%
Validating
Val set size: 120, validation accuracy 82.50%
epoch 21, loss: 0.21, train 95.00%
epoch 21, loss: 0.04, train 95.00%
epoch 21, loss: 0.03, train 96.67%
epoch 21, loss: 0.00, train 97.50%
epoch 21, loss: 0.01, train 98.00%
epoch 21, loss: 0.15, train 97.50%
epoch 21, loss: 0.00, train 97.86%
epoch 21, loss: 0.00, train 98.12%
epoch 21, loss: 0.01, train 98.33%
epoch 21, loss: 0.02, train 98.50%
epoch 21, loss: 0.00, train 98.64%
epoch 21, loss: 0.00, train 98.75%
epoch 21, loss: 0.01, train 98.85%
epoch 21, loss: 0.09, train 98.57%
epoch 21, loss: 1.14, train 97.67%
epoch 21, loss: 0.26, train 97.50%
epoch 21, loss: 0.00, train 97.65%
epoch 21, loss: 0.16, train 97.50%
epoch 21, loss: 0.93, train 97.11%
epoch 21, loss: 0.00, train 97.25%
epoch 21, loss: 0.35, train 97.14%
epoch 21, loss: 0.32, train 96.82%
epoch 21, loss: 0.45, train 96.74%
epoch 21, loss: 0.08, train 96.67%
epoch 21, loss: 0.01, train 96.80%
epoch 21, loss: 0.01, train 96.92%
epoch 21, loss: 0.18, train 96.67%
epoch 21, loss: 7.27, train 95.54%
epoch 21, loss: 0.01, train 95.69%
epoch 21, loss: 0.00, train 95.83%
epoch 21, loss: 0.23, train 95.81%
epoch 21, loss: 0.01, train 95.94%
epoch 21, loss: 0.19, train 95.91%
epoch 21, loss: 0.02, train 96.03%
epoch 21, loss: 0.09, train 96.00%
epoch 21, loss: 0.00, train 96.11%
epoch 21, loss: 0.01, train 96.22%
epoch 21, loss: 0.00, train 96.32%
epoch 21, loss: 0.05, train 96.41%
epoch 21, loss: 0.00, train 96.50%
epoch 21, loss: 0.23, train 96.46%
epoch 21, loss: 0.00, train 96.55%
epoch 21, loss: 0.62, train 96.51%
epoch 21, loss: 0.08, train 96.48%
epoch 21, loss: 0.00, train 96.56%
Epoch completed!
epoch 21, total signals 900, average_loss_per_batch: 0.295255, train 96.56%
Validating
Val set size: 120, validation accuracy 83.33%
epoch 22, loss: 0.00, train 100.00%
epoch 22, loss: 0.05, train 97.50%
epoch 22, loss: 0.00, train 98.33%
epoch 22, loss: 0.21, train 97.50%
epoch 22, loss: 0.00, train 98.00%
epoch 22, loss: 0.03, train 98.33%
epoch 22, loss: 0.01, train 98.57%
epoch 22, loss: 19.28, train 91.88%
epoch 22, loss: 0.00, train 92.78%
epoch 22, loss: 0.00, train 93.50%
epoch 22, loss: 0.19, train 93.64%
epoch 22, loss: 0.48, train 92.92%
epoch 22, loss: 1.47, train 91.92%
epoch 22, loss: 0.19, train 92.14%
epoch 22, loss: 0.00, train 92.67%
epoch 22, loss: 0.00, train 93.12%
epoch 22, loss: 0.64, train 92.94%
epoch 22, loss: 0.10, train 93.06%
epoch 22, loss: 0.05, train 93.16%
epoch 22, loss: 0.67, train 93.25%
epoch 22, loss: 0.00, train 93.57%
epoch 22, loss: 0.00, train 93.86%
epoch 22, loss: 0.00, train 94.13%
epoch 22, loss: 0.00, train 94.38%
epoch 22, loss: 0.00, train 94.60%
epoch 22, loss: 0.36, train 94.42%
epoch 22, loss: 0.00, train 94.63%
epoch 22, loss: 0.02, train 94.82%
epoch 22, loss: 0.14, train 94.83%
epoch 22, loss: 0.31, train 94.83%
epoch 22, loss: 0.00, train 95.00%
epoch 22, loss: 0.50, train 94.69%
epoch 22, loss: 0.00, train 94.85%
epoch 22, loss: 0.46, train 94.71%
epoch 22, loss: 0.04, train 94.71%
epoch 22, loss: 0.00, train 94.86%
epoch 22, loss: 0.01, train 95.00%
epoch 22, loss: 0.00, train 95.13%
epoch 22, loss: 1.39, train 95.00%
epoch 22, loss: 0.00, train 95.12%
epoch 22, loss: 0.00, train 95.24%
epoch 22, loss: 0.00, train 95.36%
epoch 22, loss: 0.00, train 95.47%
epoch 22, loss: 0.07, train 95.45%
epoch 22, loss: 0.05, train 95.44%
Epoch completed!
epoch 22, total signals 900, average_loss_per_batch: 0.594896, train 95.44%
Validating
Val set size: 120, validation accuracy 84.17%
epoch 23, loss: 0.00, train 100.00%
epoch 23, loss: 0.00, train 100.00%
epoch 23, loss: 0.16, train 98.33%
epoch 23, loss: 2.68, train 95.00%
epoch 23, loss: 0.12, train 95.00%
epoch 23, loss: 0.36, train 93.33%
epoch 23, loss: 0.00, train 94.29%
epoch 23, loss: 0.11, train 94.38%
epoch 23, loss: 0.00, train 95.00%
epoch 23, loss: 0.00, train 95.50%
epoch 23, loss: 0.02, train 95.91%
epoch 23, loss: 0.00, train 96.25%
epoch 23, loss: 0.26, train 96.15%
epoch 23, loss: 3.56, train 94.64%
epoch 23, loss: 0.00, train 95.00%
epoch 23, loss: 0.00, train 95.31%
epoch 23, loss: 0.00, train 95.59%
epoch 23, loss: 0.04, train 95.83%
epoch 23, loss: 0.11, train 95.79%
epoch 23, loss: 0.00, train 96.00%
epoch 23, loss: 0.01, train 96.19%
epoch 23, loss: 0.00, train 96.36%
epoch 23, loss: 0.02, train 96.52%
epoch 23, loss: 0.16, train 96.46%
epoch 23, loss: 1.22, train 96.00%
epoch 23, loss: 0.07, train 95.96%
epoch 23, loss: 0.19, train 95.93%
epoch 23, loss: 0.00, train 96.07%
epoch 23, loss: 0.00, train 96.21%
epoch 23, loss: 0.69, train 96.00%
epoch 23, loss: 0.48, train 95.81%
epoch 23, loss: 0.00, train 95.94%
epoch 23, loss: 0.00, train 96.06%
epoch 23, loss: 0.00, train 96.18%
epoch 23, loss: 0.72, train 95.86%
epoch 23, loss: 1.04, train 95.69%
epoch 23, loss: 0.01, train 95.81%
epoch 23, loss: 0.00, train 95.92%
epoch 23, loss: 0.67, train 95.90%
epoch 23, loss: 1.57, train 95.62%
epoch 23, loss: 0.01, train 95.73%
epoch 23, loss: 0.00, train 95.83%
epoch 23, loss: 0.00, train 95.93%
epoch 23, loss: 0.00, train 96.02%
epoch 23, loss: 31.55, train 94.89%
Epoch completed!
epoch 23, total signals 900, average_loss_per_batch: 1.018710, train 94.89%
Validating
Val set size: 120, validation accuracy 85.83%
epoch 24, loss: 0.51, train 90.00%
epoch 24, loss: 0.00, train 95.00%
epoch 24, loss: 0.18, train 95.00%
epoch 24, loss: 0.04, train 95.00%
epoch 24, loss: 0.00, train 96.00%
epoch 24, loss: 0.00, train 96.67%
epoch 24, loss: 0.00, train 97.14%
epoch 24, loss: 0.00, train 97.50%
epoch 24, loss: 0.00, train 97.78%
epoch 24, loss: 0.58, train 97.50%
epoch 24, loss: 0.02, train 97.73%
epoch 24, loss: 0.00, train 97.92%
epoch 24, loss: 0.00, train 98.08%
epoch 24, loss: 0.00, train 98.21%
epoch 24, loss: 0.00, train 98.33%
epoch 24, loss: 0.00, train 98.44%
epoch 24, loss: 0.00, train 98.53%
epoch 24, loss: 0.00, train 98.61%
epoch 24, loss: 0.00, train 98.68%
epoch 24, loss: 0.18, train 98.25%
epoch 24, loss: 0.07, train 98.10%
epoch 24, loss: 0.05, train 98.18%
epoch 24, loss: 1.17, train 97.83%
epoch 24, loss: 0.00, train 97.92%
epoch 24, loss: 0.21, train 97.80%
epoch 24, loss: 0.02, train 97.88%
epoch 24, loss: 0.00, train 97.96%
epoch 24, loss: 0.01, train 98.04%
epoch 24, loss: 0.00, train 98.10%
epoch 24, loss: 4.45, train 97.33%
epoch 24, loss: 0.13, train 97.26%
epoch 24, loss: 0.44, train 97.19%
epoch 24, loss: 0.00, train 97.27%
epoch 24, loss: 0.00, train 97.35%
epoch 24, loss: 0.21, train 97.29%
epoch 24, loss: 0.00, train 97.36%
epoch 24, loss: 0.00, train 97.43%
epoch 24, loss: 0.66, train 97.24%
epoch 24, loss: 0.00, train 97.31%
epoch 24, loss: 0.00, train 97.38%
epoch 24, loss: 0.00, train 97.44%
epoch 24, loss: 0.13, train 97.38%
epoch 24, loss: 0.00, train 97.44%
epoch 24, loss: 1.30, train 97.16%
epoch 24, loss: 0.05, train 97.11%
Epoch completed!
epoch 24, total signals 900, average_loss_per_batch: 0.231257, train 97.11%
Validating
Val set size: 120, validation accuracy 83.33%
epoch 25, loss: 0.97, train 80.00%
epoch 25, loss: 0.38, train 87.50%
epoch 25, loss: 0.00, train 91.67%
epoch 25, loss: 1.88, train 91.25%
epoch 25, loss: 0.00, train 93.00%
epoch 25, loss: 0.06, train 93.33%
epoch 25, loss: 34.32, train 84.29%
epoch 25, loss: 0.00, train 86.25%
epoch 25, loss: 0.00, train 87.78%
epoch 25, loss: 0.65, train 87.50%
epoch 25, loss: 0.00, train 88.64%
epoch 25, loss: 4.29, train 87.50%
epoch 25, loss: 0.00, train 88.46%
epoch 25, loss: 0.01, train 89.29%
epoch 25, loss: 0.18, train 89.67%
epoch 25, loss: 0.00, train 90.31%
epoch 25, loss: 0.04, train 90.88%
epoch 25, loss: 0.13, train 91.11%
epoch 25, loss: 0.01, train 91.58%
epoch 25, loss: 0.00, train 92.00%
epoch 25, loss: 0.15, train 92.14%
epoch 25, loss: 0.00, train 92.50%
epoch 25, loss: 0.20, train 92.61%
epoch 25, loss: 2.64, train 92.29%
epoch 25, loss: 0.12, train 92.40%
epoch 25, loss: 2.12, train 92.12%
epoch 25, loss: 0.43, train 92.22%
epoch 25, loss: 0.19, train 92.32%
epoch 25, loss: 0.27, train 92.24%
epoch 25, loss: 0.00, train 92.50%
epoch 25, loss: 0.00, train 92.74%
epoch 25, loss: 0.00, train 92.97%
epoch 25, loss: 0.00, train 93.18%
epoch 25, loss: 0.02, train 93.38%
epoch 25, loss: 0.00, train 93.57%
epoch 25, loss: 0.00, train 93.75%
epoch 25, loss: 0.04, train 93.78%
epoch 25, loss: 0.00, train 93.95%
epoch 25, loss: 0.59, train 93.97%
epoch 25, loss: 0.00, train 94.12%
epoch 25, loss: 0.00, train 94.27%
epoch 25, loss: 0.03, train 94.40%
epoch 25, loss: 0.02, train 94.53%
epoch 25, loss: 0.04, train 94.55%
epoch 25, loss: 0.01, train 94.67%
Epoch completed!
epoch 25, total signals 900, average_loss_per_batch: 1.107557, train 94.67%
Validating
Val set size: 120, validation accuracy 84.17%
epoch 26, loss: 1.13, train 90.00%
epoch 26, loss: 0.00, train 95.00%
epoch 26, loss: 0.10, train 95.00%
epoch 26, loss: 0.00, train 96.25%
epoch 26, loss: 0.00, train 97.00%
epoch 26, loss: 0.00, train 97.50%
epoch 26, loss: 0.00, train 97.86%
epoch 26, loss: 8.96, train 92.50%
epoch 26, loss: 0.03, train 93.33%
epoch 26, loss: 0.08, train 93.50%
epoch 26, loss: 0.01, train 94.09%
epoch 26, loss: 0.03, train 94.58%
epoch 26, loss: 0.01, train 95.00%
epoch 26, loss: 0.00, train 95.36%
epoch 26, loss: 0.00, train 95.67%
epoch 26, loss: 0.00, train 95.94%
epoch 26, loss: 0.00, train 96.18%
epoch 26, loss: 0.00, train 96.39%
epoch 26, loss: 0.00, train 96.58%
epoch 26, loss: 0.01, train 96.75%
epoch 26, loss: 12.94, train 95.48%
epoch 26, loss: 0.22, train 95.45%
epoch 26, loss: 0.00, train 95.65%
epoch 26, loss: 0.00, train 95.83%
epoch 26, loss: 0.00, train 96.00%
epoch 26, loss: 0.01, train 96.15%
epoch 26, loss: 0.65, train 95.93%
epoch 26, loss: 0.86, train 95.89%
epoch 26, loss: 0.02, train 96.03%
epoch 26, loss: 1.34, train 95.83%
epoch 26, loss: 0.38, train 95.65%
epoch 26, loss: 0.08, train 95.62%
epoch 26, loss: 0.00, train 95.76%
epoch 26, loss: 0.15, train 95.74%
epoch 26, loss: 2.91, train 95.43%
epoch 26, loss: 0.01, train 95.56%
epoch 26, loss: 0.13, train 95.54%
epoch 26, loss: 0.95, train 95.26%
epoch 26, loss: 0.33, train 95.13%
epoch 26, loss: 0.00, train 95.25%
epoch 26, loss: 0.70, train 95.12%
epoch 26, loss: 0.00, train 95.24%
epoch 26, loss: 0.00, train 95.35%
epoch 26, loss: 0.00, train 95.45%
epoch 26, loss: 0.69, train 95.00%
Epoch completed!
epoch 26, total signals 900, average_loss_per_batch: 0.727464, train 95.00%
Validating
Val set size: 120, validation accuracy 85.00%
epoch 27, loss: 0.00, train 100.00%
epoch 27, loss: 0.64, train 97.50%
epoch 27, loss: 0.22, train 96.67%
epoch 27, loss: 0.00, train 97.50%
epoch 27, loss: 0.00, train 98.00%
epoch 27, loss: 0.02, train 98.33%
epoch 27, loss: 0.00, train 98.57%
epoch 27, loss: 0.01, train 98.75%
epoch 27, loss: 0.02, train 98.89%
epoch 27, loss: 0.01, train 99.00%
epoch 27, loss: 0.36, train 98.64%
epoch 27, loss: 0.09, train 98.33%
epoch 27, loss: 0.22, train 98.08%
epoch 27, loss: 0.00, train 98.21%
epoch 27, loss: 0.12, train 98.00%
epoch 27, loss: 0.05, train 97.81%
epoch 27, loss: 0.00, train 97.94%
epoch 27, loss: 0.00, train 98.06%
epoch 27, loss: 0.07, train 97.89%
epoch 27, loss: 0.04, train 98.00%
epoch 27, loss: 0.03, train 98.10%
epoch 27, loss: 0.00, train 98.18%
epoch 27, loss: 0.01, train 98.26%
epoch 27, loss: 0.20, train 98.12%
epoch 27, loss: 0.00, train 98.20%
epoch 27, loss: 0.00, train 98.27%
epoch 27, loss: 0.00, train 98.33%
epoch 27, loss: 0.01, train 98.39%
epoch 27, loss: 0.40, train 98.28%
epoch 27, loss: 0.00, train 98.33%
epoch 27, loss: 0.00, train 98.39%
epoch 27, loss: 0.58, train 98.28%
epoch 27, loss: 0.00, train 98.33%
epoch 27, loss: 0.00, train 98.38%
epoch 27, loss: 0.16, train 98.29%
epoch 27, loss: 0.00, train 98.33%
epoch 27, loss: 6.63, train 97.57%
epoch 27, loss: 0.00, train 97.63%
epoch 27, loss: 0.00, train 97.69%
epoch 27, loss: 0.83, train 97.38%
epoch 27, loss: 0.01, train 97.44%
epoch 27, loss: 0.07, train 97.38%
epoch 27, loss: 0.42, train 97.21%
epoch 27, loss: 0.69, train 97.05%
epoch 27, loss: 0.00, train 97.11%
Epoch completed!
epoch 27, total signals 900, average_loss_per_batch: 0.264551, train 97.11%
Validating
Val set size: 120, validation accuracy 85.83%
epoch 28, loss: 0.00, train 100.00%
epoch 28, loss: 0.41, train 97.50%
epoch 28, loss: 0.00, train 98.33%
epoch 28, loss: 0.36, train 96.25%
epoch 28, loss: 0.16, train 96.00%
epoch 28, loss: 0.02, train 96.67%
epoch 28, loss: 0.04, train 96.43%
epoch 28, loss: 0.00, train 96.88%
epoch 28, loss: 1.06, train 96.67%
epoch 28, loss: 0.15, train 96.50%
epoch 28, loss: 7.03, train 93.18%
epoch 28, loss: 0.00, train 93.75%
epoch 28, loss: 0.01, train 94.23%
epoch 28, loss: 0.00, train 94.64%
epoch 28, loss: 0.45, train 94.00%
epoch 28, loss: 0.00, train 94.38%
epoch 28, loss: 0.60, train 94.12%
epoch 28, loss: 0.36, train 94.17%
epoch 28, loss: 0.07, train 94.21%
epoch 28, loss: 0.02, train 94.50%
epoch 28, loss: 0.00, train 94.76%
epoch 28, loss: 0.00, train 95.00%
epoch 28, loss: 0.00, train 95.22%
epoch 28, loss: 7.68, train 94.17%
epoch 28, loss: 0.01, train 94.40%
epoch 28, loss: 0.07, train 94.42%
epoch 28, loss: 0.97, train 94.07%
epoch 28, loss: 0.00, train 94.29%
epoch 28, loss: 0.05, train 94.31%
epoch 28, loss: 0.20, train 94.33%
epoch 28, loss: 0.00, train 94.52%
epoch 28, loss: 0.18, train 94.53%
epoch 28, loss: 0.00, train 94.70%
epoch 28, loss: 0.49, train 94.56%
epoch 28, loss: 0.92, train 94.43%
epoch 28, loss: 0.00, train 94.58%
epoch 28, loss: 0.00, train 94.73%
epoch 28, loss: 0.00, train 94.87%
epoch 28, loss: 0.00, train 95.00%
epoch 28, loss: 0.00, train 95.12%
epoch 28, loss: 0.00, train 95.24%
epoch 28, loss: 0.93, train 95.12%
epoch 28, loss: 0.13, train 95.12%
epoch 28, loss: 0.15, train 95.11%
epoch 28, loss: 0.00, train 95.22%
Epoch completed!
epoch 28, total signals 900, average_loss_per_batch: 0.500978, train 95.22%
Validating
Val set size: 120, validation accuracy 85.83%
epoch 29, loss: 0.85, train 90.00%
epoch 29, loss: 0.00, train 95.00%
epoch 29, loss: 0.00, train 96.67%
epoch 29, loss: 0.35, train 95.00%
epoch 29, loss: 0.00, train 96.00%
epoch 29, loss: 1.39, train 94.17%
epoch 29, loss: 0.00, train 95.00%
epoch 29, loss: 0.00, train 95.62%
epoch 29, loss: 0.00, train 96.11%
epoch 29, loss: 0.00, train 96.50%
epoch 29, loss: 0.00, train 96.82%
epoch 29, loss: 0.00, train 97.08%
epoch 29, loss: 5.72, train 93.08%
epoch 29, loss: 0.00, train 93.57%
epoch 29, loss: 0.00, train 94.00%
epoch 29, loss: 0.00, train 94.38%
epoch 29, loss: 0.00, train 94.71%
epoch 29, loss: 0.01, train 95.00%
epoch 29, loss: 0.00, train 95.26%
epoch 29, loss: 1.17, train 95.25%
epoch 29, loss: 0.00, train 95.48%
epoch 29, loss: 0.02, train 95.68%
epoch 29, loss: 0.00, train 95.87%
epoch 29, loss: 0.00, train 96.04%
epoch 29, loss: 0.24, train 96.00%
epoch 29, loss: 0.16, train 95.96%
epoch 29, loss: 0.05, train 95.93%
epoch 29, loss: 0.11, train 95.71%
epoch 29, loss: 0.00, train 95.86%
epoch 29, loss: 0.01, train 96.00%
epoch 29, loss: 0.34, train 95.97%
epoch 29, loss: 0.00, train 96.09%
epoch 29, loss: 0.47, train 95.91%
epoch 29, loss: 0.21, train 95.88%
epoch 29, loss: 0.00, train 96.00%
epoch 29, loss: 0.00, train 96.11%
epoch 29, loss: 0.42, train 95.95%
epoch 29, loss: 4.55, train 95.13%
epoch 29, loss: 0.88, train 95.00%
epoch 29, loss: 0.00, train 95.12%
epoch 29, loss: 3.35, train 94.76%
epoch 29, loss: 2.93, train 94.29%
epoch 29, loss: 0.22, train 94.19%
epoch 29, loss: 23.72, train 93.07%
epoch 29, loss: 0.72, train 92.78%
Epoch completed!
epoch 29, total signals 900, average_loss_per_batch: 1.063875, train 92.78%
Validating
Val set size: 120, validation accuracy 85.83%
epoch 30, loss: 0.26, train 95.00%
epoch 30, loss: 0.14, train 95.00%
epoch 30, loss: 0.27, train 93.33%
epoch 30, loss: 0.00, train 95.00%
epoch 30, loss: 6.45, train 87.00%
epoch 30, loss: 0.05, train 88.33%
epoch 30, loss: 0.02, train 90.00%
epoch 30, loss: 0.00, train 91.25%
epoch 30, loss: 9.75, train 87.22%
epoch 30, loss: 0.00, train 88.50%
epoch 30, loss: 0.00, train 89.55%
epoch 30, loss: 0.39, train 89.58%
epoch 30, loss: 0.18, train 90.00%
epoch 30, loss: 0.00, train 90.71%
epoch 30, loss: 0.00, train 91.33%
epoch 30, loss: 0.00, train 91.88%
epoch 30, loss: 0.00, train 92.35%
epoch 30, loss: 0.00, train 92.78%
epoch 30, loss: 0.00, train 93.16%
epoch 30, loss: 0.00, train 93.50%
epoch 30, loss: 0.00, train 93.81%
epoch 30, loss: 0.00, train 94.09%
epoch 30, loss: 0.46, train 94.13%
epoch 30, loss: 0.00, train 94.38%
epoch 30, loss: 0.16, train 94.20%
epoch 30, loss: 0.00, train 94.42%
epoch 30, loss: 0.62, train 94.26%
epoch 30, loss: 0.34, train 94.29%
epoch 30, loss: 0.00, train 94.48%
epoch 30, loss: 0.00, train 94.67%
epoch 30, loss: 0.42, train 94.52%
epoch 30, loss: 0.25, train 94.53%
epoch 30, loss: 0.05, train 94.55%
epoch 30, loss: 6.74, train 93.53%
epoch 30, loss: 0.58, train 93.29%
epoch 30, loss: 0.27, train 93.33%
epoch 30, loss: 0.00, train 93.51%
epoch 30, loss: 0.00, train 93.68%
epoch 30, loss: 0.71, train 93.46%
epoch 30, loss: 0.06, train 93.50%
epoch 30, loss: 0.00, train 93.66%
epoch 30, loss: 0.11, train 93.69%
epoch 30, loss: 0.02, train 93.84%
epoch 30, loss: 0.00, train 93.98%
epoch 30, loss: 0.00, train 94.11%
Epoch completed!
epoch 30, total signals 900, average_loss_per_batch: 0.629764, train 94.11%
Validating
Val set size: 120, validation accuracy 85.00%
epoch 31, loss: 0.12, train 95.00%
epoch 31, loss: 0.02, train 97.50%
epoch 31, loss: 0.00, train 98.33%
epoch 31, loss: 0.13, train 97.50%
epoch 31, loss: 0.14, train 97.00%
epoch 31, loss: 0.02, train 97.50%
epoch 31, loss: 0.00, train 97.86%
epoch 31, loss: 0.08, train 97.50%
epoch 31, loss: 0.00, train 97.78%
epoch 31, loss: 0.00, train 98.00%
epoch 31, loss: 0.27, train 97.73%
epoch 31, loss: 0.05, train 97.50%
epoch 31, loss: 0.00, train 97.69%
epoch 31, loss: 0.00, train 97.86%
epoch 31, loss: 0.00, train 98.00%
epoch 31, loss: 0.00, train 98.12%
epoch 31, loss: 6.76, train 96.18%
epoch 31, loss: 0.27, train 96.11%
epoch 31, loss: 0.09, train 96.05%
epoch 31, loss: 0.00, train 96.25%
epoch 31, loss: 0.05, train 96.19%
epoch 31, loss: 0.00, train 96.36%
epoch 31, loss: 0.67, train 96.09%
epoch 31, loss: 0.00, train 96.25%
epoch 31, loss: 0.00, train 96.40%
epoch 31, loss: 0.00, train 96.54%
epoch 31, loss: 0.00, train 96.67%
epoch 31, loss: 0.01, train 96.79%
epoch 31, loss: 1.36, train 96.72%
epoch 31, loss: 0.00, train 96.83%
epoch 31, loss: 0.02, train 96.94%
epoch 31, loss: 0.00, train 97.03%
epoch 31, loss: 0.02, train 97.12%
epoch 31, loss: 0.00, train 97.21%
epoch 31, loss: 0.00, train 97.29%
epoch 31, loss: 0.01, train 97.36%
epoch 31, loss: 0.00, train 97.43%
epoch 31, loss: 0.11, train 97.37%
epoch 31, loss: 0.00, train 97.44%
epoch 31, loss: 0.00, train 97.50%
epoch 31, loss: 0.01, train 97.56%
epoch 31, loss: 0.00, train 97.62%
epoch 31, loss: 0.93, train 97.56%
epoch 31, loss: 0.00, train 97.61%
epoch 31, loss: 0.25, train 97.56%
Epoch completed!
epoch 31, total signals 900, average_loss_per_batch: 0.253257, train 97.56%
Validating
Val set size: 120, validation accuracy 85.00%
epoch 32, loss: 0.00, train 100.00%
epoch 32, loss: 0.00, train 100.00%
epoch 32, loss: 0.00, train 100.00%
epoch 32, loss: 0.45, train 96.25%
epoch 32, loss: 0.00, train 97.00%
epoch 32, loss: 0.01, train 97.50%
epoch 32, loss: 0.03, train 97.86%
epoch 32, loss: 0.00, train 98.12%
epoch 32, loss: 0.00, train 98.33%
epoch 32, loss: 0.00, train 98.50%
epoch 32, loss: 0.00, train 98.64%
epoch 32, loss: 0.50, train 97.92%
epoch 32, loss: 0.48, train 97.31%
epoch 32, loss: 0.37, train 97.14%
epoch 32, loss: 0.00, train 97.33%
epoch 32, loss: 0.00, train 97.50%
epoch 32, loss: 0.00, train 97.65%
epoch 32, loss: 0.00, train 97.78%
epoch 32, loss: 0.00, train 97.89%
epoch 32, loss: 0.00, train 98.00%
epoch 32, loss: 0.00, train 98.10%
epoch 32, loss: 0.23, train 97.95%
epoch 32, loss: 0.00, train 98.04%
epoch 32, loss: 0.00, train 98.12%
epoch 32, loss: 0.00, train 98.20%
epoch 32, loss: 0.00, train 98.27%
epoch 32, loss: 0.00, train 98.33%
epoch 32, loss: 0.12, train 98.21%
epoch 32, loss: 0.02, train 98.28%
epoch 32, loss: 0.00, train 98.33%
epoch 32, loss: 0.21, train 98.23%
epoch 32, loss: 0.00, train 98.28%
epoch 32, loss: 0.33, train 98.03%
epoch 32, loss: 0.00, train 98.09%
epoch 32, loss: 0.31, train 97.86%
epoch 32, loss: 0.00, train 97.92%
epoch 32, loss: 0.01, train 97.97%
epoch 32, loss: 0.00, train 98.03%
epoch 32, loss: 2.58, train 97.56%
epoch 32, loss: 0.00, train 97.62%
epoch 32, loss: 0.00, train 97.68%
epoch 32, loss: 0.01, train 97.74%
epoch 32, loss: 0.19, train 97.67%
epoch 32, loss: 0.57, train 97.50%
epoch 32, loss: 0.00, train 97.56%
Epoch completed!
epoch 32, total signals 900, average_loss_per_batch: 0.143166, train 97.56%
Validating
Val set size: 120, validation accuracy 85.00%
epoch 33, loss: 0.00, train 100.00%
epoch 33, loss: 0.00, train 100.00%
epoch 33, loss: 0.16, train 98.33%
epoch 33, loss: 0.00, train 98.75%
epoch 33, loss: 0.00, train 99.00%
epoch 33, loss: 0.00, train 99.17%
epoch 33, loss: 0.00, train 99.29%
epoch 33, loss: 0.29, train 98.75%
epoch 33, loss: 0.45, train 97.78%
epoch 33, loss: 0.00, train 98.00%
epoch 33, loss: 0.01, train 98.18%
epoch 33, loss: 0.03, train 98.33%
epoch 33, loss: 0.00, train 98.46%
epoch 33, loss: 0.18, train 98.21%
epoch 33, loss: 0.18, train 98.00%
epoch 33, loss: 0.00, train 98.12%
epoch 33, loss: 0.01, train 98.24%
epoch 33, loss: 1.23, train 97.78%
epoch 33, loss: 0.84, train 97.37%
epoch 33, loss: 0.00, train 97.50%
epoch 33, loss: 0.00, train 97.62%
epoch 33, loss: 0.02, train 97.73%
epoch 33, loss: 0.00, train 97.83%
epoch 33, loss: 0.00, train 97.92%
epoch 33, loss: 0.48, train 97.60%
epoch 33, loss: 0.00, train 97.69%
epoch 33, loss: 0.00, train 97.78%
epoch 33, loss: 0.75, train 97.14%
epoch 33, loss: 0.91, train 97.07%
epoch 33, loss: 0.00, train 97.17%
epoch 33, loss: 0.00, train 97.26%
epoch 33, loss: 0.05, train 97.19%
epoch 33, loss: 0.08, train 97.12%
epoch 33, loss: 0.00, train 97.21%
epoch 33, loss: 0.58, train 97.00%
epoch 33, loss: 0.00, train 97.08%
epoch 33, loss: 0.72, train 96.89%
epoch 33, loss: 0.00, train 96.97%
epoch 33, loss: 0.00, train 97.05%
epoch 33, loss: 0.00, train 97.12%
epoch 33, loss: 0.00, train 97.20%
epoch 33, loss: 0.00, train 97.26%
epoch 33, loss: 0.00, train 97.33%
epoch 33, loss: 0.44, train 97.16%
epoch 33, loss: 1.30, train 97.00%
Epoch completed!
epoch 33, total signals 900, average_loss_per_batch: 0.194065, train 97.00%
Validating
Val set size: 120, validation accuracy 85.00%
epoch 34, loss: 0.99, train 90.00%
epoch 34, loss: 4.82, train 77.50%
epoch 34, loss: 1.41, train 80.00%
epoch 34, loss: 0.00, train 85.00%
epoch 34, loss: 0.22, train 87.00%
epoch 34, loss: 0.00, train 89.17%
epoch 34, loss: 0.00, train 90.71%
epoch 34, loss: 0.21, train 91.25%
epoch 34, loss: 0.09, train 91.67%
epoch 34, loss: 0.06, train 92.00%
epoch 34, loss: 0.18, train 92.27%
epoch 34, loss: 0.27, train 92.08%
epoch 34, loss: 0.06, train 92.31%
epoch 34, loss: 0.00, train 92.86%
epoch 34, loss: 0.00, train 93.33%
epoch 34, loss: 0.01, train 93.75%
epoch 34, loss: 0.25, train 93.82%
epoch 34, loss: 0.00, train 94.17%
epoch 34, loss: 0.17, train 94.21%
epoch 34, loss: 0.00, train 94.50%
epoch 34, loss: 0.00, train 94.76%
epoch 34, loss: 0.34, train 94.55%
epoch 34, loss: 0.00, train 94.78%
epoch 34, loss: 0.34, train 94.79%
epoch 34, loss: 2.77, train 94.40%
epoch 34, loss: 0.00, train 94.62%
epoch 34, loss: 0.00, train 94.81%
epoch 34, loss: 0.19, train 94.82%
epoch 34, loss: 0.46, train 94.48%
epoch 34, loss: 0.00, train 94.67%
epoch 34, loss: 0.27, train 94.68%
epoch 34, loss: 0.07, train 94.69%
epoch 34, loss: 1.14, train 94.55%
epoch 34, loss: 0.00, train 94.71%
epoch 34, loss: 0.00, train 94.86%
epoch 34, loss: 0.03, train 95.00%
epoch 34, loss: 0.00, train 95.14%
epoch 34, loss: 1.56, train 94.87%
epoch 34, loss: 0.88, train 94.62%
epoch 34, loss: 1.13, train 94.50%
epoch 34, loss: 0.00, train 94.63%
epoch 34, loss: 1.86, train 94.52%
epoch 34, loss: 0.00, train 94.65%
epoch 34, loss: 0.09, train 94.66%
epoch 34, loss: 0.25, train 94.67%
Epoch completed!
epoch 34, total signals 900, average_loss_per_batch: 0.447412, train 94.67%
Validating
Val set size: 120, validation accuracy 85.00%
epoch 35, loss: 0.00, train 100.00%
epoch 35, loss: 0.00, train 100.00%
epoch 35, loss: 0.21, train 96.67%
epoch 35, loss: 0.00, train 97.50%
epoch 35, loss: 0.01, train 98.00%
epoch 35, loss: 0.05, train 97.50%
epoch 35, loss: 0.00, train 97.86%
epoch 35, loss: 0.46, train 97.50%
epoch 35, loss: 0.19, train 97.22%
epoch 35, loss: 0.03, train 97.50%
epoch 35, loss: 0.22, train 97.27%
epoch 35, loss: 0.00, train 97.50%
epoch 35, loss: 0.20, train 97.31%
epoch 35, loss: 0.07, train 97.14%
epoch 35, loss: 0.00, train 97.33%
epoch 35, loss: 0.19, train 97.19%
epoch 35, loss: 2.05, train 96.47%
epoch 35, loss: 0.05, train 96.67%
epoch 35, loss: 0.00, train 96.84%
epoch 35, loss: 0.00, train 97.00%
epoch 35, loss: 0.00, train 97.14%
epoch 35, loss: 0.00, train 97.27%
epoch 35, loss: 0.00, train 97.39%
epoch 35, loss: 0.41, train 97.08%
epoch 35, loss: 0.00, train 97.20%
epoch 35, loss: 0.12, train 97.12%
epoch 35, loss: 0.12, train 97.04%
epoch 35, loss: 0.16, train 96.96%
epoch 35, loss: 0.00, train 97.07%
epoch 35, loss: 0.00, train 97.17%
epoch 35, loss: 0.00, train 97.26%
epoch 35, loss: 0.55, train 97.03%
epoch 35, loss: 0.00, train 97.12%
epoch 35, loss: 0.00, train 97.21%
epoch 35, loss: 0.00, train 97.29%
epoch 35, loss: 0.15, train 97.22%
epoch 35, loss: 0.00, train 97.30%
epoch 35, loss: 0.00, train 97.37%
epoch 35, loss: 0.00, train 97.44%
epoch 35, loss: 0.00, train 97.50%
epoch 35, loss: 1.13, train 97.32%
epoch 35, loss: 0.00, train 97.38%
epoch 35, loss: 0.44, train 97.09%
epoch 35, loss: 0.07, train 97.05%
epoch 35, loss: 0.34, train 97.00%
Epoch completed!
epoch 35, total signals 900, average_loss_per_batch: 0.160646, train 97.00%
Validating
Val set size: 120, validation accuracy 85.00%
epoch 36, loss: 0.00, train 100.00%
epoch 36, loss: 1.09, train 92.50%
epoch 36, loss: 0.00, train 95.00%
epoch 36, loss: 0.41, train 95.00%
epoch 36, loss: 0.00, train 96.00%
epoch 36, loss: 0.00, train 96.67%
epoch 36, loss: 0.00, train 97.14%
epoch 36, loss: 0.00, train 97.50%
epoch 36, loss: 0.00, train 97.78%
epoch 36, loss: 0.00, train 98.00%
epoch 36, loss: 0.03, train 98.18%
epoch 36, loss: 1.83, train 97.08%
epoch 36, loss: 0.65, train 96.54%
epoch 36, loss: 0.00, train 96.79%
epoch 36, loss: 0.01, train 97.00%
epoch 36, loss: 11.13, train 94.38%
epoch 36, loss: 0.11, train 94.41%
epoch 36, loss: 0.33, train 94.44%
epoch 36, loss: 0.00, train 94.74%
epoch 36, loss: 0.00, train 95.00%
epoch 36, loss: 0.00, train 95.24%
epoch 36, loss: 0.01, train 95.45%
epoch 36, loss: 0.00, train 95.65%
epoch 36, loss: 0.00, train 95.83%
epoch 36, loss: 0.00, train 96.00%
epoch 36, loss: 0.00, train 96.15%
epoch 36, loss: 0.00, train 96.30%
epoch 36, loss: 0.00, train 96.43%
epoch 36, loss: 0.00, train 96.55%
epoch 36, loss: 0.00, train 96.67%
epoch 36, loss: 0.00, train 96.77%
epoch 36, loss: 0.00, train 96.88%
epoch 36, loss: 0.00, train 96.97%
epoch 36, loss: 0.00, train 97.06%
epoch 36, loss: 0.17, train 96.86%
epoch 36, loss: 0.00, train 96.94%
epoch 36, loss: 0.00, train 97.03%
epoch 36, loss: 5.64, train 96.71%
epoch 36, loss: 0.00, train 96.79%
epoch 36, loss: 0.06, train 96.75%
epoch 36, loss: 0.00, train 96.83%
epoch 36, loss: 0.07, train 96.79%
epoch 36, loss: 0.01, train 96.86%
epoch 36, loss: 0.00, train 96.93%
epoch 36, loss: 0.02, train 97.00%
Epoch completed!
epoch 36, total signals 900, average_loss_per_batch: 0.479246, train 97.00%
Validating
Val set size: 120, validation accuracy 85.00%
epoch 37, loss: 0.26, train 95.00%
epoch 37, loss: 0.00, train 97.50%
epoch 37, loss: 0.00, train 98.33%
epoch 37, loss: 0.00, train 98.75%
epoch 37, loss: 0.14, train 98.00%
epoch 37, loss: 0.00, train 98.33%
epoch 37, loss: 4.87, train 95.00%
epoch 37, loss: 0.00, train 95.62%
epoch 37, loss: 0.00, train 96.11%
epoch 37, loss: 0.03, train 96.50%
epoch 37, loss: 0.00, train 96.82%
epoch 37, loss: 0.00, train 97.08%
epoch 37, loss: 0.11, train 96.92%
epoch 37, loss: 0.00, train 97.14%
epoch 37, loss: 0.12, train 96.67%
epoch 37, loss: 0.00, train 96.88%
epoch 37, loss: 0.04, train 96.76%
epoch 37, loss: 0.02, train 96.94%
epoch 37, loss: 0.67, train 96.84%
epoch 37, loss: 0.00, train 97.00%
epoch 37, loss: 0.01, train 97.14%
epoch 37, loss: 0.20, train 97.05%
epoch 37, loss: 0.00, train 97.17%
epoch 37, loss: 0.08, train 97.08%
epoch 37, loss: 0.23, train 97.00%
epoch 37, loss: 0.01, train 97.12%
epoch 37, loss: 0.00, train 97.22%
epoch 37, loss: 0.00, train 97.32%
epoch 37, loss: 0.11, train 97.24%
epoch 37, loss: 0.00, train 97.33%
epoch 37, loss: 0.00, train 97.42%
epoch 37, loss: 0.02, train 97.50%
epoch 37, loss: 0.00, train 97.58%
epoch 37, loss: 0.00, train 97.65%
epoch 37, loss: 0.00, train 97.71%
epoch 37, loss: 0.00, train 97.78%
epoch 37, loss: 0.00, train 97.84%
epoch 37, loss: 0.00, train 97.89%
epoch 37, loss: 0.00, train 97.95%
epoch 37, loss: 0.00, train 98.00%
epoch 37, loss: 0.00, train 98.05%
epoch 37, loss: 0.00, train 98.10%
epoch 37, loss: 0.00, train 98.14%
epoch 37, loss: 0.00, train 98.18%
epoch 37, loss: 0.02, train 98.22%
Epoch completed!
epoch 37, total signals 900, average_loss_per_batch: 0.154774, train 98.22%
Validating
Val set size: 120, validation accuracy 85.00%
epoch 38, loss: 0.00, train 100.00%
epoch 38, loss: 0.00, train 100.00%
epoch 38, loss: 0.04, train 98.33%
epoch 38, loss: 0.00, train 98.75%
epoch 38, loss: 0.00, train 99.00%
epoch 38, loss: 0.00, train 99.17%
epoch 38, loss: 0.00, train 99.29%
epoch 38, loss: 0.00, train 99.38%
epoch 38, loss: 0.00, train 99.44%
epoch 38, loss: 0.09, train 99.00%
epoch 38, loss: 0.00, train 99.09%
epoch 38, loss: 0.04, train 99.17%
epoch 38, loss: 0.06, train 98.85%
epoch 38, loss: 0.00, train 98.93%
epoch 38, loss: 0.00, train 99.00%
epoch 38, loss: 0.36, train 98.75%
epoch 38, loss: 0.14, train 98.53%
epoch 38, loss: 0.00, train 98.61%
epoch 38, loss: 0.01, train 98.68%
epoch 38, loss: 0.01, train 98.75%
epoch 38, loss: 0.22, train 98.57%
epoch 38, loss: 0.00, train 98.64%
epoch 38, loss: 0.00, train 98.70%
epoch 38, loss: 0.00, train 98.75%
epoch 38, loss: 0.08, train 98.60%
epoch 38, loss: 0.02, train 98.65%
epoch 38, loss: 0.02, train 98.70%
epoch 38, loss: 0.00, train 98.75%
epoch 38, loss: 0.02, train 98.79%
epoch 38, loss: 0.00, train 98.83%
epoch 38, loss: 0.01, train 98.87%
epoch 38, loss: 0.00, train 98.91%
epoch 38, loss: 0.90, train 98.64%
epoch 38, loss: 0.00, train 98.68%
epoch 38, loss: 0.00, train 98.71%
epoch 38, loss: 0.00, train 98.75%
epoch 38, loss: 0.00, train 98.78%
epoch 38, loss: 0.00, train 98.82%
epoch 38, loss: 0.00, train 98.85%
epoch 38, loss: 0.80, train 98.50%
epoch 38, loss: 0.18, train 98.29%
epoch 38, loss: 0.00, train 98.33%
epoch 38, loss: 0.01, train 98.37%
epoch 38, loss: 0.02, train 98.41%
epoch 38, loss: 0.00, train 98.44%
Epoch completed!
epoch 38, total signals 900, average_loss_per_batch: 0.068605, train 98.44%
Validating
Val set size: 120, validation accuracy 85.00%
epoch 39, loss: 0.14, train 95.00%
epoch 39, loss: 0.00, train 97.50%
epoch 39, loss: 0.00, train 98.33%
epoch 39, loss: 0.35, train 95.00%
epoch 39, loss: 0.07, train 95.00%
epoch 39, loss: 0.00, train 95.83%
epoch 39, loss: 0.00, train 96.43%
epoch 39, loss: 0.00, train 96.88%
epoch 39, loss: 0.12, train 96.67%
epoch 39, loss: 0.00, train 97.00%
epoch 39, loss: 0.35, train 96.82%
epoch 39, loss: 0.00, train 97.08%
epoch 39, loss: 0.01, train 97.31%
epoch 39, loss: 0.00, train 97.50%
epoch 39, loss: 0.00, train 97.67%
epoch 39, loss: 0.00, train 97.81%
epoch 39, loss: 0.00, train 97.94%
epoch 39, loss: 0.00, train 98.06%
epoch 39, loss: 0.02, train 98.16%
epoch 39, loss: 0.01, train 98.25%
epoch 39, loss: 1.66, train 97.38%
epoch 39, loss: 0.01, train 97.50%
epoch 39, loss: 0.00, train 97.61%
epoch 39, loss: 0.14, train 97.50%
epoch 39, loss: 0.53, train 97.40%
epoch 39, loss: 0.00, train 97.50%
epoch 39, loss: 0.40, train 97.41%
epoch 39, loss: 0.03, train 97.50%
epoch 39, loss: 0.27, train 97.07%
epoch 39, loss: 0.00, train 97.17%
epoch 39, loss: 1.18, train 96.61%
epoch 39, loss: 1.05, train 96.41%
epoch 39, loss: 0.00, train 96.52%
epoch 39, loss: 0.00, train 96.62%
epoch 39, loss: 0.00, train 96.71%
epoch 39, loss: 0.00, train 96.81%
epoch 39, loss: 0.00, train 96.89%
epoch 39, loss: 0.00, train 96.97%
epoch 39, loss: 0.00, train 97.05%
epoch 39, loss: 0.00, train 97.12%
epoch 39, loss: 0.32, train 97.07%
epoch 39, loss: 2.42, train 96.79%
epoch 39, loss: 0.00, train 96.86%
epoch 39, loss: 0.08, train 96.82%
epoch 39, loss: 0.00, train 96.89%
Epoch completed!
epoch 39, total signals 900, average_loss_per_batch: 0.203441, train 96.89%
Validating
Val set size: 120, validation accuracy 85.00%
epoch 40, loss: 0.00, train 100.00%
epoch 40, loss: 0.00, train 100.00%
epoch 40, loss: 0.00, train 100.00%
epoch 40, loss: 0.00, train 100.00%
epoch 40, loss: 0.00, train 100.00%
epoch 40, loss: 0.00, train 100.00%
epoch 40, loss: 0.10, train 99.29%
epoch 40, loss: 0.00, train 99.38%
epoch 40, loss: 0.00, train 99.44%
epoch 40, loss: 0.38, train 99.00%
epoch 40, loss: 0.00, train 99.09%
epoch 40, loss: 0.00, train 99.17%
epoch 40, loss: 0.00, train 99.23%
epoch 40, loss: 0.00, train 99.29%
epoch 40, loss: 0.16, train 99.00%
epoch 40, loss: 0.00, train 99.06%
epoch 40, loss: 0.00, train 99.12%
epoch 40, loss: 0.37, train 98.89%
epoch 40, loss: 0.14, train 98.68%
epoch 40, loss: 0.11, train 98.50%
epoch 40, loss: 0.26, train 98.33%
epoch 40, loss: 0.06, train 98.18%
epoch 40, loss: 0.05, train 98.26%
epoch 40, loss: 0.00, train 98.33%
epoch 40, loss: 0.00, train 98.40%
epoch 40, loss: 0.02, train 98.46%
epoch 40, loss: 0.00, train 98.52%
epoch 40, loss: 0.01, train 98.57%
epoch 40, loss: 0.00, train 98.62%
epoch 40, loss: 0.22, train 98.50%
epoch 40, loss: 0.00, train 98.55%
epoch 40, loss: 0.00, train 98.59%
epoch 40, loss: 0.01, train 98.64%
epoch 40, loss: 0.02, train 98.68%
epoch 40, loss: 0.02, train 98.71%
epoch 40, loss: 0.81, train 98.47%
epoch 40, loss: 0.00, train 98.51%
epoch 40, loss: 0.74, train 98.42%
epoch 40, loss: 0.52, train 98.33%
epoch 40, loss: 0.00, train 98.38%
epoch 40, loss: 0.00, train 98.41%
epoch 40, loss: 0.00, train 98.45%
epoch 40, loss: 0.00, train 98.49%
epoch 40, loss: 0.30, train 98.41%
epoch 40, loss: 0.00, train 98.44%
Epoch completed!
epoch 40, total signals 900, average_loss_per_batch: 0.096125, train 98.44%
Validating
Val set size: 120, validation accuracy 85.00%
epoch 41, loss: 0.32, train 95.00%
epoch 41, loss: 0.00, train 97.50%
epoch 41, loss: 0.00, train 98.33%
epoch 41, loss: 0.21, train 97.50%
epoch 41, loss: 0.00, train 98.00%
epoch 41, loss: 0.01, train 98.33%
epoch 41, loss: 0.01, train 98.57%
epoch 41, loss: 0.00, train 98.75%
epoch 41, loss: 0.00, train 98.89%
epoch 41, loss: 1.09, train 98.00%
epoch 41, loss: 0.00, train 98.18%
epoch 41, loss: 0.00, train 98.33%
epoch 41, loss: 0.31, train 98.08%
epoch 41, loss: 0.00, train 98.21%
epoch 41, loss: 0.00, train 98.33%
epoch 41, loss: 0.00, train 98.44%
epoch 41, loss: 0.00, train 98.53%
epoch 41, loss: 0.00, train 98.61%
epoch 41, loss: 0.00, train 98.68%
epoch 41, loss: 0.08, train 98.50%
epoch 41, loss: 0.00, train 98.57%
epoch 41, loss: 0.00, train 98.64%
epoch 41, loss: 0.00, train 98.70%
epoch 41, loss: 0.00, train 98.75%
epoch 41, loss: 0.00, train 98.80%
epoch 41, loss: 0.00, train 98.85%
epoch 41, loss: 0.85, train 98.15%
epoch 41, loss: 0.00, train 98.21%
epoch 41, loss: 0.00, train 98.28%
epoch 41, loss: 0.43, train 98.17%
epoch 41, loss: 1.20, train 97.90%
epoch 41, loss: 0.01, train 97.97%
epoch 41, loss: 0.00, train 98.03%
epoch 41, loss: 0.00, train 98.09%
epoch 41, loss: 0.00, train 98.14%
epoch 41, loss: 0.00, train 98.19%
epoch 41, loss: 0.01, train 98.24%
epoch 41, loss: 0.00, train 98.29%
epoch 41, loss: 1.17, train 97.95%
epoch 41, loss: 3.28, train 97.50%
epoch 41, loss: 0.00, train 97.56%
epoch 41, loss: 0.51, train 97.50%
epoch 41, loss: 0.00, train 97.56%
epoch 41, loss: 0.01, train 97.61%
epoch 41, loss: 0.23, train 97.44%
Epoch completed!
epoch 41, total signals 900, average_loss_per_batch: 0.216200, train 97.44%
Validating
Val set size: 120, validation accuracy 85.00%
epoch 42, loss: 0.00, train 100.00%
epoch 42, loss: 0.00, train 100.00%
epoch 42, loss: 0.16, train 98.33%
epoch 42, loss: 0.00, train 98.75%
epoch 42, loss: 0.19, train 97.00%
epoch 42, loss: 0.00, train 97.50%
epoch 42, loss: 0.01, train 97.86%
epoch 42, loss: 0.00, train 98.12%
epoch 42, loss: 0.00, train 98.33%
epoch 42, loss: 0.00, train 98.50%
epoch 42, loss: 1.13, train 97.73%
epoch 42, loss: 0.52, train 97.50%
epoch 42, loss: 0.00, train 97.69%
epoch 42, loss: 0.00, train 97.86%
epoch 42, loss: 0.23, train 97.33%
epoch 42, loss: 0.00, train 97.50%
epoch 42, loss: 0.00, train 97.65%
epoch 42, loss: 0.00, train 97.78%
epoch 42, loss: 0.88, train 96.84%
epoch 42, loss: 0.00, train 97.00%
epoch 42, loss: 0.00, train 97.14%
epoch 42, loss: 0.03, train 97.27%
epoch 42, loss: 0.00, train 97.39%
epoch 42, loss: 0.05, train 97.29%
epoch 42, loss: 0.32, train 97.20%
epoch 42, loss: 0.00, train 97.31%
epoch 42, loss: 0.06, train 97.22%
epoch 42, loss: 0.00, train 97.32%
epoch 42, loss: 0.00, train 97.41%
epoch 42, loss: 0.00, train 97.50%
epoch 42, loss: 0.18, train 97.26%
epoch 42, loss: 0.00, train 97.34%
epoch 42, loss: 0.07, train 97.27%
epoch 42, loss: 0.00, train 97.35%
epoch 42, loss: 0.01, train 97.43%
epoch 42, loss: 0.04, train 97.36%
epoch 42, loss: 0.00, train 97.43%
epoch 42, loss: 0.24, train 97.37%
epoch 42, loss: 0.19, train 97.31%
epoch 42, loss: 0.00, train 97.38%
epoch 42, loss: 2.47, train 96.83%
epoch 42, loss: 0.00, train 96.90%
epoch 42, loss: 0.00, train 96.98%
epoch 42, loss: 0.00, train 97.05%
epoch 42, loss: 0.00, train 97.11%
Epoch completed!
epoch 42, total signals 900, average_loss_per_batch: 0.150905, train 97.11%
Validating
Val set size: 120, validation accuracy 85.00%
epoch 43, loss: 0.00, train 100.00%
epoch 43, loss: 0.00, train 100.00%
epoch 43, loss: 1.47, train 93.33%
epoch 43, loss: 1.25, train 88.75%
epoch 43, loss: 0.03, train 91.00%
epoch 43, loss: 0.00, train 92.50%
epoch 43, loss: 0.00, train 93.57%
epoch 43, loss: 0.00, train 94.38%
epoch 43, loss: 0.23, train 93.89%
epoch 43, loss: 0.00, train 94.50%
epoch 43, loss: 0.04, train 94.55%
epoch 43, loss: 0.00, train 95.00%
epoch 43, loss: 0.00, train 95.38%
epoch 43, loss: 0.00, train 95.71%
epoch 43, loss: 0.00, train 96.00%
epoch 43, loss: 0.00, train 96.25%
epoch 43, loss: 0.01, train 96.47%
epoch 43, loss: 0.00, train 96.67%
epoch 43, loss: 0.00, train 96.84%
epoch 43, loss: 0.00, train 97.00%
epoch 43, loss: 0.01, train 97.14%
epoch 43, loss: 0.00, train 97.27%
epoch 43, loss: 0.00, train 97.39%
epoch 43, loss: 0.93, train 97.29%
epoch 43, loss: 0.00, train 97.40%
epoch 43, loss: 0.00, train 97.50%
epoch 43, loss: 4.42, train 96.85%
epoch 43, loss: 11.34, train 95.71%
epoch 43, loss: 0.09, train 95.69%
epoch 43, loss: 1.59, train 95.33%
epoch 43, loss: 0.79, train 95.16%
epoch 43, loss: 0.34, train 95.00%
epoch 43, loss: 0.04, train 95.15%
epoch 43, loss: 0.00, train 95.29%
epoch 43, loss: 0.00, train 95.43%
epoch 43, loss: 0.01, train 95.56%
epoch 43, loss: 0.00, train 95.68%
epoch 43, loss: 0.11, train 95.53%
epoch 43, loss: 0.46, train 95.26%
epoch 43, loss: 0.00, train 95.38%
epoch 43, loss: 0.07, train 95.37%
epoch 43, loss: 0.07, train 95.36%
epoch 43, loss: 0.00, train 95.47%
epoch 43, loss: 0.00, train 95.57%
epoch 43, loss: 0.00, train 95.67%
Epoch completed!
epoch 43, total signals 900, average_loss_per_batch: 0.518731, train 95.67%
Validating
Val set size: 120, validation accuracy 85.00%
epoch 44, loss: 0.46, train 95.00%
epoch 44, loss: 0.00, train 97.50%
epoch 44, loss: 0.00, train 98.33%
epoch 44, loss: 0.00, train 98.75%
epoch 44, loss: 0.00, train 99.00%
epoch 44, loss: 0.00, train 99.17%
epoch 44, loss: 0.03, train 99.29%
epoch 44, loss: 0.00, train 99.38%
epoch 44, loss: 0.21, train 98.89%
epoch 44, loss: 0.21, train 98.50%
epoch 44, loss: 0.01, train 98.64%
epoch 44, loss: 0.01, train 98.75%
epoch 44, loss: 0.15, train 98.46%
epoch 44, loss: 0.14, train 98.21%
epoch 44, loss: 0.00, train 98.33%
epoch 44, loss: 12.26, train 95.62%
epoch 44, loss: 0.05, train 95.59%
epoch 44, loss: 0.78, train 95.56%
epoch 44, loss: 0.00, train 95.79%
epoch 44, loss: 0.00, train 96.00%
epoch 44, loss: 0.01, train 96.19%
epoch 44, loss: 0.00, train 96.36%
epoch 44, loss: 0.44, train 96.30%
epoch 44, loss: 0.00, train 96.46%
epoch 44, loss: 0.00, train 96.60%
epoch 44, loss: 0.00, train 96.73%
epoch 44, loss: 0.00, train 96.85%
epoch 44, loss: 0.45, train 96.61%
epoch 44, loss: 0.00, train 96.72%
epoch 44, loss: 0.00, train 96.83%
epoch 44, loss: 0.01, train 96.94%
epoch 44, loss: 3.40, train 95.78%
epoch 44, loss: 0.61, train 95.61%
epoch 44, loss: 0.97, train 95.44%
epoch 44, loss: 0.00, train 95.57%
epoch 44, loss: 0.01, train 95.69%
epoch 44, loss: 0.27, train 95.68%
epoch 44, loss: 0.07, train 95.66%
epoch 44, loss: 0.05, train 95.64%
epoch 44, loss: 0.01, train 95.75%
epoch 44, loss: 0.00, train 95.85%
epoch 44, loss: 0.00, train 95.95%
epoch 44, loss: 0.19, train 95.93%
epoch 44, loss: 0.19, train 95.91%
epoch 44, loss: 0.12, train 95.89%
Epoch completed!
epoch 44, total signals 900, average_loss_per_batch: 0.469053, train 95.89%
Validating
Val set size: 120, validation accuracy 85.00%
epoch 45, loss: 0.00, train 100.00%
epoch 45, loss: 0.00, train 100.00%
epoch 45, loss: 0.30, train 98.33%
epoch 45, loss: 0.00, train 98.75%
epoch 45, loss: 0.00, train 99.00%
epoch 45, loss: 0.04, train 98.33%
epoch 45, loss: 0.07, train 97.86%
epoch 45, loss: 0.00, train 98.12%
epoch 45, loss: 0.00, train 98.33%
epoch 45, loss: 0.00, train 98.50%
epoch 45, loss: 0.01, train 98.64%
epoch 45, loss: 0.00, train 98.75%
epoch 45, loss: 0.00, train 98.85%
epoch 45, loss: 0.06, train 98.57%
epoch 45, loss: 0.00, train 98.67%
epoch 45, loss: 0.01, train 98.75%
epoch 45, loss: 0.71, train 98.24%
epoch 45, loss: 0.08, train 98.06%
epoch 45, loss: 0.00, train 98.16%
epoch 45, loss: 0.00, train 98.25%
epoch 45, loss: 0.00, train 98.33%
epoch 45, loss: 0.00, train 98.41%
epoch 45, loss: 0.07, train 98.26%
epoch 45, loss: 0.00, train 98.33%
epoch 45, loss: 0.00, train 98.40%
epoch 45, loss: 0.19, train 98.27%
epoch 45, loss: 0.00, train 98.33%
epoch 45, loss: 0.00, train 98.39%
epoch 45, loss: 1.12, train 98.10%
epoch 45, loss: 0.00, train 98.17%
epoch 45, loss: 0.78, train 97.58%
epoch 45, loss: 0.00, train 97.66%
epoch 45, loss: 1.49, train 97.42%
epoch 45, loss: 0.00, train 97.50%
epoch 45, loss: 0.00, train 97.57%
epoch 45, loss: 0.00, train 97.64%
epoch 45, loss: 0.00, train 97.70%
epoch 45, loss: 0.00, train 97.76%
epoch 45, loss: 0.00, train 97.82%
epoch 45, loss: 0.01, train 97.88%
epoch 45, loss: 0.00, train 97.93%
epoch 45, loss: 0.00, train 97.98%
epoch 45, loss: 0.00, train 98.02%
epoch 45, loss: 0.00, train 98.07%
epoch 45, loss: 0.00, train 98.11%
Epoch completed!
epoch 45, total signals 900, average_loss_per_batch: 0.110076, train 98.11%
Validating
Val set size: 120, validation accuracy 85.00%
epoch 46, loss: 0.79, train 90.00%
epoch 46, loss: 0.00, train 95.00%
epoch 46, loss: 0.00, train 96.67%
epoch 46, loss: 0.24, train 96.25%
epoch 46, loss: 0.00, train 97.00%
epoch 46, loss: 0.00, train 97.50%
epoch 46, loss: 0.00, train 97.86%
epoch 46, loss: 0.55, train 96.25%
epoch 46, loss: 0.00, train 96.67%
epoch 46, loss: 0.00, train 97.00%
epoch 46, loss: 0.05, train 96.82%
epoch 46, loss: 0.00, train 97.08%
epoch 46, loss: 0.01, train 97.31%
epoch 46, loss: 0.00, train 97.50%
epoch 46, loss: 0.21, train 97.33%
epoch 46, loss: 0.11, train 97.19%
epoch 46, loss: 0.00, train 97.35%
epoch 46, loss: 0.14, train 96.67%
epoch 46, loss: 0.00, train 96.84%
epoch 46, loss: 0.19, train 96.75%
epoch 46, loss: 11.24, train 95.24%
epoch 46, loss: 0.87, train 94.77%
epoch 46, loss: 0.00, train 95.00%
epoch 46, loss: 0.00, train 95.21%
epoch 46, loss: 0.00, train 95.40%
epoch 46, loss: 0.00, train 95.58%
epoch 46, loss: 0.00, train 95.74%
epoch 46, loss: 0.21, train 95.54%
epoch 46, loss: 0.00, train 95.69%
epoch 46, loss: 0.00, train 95.83%
epoch 46, loss: 0.02, train 95.97%
epoch 46, loss: 0.00, train 96.09%
epoch 46, loss: 0.06, train 96.06%
epoch 46, loss: 0.34, train 96.03%
epoch 46, loss: 0.00, train 96.14%
epoch 46, loss: 0.08, train 96.11%
epoch 46, loss: 0.00, train 96.22%
epoch 46, loss: 0.65, train 96.05%
epoch 46, loss: 0.02, train 96.15%
epoch 46, loss: 1.74, train 95.75%
epoch 46, loss: 0.04, train 95.73%
epoch 46, loss: 0.00, train 95.83%
epoch 46, loss: 0.00, train 95.93%
epoch 46, loss: 0.06, train 95.91%
epoch 46, loss: 0.00, train 96.00%
Epoch completed!
epoch 46, total signals 900, average_loss_per_batch: 0.391501, train 96.00%
Validating
Val set size: 120, validation accuracy 85.00%
epoch 47, loss: 0.00, train 100.00%
epoch 47, loss: 0.88, train 95.00%
epoch 47, loss: 0.00, train 96.67%
epoch 47, loss: 0.06, train 96.25%
epoch 47, loss: 0.00, train 97.00%
epoch 47, loss: 1.84, train 95.00%
epoch 47, loss: 0.00, train 95.71%
epoch 47, loss: 0.00, train 96.25%
epoch 47, loss: 0.00, train 96.67%
epoch 47, loss: 18.62, train 91.50%
epoch 47, loss: 0.17, train 91.82%
epoch 47, loss: 0.00, train 92.50%
epoch 47, loss: 0.13, train 92.69%
epoch 47, loss: 0.00, train 93.21%
epoch 47, loss: 2.08, train 92.33%
epoch 47, loss: 0.00, train 92.81%
epoch 47, loss: 0.01, train 93.24%
epoch 47, loss: 0.01, train 93.61%
epoch 47, loss: 0.03, train 93.95%
epoch 47, loss: 0.00, train 94.25%
epoch 47, loss: 0.00, train 94.52%
epoch 47, loss: 0.97, train 94.32%
epoch 47, loss: 0.00, train 94.57%
epoch 47, loss: 0.00, train 94.79%
epoch 47, loss: 0.00, train 95.00%
epoch 47, loss: 0.00, train 95.19%
epoch 47, loss: 0.00, train 95.37%
epoch 47, loss: 0.18, train 95.36%
epoch 47, loss: 0.00, train 95.52%
epoch 47, loss: 0.91, train 95.17%
epoch 47, loss: 0.00, train 95.32%
epoch 47, loss: 0.68, train 95.31%
epoch 47, loss: 0.00, train 95.45%
epoch 47, loss: 0.00, train 95.59%
epoch 47, loss: 0.00, train 95.71%
epoch 47, loss: 0.00, train 95.83%
epoch 47, loss: 0.08, train 95.81%
epoch 47, loss: 0.32, train 95.79%
epoch 47, loss: 2.96, train 95.00%
epoch 47, loss: 0.82, train 94.88%
epoch 47, loss: 0.00, train 95.00%
epoch 47, loss: 0.06, train 95.00%
epoch 47, loss: 0.05, train 95.00%
epoch 47, loss: 0.00, train 95.11%
epoch 47, loss: 1.10, train 95.00%
Epoch completed!
epoch 47, total signals 900, average_loss_per_batch: 0.710586, train 95.00%
Validating
Val set size: 120, validation accuracy 85.00%
epoch 48, loss: 0.07, train 100.00%
epoch 48, loss: 0.11, train 97.50%
epoch 48, loss: 0.02, train 98.33%
epoch 48, loss: 0.00, train 98.75%
epoch 48, loss: 0.00, train 99.00%
epoch 48, loss: 0.95, train 98.33%
epoch 48, loss: 0.00, train 98.57%
epoch 48, loss: 0.00, train 98.75%
epoch 48, loss: 4.04, train 95.56%
epoch 48, loss: 0.00, train 96.00%
epoch 48, loss: 0.01, train 96.36%
epoch 48, loss: 0.07, train 96.25%
epoch 48, loss: 1.04, train 95.77%
epoch 48, loss: 0.00, train 96.07%
epoch 48, loss: 0.00, train 96.33%
epoch 48, loss: 0.00, train 96.56%
epoch 48, loss: 0.00, train 96.76%
epoch 48, loss: 0.00, train 96.94%
epoch 48, loss: 0.27, train 96.58%
epoch 48, loss: 0.00, train 96.75%
epoch 48, loss: 0.00, train 96.90%
epoch 48, loss: 0.07, train 96.82%
epoch 48, loss: 0.00, train 96.96%
epoch 48, loss: 0.03, train 97.08%
epoch 48, loss: 0.32, train 96.80%
epoch 48, loss: 0.00, train 96.92%
epoch 48, loss: 0.04, train 96.85%
epoch 48, loss: 0.00, train 96.96%
epoch 48, loss: 0.00, train 97.07%
epoch 48, loss: 0.05, train 97.00%
epoch 48, loss: 0.00, train 97.10%
epoch 48, loss: 0.00, train 97.19%
epoch 48, loss: 0.00, train 97.27%
epoch 48, loss: 24.04, train 95.59%
epoch 48, loss: 0.00, train 95.71%
epoch 48, loss: 0.00, train 95.83%
epoch 48, loss: 0.00, train 95.95%
epoch 48, loss: 0.00, train 96.05%
epoch 48, loss: 0.00, train 96.15%
epoch 48, loss: 0.37, train 95.88%
epoch 48, loss: 0.02, train 95.98%
epoch 48, loss: 1.18, train 95.83%
epoch 48, loss: 0.00, train 95.93%
epoch 48, loss: 0.69, train 95.68%
epoch 48, loss: 0.04, train 95.67%
Epoch completed!
epoch 48, total signals 900, average_loss_per_batch: 0.742541, train 95.67%
Validating
Val set size: 120, validation accuracy 85.00%
epoch 49, loss: 0.07, train 95.00%
epoch 49, loss: 0.00, train 97.50%
epoch 49, loss: 0.64, train 95.00%
epoch 49, loss: 0.36, train 95.00%
epoch 49, loss: 0.30, train 95.00%
epoch 49, loss: 0.00, train 95.83%
epoch 49, loss: 0.01, train 96.43%
epoch 49, loss: 0.06, train 96.25%
epoch 49, loss: 0.00, train 96.67%
epoch 49, loss: 0.00, train 97.00%
epoch 49, loss: 0.00, train 97.27%
epoch 49, loss: 0.00, train 97.50%
epoch 49, loss: 0.07, train 97.31%
epoch 49, loss: 0.00, train 97.50%
epoch 49, loss: 0.00, train 97.67%
epoch 49, loss: 0.00, train 97.81%
epoch 49, loss: 0.01, train 97.94%
epoch 49, loss: 0.06, train 97.78%
epoch 49, loss: 0.00, train 97.89%
epoch 49, loss: 0.02, train 98.00%
epoch 49, loss: 0.43, train 97.86%
epoch 49, loss: 0.58, train 97.50%
epoch 49, loss: 0.01, train 97.61%
epoch 49, loss: 0.00, train 97.71%
epoch 49, loss: 0.21, train 97.60%
epoch 49, loss: 0.00, train 97.69%
epoch 49, loss: 0.00, train 97.78%
epoch 49, loss: 0.17, train 97.68%
epoch 49, loss: 0.51, train 97.59%
epoch 49, loss: 0.00, train 97.67%
epoch 49, loss: 0.00, train 97.74%
epoch 49, loss: 0.00, train 97.81%
epoch 49, loss: 0.02, train 97.88%
epoch 49, loss: 0.81, train 97.79%
epoch 49, loss: 0.25, train 97.71%
epoch 49, loss: 0.00, train 97.78%
epoch 49, loss: 0.00, train 97.84%
epoch 49, loss: 0.00, train 97.89%
epoch 49, loss: 0.01, train 97.95%
epoch 49, loss: 2.62, train 97.50%
epoch 49, loss: 0.03, train 97.56%
epoch 49, loss: 0.00, train 97.62%
epoch 49, loss: 0.00, train 97.67%
epoch 49, loss: 0.00, train 97.73%
epoch 49, loss: 0.19, train 97.67%
Epoch completed!
epoch 49, total signals 900, average_loss_per_batch: 0.165724, train 97.67%
Validating
Val set size: 120, validation accuracy 85.00%
Training Completed!
Testing
en es ko
[[33  6  1]
 [ 7 32  1]
 [ 7  2 31]]
Test set size: 120, Test accuracy 80.00%
