1.12.1+cu102
cuda:0
Trainable Parameters : 593411
Start training...
epoch 0, loss: 1.09, train 45.00%
epoch 0, loss: 1.51, train 35.00%
epoch 0, loss: 1.22, train 33.33%
epoch 0, loss: 0.83, train 40.00%
epoch 0, loss: 1.24, train 38.00%
epoch 0, loss: 0.87, train 40.83%
epoch 0, loss: 0.76, train 44.29%
epoch 0, loss: 0.83, train 47.50%
epoch 0, loss: 1.17, train 50.00%
epoch 0, loss: 1.12, train 50.00%
epoch 0, loss: 0.61, train 52.73%
epoch 0, loss: 0.77, train 54.17%
epoch 0, loss: 0.59, train 56.15%
epoch 0, loss: 1.90, train 53.57%
epoch 0, loss: 0.78, train 54.00%
epoch 0, loss: 1.12, train 54.06%
epoch 0, loss: 1.03, train 54.12%
epoch 0, loss: 0.47, train 55.56%
epoch 0, loss: 0.76, train 55.79%
epoch 0, loss: 0.93, train 56.25%
epoch 0, loss: 0.31, train 57.86%
epoch 0, loss: 0.48, train 58.86%
epoch 0, loss: 0.47, train 60.00%
epoch 0, loss: 0.29, train 61.04%
epoch 0, loss: 0.61, train 61.80%
epoch 0, loss: 0.37, train 62.69%
epoch 0, loss: 0.36, train 63.52%
epoch 0, loss: 0.34, train 64.46%
epoch 0, loss: 0.55, train 65.00%
epoch 0, loss: 0.49, train 65.67%
epoch 0, loss: 0.30, train 66.45%
epoch 0, loss: 0.44, train 67.03%
epoch 0, loss: 0.52, train 67.58%
epoch 0, loss: 0.24, train 68.24%
epoch 0, loss: 0.35, train 68.71%
epoch 0, loss: 0.19, train 69.58%
epoch 0, loss: 0.21, train 70.27%
epoch 0, loss: 0.63, train 70.39%
epoch 0, loss: 0.51, train 70.64%
epoch 0, loss: 0.24, train 71.12%
epoch 0, loss: 0.26, train 71.59%
epoch 0, loss: 0.19, train 72.26%
epoch 0, loss: 0.30, train 72.67%
epoch 0, loss: 0.20, train 73.18%
epoch 0, loss: 0.52, train 73.11%
Epoch completed!
epoch 0, total signals 900, average_loss_per_batch: 0.643969, train 73.11%
Validating
Val set size: 120, validation accuracy 98.33%
epoch 1, loss: 0.21, train 100.00%
epoch 1, loss: 0.04, train 100.00%
epoch 1, loss: 0.19, train 96.67%
epoch 1, loss: 0.23, train 96.25%
epoch 1, loss: 0.06, train 97.00%
epoch 1, loss: 0.21, train 95.83%
epoch 1, loss: 0.37, train 94.29%
epoch 1, loss: 0.12, train 95.00%
epoch 1, loss: 0.36, train 94.44%
epoch 1, loss: 0.45, train 93.00%
epoch 1, loss: 0.20, train 92.27%
epoch 1, loss: 0.63, train 90.00%
epoch 1, loss: 0.09, train 90.38%
epoch 1, loss: 0.08, train 91.07%
epoch 1, loss: 0.54, train 89.67%
epoch 1, loss: 0.29, train 89.69%
epoch 1, loss: 0.19, train 90.00%
epoch 1, loss: 0.09, train 90.56%
epoch 1, loss: 0.42, train 90.00%
epoch 1, loss: 0.12, train 90.50%
epoch 1, loss: 0.39, train 90.24%
epoch 1, loss: 0.46, train 89.77%
epoch 1, loss: 0.33, train 89.78%
epoch 1, loss: 0.21, train 89.79%
epoch 1, loss: 0.36, train 89.60%
epoch 1, loss: 0.19, train 89.81%
epoch 1, loss: 0.18, train 90.00%
epoch 1, loss: 0.20, train 90.00%
epoch 1, loss: 0.49, train 90.00%
epoch 1, loss: 0.28, train 89.83%
epoch 1, loss: 0.26, train 89.84%
epoch 1, loss: 0.24, train 90.00%
epoch 1, loss: 0.51, train 89.85%
epoch 1, loss: 0.21, train 89.85%
epoch 1, loss: 0.29, train 89.86%
epoch 1, loss: 0.15, train 90.00%
epoch 1, loss: 0.23, train 90.14%
epoch 1, loss: 0.18, train 90.26%
epoch 1, loss: 0.24, train 90.26%
epoch 1, loss: 0.37, train 90.00%
epoch 1, loss: 0.17, train 90.12%
epoch 1, loss: 0.19, train 90.36%
epoch 1, loss: 0.12, train 90.58%
epoch 1, loss: 0.31, train 90.57%
epoch 1, loss: 0.30, train 90.33%
Epoch completed!
epoch 1, total signals 900, average_loss_per_batch: 0.262249, train 90.33%
Validating
Val set size: 120, validation accuracy 96.67%
epoch 2, loss: 0.22, train 100.00%
epoch 2, loss: 0.24, train 95.00%
epoch 2, loss: 0.08, train 96.67%
epoch 2, loss: 0.05, train 97.50%
epoch 2, loss: 0.05, train 98.00%
epoch 2, loss: 0.19, train 97.50%
epoch 2, loss: 0.22, train 96.43%
epoch 2, loss: 0.31, train 95.62%
epoch 2, loss: 0.14, train 95.56%
epoch 2, loss: 0.07, train 95.50%
epoch 2, loss: 0.06, train 95.91%
epoch 2, loss: 0.24, train 95.42%
epoch 2, loss: 0.04, train 95.77%
epoch 2, loss: 0.13, train 96.07%
epoch 2, loss: 0.15, train 96.00%
epoch 2, loss: 0.06, train 96.25%
epoch 2, loss: 0.15, train 95.88%
epoch 2, loss: 0.10, train 96.11%
epoch 2, loss: 0.12, train 96.05%
epoch 2, loss: 0.25, train 96.00%
epoch 2, loss: 0.06, train 96.19%
epoch 2, loss: 0.12, train 96.36%
epoch 2, loss: 0.52, train 95.65%
epoch 2, loss: 0.11, train 95.62%
epoch 2, loss: 0.16, train 95.40%
epoch 2, loss: 0.11, train 95.38%
epoch 2, loss: 0.35, train 94.81%
epoch 2, loss: 0.52, train 94.29%
epoch 2, loss: 0.18, train 94.48%
epoch 2, loss: 0.17, train 94.50%
epoch 2, loss: 0.13, train 94.68%
epoch 2, loss: 0.13, train 94.84%
epoch 2, loss: 0.30, train 94.85%
epoch 2, loss: 0.15, train 94.85%
epoch 2, loss: 0.17, train 94.86%
epoch 2, loss: 0.04, train 95.00%
epoch 2, loss: 0.15, train 95.00%
epoch 2, loss: 0.26, train 94.74%
epoch 2, loss: 0.18, train 94.74%
epoch 2, loss: 0.11, train 94.75%
epoch 2, loss: 0.19, train 94.76%
epoch 2, loss: 0.11, train 94.76%
epoch 2, loss: 0.06, train 94.88%
epoch 2, loss: 0.18, train 94.89%
epoch 2, loss: 0.05, train 95.00%
Epoch completed!
epoch 2, total signals 900, average_loss_per_batch: 0.163912, train 95.00%
Validating
Val set size: 120, validation accuracy 96.67%
epoch 3, loss: 0.25, train 90.00%
epoch 3, loss: 0.10, train 92.50%
epoch 3, loss: 0.09, train 93.33%
epoch 3, loss: 0.07, train 95.00%
epoch 3, loss: 0.32, train 93.00%
epoch 3, loss: 0.09, train 94.17%
epoch 3, loss: 0.14, train 94.29%
epoch 3, loss: 0.07, train 94.38%
epoch 3, loss: 0.19, train 93.89%
epoch 3, loss: 0.10, train 94.00%
epoch 3, loss: 0.03, train 94.55%
epoch 3, loss: 0.04, train 95.00%
epoch 3, loss: 0.08, train 95.00%
epoch 3, loss: 0.12, train 95.00%
epoch 3, loss: 0.07, train 95.33%
epoch 3, loss: 0.04, train 95.62%
epoch 3, loss: 0.13, train 95.59%
epoch 3, loss: 0.02, train 95.83%
epoch 3, loss: 0.10, train 96.05%
epoch 3, loss: 0.02, train 96.25%
epoch 3, loss: 0.09, train 96.19%
epoch 3, loss: 0.04, train 96.36%
epoch 3, loss: 0.17, train 96.09%
epoch 3, loss: 0.02, train 96.25%
epoch 3, loss: 0.07, train 96.40%
epoch 3, loss: 0.38, train 95.77%
epoch 3, loss: 0.23, train 95.56%
epoch 3, loss: 0.19, train 95.36%
epoch 3, loss: 0.04, train 95.52%
epoch 3, loss: 0.11, train 95.67%
epoch 3, loss: 0.25, train 95.65%
epoch 3, loss: 0.10, train 95.78%
epoch 3, loss: 0.06, train 95.91%
epoch 3, loss: 0.14, train 95.88%
epoch 3, loss: 0.10, train 96.00%
epoch 3, loss: 0.07, train 96.11%
epoch 3, loss: 0.08, train 96.08%
epoch 3, loss: 0.38, train 95.66%
epoch 3, loss: 0.18, train 95.64%
epoch 3, loss: 0.04, train 95.75%
epoch 3, loss: 0.15, train 95.73%
epoch 3, loss: 0.33, train 95.60%
epoch 3, loss: 0.12, train 95.70%
epoch 3, loss: 0.06, train 95.80%
epoch 3, loss: 0.18, train 95.67%
Epoch completed!
epoch 3, total signals 900, average_loss_per_batch: 0.125369, train 95.67%
Validating
Val set size: 120, validation accuracy 97.50%
epoch 4, loss: 0.10, train 95.00%
epoch 4, loss: 0.15, train 95.00%
epoch 4, loss: 0.05, train 96.67%
epoch 4, loss: 0.05, train 97.50%
epoch 4, loss: 0.16, train 97.00%
epoch 4, loss: 0.06, train 97.50%
epoch 4, loss: 0.05, train 97.86%
epoch 4, loss: 0.14, train 97.50%
epoch 4, loss: 0.11, train 97.22%
epoch 4, loss: 0.05, train 97.50%
epoch 4, loss: 0.08, train 97.73%
epoch 4, loss: 0.11, train 97.08%
epoch 4, loss: 0.06, train 96.92%
epoch 4, loss: 0.04, train 97.14%
epoch 4, loss: 0.03, train 97.33%
epoch 4, loss: 0.12, train 97.19%
epoch 4, loss: 0.07, train 97.35%
epoch 4, loss: 0.17, train 97.22%
epoch 4, loss: 0.01, train 97.37%
epoch 4, loss: 0.11, train 97.25%
epoch 4, loss: 0.09, train 97.38%
epoch 4, loss: 0.15, train 97.27%
epoch 4, loss: 0.26, train 96.96%
epoch 4, loss: 0.09, train 97.08%
epoch 4, loss: 0.04, train 97.20%
epoch 4, loss: 0.04, train 97.31%
epoch 4, loss: 0.04, train 97.41%
epoch 4, loss: 0.01, train 97.50%
epoch 4, loss: 0.15, train 97.59%
epoch 4, loss: 0.17, train 97.33%
epoch 4, loss: 0.08, train 97.42%
epoch 4, loss: 0.21, train 97.34%
epoch 4, loss: 0.02, train 97.42%
epoch 4, loss: 0.07, train 97.50%
epoch 4, loss: 0.07, train 97.57%
epoch 4, loss: 0.30, train 97.36%
epoch 4, loss: 0.25, train 97.16%
epoch 4, loss: 0.03, train 97.24%
epoch 4, loss: 0.26, train 97.05%
epoch 4, loss: 0.29, train 96.75%
epoch 4, loss: 0.35, train 96.34%
epoch 4, loss: 0.08, train 96.43%
epoch 4, loss: 0.27, train 96.16%
epoch 4, loss: 0.04, train 96.25%
epoch 4, loss: 0.05, train 96.33%
Epoch completed!
epoch 4, total signals 900, average_loss_per_batch: 0.113771, train 96.33%
Validating
Val set size: 120, validation accuracy 95.83%
epoch 5, loss: 0.29, train 85.00%
epoch 5, loss: 0.05, train 92.50%
epoch 5, loss: 0.04, train 95.00%
epoch 5, loss: 0.05, train 96.25%
epoch 5, loss: 0.16, train 96.00%
epoch 5, loss: 0.05, train 96.67%
epoch 5, loss: 0.11, train 96.43%
epoch 5, loss: 0.10, train 96.25%
epoch 5, loss: 0.34, train 95.56%
epoch 5, loss: 0.04, train 96.00%
epoch 5, loss: 0.05, train 96.36%
epoch 5, loss: 0.03, train 96.67%
epoch 5, loss: 0.01, train 96.92%
epoch 5, loss: 0.12, train 96.79%
epoch 5, loss: 0.04, train 97.00%
epoch 5, loss: 0.07, train 96.88%
epoch 5, loss: 0.09, train 96.76%
epoch 5, loss: 0.04, train 96.94%
epoch 5, loss: 0.32, train 96.58%
epoch 5, loss: 0.03, train 96.75%
epoch 5, loss: 0.17, train 96.67%
epoch 5, loss: 0.05, train 96.82%
epoch 5, loss: 0.05, train 96.96%
epoch 5, loss: 0.04, train 97.08%
epoch 5, loss: 0.11, train 97.00%
epoch 5, loss: 0.04, train 97.12%
epoch 5, loss: 0.07, train 97.04%
epoch 5, loss: 0.06, train 97.14%
epoch 5, loss: 0.05, train 97.24%
epoch 5, loss: 0.01, train 97.33%
epoch 5, loss: 0.04, train 97.42%
epoch 5, loss: 0.11, train 97.34%
epoch 5, loss: 0.07, train 97.42%
epoch 5, loss: 0.03, train 97.50%
epoch 5, loss: 0.06, train 97.57%
epoch 5, loss: 0.16, train 97.36%
epoch 5, loss: 0.04, train 97.43%
epoch 5, loss: 0.02, train 97.50%
epoch 5, loss: 0.07, train 97.44%
epoch 5, loss: 0.11, train 97.50%
epoch 5, loss: 0.07, train 97.44%
epoch 5, loss: 0.42, train 97.26%
epoch 5, loss: 0.13, train 97.21%
epoch 5, loss: 0.03, train 97.27%
epoch 5, loss: 0.21, train 97.22%
Epoch completed!
epoch 5, total signals 900, average_loss_per_batch: 0.093797, train 97.22%
Validating
Val set size: 120, validation accuracy 90.83%
epoch 6, loss: 0.08, train 100.00%
epoch 6, loss: 0.10, train 97.50%
epoch 6, loss: 0.22, train 93.33%
epoch 6, loss: 0.17, train 93.75%
epoch 6, loss: 0.05, train 95.00%
epoch 6, loss: 0.07, train 95.00%
epoch 6, loss: 0.04, train 95.71%
epoch 6, loss: 0.04, train 96.25%
epoch 6, loss: 0.19, train 96.11%
epoch 6, loss: 0.27, train 95.00%
epoch 6, loss: 0.07, train 95.45%
epoch 6, loss: 0.24, train 95.00%
epoch 6, loss: 0.06, train 95.38%
epoch 6, loss: 0.04, train 95.71%
epoch 6, loss: 0.03, train 96.00%
epoch 6, loss: 0.02, train 96.25%
epoch 6, loss: 0.03, train 96.47%
epoch 6, loss: 0.08, train 96.67%
epoch 6, loss: 0.13, train 96.84%
epoch 6, loss: 0.14, train 96.75%
epoch 6, loss: 0.04, train 96.90%
epoch 6, loss: 0.08, train 96.82%
epoch 6, loss: 0.04, train 96.96%
epoch 6, loss: 0.02, train 97.08%
epoch 6, loss: 0.07, train 97.20%
epoch 6, loss: 0.10, train 97.12%
epoch 6, loss: 0.14, train 97.04%
epoch 6, loss: 0.01, train 97.14%
epoch 6, loss: 0.12, train 97.07%
epoch 6, loss: 0.03, train 97.17%
epoch 6, loss: 0.20, train 97.10%
epoch 6, loss: 0.05, train 97.19%
epoch 6, loss: 0.33, train 97.12%
epoch 6, loss: 0.05, train 97.21%
epoch 6, loss: 0.20, train 97.00%
epoch 6, loss: 0.10, train 96.94%
epoch 6, loss: 0.09, train 96.89%
epoch 6, loss: 0.06, train 96.97%
epoch 6, loss: 0.03, train 97.05%
epoch 6, loss: 0.02, train 97.12%
epoch 6, loss: 0.04, train 97.20%
epoch 6, loss: 0.12, train 97.26%
epoch 6, loss: 0.06, train 97.33%
epoch 6, loss: 0.19, train 97.27%
epoch 6, loss: 0.03, train 97.33%
Epoch completed!
epoch 6, total signals 900, average_loss_per_batch: 0.094746, train 97.33%
Validating
Val set size: 120, validation accuracy 95.00%
epoch 7, loss: 0.27, train 90.00%
epoch 7, loss: 0.02, train 95.00%
epoch 7, loss: 0.03, train 96.67%
epoch 7, loss: 0.09, train 97.50%
epoch 7, loss: 0.11, train 98.00%
epoch 7, loss: 0.01, train 98.33%
epoch 7, loss: 0.42, train 97.86%
epoch 7, loss: 0.04, train 98.12%
epoch 7, loss: 0.40, train 96.67%
epoch 7, loss: 0.04, train 97.00%
epoch 7, loss: 0.01, train 97.27%
epoch 7, loss: 0.27, train 97.08%
epoch 7, loss: 0.09, train 97.31%
epoch 7, loss: 0.02, train 97.50%
epoch 7, loss: 0.03, train 97.67%
epoch 7, loss: 0.09, train 97.81%
epoch 7, loss: 0.07, train 97.65%
epoch 7, loss: 0.02, train 97.78%
epoch 7, loss: 0.06, train 97.89%
epoch 7, loss: 0.06, train 98.00%
epoch 7, loss: 0.16, train 98.10%
epoch 7, loss: 0.06, train 98.18%
epoch 7, loss: 0.13, train 97.83%
epoch 7, loss: 0.12, train 97.71%
epoch 7, loss: 0.02, train 97.80%
epoch 7, loss: 0.01, train 97.88%
epoch 7, loss: 0.08, train 97.78%
epoch 7, loss: 0.22, train 97.50%
epoch 7, loss: 0.13, train 97.41%
epoch 7, loss: 0.05, train 97.50%
epoch 7, loss: 0.10, train 97.42%
epoch 7, loss: 0.27, train 97.19%
epoch 7, loss: 0.03, train 97.27%
epoch 7, loss: 0.02, train 97.35%
epoch 7, loss: 0.05, train 97.43%
epoch 7, loss: 0.49, train 97.36%
epoch 7, loss: 0.05, train 97.43%
epoch 7, loss: 0.06, train 97.50%
epoch 7, loss: 0.07, train 97.56%
epoch 7, loss: 0.03, train 97.62%
epoch 7, loss: 0.01, train 97.68%
epoch 7, loss: 0.05, train 97.74%
epoch 7, loss: 0.07, train 97.79%
epoch 7, loss: 0.04, train 97.84%
epoch 7, loss: 0.09, train 97.78%
Epoch completed!
epoch 7, total signals 900, average_loss_per_batch: 0.102463, train 97.78%
Validating
Val set size: 120, validation accuracy 93.33%
epoch 8, loss: 0.06, train 100.00%
epoch 8, loss: 0.02, train 100.00%
epoch 8, loss: 0.03, train 100.00%
epoch 8, loss: 0.02, train 100.00%
epoch 8, loss: 0.01, train 100.00%
epoch 8, loss: 0.04, train 100.00%
epoch 8, loss: 0.31, train 98.57%
epoch 8, loss: 0.06, train 98.12%
epoch 8, loss: 0.07, train 97.78%
epoch 8, loss: 0.04, train 98.00%
epoch 8, loss: 0.08, train 98.18%
epoch 8, loss: 0.10, train 97.92%
epoch 8, loss: 0.03, train 98.08%
epoch 8, loss: 0.43, train 97.14%
epoch 8, loss: 0.03, train 97.33%
epoch 8, loss: 0.03, train 97.50%
epoch 8, loss: 0.03, train 97.65%
epoch 8, loss: 0.08, train 97.50%
epoch 8, loss: 0.08, train 97.37%
epoch 8, loss: 0.06, train 97.50%
epoch 8, loss: 0.01, train 97.62%
epoch 8, loss: 0.03, train 97.73%
epoch 8, loss: 0.06, train 97.83%
epoch 8, loss: 0.14, train 97.71%
epoch 8, loss: 0.02, train 97.80%
epoch 8, loss: 0.05, train 97.88%
epoch 8, loss: 0.04, train 97.96%
epoch 8, loss: 0.04, train 98.04%
epoch 8, loss: 0.04, train 98.10%
epoch 8, loss: 0.05, train 98.17%
epoch 8, loss: 0.04, train 98.23%
epoch 8, loss: 0.04, train 98.28%
epoch 8, loss: 0.27, train 98.18%
epoch 8, loss: 0.03, train 98.24%
epoch 8, loss: 0.01, train 98.29%
epoch 8, loss: 0.13, train 98.19%
epoch 8, loss: 0.07, train 98.11%
epoch 8, loss: 0.18, train 98.03%
epoch 8, loss: 0.09, train 98.08%
epoch 8, loss: 0.15, train 98.00%
epoch 8, loss: 0.11, train 97.93%
epoch 8, loss: 0.06, train 97.98%
epoch 8, loss: 0.02, train 98.02%
epoch 8, loss: 0.06, train 98.07%
epoch 8, loss: 0.17, train 98.00%
Epoch completed!
epoch 8, total signals 900, average_loss_per_batch: 0.078619, train 98.00%
Validating
Val set size: 120, validation accuracy 98.33%
epoch 9, loss: 0.07, train 95.00%
epoch 9, loss: 0.13, train 95.00%
epoch 9, loss: 0.07, train 96.67%
epoch 9, loss: 0.01, train 97.50%
epoch 9, loss: 0.05, train 97.00%
epoch 9, loss: 0.08, train 96.67%
epoch 9, loss: 0.33, train 95.71%
epoch 9, loss: 0.04, train 96.25%
epoch 9, loss: 0.05, train 96.67%
epoch 9, loss: 0.04, train 97.00%
epoch 9, loss: 0.12, train 96.36%
epoch 9, loss: 0.01, train 96.67%
epoch 9, loss: 0.01, train 96.92%
epoch 9, loss: 0.06, train 96.79%
epoch 9, loss: 0.05, train 97.00%
epoch 9, loss: 0.20, train 96.88%
epoch 9, loss: 0.05, train 96.76%
epoch 9, loss: 0.01, train 96.94%
epoch 9, loss: 0.11, train 96.84%
epoch 9, loss: 0.05, train 97.00%
epoch 9, loss: 0.02, train 97.14%
epoch 9, loss: 0.14, train 97.05%
epoch 9, loss: 0.18, train 97.17%
epoch 9, loss: 0.26, train 96.88%
epoch 9, loss: 0.24, train 96.40%
epoch 9, loss: 0.14, train 96.35%
epoch 9, loss: 0.03, train 96.48%
epoch 9, loss: 0.07, train 96.61%
epoch 9, loss: 0.03, train 96.72%
epoch 9, loss: 0.21, train 96.50%
epoch 9, loss: 0.21, train 96.29%
epoch 9, loss: 0.15, train 96.25%
epoch 9, loss: 0.04, train 96.36%
epoch 9, loss: 0.07, train 96.32%
epoch 9, loss: 0.12, train 96.29%
epoch 9, loss: 0.45, train 95.97%
epoch 9, loss: 0.06, train 96.08%
epoch 9, loss: 0.09, train 96.18%
epoch 9, loss: 0.77, train 95.77%
epoch 9, loss: 0.31, train 95.62%
epoch 9, loss: 0.18, train 95.61%
epoch 9, loss: 0.13, train 95.60%
epoch 9, loss: 0.22, train 95.47%
epoch 9, loss: 0.27, train 95.23%
epoch 9, loss: 0.08, train 95.33%
Epoch completed!
epoch 9, total signals 900, average_loss_per_batch: 0.133103, train 95.33%
Validating
Val set size: 120, validation accuracy 96.67%
epoch 10, loss: 0.03, train 100.00%
epoch 10, loss: 0.03, train 100.00%
epoch 10, loss: 0.08, train 100.00%
epoch 10, loss: 0.03, train 100.00%
epoch 10, loss: 0.03, train 100.00%
epoch 10, loss: 0.15, train 99.17%
epoch 10, loss: 0.02, train 99.29%
epoch 10, loss: 0.02, train 99.38%
epoch 10, loss: 0.16, train 98.33%
epoch 10, loss: 0.08, train 98.50%
epoch 10, loss: 0.14, train 98.18%
epoch 10, loss: 0.07, train 97.92%
epoch 10, loss: 0.03, train 98.08%
epoch 10, loss: 0.07, train 97.86%
epoch 10, loss: 0.17, train 97.67%
epoch 10, loss: 0.05, train 97.81%
epoch 10, loss: 0.01, train 97.94%
epoch 10, loss: 0.06, train 97.78%
epoch 10, loss: 0.05, train 97.89%
epoch 10, loss: 0.03, train 98.00%
epoch 10, loss: 0.01, train 98.10%
epoch 10, loss: 0.02, train 98.18%
epoch 10, loss: 0.04, train 98.26%
epoch 10, loss: 0.12, train 98.12%
epoch 10, loss: 0.32, train 97.40%
epoch 10, loss: 0.89, train 96.73%
epoch 10, loss: 0.19, train 96.48%
epoch 10, loss: 0.07, train 96.43%
epoch 10, loss: 0.07, train 96.55%
epoch 10, loss: 0.07, train 96.50%
epoch 10, loss: 0.12, train 96.45%
epoch 10, loss: 0.12, train 96.41%
epoch 10, loss: 0.35, train 95.91%
epoch 10, loss: 0.02, train 96.03%
epoch 10, loss: 0.12, train 96.00%
epoch 10, loss: 0.02, train 96.11%
epoch 10, loss: 0.06, train 96.08%
epoch 10, loss: 0.03, train 96.18%
epoch 10, loss: 0.02, train 96.28%
epoch 10, loss: 0.02, train 96.38%
epoch 10, loss: 0.04, train 96.46%
epoch 10, loss: 0.01, train 96.55%
epoch 10, loss: 0.04, train 96.63%
epoch 10, loss: 0.01, train 96.70%
epoch 10, loss: 0.46, train 96.33%
Epoch completed!
epoch 10, total signals 900, average_loss_per_batch: 0.101575, train 96.33%
Validating
Val set size: 120, validation accuracy 96.67%
epoch 11, loss: 0.01, train 100.00%
epoch 11, loss: 0.29, train 97.50%
epoch 11, loss: 0.07, train 98.33%
epoch 11, loss: 0.04, train 98.75%
epoch 11, loss: 0.52, train 94.00%
epoch 11, loss: 0.04, train 95.00%
epoch 11, loss: 0.10, train 95.00%
epoch 11, loss: 0.10, train 95.00%
epoch 11, loss: 0.17, train 95.00%
epoch 11, loss: 0.14, train 95.00%
epoch 11, loss: 0.30, train 94.55%
epoch 11, loss: 0.10, train 94.58%
epoch 11, loss: 0.02, train 95.00%
epoch 11, loss: 0.11, train 95.00%
epoch 11, loss: 0.07, train 95.33%
epoch 11, loss: 0.17, train 95.00%
epoch 11, loss: 0.05, train 95.29%
epoch 11, loss: 0.02, train 95.56%
epoch 11, loss: 0.06, train 95.53%
epoch 11, loss: 0.04, train 95.75%
epoch 11, loss: 0.23, train 95.71%
epoch 11, loss: 0.56, train 95.45%
epoch 11, loss: 0.13, train 95.43%
epoch 11, loss: 0.28, train 95.42%
epoch 11, loss: 0.01, train 95.60%
epoch 11, loss: 0.10, train 95.77%
epoch 11, loss: 0.20, train 95.74%
epoch 11, loss: 0.02, train 95.89%
epoch 11, loss: 0.04, train 96.03%
epoch 11, loss: 0.17, train 95.83%
epoch 11, loss: 0.23, train 95.48%
epoch 11, loss: 0.08, train 95.47%
epoch 11, loss: 0.05, train 95.61%
epoch 11, loss: 0.06, train 95.74%
epoch 11, loss: 0.24, train 95.57%
epoch 11, loss: 0.16, train 95.56%
epoch 11, loss: 0.03, train 95.68%
epoch 11, loss: 0.00, train 95.79%
epoch 11, loss: 0.11, train 95.77%
epoch 11, loss: 0.02, train 95.88%
epoch 11, loss: 0.53, train 95.37%
epoch 11, loss: 0.02, train 95.48%
epoch 11, loss: 0.01, train 95.58%
epoch 11, loss: 0.13, train 95.45%
epoch 11, loss: 0.21, train 95.33%
Epoch completed!
epoch 11, total signals 900, average_loss_per_batch: 0.133889, train 95.33%
Validating
Val set size: 120, validation accuracy 95.83%
epoch 12, loss: 0.00, train 100.00%
epoch 12, loss: 0.02, train 100.00%
epoch 12, loss: 0.27, train 96.67%
epoch 12, loss: 0.03, train 97.50%
epoch 12, loss: 0.02, train 98.00%
epoch 12, loss: 0.04, train 98.33%
epoch 12, loss: 0.04, train 98.57%
epoch 12, loss: 0.01, train 98.75%
epoch 12, loss: 0.02, train 98.89%
epoch 12, loss: 0.11, train 99.00%
epoch 12, loss: 0.04, train 99.09%
epoch 12, loss: 0.21, train 98.33%
epoch 12, loss: 0.02, train 98.46%
epoch 12, loss: 0.01, train 98.57%
epoch 12, loss: 0.23, train 98.00%
epoch 12, loss: 0.05, train 98.12%
epoch 12, loss: 0.06, train 98.24%
epoch 12, loss: 0.23, train 98.06%
epoch 12, loss: 0.49, train 97.11%
epoch 12, loss: 0.10, train 97.00%
epoch 12, loss: 0.10, train 96.90%
epoch 12, loss: 0.11, train 96.82%
epoch 12, loss: 0.01, train 96.96%
epoch 12, loss: 0.23, train 96.88%
epoch 12, loss: 0.13, train 96.80%
epoch 12, loss: 0.39, train 96.35%
epoch 12, loss: 0.02, train 96.48%
epoch 12, loss: 0.12, train 96.43%
epoch 12, loss: 0.03, train 96.55%
epoch 12, loss: 0.03, train 96.67%
epoch 12, loss: 0.01, train 96.77%
epoch 12, loss: 0.05, train 96.88%
epoch 12, loss: 0.09, train 96.82%
epoch 12, loss: 0.39, train 96.47%
epoch 12, loss: 0.01, train 96.57%
epoch 12, loss: 0.01, train 96.67%
epoch 12, loss: 0.20, train 96.49%
epoch 12, loss: 0.07, train 96.45%
epoch 12, loss: 0.05, train 96.54%
epoch 12, loss: 0.05, train 96.62%
epoch 12, loss: 0.09, train 96.71%
epoch 12, loss: 0.33, train 96.67%
epoch 12, loss: 0.02, train 96.74%
epoch 12, loss: 0.05, train 96.82%
epoch 12, loss: 0.09, train 96.78%
Epoch completed!
epoch 12, total signals 900, average_loss_per_batch: 0.103197, train 96.78%
Validating
Val set size: 120, validation accuracy 94.17%
epoch 13, loss: 0.16, train 95.00%
epoch 13, loss: 0.06, train 97.50%
epoch 13, loss: 0.01, train 98.33%
epoch 13, loss: 0.02, train 98.75%
epoch 13, loss: 0.01, train 99.00%
epoch 13, loss: 0.24, train 97.50%
epoch 13, loss: 0.04, train 97.86%
epoch 13, loss: 0.07, train 98.12%
epoch 13, loss: 0.07, train 97.78%
epoch 13, loss: 0.24, train 97.00%
epoch 13, loss: 0.26, train 96.36%
epoch 13, loss: 0.17, train 96.25%
epoch 13, loss: 0.05, train 96.54%
epoch 13, loss: 0.04, train 96.79%
epoch 13, loss: 0.28, train 96.33%
epoch 13, loss: 0.01, train 96.56%
epoch 13, loss: 0.06, train 96.76%
epoch 13, loss: 0.01, train 96.94%
epoch 13, loss: 0.13, train 96.58%
epoch 13, loss: 0.01, train 96.75%
epoch 13, loss: 0.01, train 96.90%
epoch 13, loss: 0.03, train 97.05%
epoch 13, loss: 0.03, train 97.17%
epoch 13, loss: 0.02, train 97.29%
epoch 13, loss: 0.03, train 97.40%
epoch 13, loss: 0.03, train 97.50%
epoch 13, loss: 0.08, train 97.41%
epoch 13, loss: 0.23, train 97.32%
epoch 13, loss: 0.02, train 97.41%
epoch 13, loss: 0.02, train 97.50%
epoch 13, loss: 0.03, train 97.58%
epoch 13, loss: 0.07, train 97.50%
epoch 13, loss: 0.04, train 97.58%
epoch 13, loss: 0.17, train 97.35%
epoch 13, loss: 0.05, train 97.43%
epoch 13, loss: 0.02, train 97.50%
epoch 13, loss: 0.09, train 97.43%
epoch 13, loss: 0.03, train 97.50%
epoch 13, loss: 0.01, train 97.56%
epoch 13, loss: 0.03, train 97.62%
epoch 13, loss: 0.01, train 97.68%
epoch 13, loss: 0.11, train 97.62%
epoch 13, loss: 0.03, train 97.67%
epoch 13, loss: 0.00, train 97.73%
epoch 13, loss: 0.03, train 97.78%
Epoch completed!
epoch 13, total signals 900, average_loss_per_batch: 0.069905, train 97.78%
Validating
Val set size: 120, validation accuracy 94.17%
epoch 14, loss: 0.03, train 100.00%
epoch 14, loss: 0.11, train 95.00%
epoch 14, loss: 0.01, train 96.67%
epoch 14, loss: 0.01, train 97.50%
epoch 14, loss: 0.01, train 98.00%
epoch 14, loss: 0.96, train 93.33%
epoch 14, loss: 0.01, train 94.29%
epoch 14, loss: 0.06, train 95.00%
epoch 14, loss: 0.29, train 94.44%
epoch 14, loss: 0.01, train 95.00%
epoch 14, loss: 0.12, train 95.45%
epoch 14, loss: 0.12, train 95.42%
epoch 14, loss: 0.03, train 95.77%
epoch 14, loss: 0.08, train 96.07%
epoch 14, loss: 0.02, train 96.33%
epoch 14, loss: 0.04, train 96.56%
epoch 14, loss: 0.05, train 96.76%
epoch 14, loss: 0.41, train 95.83%
epoch 14, loss: 0.03, train 96.05%
epoch 14, loss: 0.14, train 96.25%
epoch 14, loss: 0.16, train 96.19%
epoch 14, loss: 0.70, train 95.45%
epoch 14, loss: 0.09, train 95.65%
epoch 14, loss: 0.05, train 95.83%
epoch 14, loss: 0.04, train 96.00%
epoch 14, loss: 0.01, train 96.15%
epoch 14, loss: 0.08, train 96.30%
epoch 14, loss: 0.04, train 96.43%
epoch 14, loss: 0.02, train 96.55%
epoch 14, loss: 0.24, train 96.17%
epoch 14, loss: 0.23, train 95.81%
epoch 14, loss: 0.08, train 95.78%
epoch 14, loss: 0.33, train 95.61%
epoch 14, loss: 0.04, train 95.74%
epoch 14, loss: 0.07, train 95.71%
epoch 14, loss: 0.14, train 95.69%
epoch 14, loss: 0.26, train 95.54%
epoch 14, loss: 0.04, train 95.66%
epoch 14, loss: 0.14, train 95.64%
epoch 14, loss: 0.07, train 95.75%
epoch 14, loss: 0.68, train 95.24%
epoch 14, loss: 0.03, train 95.36%
epoch 14, loss: 0.22, train 95.35%
epoch 14, loss: 0.06, train 95.45%
epoch 14, loss: 0.20, train 95.33%
Epoch completed!
epoch 14, total signals 900, average_loss_per_batch: 0.146010, train 95.33%
Validating
Val set size: 120, validation accuracy 84.17%
epoch 15, loss: 0.14, train 95.00%
epoch 15, loss: 0.14, train 92.50%
epoch 15, loss: 0.53, train 90.00%
epoch 15, loss: 0.04, train 92.50%
epoch 15, loss: 0.02, train 94.00%
epoch 15, loss: 0.03, train 95.00%
epoch 15, loss: 0.01, train 95.71%
epoch 15, loss: 0.32, train 94.38%
epoch 15, loss: 0.17, train 93.89%
epoch 15, loss: 0.01, train 94.50%
epoch 15, loss: 0.12, train 95.00%
epoch 15, loss: 0.07, train 95.00%
epoch 15, loss: 0.21, train 94.62%
epoch 15, loss: 0.18, train 94.29%
epoch 15, loss: 0.18, train 94.00%
epoch 15, loss: 0.08, train 94.38%
epoch 15, loss: 0.65, train 92.94%
epoch 15, loss: 0.06, train 93.06%
epoch 15, loss: 0.17, train 93.16%
epoch 15, loss: 0.21, train 92.75%
epoch 15, loss: 0.04, train 93.10%
epoch 15, loss: 0.16, train 92.95%
epoch 15, loss: 0.07, train 93.26%
epoch 15, loss: 0.02, train 93.54%
epoch 15, loss: 0.18, train 93.20%
epoch 15, loss: 0.01, train 93.46%
epoch 15, loss: 0.08, train 93.52%
epoch 15, loss: 0.02, train 93.75%
epoch 15, loss: 0.01, train 93.97%
epoch 15, loss: 0.05, train 94.17%
epoch 15, loss: 0.10, train 94.19%
epoch 15, loss: 0.12, train 94.06%
epoch 15, loss: 0.09, train 94.24%
epoch 15, loss: 0.02, train 94.41%
epoch 15, loss: 0.08, train 94.57%
epoch 15, loss: 0.30, train 94.58%
epoch 15, loss: 0.03, train 94.73%
epoch 15, loss: 0.03, train 94.87%
epoch 15, loss: 0.03, train 95.00%
epoch 15, loss: 0.27, train 95.00%
epoch 15, loss: 0.09, train 95.12%
epoch 15, loss: 0.32, train 95.00%
epoch 15, loss: 0.31, train 94.77%
epoch 15, loss: 0.04, train 94.77%
epoch 15, loss: 0.08, train 94.78%
Epoch completed!
epoch 15, total signals 900, average_loss_per_batch: 0.130906, train 94.78%
Validating
Val set size: 120, validation accuracy 95.00%
epoch 16, loss: 0.02, train 100.00%
epoch 16, loss: 0.18, train 95.00%
epoch 16, loss: 0.27, train 93.33%
epoch 16, loss: 0.08, train 93.75%
epoch 16, loss: 0.26, train 93.00%
epoch 16, loss: 0.20, train 92.50%
epoch 16, loss: 0.10, train 92.86%
epoch 16, loss: 0.13, train 92.50%
epoch 16, loss: 0.36, train 91.67%
epoch 16, loss: 0.06, train 92.50%
epoch 16, loss: 0.01, train 93.18%
epoch 16, loss: 0.09, train 93.75%
epoch 16, loss: 1.05, train 91.15%
epoch 16, loss: 0.01, train 91.79%
epoch 16, loss: 0.03, train 92.33%
epoch 16, loss: 0.12, train 92.50%
epoch 16, loss: 0.05, train 92.94%
epoch 16, loss: 0.10, train 93.06%
epoch 16, loss: 0.32, train 92.63%
epoch 16, loss: 0.22, train 92.50%
epoch 16, loss: 0.09, train 92.62%
epoch 16, loss: 0.27, train 92.73%
epoch 16, loss: 0.02, train 93.04%
epoch 16, loss: 0.04, train 93.33%
epoch 16, loss: 0.09, train 93.40%
epoch 16, loss: 0.09, train 93.46%
epoch 16, loss: 0.05, train 93.70%
epoch 16, loss: 0.22, train 93.57%
epoch 16, loss: 0.23, train 93.62%
epoch 16, loss: 0.36, train 93.50%
epoch 16, loss: 0.07, train 93.55%
epoch 16, loss: 0.00, train 93.75%
epoch 16, loss: 0.37, train 93.64%
epoch 16, loss: 0.05, train 93.82%
epoch 16, loss: 0.26, train 93.86%
epoch 16, loss: 0.05, train 94.03%
epoch 16, loss: 0.18, train 93.92%
epoch 16, loss: 0.16, train 93.95%
epoch 16, loss: 0.06, train 94.10%
epoch 16, loss: 0.22, train 94.00%
epoch 16, loss: 0.15, train 94.02%
epoch 16, loss: 0.02, train 94.17%
epoch 16, loss: 0.01, train 94.30%
epoch 16, loss: 0.07, train 94.43%
epoch 16, loss: 0.28, train 94.44%
Epoch completed!
epoch 16, total signals 900, average_loss_per_batch: 0.157441, train 94.44%
Validating
Val set size: 120, validation accuracy 95.83%
epoch 17, loss: 0.02, train 100.00%
epoch 17, loss: 0.10, train 97.50%
epoch 17, loss: 0.05, train 98.33%
epoch 17, loss: 0.04, train 98.75%
epoch 17, loss: 0.02, train 99.00%
epoch 17, loss: 0.01, train 99.17%
epoch 17, loss: 0.02, train 99.29%
epoch 17, loss: 0.01, train 99.38%
epoch 17, loss: 0.01, train 99.44%
epoch 17, loss: 0.09, train 99.00%
epoch 17, loss: 0.17, train 98.18%
epoch 17, loss: 0.20, train 97.92%
epoch 17, loss: 0.17, train 97.31%
epoch 17, loss: 0.04, train 97.50%
epoch 17, loss: 0.13, train 97.33%
epoch 17, loss: 0.05, train 97.50%
epoch 17, loss: 0.03, train 97.65%
epoch 17, loss: 0.06, train 97.50%
epoch 17, loss: 0.15, train 97.11%
epoch 17, loss: 0.17, train 97.00%
epoch 17, loss: 0.11, train 96.90%
epoch 17, loss: 0.01, train 97.05%
epoch 17, loss: 0.14, train 96.96%
epoch 17, loss: 0.05, train 97.08%
epoch 17, loss: 0.24, train 96.60%
epoch 17, loss: 0.12, train 96.54%
epoch 17, loss: 0.12, train 96.48%
epoch 17, loss: 0.04, train 96.61%
epoch 17, loss: 0.04, train 96.72%
epoch 17, loss: 0.02, train 96.83%
epoch 17, loss: 0.03, train 96.94%
epoch 17, loss: 0.09, train 96.88%
epoch 17, loss: 0.03, train 96.97%
epoch 17, loss: 0.01, train 97.06%
epoch 17, loss: 0.15, train 96.86%
epoch 17, loss: 0.05, train 96.94%
epoch 17, loss: 0.06, train 97.03%
epoch 17, loss: 0.07, train 96.97%
epoch 17, loss: 0.16, train 96.92%
epoch 17, loss: 0.01, train 97.00%
epoch 17, loss: 0.02, train 97.07%
epoch 17, loss: 0.05, train 97.14%
epoch 17, loss: 0.10, train 97.09%
epoch 17, loss: 0.16, train 97.05%
epoch 17, loss: 0.07, train 97.00%
Epoch completed!
epoch 17, total signals 900, average_loss_per_batch: 0.077484, train 97.00%
Validating
Val set size: 120, validation accuracy 96.67%
epoch 18, loss: 0.31, train 90.00%
epoch 18, loss: 0.03, train 95.00%
epoch 18, loss: 0.02, train 96.67%
epoch 18, loss: 0.02, train 97.50%
epoch 18, loss: 0.02, train 98.00%
epoch 18, loss: 0.01, train 98.33%
epoch 18, loss: 0.02, train 98.57%
epoch 18, loss: 0.00, train 98.75%
epoch 18, loss: 0.03, train 98.89%
epoch 18, loss: 0.02, train 99.00%
epoch 18, loss: 0.01, train 99.09%
epoch 18, loss: 0.01, train 99.17%
epoch 18, loss: 0.05, train 99.23%
epoch 18, loss: 0.02, train 99.29%
epoch 18, loss: 0.09, train 99.33%
epoch 18, loss: 0.00, train 99.38%
epoch 18, loss: 0.03, train 99.41%
epoch 18, loss: 0.16, train 99.17%
epoch 18, loss: 0.02, train 99.21%
epoch 18, loss: 0.25, train 98.50%
epoch 18, loss: 0.03, train 98.57%
epoch 18, loss: 0.08, train 98.64%
epoch 18, loss: 0.09, train 98.48%
epoch 18, loss: 0.07, train 98.33%
epoch 18, loss: 0.01, train 98.40%
epoch 18, loss: 0.06, train 98.46%
epoch 18, loss: 0.01, train 98.52%
epoch 18, loss: 0.01, train 98.57%
epoch 18, loss: 0.10, train 98.45%
epoch 18, loss: 0.05, train 98.50%
epoch 18, loss: 0.02, train 98.55%
epoch 18, loss: 0.01, train 98.59%
epoch 18, loss: 0.12, train 98.48%
epoch 18, loss: 0.03, train 98.53%
epoch 18, loss: 0.01, train 98.57%
epoch 18, loss: 0.04, train 98.61%
epoch 18, loss: 0.04, train 98.65%
epoch 18, loss: 0.02, train 98.68%
epoch 18, loss: 0.11, train 98.59%
epoch 18, loss: 0.06, train 98.62%
epoch 18, loss: 0.02, train 98.66%
epoch 18, loss: 0.00, train 98.69%
epoch 18, loss: 0.01, train 98.72%
epoch 18, loss: 0.02, train 98.75%
epoch 18, loss: 0.05, train 98.78%
Epoch completed!
epoch 18, total signals 900, average_loss_per_batch: 0.048659, train 98.78%
Validating
Val set size: 120, validation accuracy 97.50%
epoch 19, loss: 0.11, train 100.00%
epoch 19, loss: 0.05, train 97.50%
epoch 19, loss: 0.02, train 98.33%
epoch 19, loss: 0.06, train 98.75%
epoch 19, loss: 0.02, train 99.00%
epoch 19, loss: 0.01, train 99.17%
epoch 19, loss: 0.04, train 99.29%
epoch 19, loss: 0.01, train 99.38%
epoch 19, loss: 0.03, train 99.44%
epoch 19, loss: 0.02, train 99.50%
epoch 19, loss: 0.01, train 99.55%
epoch 19, loss: 0.02, train 99.58%
epoch 19, loss: 0.02, train 99.62%
epoch 19, loss: 0.02, train 99.64%
epoch 19, loss: 0.07, train 99.67%
epoch 19, loss: 0.00, train 99.69%
epoch 19, loss: 0.02, train 99.71%
epoch 19, loss: 0.01, train 99.72%
epoch 19, loss: 0.07, train 99.47%
epoch 19, loss: 0.11, train 99.50%
epoch 19, loss: 0.01, train 99.52%
epoch 19, loss: 0.03, train 99.55%
epoch 19, loss: 0.01, train 99.57%
epoch 19, loss: 0.01, train 99.58%
epoch 19, loss: 0.02, train 99.60%
epoch 19, loss: 0.03, train 99.62%
epoch 19, loss: 0.01, train 99.63%
epoch 19, loss: 0.02, train 99.64%
epoch 19, loss: 0.08, train 99.48%
epoch 19, loss: 0.00, train 99.50%
epoch 19, loss: 0.01, train 99.52%
epoch 19, loss: 0.02, train 99.53%
epoch 19, loss: 0.02, train 99.55%
epoch 19, loss: 0.01, train 99.56%
epoch 19, loss: 0.00, train 99.57%
epoch 19, loss: 0.01, train 99.58%
epoch 19, loss: 0.00, train 99.59%
epoch 19, loss: 0.03, train 99.61%
epoch 19, loss: 0.02, train 99.62%
epoch 19, loss: 0.01, train 99.62%
epoch 19, loss: 0.01, train 99.63%
epoch 19, loss: 0.06, train 99.52%
epoch 19, loss: 0.08, train 99.53%
epoch 19, loss: 0.02, train 99.55%
epoch 19, loss: 0.01, train 99.56%
Epoch completed!
epoch 19, total signals 900, average_loss_per_batch: 0.027823, train 99.56%
Validating
Val set size: 120, validation accuracy 96.67%
epoch 20, loss: 0.03, train 100.00%
epoch 20, loss: 0.01, train 100.00%
epoch 20, loss: 0.03, train 100.00%
epoch 20, loss: 0.01, train 100.00%
epoch 20, loss: 0.57, train 96.00%
epoch 20, loss: 0.00, train 96.67%
epoch 20, loss: 0.01, train 97.14%
epoch 20, loss: 0.01, train 97.50%
epoch 20, loss: 0.02, train 97.78%
epoch 20, loss: 0.11, train 97.50%
epoch 20, loss: 0.06, train 97.73%
epoch 20, loss: 0.01, train 97.92%
epoch 20, loss: 0.02, train 98.08%
epoch 20, loss: 0.07, train 98.21%
epoch 20, loss: 0.01, train 98.33%
epoch 20, loss: 0.03, train 98.44%
epoch 20, loss: 0.14, train 97.94%
epoch 20, loss: 0.01, train 98.06%
epoch 20, loss: 0.03, train 98.16%
epoch 20, loss: 0.01, train 98.25%
epoch 20, loss: 0.02, train 98.33%
epoch 20, loss: 0.07, train 98.18%
epoch 20, loss: 0.02, train 98.26%
epoch 20, loss: 0.03, train 98.33%
epoch 20, loss: 0.00, train 98.40%
epoch 20, loss: 0.08, train 98.27%
epoch 20, loss: 0.02, train 98.33%
epoch 20, loss: 0.07, train 98.39%
epoch 20, loss: 0.19, train 98.28%
epoch 20, loss: 0.03, train 98.33%
epoch 20, loss: 0.02, train 98.39%
epoch 20, loss: 0.32, train 97.81%
epoch 20, loss: 0.01, train 97.88%
epoch 20, loss: 0.07, train 97.94%
epoch 20, loss: 0.13, train 98.00%
epoch 20, loss: 0.21, train 97.78%
epoch 20, loss: 0.43, train 97.30%
epoch 20, loss: 0.06, train 97.37%
epoch 20, loss: 0.02, train 97.44%
epoch 20, loss: 0.14, train 97.38%
epoch 20, loss: 0.12, train 97.20%
epoch 20, loss: 0.18, train 97.02%
epoch 20, loss: 0.08, train 96.98%
epoch 20, loss: 0.41, train 96.70%
epoch 20, loss: 0.04, train 96.78%
Epoch completed!
epoch 20, total signals 900, average_loss_per_batch: 0.088871, train 96.78%
Validating
Val set size: 120, validation accuracy 95.83%
epoch 21, loss: 0.04, train 100.00%
epoch 21, loss: 0.13, train 100.00%
epoch 21, loss: 0.12, train 98.33%
epoch 21, loss: 0.05, train 97.50%
epoch 21, loss: 0.14, train 97.00%
epoch 21, loss: 0.52, train 95.00%
epoch 21, loss: 0.10, train 94.29%
epoch 21, loss: 0.02, train 95.00%
epoch 21, loss: 0.05, train 95.00%
epoch 21, loss: 0.02, train 95.50%
epoch 21, loss: 0.01, train 95.91%
epoch 21, loss: 0.09, train 95.83%
epoch 21, loss: 0.04, train 96.15%
epoch 21, loss: 0.16, train 96.07%
epoch 21, loss: 0.14, train 96.00%
epoch 21, loss: 0.59, train 95.94%
epoch 21, loss: 0.00, train 96.18%
epoch 21, loss: 0.19, train 96.11%
epoch 21, loss: 0.21, train 95.79%
epoch 21, loss: 0.00, train 96.00%
epoch 21, loss: 0.17, train 95.95%
epoch 21, loss: 0.32, train 95.68%
epoch 21, loss: 0.17, train 95.43%
epoch 21, loss: 0.15, train 95.21%
epoch 21, loss: 0.07, train 95.40%
epoch 21, loss: 0.03, train 95.58%
epoch 21, loss: 0.01, train 95.74%
epoch 21, loss: 0.13, train 95.71%
epoch 21, loss: 0.19, train 95.69%
epoch 21, loss: 0.23, train 95.67%
epoch 21, loss: 0.38, train 95.65%
epoch 21, loss: 0.05, train 95.62%
epoch 21, loss: 0.05, train 95.76%
epoch 21, loss: 0.12, train 95.74%
epoch 21, loss: 0.14, train 95.57%
epoch 21, loss: 0.07, train 95.56%
epoch 21, loss: 0.05, train 95.68%
epoch 21, loss: 0.19, train 95.66%
epoch 21, loss: 0.02, train 95.77%
epoch 21, loss: 0.17, train 95.75%
epoch 21, loss: 0.08, train 95.73%
epoch 21, loss: 0.19, train 95.71%
epoch 21, loss: 0.02, train 95.81%
epoch 21, loss: 0.13, train 95.80%
epoch 21, loss: 0.03, train 95.89%
Epoch completed!
epoch 21, total signals 900, average_loss_per_batch: 0.128720, train 95.89%
Validating
Val set size: 120, validation accuracy 92.50%
epoch 22, loss: 0.10, train 95.00%
epoch 22, loss: 0.01, train 97.50%
epoch 22, loss: 0.04, train 98.33%
epoch 22, loss: 0.03, train 98.75%
epoch 22, loss: 0.02, train 99.00%
epoch 22, loss: 0.01, train 99.17%
epoch 22, loss: 0.08, train 98.57%
epoch 22, loss: 0.09, train 98.12%
epoch 22, loss: 0.03, train 98.33%
epoch 22, loss: 0.03, train 98.50%
epoch 22, loss: 0.12, train 98.18%
epoch 22, loss: 0.03, train 98.33%
epoch 22, loss: 0.08, train 98.46%
epoch 22, loss: 0.03, train 98.57%
epoch 22, loss: 0.09, train 98.33%
epoch 22, loss: 0.02, train 98.44%
epoch 22, loss: 0.02, train 98.53%
epoch 22, loss: 0.01, train 98.61%
epoch 22, loss: 0.03, train 98.68%
epoch 22, loss: 0.00, train 98.75%
epoch 22, loss: 0.02, train 98.81%
epoch 22, loss: 0.02, train 98.86%
epoch 22, loss: 0.05, train 98.91%
epoch 22, loss: 0.14, train 98.54%
epoch 22, loss: 0.05, train 98.60%
epoch 22, loss: 0.01, train 98.65%
epoch 22, loss: 0.01, train 98.70%
epoch 22, loss: 0.02, train 98.75%
epoch 22, loss: 0.09, train 98.62%
epoch 22, loss: 0.04, train 98.67%
epoch 22, loss: 0.01, train 98.71%
epoch 22, loss: 0.03, train 98.75%
epoch 22, loss: 0.07, train 98.64%
epoch 22, loss: 0.03, train 98.68%
epoch 22, loss: 0.11, train 98.57%
epoch 22, loss: 0.06, train 98.61%
epoch 22, loss: 0.00, train 98.65%
epoch 22, loss: 0.01, train 98.68%
epoch 22, loss: 0.02, train 98.72%
epoch 22, loss: 0.01, train 98.75%
epoch 22, loss: 0.02, train 98.78%
epoch 22, loss: 0.11, train 98.69%
epoch 22, loss: 0.05, train 98.72%
epoch 22, loss: 0.03, train 98.75%
epoch 22, loss: 0.02, train 98.78%
Epoch completed!
epoch 22, total signals 900, average_loss_per_batch: 0.042135, train 98.78%
Validating
Val set size: 120, validation accuracy 97.50%
epoch 23, loss: 0.02, train 100.00%
epoch 23, loss: 0.02, train 100.00%
epoch 23, loss: 0.01, train 100.00%
epoch 23, loss: 0.07, train 100.00%
epoch 23, loss: 0.07, train 99.00%
epoch 23, loss: 0.15, train 98.33%
epoch 23, loss: 0.01, train 98.57%
epoch 23, loss: 0.11, train 98.12%
epoch 23, loss: 0.01, train 98.33%
epoch 23, loss: 0.03, train 98.50%
epoch 23, loss: 0.02, train 98.64%
epoch 23, loss: 0.03, train 98.75%
epoch 23, loss: 0.02, train 98.85%
epoch 23, loss: 0.45, train 97.50%
epoch 23, loss: 0.02, train 97.67%
epoch 23, loss: 0.02, train 97.81%
epoch 23, loss: 0.01, train 97.94%
epoch 23, loss: 0.02, train 98.06%
epoch 23, loss: 0.02, train 98.16%
epoch 23, loss: 0.00, train 98.25%
epoch 23, loss: 0.03, train 98.33%
epoch 23, loss: 0.02, train 98.41%
epoch 23, loss: 0.02, train 98.48%
epoch 23, loss: 0.55, train 97.92%
epoch 23, loss: 0.01, train 98.00%
epoch 23, loss: 0.02, train 98.08%
epoch 23, loss: 0.01, train 98.15%
epoch 23, loss: 0.05, train 98.21%
epoch 23, loss: 0.03, train 98.28%
epoch 23, loss: 0.09, train 98.17%
epoch 23, loss: 0.01, train 98.23%
epoch 23, loss: 0.00, train 98.28%
epoch 23, loss: 0.62, train 97.42%
epoch 23, loss: 0.12, train 97.35%
epoch 23, loss: 0.02, train 97.43%
epoch 23, loss: 0.30, train 97.08%
epoch 23, loss: 0.09, train 97.03%
epoch 23, loss: 0.29, train 96.71%
epoch 23, loss: 0.13, train 96.54%
epoch 23, loss: 0.30, train 96.50%
epoch 23, loss: 0.26, train 96.34%
epoch 23, loss: 0.35, train 95.95%
epoch 23, loss: 0.08, train 96.05%
epoch 23, loss: 0.50, train 95.57%
epoch 23, loss: 0.46, train 95.22%
Epoch completed!
epoch 23, total signals 900, average_loss_per_batch: 0.120832, train 95.22%
Validating
Val set size: 120, validation accuracy 95.83%
epoch 24, loss: 0.07, train 95.00%
epoch 24, loss: 0.02, train 97.50%
epoch 24, loss: 0.01, train 98.33%
epoch 24, loss: 0.12, train 97.50%
epoch 24, loss: 0.39, train 95.00%
epoch 24, loss: 0.57, train 92.50%
epoch 24, loss: 0.02, train 93.57%
epoch 24, loss: 0.03, train 94.38%
epoch 24, loss: 0.41, train 92.78%
epoch 24, loss: 0.00, train 93.50%
epoch 24, loss: 0.34, train 92.27%
epoch 24, loss: 0.01, train 92.92%
epoch 24, loss: 0.21, train 92.69%
epoch 24, loss: 0.14, train 92.86%
epoch 24, loss: 0.32, train 92.33%
epoch 24, loss: 0.11, train 92.50%
epoch 24, loss: 0.71, train 91.47%
epoch 24, loss: 0.25, train 90.83%
epoch 24, loss: 0.13, train 91.05%
epoch 24, loss: 0.10, train 91.25%
epoch 24, loss: 0.17, train 91.19%
epoch 24, loss: 0.17, train 91.14%
epoch 24, loss: 0.29, train 91.09%
epoch 24, loss: 0.29, train 90.83%
epoch 24, loss: 0.06, train 91.00%
epoch 24, loss: 0.02, train 91.35%
epoch 24, loss: 0.05, train 91.67%
epoch 24, loss: 0.14, train 91.79%
epoch 24, loss: 0.30, train 91.72%
epoch 24, loss: 0.09, train 91.83%
epoch 24, loss: 0.04, train 92.10%
epoch 24, loss: 0.04, train 92.34%
epoch 24, loss: 0.28, train 92.27%
epoch 24, loss: 0.24, train 92.21%
epoch 24, loss: 0.05, train 92.43%
epoch 24, loss: 0.59, train 92.22%
epoch 24, loss: 0.02, train 92.43%
epoch 24, loss: 0.07, train 92.50%
epoch 24, loss: 0.01, train 92.69%
epoch 24, loss: 0.19, train 92.62%
epoch 24, loss: 0.02, train 92.80%
epoch 24, loss: 0.22, train 92.74%
epoch 24, loss: 0.89, train 91.98%
epoch 24, loss: 0.12, train 91.93%
epoch 24, loss: 0.02, train 92.11%
Epoch completed!
epoch 24, total signals 900, average_loss_per_batch: 0.185330, train 92.11%
Validating
Val set size: 120, validation accuracy 94.17%
epoch 25, loss: 0.05, train 100.00%
epoch 25, loss: 0.39, train 95.00%
epoch 25, loss: 0.13, train 95.00%
epoch 25, loss: 0.12, train 95.00%
epoch 25, loss: 0.02, train 96.00%
epoch 25, loss: 0.00, train 96.67%
epoch 25, loss: 0.03, train 97.14%
epoch 25, loss: 0.12, train 96.88%
epoch 25, loss: 0.45, train 96.11%
epoch 25, loss: 0.01, train 96.50%
epoch 25, loss: 0.03, train 96.82%
epoch 25, loss: 0.03, train 97.08%
epoch 25, loss: 0.13, train 96.92%
epoch 25, loss: 0.20, train 96.79%
epoch 25, loss: 0.19, train 96.33%
epoch 25, loss: 0.06, train 96.56%
epoch 25, loss: 0.00, train 96.76%
epoch 25, loss: 0.20, train 96.39%
epoch 25, loss: 0.02, train 96.58%
epoch 25, loss: 0.03, train 96.75%
epoch 25, loss: 0.25, train 96.43%
epoch 25, loss: 0.19, train 95.91%
epoch 25, loss: 0.01, train 96.09%
epoch 25, loss: 0.02, train 96.25%
epoch 25, loss: 0.04, train 96.40%
epoch 25, loss: 0.04, train 96.54%
epoch 25, loss: 0.15, train 96.30%
epoch 25, loss: 0.05, train 96.43%
epoch 25, loss: 0.01, train 96.55%
epoch 25, loss: 0.02, train 96.67%
epoch 25, loss: 0.02, train 96.77%
epoch 25, loss: 0.01, train 96.88%
epoch 25, loss: 0.05, train 96.97%
epoch 25, loss: 0.85, train 96.18%
epoch 25, loss: 0.01, train 96.29%
epoch 25, loss: 0.05, train 96.25%
epoch 25, loss: 0.08, train 96.22%
epoch 25, loss: 0.06, train 96.32%
epoch 25, loss: 0.01, train 96.41%
epoch 25, loss: 0.10, train 96.38%
epoch 25, loss: 0.02, train 96.46%
epoch 25, loss: 0.08, train 96.43%
epoch 25, loss: 0.22, train 96.40%
epoch 25, loss: 0.02, train 96.48%
epoch 25, loss: 0.01, train 96.56%
Epoch completed!
epoch 25, total signals 900, average_loss_per_batch: 0.101597, train 96.56%
Validating
Val set size: 120, validation accuracy 97.50%
epoch 26, loss: 0.00, train 100.00%
epoch 26, loss: 0.01, train 100.00%
epoch 26, loss: 0.00, train 100.00%
epoch 26, loss: 0.05, train 98.75%
epoch 26, loss: 0.02, train 99.00%
epoch 26, loss: 0.04, train 99.17%
epoch 26, loss: 0.04, train 99.29%
epoch 26, loss: 0.03, train 99.38%
epoch 26, loss: 0.01, train 99.44%
epoch 26, loss: 0.01, train 99.50%
epoch 26, loss: 0.02, train 99.55%
epoch 26, loss: 0.07, train 99.58%
epoch 26, loss: 0.02, train 99.62%
epoch 26, loss: 0.01, train 99.64%
epoch 26, loss: 0.01, train 99.67%
epoch 26, loss: 0.05, train 99.69%
epoch 26, loss: 0.00, train 99.71%
epoch 26, loss: 0.00, train 99.72%
epoch 26, loss: 0.06, train 99.74%
epoch 26, loss: 0.00, train 99.75%
epoch 26, loss: 0.01, train 99.76%
epoch 26, loss: 0.06, train 99.55%
epoch 26, loss: 0.01, train 99.57%
epoch 26, loss: 0.01, train 99.58%
epoch 26, loss: 0.01, train 99.60%
epoch 26, loss: 0.01, train 99.62%
epoch 26, loss: 0.02, train 99.63%
epoch 26, loss: 0.05, train 99.64%
epoch 26, loss: 0.05, train 99.48%
epoch 26, loss: 0.00, train 99.50%
epoch 26, loss: 0.05, train 99.35%
epoch 26, loss: 0.01, train 99.38%
epoch 26, loss: 0.01, train 99.39%
epoch 26, loss: 0.06, train 99.26%
epoch 26, loss: 0.02, train 99.29%
epoch 26, loss: 0.27, train 99.03%
epoch 26, loss: 0.01, train 99.05%
epoch 26, loss: 0.00, train 99.08%
epoch 26, loss: 0.02, train 99.10%
epoch 26, loss: 0.01, train 99.12%
epoch 26, loss: 0.02, train 99.15%
epoch 26, loss: 0.02, train 99.17%
epoch 26, loss: 0.01, train 99.19%
epoch 26, loss: 0.05, train 99.09%
epoch 26, loss: 0.00, train 99.11%
Epoch completed!
epoch 26, total signals 900, average_loss_per_batch: 0.027387, train 99.11%
Validating
Val set size: 120, validation accuracy 96.67%
epoch 27, loss: 0.01, train 100.00%
epoch 27, loss: 0.01, train 100.00%
epoch 27, loss: 0.05, train 98.33%
epoch 27, loss: 0.01, train 98.75%
epoch 27, loss: 0.00, train 99.00%
epoch 27, loss: 0.00, train 99.17%
epoch 27, loss: 0.00, train 99.29%
epoch 27, loss: 0.01, train 99.38%
epoch 27, loss: 0.00, train 99.44%
epoch 27, loss: 0.02, train 99.50%
epoch 27, loss: 0.04, train 99.55%
epoch 27, loss: 0.02, train 99.58%
epoch 27, loss: 0.01, train 99.62%
epoch 27, loss: 0.04, train 99.64%
epoch 27, loss: 0.07, train 99.33%
epoch 27, loss: 0.00, train 99.38%
epoch 27, loss: 0.00, train 99.41%
epoch 27, loss: 0.00, train 99.44%
epoch 27, loss: 0.01, train 99.47%
epoch 27, loss: 0.00, train 99.50%
epoch 27, loss: 0.01, train 99.52%
epoch 27, loss: 0.02, train 99.55%
epoch 27, loss: 0.01, train 99.57%
epoch 27, loss: 0.00, train 99.58%
epoch 27, loss: 0.03, train 99.60%
epoch 27, loss: 0.25, train 99.04%
epoch 27, loss: 0.03, train 99.07%
epoch 27, loss: 0.01, train 99.11%
epoch 27, loss: 0.06, train 99.14%
epoch 27, loss: 0.05, train 99.17%
epoch 27, loss: 0.03, train 99.19%
epoch 27, loss: 0.01, train 99.22%
epoch 27, loss: 0.01, train 99.24%
epoch 27, loss: 0.08, train 99.12%
epoch 27, loss: 0.02, train 99.14%
epoch 27, loss: 0.01, train 99.17%
epoch 27, loss: 0.01, train 99.19%
epoch 27, loss: 0.02, train 99.21%
epoch 27, loss: 0.01, train 99.23%
epoch 27, loss: 0.01, train 99.25%
epoch 27, loss: 0.00, train 99.27%
epoch 27, loss: 0.01, train 99.29%
epoch 27, loss: 0.00, train 99.30%
epoch 27, loss: 0.04, train 99.32%
epoch 27, loss: 0.00, train 99.33%
Epoch completed!
epoch 27, total signals 900, average_loss_per_batch: 0.022786, train 99.33%
Validating
Val set size: 120, validation accuracy 96.67%
epoch 28, loss: 0.00, train 100.00%
epoch 28, loss: 0.33, train 90.00%
epoch 28, loss: 0.00, train 93.33%
epoch 28, loss: 0.03, train 95.00%
epoch 28, loss: 0.01, train 96.00%
epoch 28, loss: 0.00, train 96.67%
epoch 28, loss: 0.01, train 97.14%
epoch 28, loss: 0.01, train 97.50%
epoch 28, loss: 0.00, train 97.78%
epoch 28, loss: 0.01, train 98.00%
epoch 28, loss: 0.01, train 98.18%
epoch 28, loss: 0.05, train 98.33%
epoch 28, loss: 0.01, train 98.46%
epoch 28, loss: 0.02, train 98.57%
epoch 28, loss: 0.02, train 98.67%
epoch 28, loss: 0.00, train 98.75%
epoch 28, loss: 0.06, train 98.53%
epoch 28, loss: 0.01, train 98.61%
epoch 28, loss: 0.06, train 98.42%
epoch 28, loss: 0.01, train 98.50%
epoch 28, loss: 0.02, train 98.57%
epoch 28, loss: 0.01, train 98.64%
epoch 28, loss: 0.02, train 98.70%
epoch 28, loss: 0.02, train 98.75%
epoch 28, loss: 0.03, train 98.80%
epoch 28, loss: 0.06, train 98.65%
epoch 28, loss: 0.02, train 98.70%
epoch 28, loss: 0.03, train 98.75%
epoch 28, loss: 0.04, train 98.62%
epoch 28, loss: 0.09, train 98.50%
epoch 28, loss: 0.02, train 98.55%
epoch 28, loss: 0.04, train 98.59%
epoch 28, loss: 0.05, train 98.64%
epoch 28, loss: 0.01, train 98.68%
epoch 28, loss: 0.01, train 98.71%
epoch 28, loss: 0.00, train 98.75%
epoch 28, loss: 0.02, train 98.78%
epoch 28, loss: 0.00, train 98.82%
epoch 28, loss: 0.02, train 98.85%
epoch 28, loss: 0.02, train 98.88%
epoch 28, loss: 0.00, train 98.90%
epoch 28, loss: 0.01, train 98.93%
epoch 28, loss: 0.02, train 98.95%
epoch 28, loss: 0.02, train 98.98%
epoch 28, loss: 0.01, train 99.00%
Epoch completed!
epoch 28, total signals 900, average_loss_per_batch: 0.027851, train 99.00%
Validating
Val set size: 120, validation accuracy 98.33%
epoch 29, loss: 0.01, train 100.00%
epoch 29, loss: 0.01, train 100.00%
epoch 29, loss: 0.01, train 100.00%
epoch 29, loss: 0.00, train 100.00%
epoch 29, loss: 0.01, train 100.00%
epoch 29, loss: 0.03, train 100.00%
epoch 29, loss: 0.01, train 100.00%
epoch 29, loss: 0.01, train 100.00%
epoch 29, loss: 0.01, train 100.00%
epoch 29, loss: 0.00, train 100.00%
epoch 29, loss: 0.01, train 100.00%
epoch 29, loss: 0.01, train 100.00%
epoch 29, loss: 0.01, train 100.00%
epoch 29, loss: 0.00, train 100.00%
epoch 29, loss: 0.02, train 100.00%
epoch 29, loss: 0.03, train 100.00%
epoch 29, loss: 0.02, train 100.00%
epoch 29, loss: 0.06, train 100.00%
epoch 29, loss: 0.01, train 100.00%
epoch 29, loss: 0.03, train 100.00%
epoch 29, loss: 0.11, train 99.76%
epoch 29, loss: 0.02, train 99.77%
epoch 29, loss: 0.02, train 99.78%
epoch 29, loss: 0.02, train 99.79%
epoch 29, loss: 0.02, train 99.80%
epoch 29, loss: 0.00, train 99.81%
epoch 29, loss: 0.02, train 99.81%
epoch 29, loss: 0.00, train 99.82%
epoch 29, loss: 0.00, train 99.83%
epoch 29, loss: 0.02, train 99.83%
epoch 29, loss: 0.02, train 99.84%
epoch 29, loss: 0.01, train 99.84%
epoch 29, loss: 0.02, train 99.85%
epoch 29, loss: 0.00, train 99.85%
epoch 29, loss: 0.01, train 99.86%
epoch 29, loss: 0.00, train 99.86%
epoch 29, loss: 0.02, train 99.86%
epoch 29, loss: 0.03, train 99.87%
epoch 29, loss: 0.01, train 99.87%
epoch 29, loss: 0.01, train 99.88%
epoch 29, loss: 0.00, train 99.88%
epoch 29, loss: 0.01, train 99.88%
epoch 29, loss: 0.02, train 99.88%
epoch 29, loss: 0.01, train 99.89%
epoch 29, loss: 0.00, train 99.89%
Epoch completed!
epoch 29, total signals 900, average_loss_per_batch: 0.016076, train 99.89%
Validating
Val set size: 120, validation accuracy 97.50%
epoch 30, loss: 0.00, train 100.00%
epoch 30, loss: 0.01, train 100.00%
epoch 30, loss: 0.00, train 100.00%
epoch 30, loss: 0.01, train 100.00%
epoch 30, loss: 0.01, train 100.00%
epoch 30, loss: 0.01, train 100.00%
epoch 30, loss: 0.00, train 100.00%
epoch 30, loss: 0.03, train 100.00%
epoch 30, loss: 0.01, train 100.00%
epoch 30, loss: 0.00, train 100.00%
epoch 30, loss: 0.02, train 100.00%
epoch 30, loss: 0.03, train 100.00%
epoch 30, loss: 0.00, train 100.00%
epoch 30, loss: 0.01, train 100.00%
epoch 30, loss: 0.03, train 100.00%
epoch 30, loss: 0.01, train 100.00%
epoch 30, loss: 0.02, train 100.00%
epoch 30, loss: 0.01, train 100.00%
epoch 30, loss: 0.01, train 100.00%
epoch 30, loss: 0.00, train 100.00%
epoch 30, loss: 0.02, train 100.00%
epoch 30, loss: 0.01, train 100.00%
epoch 30, loss: 0.01, train 100.00%
epoch 30, loss: 0.00, train 100.00%
epoch 30, loss: 0.03, train 100.00%
epoch 30, loss: 0.00, train 100.00%
epoch 30, loss: 0.01, train 100.00%
epoch 30, loss: 0.01, train 100.00%
epoch 30, loss: 0.06, train 99.83%
epoch 30, loss: 0.03, train 99.83%
epoch 30, loss: 0.01, train 99.84%
epoch 30, loss: 0.01, train 99.84%
epoch 30, loss: 0.24, train 99.55%
epoch 30, loss: 0.01, train 99.56%
epoch 30, loss: 0.04, train 99.57%
epoch 30, loss: 0.00, train 99.58%
epoch 30, loss: 0.06, train 99.46%
epoch 30, loss: 0.00, train 99.47%
epoch 30, loss: 0.00, train 99.49%
epoch 30, loss: 0.01, train 99.50%
epoch 30, loss: 0.01, train 99.51%
epoch 30, loss: 0.00, train 99.52%
epoch 30, loss: 0.00, train 99.53%
epoch 30, loss: 0.04, train 99.55%
epoch 30, loss: 0.01, train 99.56%
Epoch completed!
epoch 30, total signals 900, average_loss_per_batch: 0.018378, train 99.56%
Validating
Val set size: 120, validation accuracy 98.33%
epoch 31, loss: 0.01, train 100.00%
epoch 31, loss: 0.00, train 100.00%
epoch 31, loss: 0.03, train 100.00%
epoch 31, loss: 0.01, train 100.00%
epoch 31, loss: 0.04, train 100.00%
epoch 31, loss: 0.03, train 100.00%
epoch 31, loss: 0.01, train 100.00%
epoch 31, loss: 0.01, train 100.00%
epoch 31, loss: 0.00, train 100.00%
epoch 31, loss: 0.02, train 100.00%
epoch 31, loss: 0.01, train 100.00%
epoch 31, loss: 0.04, train 100.00%
epoch 31, loss: 0.00, train 100.00%
epoch 31, loss: 0.00, train 100.00%
epoch 31, loss: 0.05, train 100.00%
epoch 31, loss: 0.00, train 100.00%
epoch 31, loss: 0.00, train 100.00%
epoch 31, loss: 0.00, train 100.00%
epoch 31, loss: 0.05, train 100.00%
epoch 31, loss: 0.01, train 100.00%
epoch 31, loss: 0.12, train 99.76%
epoch 31, loss: 0.00, train 99.77%
epoch 31, loss: 0.00, train 99.78%
epoch 31, loss: 0.01, train 99.79%
epoch 31, loss: 0.01, train 99.80%
epoch 31, loss: 0.01, train 99.81%
epoch 31, loss: 0.03, train 99.81%
epoch 31, loss: 0.02, train 99.82%
epoch 31, loss: 0.05, train 99.83%
epoch 31, loss: 0.01, train 99.83%
epoch 31, loss: 0.01, train 99.84%
epoch 31, loss: 0.03, train 99.84%
epoch 31, loss: 0.02, train 99.85%
epoch 31, loss: 0.02, train 99.85%
epoch 31, loss: 0.01, train 99.86%
epoch 31, loss: 0.01, train 99.86%
epoch 31, loss: 0.01, train 99.86%
epoch 31, loss: 0.03, train 99.87%
epoch 31, loss: 0.01, train 99.87%
epoch 31, loss: 0.00, train 99.88%
epoch 31, loss: 0.00, train 99.88%
epoch 31, loss: 0.01, train 99.88%
epoch 31, loss: 0.06, train 99.88%
epoch 31, loss: 0.00, train 99.89%
epoch 31, loss: 0.00, train 99.89%
Epoch completed!
epoch 31, total signals 900, average_loss_per_batch: 0.018328, train 99.89%
Validating
Val set size: 120, validation accuracy 97.50%
epoch 32, loss: 0.00, train 100.00%
epoch 32, loss: 0.04, train 100.00%
epoch 32, loss: 0.06, train 100.00%
epoch 32, loss: 0.00, train 100.00%
epoch 32, loss: 0.09, train 99.00%
epoch 32, loss: 0.11, train 97.50%
epoch 32, loss: 0.01, train 97.86%
epoch 32, loss: 0.02, train 98.12%
epoch 32, loss: 0.02, train 98.33%
epoch 32, loss: 0.00, train 98.50%
epoch 32, loss: 0.02, train 98.64%
epoch 32, loss: 0.04, train 98.75%
epoch 32, loss: 0.12, train 98.08%
epoch 32, loss: 0.03, train 98.21%
epoch 32, loss: 0.01, train 98.33%
epoch 32, loss: 0.06, train 98.12%
epoch 32, loss: 0.06, train 97.94%
epoch 32, loss: 0.01, train 98.06%
epoch 32, loss: 0.01, train 98.16%
epoch 32, loss: 0.02, train 98.25%
epoch 32, loss: 0.01, train 98.33%
epoch 32, loss: 0.00, train 98.41%
epoch 32, loss: 0.03, train 98.48%
epoch 32, loss: 0.01, train 98.54%
epoch 32, loss: 0.00, train 98.60%
epoch 32, loss: 0.01, train 98.65%
epoch 32, loss: 0.06, train 98.52%
epoch 32, loss: 0.01, train 98.57%
epoch 32, loss: 0.00, train 98.62%
epoch 32, loss: 0.00, train 98.67%
epoch 32, loss: 0.02, train 98.71%
epoch 32, loss: 0.00, train 98.75%
epoch 32, loss: 0.02, train 98.79%
epoch 32, loss: 0.01, train 98.82%
epoch 32, loss: 0.01, train 98.86%
epoch 32, loss: 0.01, train 98.89%
epoch 32, loss: 0.01, train 98.92%
epoch 32, loss: 0.01, train 98.95%
epoch 32, loss: 0.21, train 98.59%
epoch 32, loss: 0.03, train 98.62%
epoch 32, loss: 0.01, train 98.66%
epoch 32, loss: 0.01, train 98.69%
epoch 32, loss: 0.01, train 98.72%
epoch 32, loss: 0.01, train 98.75%
epoch 32, loss: 0.00, train 98.78%
Epoch completed!
epoch 32, total signals 900, average_loss_per_batch: 0.028173, train 98.78%
Validating
Val set size: 120, validation accuracy 98.33%
epoch 33, loss: 0.17, train 95.00%
epoch 33, loss: 0.00, train 97.50%
epoch 33, loss: 0.01, train 98.33%
epoch 33, loss: 0.02, train 98.75%
epoch 33, loss: 0.02, train 99.00%
epoch 33, loss: 0.01, train 99.17%
epoch 33, loss: 0.04, train 99.29%
epoch 33, loss: 0.08, train 98.75%
epoch 33, loss: 0.01, train 98.89%
epoch 33, loss: 0.02, train 99.00%
epoch 33, loss: 0.02, train 99.09%
epoch 33, loss: 0.07, train 99.17%
epoch 33, loss: 0.00, train 99.23%
epoch 33, loss: 0.03, train 99.29%
epoch 33, loss: 0.06, train 99.33%
epoch 33, loss: 0.01, train 99.38%
epoch 33, loss: 0.16, train 98.82%
epoch 33, loss: 0.02, train 98.89%
epoch 33, loss: 0.03, train 98.95%
epoch 33, loss: 0.02, train 99.00%
epoch 33, loss: 0.01, train 99.05%
epoch 33, loss: 0.03, train 99.09%
epoch 33, loss: 0.01, train 99.13%
epoch 33, loss: 0.00, train 99.17%
epoch 33, loss: 0.03, train 99.20%
epoch 33, loss: 0.01, train 99.23%
epoch 33, loss: 0.00, train 99.26%
epoch 33, loss: 0.00, train 99.29%
epoch 33, loss: 0.00, train 99.31%
epoch 33, loss: 0.02, train 99.33%
epoch 33, loss: 0.03, train 99.35%
epoch 33, loss: 0.00, train 99.38%
epoch 33, loss: 0.01, train 99.39%
epoch 33, loss: 0.01, train 99.41%
epoch 33, loss: 0.07, train 99.43%
epoch 33, loss: 0.02, train 99.44%
epoch 33, loss: 0.00, train 99.46%
epoch 33, loss: 0.01, train 99.47%
epoch 33, loss: 0.02, train 99.49%
epoch 33, loss: 0.01, train 99.50%
epoch 33, loss: 0.06, train 99.51%
epoch 33, loss: 0.01, train 99.52%
epoch 33, loss: 0.01, train 99.53%
epoch 33, loss: 0.01, train 99.55%
epoch 33, loss: 0.01, train 99.56%
Epoch completed!
epoch 33, total signals 900, average_loss_per_batch: 0.026789, train 99.56%
Validating
Val set size: 120, validation accuracy 98.33%
epoch 34, loss: 0.01, train 100.00%
epoch 34, loss: 0.01, train 100.00%
epoch 34, loss: 0.02, train 100.00%
epoch 34, loss: 0.00, train 100.00%
epoch 34, loss: 0.06, train 100.00%
epoch 34, loss: 0.04, train 100.00%
epoch 34, loss: 0.04, train 100.00%
epoch 34, loss: 0.03, train 100.00%
epoch 34, loss: 0.03, train 100.00%
epoch 34, loss: 0.00, train 100.00%
epoch 34, loss: 0.01, train 100.00%
epoch 34, loss: 0.20, train 99.17%
epoch 34, loss: 0.02, train 99.23%
epoch 34, loss: 0.01, train 99.29%
epoch 34, loss: 0.01, train 99.33%
epoch 34, loss: 0.00, train 99.38%
epoch 34, loss: 0.01, train 99.41%
epoch 34, loss: 0.01, train 99.44%
epoch 34, loss: 0.13, train 99.21%
epoch 34, loss: 0.00, train 99.25%
epoch 34, loss: 0.04, train 99.29%
epoch 34, loss: 0.05, train 99.32%
epoch 34, loss: 0.01, train 99.35%
epoch 34, loss: 0.01, train 99.38%
epoch 34, loss: 0.01, train 99.40%
epoch 34, loss: 0.02, train 99.42%
epoch 34, loss: 0.00, train 99.44%
epoch 34, loss: 0.00, train 99.46%
epoch 34, loss: 0.00, train 99.48%
epoch 34, loss: 0.02, train 99.50%
epoch 34, loss: 0.00, train 99.52%
epoch 34, loss: 0.01, train 99.53%
epoch 34, loss: 0.00, train 99.55%
epoch 34, loss: 0.03, train 99.56%
epoch 34, loss: 0.01, train 99.57%
epoch 34, loss: 0.02, train 99.58%
epoch 34, loss: 0.01, train 99.59%
epoch 34, loss: 0.01, train 99.61%
epoch 34, loss: 0.01, train 99.62%
epoch 34, loss: 0.01, train 99.62%
epoch 34, loss: 0.00, train 99.63%
epoch 34, loss: 0.01, train 99.64%
epoch 34, loss: 0.01, train 99.65%
epoch 34, loss: 0.01, train 99.66%
epoch 34, loss: 0.01, train 99.67%
Epoch completed!
epoch 34, total signals 900, average_loss_per_batch: 0.021523, train 99.67%
Validating
Val set size: 120, validation accuracy 97.50%
epoch 35, loss: 0.07, train 95.00%
epoch 35, loss: 0.02, train 97.50%
epoch 35, loss: 0.01, train 98.33%
epoch 35, loss: 0.01, train 98.75%
epoch 35, loss: 0.00, train 99.00%
epoch 35, loss: 0.03, train 99.17%
epoch 35, loss: 0.02, train 99.29%
epoch 35, loss: 0.01, train 99.38%
epoch 35, loss: 0.00, train 99.44%
epoch 35, loss: 0.01, train 99.50%
epoch 35, loss: 0.01, train 99.55%
epoch 35, loss: 0.01, train 99.58%
epoch 35, loss: 0.00, train 99.62%
epoch 35, loss: 0.00, train 99.64%
epoch 35, loss: 0.00, train 99.67%
epoch 35, loss: 0.01, train 99.69%
epoch 35, loss: 0.04, train 99.71%
epoch 35, loss: 0.08, train 99.72%
epoch 35, loss: 0.00, train 99.74%
epoch 35, loss: 0.00, train 99.75%
epoch 35, loss: 0.01, train 99.76%
epoch 35, loss: 0.03, train 99.77%
epoch 35, loss: 0.02, train 99.78%
epoch 35, loss: 0.06, train 99.58%
epoch 35, loss: 0.01, train 99.60%
epoch 35, loss: 0.01, train 99.62%
epoch 35, loss: 0.00, train 99.63%
epoch 35, loss: 0.00, train 99.64%
epoch 35, loss: 0.00, train 99.66%
epoch 35, loss: 0.00, train 99.67%
epoch 35, loss: 0.04, train 99.68%
epoch 35, loss: 0.01, train 99.69%
epoch 35, loss: 0.00, train 99.70%
epoch 35, loss: 0.01, train 99.71%
epoch 35, loss: 0.01, train 99.71%
epoch 35, loss: 0.01, train 99.72%
epoch 35, loss: 0.01, train 99.73%
epoch 35, loss: 0.01, train 99.74%
epoch 35, loss: 0.03, train 99.74%
epoch 35, loss: 0.01, train 99.75%
epoch 35, loss: 0.02, train 99.76%
epoch 35, loss: 0.01, train 99.76%
epoch 35, loss: 0.01, train 99.77%
epoch 35, loss: 0.01, train 99.77%
epoch 35, loss: 0.05, train 99.78%
Epoch completed!
epoch 35, total signals 900, average_loss_per_batch: 0.015821, train 99.78%
Validating
Val set size: 120, validation accuracy 97.50%
epoch 36, loss: 0.01, train 100.00%
epoch 36, loss: 0.01, train 100.00%
epoch 36, loss: 0.01, train 100.00%
epoch 36, loss: 0.00, train 100.00%
epoch 36, loss: 0.01, train 100.00%
epoch 36, loss: 0.01, train 100.00%
epoch 36, loss: 0.02, train 100.00%
epoch 36, loss: 0.02, train 100.00%
epoch 36, loss: 0.04, train 100.00%
epoch 36, loss: 0.01, train 100.00%
epoch 36, loss: 0.00, train 100.00%
epoch 36, loss: 0.01, train 100.00%
epoch 36, loss: 0.01, train 100.00%
epoch 36, loss: 0.00, train 100.00%
epoch 36, loss: 0.00, train 100.00%
epoch 36, loss: 0.01, train 100.00%
epoch 36, loss: 0.01, train 100.00%
epoch 36, loss: 0.04, train 100.00%
epoch 36, loss: 0.00, train 100.00%
epoch 36, loss: 0.01, train 100.00%
epoch 36, loss: 0.01, train 100.00%
epoch 36, loss: 0.05, train 100.00%
epoch 36, loss: 0.00, train 100.00%
epoch 36, loss: 0.01, train 100.00%
epoch 36, loss: 0.00, train 100.00%
epoch 36, loss: 0.00, train 100.00%
epoch 36, loss: 0.02, train 100.00%
epoch 36, loss: 0.00, train 100.00%
epoch 36, loss: 0.00, train 100.00%
epoch 36, loss: 0.02, train 100.00%
epoch 36, loss: 0.01, train 100.00%
epoch 36, loss: 0.03, train 100.00%
epoch 36, loss: 0.02, train 100.00%
epoch 36, loss: 0.00, train 100.00%
epoch 36, loss: 0.01, train 100.00%
epoch 36, loss: 0.04, train 100.00%
epoch 36, loss: 0.22, train 99.86%
epoch 36, loss: 0.01, train 99.87%
epoch 36, loss: 0.01, train 99.87%
epoch 36, loss: 0.04, train 99.88%
epoch 36, loss: 0.01, train 99.88%
epoch 36, loss: 0.03, train 99.88%
epoch 36, loss: 0.01, train 99.88%
epoch 36, loss: 0.01, train 99.89%
epoch 36, loss: 0.01, train 99.89%
Epoch completed!
epoch 36, total signals 900, average_loss_per_batch: 0.017597, train 99.89%
Validating
Val set size: 120, validation accuracy 97.50%
epoch 37, loss: 0.00, train 100.00%
epoch 37, loss: 0.02, train 100.00%
epoch 37, loss: 0.03, train 100.00%
epoch 37, loss: 0.02, train 100.00%
epoch 37, loss: 0.01, train 100.00%
epoch 37, loss: 0.01, train 100.00%
epoch 37, loss: 0.00, train 100.00%
epoch 37, loss: 0.00, train 100.00%
epoch 37, loss: 0.01, train 100.00%
epoch 37, loss: 0.07, train 100.00%
epoch 37, loss: 0.01, train 100.00%
epoch 37, loss: 0.01, train 100.00%
epoch 37, loss: 0.23, train 98.85%
epoch 37, loss: 0.00, train 98.93%
epoch 37, loss: 0.01, train 99.00%
epoch 37, loss: 0.00, train 99.06%
epoch 37, loss: 0.01, train 99.12%
epoch 37, loss: 0.00, train 99.17%
epoch 37, loss: 0.02, train 99.21%
epoch 37, loss: 0.02, train 99.25%
epoch 37, loss: 0.02, train 99.29%
epoch 37, loss: 0.00, train 99.32%
epoch 37, loss: 0.01, train 99.35%
epoch 37, loss: 0.00, train 99.38%
epoch 37, loss: 0.00, train 99.40%
epoch 37, loss: 0.01, train 99.42%
epoch 37, loss: 0.01, train 99.44%
epoch 37, loss: 0.01, train 99.46%
epoch 37, loss: 0.11, train 99.31%
epoch 37, loss: 0.02, train 99.33%
epoch 37, loss: 0.01, train 99.35%
epoch 37, loss: 0.09, train 99.38%
epoch 37, loss: 0.01, train 99.39%
epoch 37, loss: 0.54, train 98.97%
epoch 37, loss: 0.01, train 99.00%
epoch 37, loss: 0.02, train 99.03%
epoch 37, loss: 0.09, train 98.92%
epoch 37, loss: 0.02, train 98.95%
epoch 37, loss: 0.02, train 98.97%
epoch 37, loss: 0.01, train 99.00%
epoch 37, loss: 0.01, train 99.02%
epoch 37, loss: 0.01, train 99.05%
epoch 37, loss: 0.02, train 99.07%
epoch 37, loss: 0.04, train 99.09%
epoch 37, loss: 0.01, train 99.11%
Epoch completed!
epoch 37, total signals 900, average_loss_per_batch: 0.035286, train 99.11%
Validating
Val set size: 120, validation accuracy 98.33%
epoch 38, loss: 0.01, train 100.00%
epoch 38, loss: 0.01, train 100.00%
epoch 38, loss: 0.01, train 100.00%
epoch 38, loss: 0.01, train 100.00%
epoch 38, loss: 0.04, train 100.00%
epoch 38, loss: 0.03, train 100.00%
epoch 38, loss: 0.18, train 99.29%
epoch 38, loss: 0.01, train 99.38%
epoch 38, loss: 0.07, train 99.44%
epoch 38, loss: 0.00, train 99.50%
epoch 38, loss: 0.01, train 99.55%
epoch 38, loss: 0.01, train 99.58%
epoch 38, loss: 0.01, train 99.62%
epoch 38, loss: 0.00, train 99.64%
epoch 38, loss: 0.03, train 99.67%
epoch 38, loss: 0.02, train 99.69%
epoch 38, loss: 0.02, train 99.71%
epoch 38, loss: 0.01, train 99.72%
epoch 38, loss: 0.14, train 99.47%
epoch 38, loss: 0.01, train 99.50%
epoch 38, loss: 0.01, train 99.52%
epoch 38, loss: 0.01, train 99.55%
epoch 38, loss: 0.01, train 99.57%
epoch 38, loss: 0.01, train 99.58%
epoch 38, loss: 0.02, train 99.60%
epoch 38, loss: 0.03, train 99.62%
epoch 38, loss: 0.06, train 99.63%
epoch 38, loss: 0.02, train 99.64%
epoch 38, loss: 0.01, train 99.66%
epoch 38, loss: 0.01, train 99.67%
epoch 38, loss: 0.01, train 99.68%
epoch 38, loss: 0.01, train 99.69%
epoch 38, loss: 0.01, train 99.70%
epoch 38, loss: 0.01, train 99.71%
epoch 38, loss: 0.01, train 99.71%
epoch 38, loss: 0.01, train 99.72%
epoch 38, loss: 0.01, train 99.73%
epoch 38, loss: 0.02, train 99.74%
epoch 38, loss: 0.01, train 99.74%
epoch 38, loss: 0.07, train 99.75%
epoch 38, loss: 0.03, train 99.76%
epoch 38, loss: 0.01, train 99.76%
epoch 38, loss: 0.01, train 99.77%
epoch 38, loss: 0.01, train 99.77%
epoch 38, loss: 0.03, train 99.78%
Epoch completed!
epoch 38, total signals 900, average_loss_per_batch: 0.022961, train 99.78%
Validating
Val set size: 120, validation accuracy 97.50%
epoch 39, loss: 0.03, train 100.00%
epoch 39, loss: 0.00, train 100.00%
epoch 39, loss: 0.01, train 100.00%
epoch 39, loss: 0.00, train 100.00%
epoch 39, loss: 0.00, train 100.00%
epoch 39, loss: 0.01, train 100.00%
epoch 39, loss: 0.01, train 100.00%
epoch 39, loss: 0.01, train 100.00%
epoch 39, loss: 0.01, train 100.00%
epoch 39, loss: 0.00, train 100.00%
epoch 39, loss: 0.00, train 100.00%
epoch 39, loss: 0.02, train 100.00%
epoch 39, loss: 0.00, train 100.00%
epoch 39, loss: 0.00, train 100.00%
epoch 39, loss: 0.01, train 100.00%
epoch 39, loss: 0.01, train 100.00%
epoch 39, loss: 0.06, train 100.00%
epoch 39, loss: 0.03, train 100.00%
epoch 39, loss: 0.17, train 99.74%
epoch 39, loss: 1.36, train 97.50%
epoch 39, loss: 0.04, train 97.62%
epoch 39, loss: 0.01, train 97.73%
epoch 39, loss: 0.01, train 97.83%
epoch 39, loss: 0.01, train 97.92%
epoch 39, loss: 0.01, train 98.00%
epoch 39, loss: 0.04, train 98.08%
epoch 39, loss: 0.00, train 98.15%
epoch 39, loss: 0.04, train 98.21%
epoch 39, loss: 0.01, train 98.28%
epoch 39, loss: 0.01, train 98.33%
epoch 39, loss: 0.02, train 98.39%
epoch 39, loss: 0.01, train 98.44%
epoch 39, loss: 0.11, train 98.48%
epoch 39, loss: 0.11, train 98.53%
epoch 39, loss: 0.10, train 98.43%
epoch 39, loss: 0.00, train 98.47%
epoch 39, loss: 0.00, train 98.51%
epoch 39, loss: 0.01, train 98.55%
epoch 39, loss: 0.01, train 98.59%
epoch 39, loss: 0.00, train 98.62%
epoch 39, loss: 0.02, train 98.66%
epoch 39, loss: 0.01, train 98.69%
epoch 39, loss: 0.02, train 98.72%
epoch 39, loss: 0.01, train 98.75%
epoch 39, loss: 0.01, train 98.78%
Epoch completed!
epoch 39, total signals 900, average_loss_per_batch: 0.052719, train 98.78%
Validating
Val set size: 120, validation accuracy 98.33%
epoch 40, loss: 0.02, train 100.00%
epoch 40, loss: 0.04, train 100.00%
epoch 40, loss: 0.00, train 100.00%
epoch 40, loss: 0.02, train 100.00%
epoch 40, loss: 0.10, train 99.00%
epoch 40, loss: 0.01, train 99.17%
epoch 40, loss: 0.01, train 99.29%
epoch 40, loss: 0.03, train 99.38%
epoch 40, loss: 0.01, train 99.44%
epoch 40, loss: 0.01, train 99.50%
epoch 40, loss: 0.08, train 99.09%
epoch 40, loss: 0.04, train 99.17%
epoch 40, loss: 0.01, train 99.23%
epoch 40, loss: 0.03, train 99.29%
epoch 40, loss: 0.08, train 99.33%
epoch 40, loss: 0.01, train 99.38%
epoch 40, loss: 0.02, train 99.41%
epoch 40, loss: 0.02, train 99.44%
epoch 40, loss: 0.00, train 99.47%
epoch 40, loss: 0.02, train 99.50%
epoch 40, loss: 0.01, train 99.52%
epoch 40, loss: 0.02, train 99.55%
epoch 40, loss: 0.01, train 99.57%
epoch 40, loss: 0.04, train 99.58%
epoch 40, loss: 0.01, train 99.60%
epoch 40, loss: 0.03, train 99.62%
epoch 40, loss: 0.03, train 99.63%
epoch 40, loss: 0.01, train 99.64%
epoch 40, loss: 0.08, train 99.48%
epoch 40, loss: 0.00, train 99.50%
epoch 40, loss: 0.01, train 99.52%
epoch 40, loss: 0.01, train 99.53%
epoch 40, loss: 0.05, train 99.55%
epoch 40, loss: 0.00, train 99.56%
epoch 40, loss: 0.01, train 99.57%
epoch 40, loss: 0.00, train 99.58%
epoch 40, loss: 0.01, train 99.59%
epoch 40, loss: 0.01, train 99.61%
epoch 40, loss: 0.02, train 99.62%
epoch 40, loss: 0.02, train 99.62%
epoch 40, loss: 0.03, train 99.63%
epoch 40, loss: 0.05, train 99.64%
epoch 40, loss: 0.02, train 99.65%
epoch 40, loss: 0.01, train 99.66%
epoch 40, loss: 0.01, train 99.67%
Epoch completed!
epoch 40, total signals 900, average_loss_per_batch: 0.023227, train 99.67%
Validating
Val set size: 120, validation accuracy 98.33%
epoch 41, loss: 0.00, train 100.00%
epoch 41, loss: 0.02, train 100.00%
epoch 41, loss: 0.01, train 100.00%
epoch 41, loss: 0.05, train 100.00%
epoch 41, loss: 0.03, train 100.00%
epoch 41, loss: 0.01, train 100.00%
epoch 41, loss: 0.02, train 100.00%
epoch 41, loss: 0.02, train 100.00%
epoch 41, loss: 0.04, train 100.00%
epoch 41, loss: 0.01, train 100.00%
epoch 41, loss: 0.01, train 100.00%
epoch 41, loss: 0.01, train 100.00%
epoch 41, loss: 0.07, train 100.00%
epoch 41, loss: 0.02, train 100.00%
epoch 41, loss: 0.05, train 100.00%
epoch 41, loss: 0.01, train 100.00%
epoch 41, loss: 0.00, train 100.00%
epoch 41, loss: 0.00, train 100.00%
epoch 41, loss: 0.00, train 100.00%
epoch 41, loss: 0.01, train 100.00%
epoch 41, loss: 0.07, train 100.00%
epoch 41, loss: 0.00, train 100.00%
epoch 41, loss: 0.06, train 100.00%
epoch 41, loss: 0.00, train 100.00%
epoch 41, loss: 0.00, train 100.00%
epoch 41, loss: 0.05, train 100.00%
epoch 41, loss: 0.00, train 100.00%
epoch 41, loss: 0.00, train 100.00%
epoch 41, loss: 0.05, train 100.00%
epoch 41, loss: 0.01, train 100.00%
epoch 41, loss: 0.05, train 100.00%
epoch 41, loss: 0.00, train 100.00%
epoch 41, loss: 0.01, train 100.00%
epoch 41, loss: 0.01, train 100.00%
epoch 41, loss: 0.02, train 100.00%
epoch 41, loss: 0.00, train 100.00%
epoch 41, loss: 0.03, train 100.00%
epoch 41, loss: 0.00, train 100.00%
epoch 41, loss: 0.03, train 100.00%
epoch 41, loss: 0.06, train 100.00%
epoch 41, loss: 0.01, train 100.00%
epoch 41, loss: 0.03, train 100.00%
epoch 41, loss: 0.01, train 100.00%
epoch 41, loss: 0.00, train 100.00%
epoch 41, loss: 0.01, train 100.00%
Epoch completed!
epoch 41, total signals 900, average_loss_per_batch: 0.019855, train 100.00%
Validating
Val set size: 120, validation accuracy 97.50%
epoch 42, loss: 0.01, train 100.00%
epoch 42, loss: 0.02, train 100.00%
epoch 42, loss: 0.03, train 100.00%
epoch 42, loss: 0.00, train 100.00%
epoch 42, loss: 0.01, train 100.00%
epoch 42, loss: 0.02, train 100.00%
epoch 42, loss: 0.02, train 100.00%
epoch 42, loss: 0.01, train 100.00%
epoch 42, loss: 0.01, train 100.00%
epoch 42, loss: 0.03, train 100.00%
epoch 42, loss: 0.01, train 100.00%
epoch 42, loss: 0.00, train 100.00%
epoch 42, loss: 0.00, train 100.00%
epoch 42, loss: 0.01, train 100.00%
epoch 42, loss: 0.06, train 100.00%
epoch 42, loss: 0.00, train 100.00%
epoch 42, loss: 0.15, train 99.71%
epoch 42, loss: 0.01, train 99.72%
epoch 42, loss: 0.00, train 99.74%
epoch 42, loss: 0.01, train 99.75%
epoch 42, loss: 0.04, train 99.76%
epoch 42, loss: 0.03, train 99.77%
epoch 42, loss: 0.01, train 99.78%
epoch 42, loss: 0.00, train 99.79%
epoch 42, loss: 0.00, train 99.80%
epoch 42, loss: 0.01, train 99.81%
epoch 42, loss: 0.01, train 99.81%
epoch 42, loss: 0.02, train 99.82%
epoch 42, loss: 0.05, train 99.83%
epoch 42, loss: 0.04, train 99.83%
epoch 42, loss: 0.01, train 99.84%
epoch 42, loss: 0.02, train 99.84%
epoch 42, loss: 0.01, train 99.85%
epoch 42, loss: 0.00, train 99.85%
epoch 42, loss: 0.04, train 99.86%
epoch 42, loss: 0.02, train 99.86%
epoch 42, loss: 0.00, train 99.86%
epoch 42, loss: 0.01, train 99.87%
epoch 42, loss: 0.03, train 99.87%
epoch 42, loss: 0.04, train 99.88%
epoch 42, loss: 0.05, train 99.88%
epoch 42, loss: 0.00, train 99.88%
epoch 42, loss: 0.00, train 99.88%
epoch 42, loss: 0.01, train 99.89%
epoch 42, loss: 0.01, train 99.89%
Epoch completed!
epoch 42, total signals 900, average_loss_per_batch: 0.019175, train 99.89%
Validating
Val set size: 120, validation accuracy 97.50%
epoch 43, loss: 0.01, train 100.00%
epoch 43, loss: 0.01, train 100.00%
epoch 43, loss: 0.08, train 100.00%
epoch 43, loss: 0.01, train 100.00%
epoch 43, loss: 0.01, train 100.00%
epoch 43, loss: 0.01, train 100.00%
epoch 43, loss: 0.01, train 100.00%
epoch 43, loss: 0.00, train 100.00%
epoch 43, loss: 0.01, train 100.00%
epoch 43, loss: 0.01, train 100.00%
epoch 43, loss: 0.01, train 100.00%
epoch 43, loss: 0.01, train 100.00%
epoch 43, loss: 0.00, train 100.00%
epoch 43, loss: 0.12, train 99.64%
epoch 43, loss: 0.01, train 99.67%
epoch 43, loss: 0.01, train 99.69%
epoch 43, loss: 0.04, train 99.71%
epoch 43, loss: 0.01, train 99.72%
epoch 43, loss: 0.11, train 99.47%
epoch 43, loss: 0.02, train 99.50%
epoch 43, loss: 0.01, train 99.52%
epoch 43, loss: 0.00, train 99.55%
epoch 43, loss: 0.01, train 99.57%
epoch 43, loss: 0.01, train 99.58%
epoch 43, loss: 0.00, train 99.60%
epoch 43, loss: 0.06, train 99.62%
epoch 43, loss: 0.01, train 99.63%
epoch 43, loss: 0.25, train 99.11%
epoch 43, loss: 0.01, train 99.14%
epoch 43, loss: 0.03, train 99.17%
epoch 43, loss: 0.01, train 99.19%
epoch 43, loss: 0.03, train 99.22%
epoch 43, loss: 0.01, train 99.24%
epoch 43, loss: 0.02, train 99.26%
epoch 43, loss: 0.01, train 99.29%
epoch 43, loss: 0.00, train 99.31%
epoch 43, loss: 0.01, train 99.32%
epoch 43, loss: 0.05, train 99.34%
epoch 43, loss: 0.01, train 99.36%
epoch 43, loss: 0.01, train 99.38%
epoch 43, loss: 0.01, train 99.39%
epoch 43, loss: 0.01, train 99.40%
epoch 43, loss: 0.01, train 99.42%
epoch 43, loss: 0.02, train 99.43%
epoch 43, loss: 0.00, train 99.44%
Epoch completed!
epoch 43, total signals 900, average_loss_per_batch: 0.023929, train 99.44%
Validating
Val set size: 120, validation accuracy 98.33%
epoch 44, loss: 0.02, train 100.00%
epoch 44, loss: 0.01, train 100.00%
epoch 44, loss: 0.01, train 100.00%
epoch 44, loss: 0.01, train 100.00%
epoch 44, loss: 0.05, train 100.00%
epoch 44, loss: 0.00, train 100.00%
epoch 44, loss: 0.01, train 100.00%
epoch 44, loss: 0.00, train 100.00%
epoch 44, loss: 0.01, train 100.00%
epoch 44, loss: 0.01, train 100.00%
epoch 44, loss: 0.00, train 100.00%
epoch 44, loss: 0.03, train 100.00%
epoch 44, loss: 0.01, train 100.00%
epoch 44, loss: 0.04, train 100.00%
epoch 44, loss: 0.00, train 100.00%
epoch 44, loss: 0.00, train 100.00%
epoch 44, loss: 0.00, train 100.00%
epoch 44, loss: 0.01, train 100.00%
epoch 44, loss: 0.01, train 100.00%
epoch 44, loss: 0.01, train 100.00%
epoch 44, loss: 0.01, train 100.00%
epoch 44, loss: 0.00, train 100.00%
epoch 44, loss: 0.00, train 100.00%
epoch 44, loss: 0.02, train 100.00%
epoch 44, loss: 0.50, train 99.60%
epoch 44, loss: 0.01, train 99.62%
epoch 44, loss: 0.11, train 99.44%
epoch 44, loss: 0.04, train 99.46%
epoch 44, loss: 0.01, train 99.48%
epoch 44, loss: 0.04, train 99.50%
epoch 44, loss: 0.00, train 99.52%
epoch 44, loss: 0.00, train 99.53%
epoch 44, loss: 0.02, train 99.55%
epoch 44, loss: 0.03, train 99.56%
epoch 44, loss: 0.01, train 99.57%
epoch 44, loss: 0.02, train 99.58%
epoch 44, loss: 0.00, train 99.59%
epoch 44, loss: 0.01, train 99.61%
epoch 44, loss: 0.00, train 99.62%
epoch 44, loss: 0.02, train 99.62%
epoch 44, loss: 0.02, train 99.63%
epoch 44, loss: 0.02, train 99.64%
epoch 44, loss: 0.00, train 99.65%
epoch 44, loss: 0.07, train 99.66%
epoch 44, loss: 0.15, train 99.56%
Epoch completed!
epoch 44, total signals 900, average_loss_per_batch: 0.030720, train 99.56%
Validating
Val set size: 120, validation accuracy 97.50%
epoch 45, loss: 0.00, train 100.00%
epoch 45, loss: 0.01, train 100.00%
epoch 45, loss: 0.02, train 100.00%
epoch 45, loss: 0.00, train 100.00%
epoch 45, loss: 0.02, train 100.00%
epoch 45, loss: 0.04, train 100.00%
epoch 45, loss: 0.01, train 100.00%
epoch 45, loss: 0.01, train 100.00%
epoch 45, loss: 0.00, train 100.00%
epoch 45, loss: 0.00, train 100.00%
epoch 45, loss: 0.06, train 100.00%
epoch 45, loss: 0.03, train 100.00%
epoch 45, loss: 0.02, train 100.00%
epoch 45, loss: 0.00, train 100.00%
epoch 45, loss: 0.03, train 100.00%
epoch 45, loss: 0.02, train 100.00%
epoch 45, loss: 0.01, train 100.00%
epoch 45, loss: 0.01, train 100.00%
epoch 45, loss: 0.00, train 100.00%
epoch 45, loss: 0.01, train 100.00%
epoch 45, loss: 0.05, train 100.00%
epoch 45, loss: 0.02, train 100.00%
epoch 45, loss: 0.01, train 100.00%
epoch 45, loss: 0.02, train 100.00%
epoch 45, loss: 0.09, train 99.80%
epoch 45, loss: 0.06, train 99.81%
epoch 45, loss: 0.01, train 99.81%
epoch 45, loss: 0.01, train 99.82%
epoch 45, loss: 0.01, train 99.83%
epoch 45, loss: 0.01, train 99.83%
epoch 45, loss: 0.09, train 99.68%
epoch 45, loss: 0.01, train 99.69%
epoch 45, loss: 0.02, train 99.70%
epoch 45, loss: 0.01, train 99.71%
epoch 45, loss: 0.00, train 99.71%
epoch 45, loss: 0.10, train 99.58%
epoch 45, loss: 0.01, train 99.59%
epoch 45, loss: 0.04, train 99.61%
epoch 45, loss: 0.01, train 99.62%
epoch 45, loss: 0.00, train 99.62%
epoch 45, loss: 0.01, train 99.63%
epoch 45, loss: 0.01, train 99.64%
epoch 45, loss: 0.01, train 99.65%
epoch 45, loss: 0.03, train 99.66%
epoch 45, loss: 0.05, train 99.67%
Epoch completed!
epoch 45, total signals 900, average_loss_per_batch: 0.021541, train 99.67%
Validating
Val set size: 120, validation accuracy 97.50%
epoch 46, loss: 0.01, train 100.00%
epoch 46, loss: 0.01, train 100.00%
epoch 46, loss: 0.01, train 100.00%
epoch 46, loss: 0.01, train 100.00%
epoch 46, loss: 0.01, train 100.00%
epoch 46, loss: 0.04, train 100.00%
epoch 46, loss: 0.11, train 99.29%
epoch 46, loss: 0.00, train 99.38%
epoch 46, loss: 0.02, train 99.44%
epoch 46, loss: 0.01, train 99.50%
epoch 46, loss: 0.02, train 99.55%
epoch 46, loss: 0.01, train 99.58%
epoch 46, loss: 0.00, train 99.62%
epoch 46, loss: 0.01, train 99.64%
epoch 46, loss: 0.06, train 99.67%
epoch 46, loss: 0.01, train 99.69%
epoch 46, loss: 0.01, train 99.71%
epoch 46, loss: 0.01, train 99.72%
epoch 46, loss: 0.03, train 99.74%
epoch 46, loss: 0.02, train 99.75%
epoch 46, loss: 0.00, train 99.76%
epoch 46, loss: 0.00, train 99.77%
epoch 46, loss: 0.03, train 99.78%
epoch 46, loss: 0.11, train 99.58%
epoch 46, loss: 0.01, train 99.60%
epoch 46, loss: 0.01, train 99.62%
epoch 46, loss: 0.00, train 99.63%
epoch 46, loss: 0.11, train 99.64%
epoch 46, loss: 0.00, train 99.66%
epoch 46, loss: 0.04, train 99.67%
epoch 46, loss: 0.10, train 99.68%
epoch 46, loss: 0.04, train 99.69%
epoch 46, loss: 0.04, train 99.70%
epoch 46, loss: 0.01, train 99.71%
epoch 46, loss: 0.01, train 99.71%
epoch 46, loss: 0.01, train 99.72%
epoch 46, loss: 0.01, train 99.73%
epoch 46, loss: 0.01, train 99.74%
epoch 46, loss: 0.02, train 99.74%
epoch 46, loss: 0.00, train 99.75%
epoch 46, loss: 0.09, train 99.76%
epoch 46, loss: 0.02, train 99.76%
epoch 46, loss: 0.02, train 99.77%
epoch 46, loss: 0.00, train 99.77%
epoch 46, loss: 0.00, train 99.78%
Epoch completed!
epoch 46, total signals 900, average_loss_per_batch: 0.025138, train 99.78%
Validating
Val set size: 120, validation accuracy 98.33%
epoch 47, loss: 0.01, train 100.00%
epoch 47, loss: 0.02, train 100.00%
epoch 47, loss: 0.01, train 100.00%
epoch 47, loss: 0.06, train 100.00%
epoch 47, loss: 0.01, train 100.00%
epoch 47, loss: 0.01, train 100.00%
epoch 47, loss: 0.01, train 100.00%
epoch 47, loss: 0.01, train 100.00%
epoch 47, loss: 0.02, train 100.00%
epoch 47, loss: 0.01, train 100.00%
epoch 47, loss: 0.00, train 100.00%
epoch 47, loss: 0.00, train 100.00%
epoch 47, loss: 0.02, train 100.00%
epoch 47, loss: 0.01, train 100.00%
epoch 47, loss: 0.01, train 100.00%
epoch 47, loss: 0.00, train 100.00%
epoch 47, loss: 0.01, train 100.00%
epoch 47, loss: 0.08, train 100.00%
epoch 47, loss: 0.02, train 100.00%
epoch 47, loss: 0.00, train 100.00%
epoch 47, loss: 0.01, train 100.00%
epoch 47, loss: 0.01, train 100.00%
epoch 47, loss: 0.01, train 100.00%
epoch 47, loss: 0.00, train 100.00%
epoch 47, loss: 0.00, train 100.00%
epoch 47, loss: 0.02, train 100.00%
epoch 47, loss: 0.02, train 100.00%
epoch 47, loss: 0.04, train 100.00%
epoch 47, loss: 0.00, train 100.00%
epoch 47, loss: 0.11, train 99.83%
epoch 47, loss: 0.00, train 99.84%
epoch 47, loss: 0.01, train 99.84%
epoch 47, loss: 0.02, train 99.85%
epoch 47, loss: 0.04, train 99.85%
epoch 47, loss: 0.01, train 99.86%
epoch 47, loss: 0.01, train 99.86%
epoch 47, loss: 0.01, train 99.86%
epoch 47, loss: 0.06, train 99.74%
epoch 47, loss: 0.01, train 99.74%
epoch 47, loss: 0.00, train 99.75%
epoch 47, loss: 0.01, train 99.76%
epoch 47, loss: 0.02, train 99.76%
epoch 47, loss: 0.01, train 99.77%
epoch 47, loss: 0.00, train 99.77%
epoch 47, loss: 0.01, train 99.78%
Epoch completed!
epoch 47, total signals 900, average_loss_per_batch: 0.016803, train 99.78%
Validating
Val set size: 120, validation accuracy 97.50%
epoch 48, loss: 0.02, train 100.00%
epoch 48, loss: 0.00, train 100.00%
epoch 48, loss: 0.01, train 100.00%
epoch 48, loss: 0.03, train 100.00%
epoch 48, loss: 0.00, train 100.00%
epoch 48, loss: 0.01, train 100.00%
epoch 48, loss: 0.01, train 100.00%
epoch 48, loss: 0.00, train 100.00%
epoch 48, loss: 0.01, train 100.00%
epoch 48, loss: 0.05, train 100.00%
epoch 48, loss: 0.12, train 99.55%
epoch 48, loss: 0.01, train 99.58%
epoch 48, loss: 0.01, train 99.62%
epoch 48, loss: 0.01, train 99.64%
epoch 48, loss: 0.01, train 99.67%
epoch 48, loss: 0.01, train 99.69%
epoch 48, loss: 0.01, train 99.71%
epoch 48, loss: 0.01, train 99.72%
epoch 48, loss: 0.01, train 99.74%
epoch 48, loss: 0.01, train 99.75%
epoch 48, loss: 0.00, train 99.76%
epoch 48, loss: 0.17, train 99.32%
epoch 48, loss: 0.00, train 99.35%
epoch 48, loss: 0.01, train 99.38%
epoch 48, loss: 0.01, train 99.40%
epoch 48, loss: 0.01, train 99.42%
epoch 48, loss: 0.01, train 99.44%
epoch 48, loss: 0.01, train 99.46%
epoch 48, loss: 0.01, train 99.48%
epoch 48, loss: 0.14, train 99.33%
epoch 48, loss: 0.03, train 99.35%
epoch 48, loss: 0.00, train 99.38%
epoch 48, loss: 0.00, train 99.39%
epoch 48, loss: 0.00, train 99.41%
epoch 48, loss: 0.00, train 99.43%
epoch 48, loss: 0.00, train 99.44%
epoch 48, loss: 0.03, train 99.46%
epoch 48, loss: 0.01, train 99.47%
epoch 48, loss: 0.02, train 99.49%
epoch 48, loss: 0.01, train 99.50%
epoch 48, loss: 0.01, train 99.51%
epoch 48, loss: 0.00, train 99.52%
epoch 48, loss: 0.02, train 99.53%
epoch 48, loss: 0.02, train 99.55%
epoch 48, loss: 0.01, train 99.56%
Epoch completed!
epoch 48, total signals 900, average_loss_per_batch: 0.019487, train 99.56%
Validating
Val set size: 120, validation accuracy 98.33%
epoch 49, loss: 0.00, train 100.00%
epoch 49, loss: 0.05, train 100.00%
epoch 49, loss: 0.00, train 100.00%
epoch 49, loss: 0.01, train 100.00%
epoch 49, loss: 0.01, train 100.00%
epoch 49, loss: 0.23, train 98.33%
epoch 49, loss: 0.01, train 98.57%
epoch 49, loss: 0.02, train 98.75%
epoch 49, loss: 0.00, train 98.89%
epoch 49, loss: 0.00, train 99.00%
epoch 49, loss: 0.01, train 99.09%
epoch 49, loss: 0.08, train 99.17%
epoch 49, loss: 0.01, train 99.23%
epoch 49, loss: 0.08, train 99.29%
epoch 49, loss: 0.01, train 99.33%
epoch 49, loss: 0.01, train 99.38%
epoch 49, loss: 0.01, train 99.41%
epoch 49, loss: 0.00, train 99.44%
epoch 49, loss: 0.01, train 99.47%
epoch 49, loss: 0.18, train 99.00%
epoch 49, loss: 0.00, train 99.05%
epoch 49, loss: 0.01, train 99.09%
epoch 49, loss: 0.01, train 99.13%
epoch 49, loss: 0.01, train 99.17%
epoch 49, loss: 0.01, train 99.20%
epoch 49, loss: 0.01, train 99.23%
epoch 49, loss: 0.00, train 99.26%
epoch 49, loss: 0.01, train 99.29%
epoch 49, loss: 0.01, train 99.31%
epoch 49, loss: 0.01, train 99.33%
epoch 49, loss: 0.01, train 99.35%
epoch 49, loss: 0.01, train 99.38%
epoch 49, loss: 0.00, train 99.39%
epoch 49, loss: 0.04, train 99.41%
epoch 49, loss: 0.00, train 99.43%
epoch 49, loss: 0.01, train 99.44%
epoch 49, loss: 0.01, train 99.46%
epoch 49, loss: 0.05, train 99.47%
epoch 49, loss: 0.00, train 99.49%
epoch 49, loss: 0.00, train 99.50%
epoch 49, loss: 0.00, train 99.51%
epoch 49, loss: 0.00, train 99.52%
epoch 49, loss: 0.01, train 99.53%
epoch 49, loss: 0.01, train 99.55%
epoch 49, loss: 0.00, train 99.56%
Epoch completed!
epoch 49, total signals 900, average_loss_per_batch: 0.021261, train 99.56%
Validating
Val set size: 120, validation accuracy 97.50%
Training Completed!
Testing
en es ko
[[39  0  1]
 [ 0 40  0]
 [ 1  0 39]]
Test set size: 120, Test accuracy 98.33%
