1.12.1+cu102
cuda:0
Trainable Parameters : 593411
Start training...
epoch 0, loss: 1.10, train 30.00%
epoch 0, loss: 1.50, train 32.50%
epoch 0, loss: 2.21, train 30.00%
epoch 0, loss: 1.20, train 31.25%
epoch 0, loss: 1.87, train 27.00%
epoch 0, loss: 1.33, train 28.33%
epoch 0, loss: 1.18, train 28.57%
epoch 0, loss: 1.04, train 31.25%
epoch 0, loss: 1.12, train 31.67%
epoch 0, loss: 1.01, train 34.00%
epoch 0, loss: 1.41, train 35.91%
epoch 0, loss: 1.10, train 36.67%
epoch 0, loss: 1.14, train 37.31%
epoch 0, loss: 0.89, train 38.57%
epoch 0, loss: 1.50, train 40.00%
epoch 0, loss: 1.47, train 39.69%
epoch 0, loss: 1.19, train 40.29%
epoch 0, loss: 0.82, train 41.67%
epoch 0, loss: 1.60, train 41.32%
epoch 0, loss: 0.97, train 42.00%
epoch 0, loss: 1.56, train 41.67%
epoch 0, loss: 1.31, train 41.36%
epoch 0, loss: 1.07, train 41.52%
epoch 0, loss: 0.93, train 41.88%
epoch 0, loss: 1.37, train 41.60%
epoch 0, loss: 0.82, train 42.69%
epoch 0, loss: 0.93, train 43.33%
epoch 0, loss: 0.88, train 43.57%
epoch 0, loss: 0.61, train 44.83%
epoch 0, loss: 0.87, train 45.50%
epoch 0, loss: 0.93, train 45.97%
epoch 0, loss: 1.35, train 45.47%
epoch 0, loss: 1.22, train 45.30%
epoch 0, loss: 1.29, train 45.15%
epoch 0, loss: 0.98, train 45.71%
epoch 0, loss: 0.60, train 46.53%
epoch 0, loss: 0.89, train 47.03%
epoch 0, loss: 1.32, train 46.71%
epoch 0, loss: 0.86, train 47.05%
epoch 0, loss: 1.12, train 47.38%
epoch 0, loss: 0.75, train 47.80%
epoch 0, loss: 0.67, train 48.45%
epoch 0, loss: 0.88, train 48.95%
epoch 0, loss: 1.60, train 48.64%
epoch 0, loss: 0.76, train 49.00%
Epoch completed!
epoch 0, total signals 900, average_loss_per_batch: 1.138097, train 49.00%
Validating
Val set size: 120, validation accuracy 60.00%
epoch 1, loss: 0.70, train 70.00%
epoch 1, loss: 0.94, train 70.00%
epoch 1, loss: 0.90, train 61.67%
epoch 1, loss: 0.98, train 62.50%
epoch 1, loss: 0.89, train 60.00%
epoch 1, loss: 0.70, train 62.50%
epoch 1, loss: 1.43, train 58.57%
epoch 1, loss: 0.92, train 57.50%
epoch 1, loss: 0.99, train 57.78%
epoch 1, loss: 0.86, train 57.00%
epoch 1, loss: 0.81, train 56.82%
epoch 1, loss: 0.76, train 57.50%
epoch 1, loss: 1.04, train 57.69%
epoch 1, loss: 0.91, train 58.57%
epoch 1, loss: 0.45, train 60.33%
epoch 1, loss: 0.76, train 60.62%
epoch 1, loss: 0.86, train 60.29%
epoch 1, loss: 0.65, train 61.11%
epoch 1, loss: 0.58, train 61.58%
epoch 1, loss: 1.03, train 61.25%
epoch 1, loss: 1.38, train 60.71%
epoch 1, loss: 1.33, train 59.77%
epoch 1, loss: 0.53, train 60.65%
epoch 1, loss: 0.78, train 60.62%
epoch 1, loss: 1.03, train 60.40%
epoch 1, loss: 0.73, train 60.96%
epoch 1, loss: 0.62, train 61.48%
epoch 1, loss: 1.34, train 61.25%
epoch 1, loss: 0.90, train 61.03%
epoch 1, loss: 0.68, train 61.33%
epoch 1, loss: 0.81, train 61.45%
epoch 1, loss: 0.76, train 61.41%
epoch 1, loss: 0.81, train 61.82%
epoch 1, loss: 0.52, train 62.50%
epoch 1, loss: 0.78, train 62.71%
epoch 1, loss: 0.83, train 62.36%
epoch 1, loss: 0.68, train 62.30%
epoch 1, loss: 0.97, train 62.24%
epoch 1, loss: 0.63, train 62.44%
epoch 1, loss: 0.62, train 62.88%
epoch 1, loss: 0.71, train 63.29%
epoch 1, loss: 0.66, train 63.33%
epoch 1, loss: 0.94, train 63.26%
epoch 1, loss: 0.96, train 62.84%
epoch 1, loss: 0.85, train 63.00%
Epoch completed!
epoch 1, total signals 900, average_loss_per_batch: 0.844012, train 63.00%
Validating
Val set size: 120, validation accuracy 65.83%
epoch 2, loss: 0.62, train 85.00%
epoch 2, loss: 0.61, train 82.50%
epoch 2, loss: 0.52, train 85.00%
epoch 2, loss: 0.35, train 87.50%
epoch 2, loss: 0.62, train 85.00%
epoch 2, loss: 0.46, train 85.00%
epoch 2, loss: 0.54, train 85.00%
epoch 2, loss: 0.66, train 82.50%
epoch 2, loss: 0.70, train 80.56%
epoch 2, loss: 0.50, train 80.00%
epoch 2, loss: 0.55, train 79.09%
epoch 2, loss: 1.69, train 77.08%
epoch 2, loss: 0.48, train 77.31%
epoch 2, loss: 0.41, train 77.86%
epoch 2, loss: 0.69, train 76.67%
epoch 2, loss: 0.76, train 76.25%
epoch 2, loss: 0.78, train 75.29%
epoch 2, loss: 0.51, train 75.28%
epoch 2, loss: 0.33, train 75.79%
epoch 2, loss: 0.35, train 76.25%
epoch 2, loss: 0.74, train 75.95%
epoch 2, loss: 0.56, train 75.45%
epoch 2, loss: 0.65, train 75.22%
epoch 2, loss: 0.46, train 75.62%
epoch 2, loss: 0.81, train 74.80%
epoch 2, loss: 0.51, train 75.00%
epoch 2, loss: 0.56, train 75.37%
epoch 2, loss: 0.81, train 75.18%
epoch 2, loss: 0.95, train 74.48%
epoch 2, loss: 0.73, train 74.33%
epoch 2, loss: 1.04, train 73.39%
epoch 2, loss: 0.61, train 73.12%
epoch 2, loss: 0.92, train 72.73%
epoch 2, loss: 0.55, train 72.65%
epoch 2, loss: 0.59, train 72.71%
epoch 2, loss: 0.50, train 73.06%
epoch 2, loss: 0.74, train 72.97%
epoch 2, loss: 0.68, train 72.89%
epoch 2, loss: 0.33, train 73.33%
epoch 2, loss: 0.47, train 73.25%
epoch 2, loss: 0.42, train 73.41%
epoch 2, loss: 0.45, train 73.69%
epoch 2, loss: 0.41, train 73.95%
epoch 2, loss: 0.40, train 74.09%
epoch 2, loss: 0.30, train 74.56%
Epoch completed!
epoch 2, total signals 900, average_loss_per_batch: 0.607369, train 74.56%
Validating
Val set size: 120, validation accuracy 76.67%
epoch 3, loss: 0.34, train 90.00%
epoch 3, loss: 0.29, train 92.50%
epoch 3, loss: 0.44, train 90.00%
epoch 3, loss: 0.32, train 87.50%
epoch 3, loss: 0.44, train 86.00%
epoch 3, loss: 0.66, train 83.33%
epoch 3, loss: 0.41, train 84.29%
epoch 3, loss: 0.58, train 83.12%
epoch 3, loss: 0.37, train 82.78%
epoch 3, loss: 0.59, train 82.50%
epoch 3, loss: 0.38, train 82.27%
epoch 3, loss: 0.53, train 82.50%
epoch 3, loss: 0.58, train 82.31%
epoch 3, loss: 0.75, train 81.07%
epoch 3, loss: 0.62, train 80.33%
epoch 3, loss: 0.70, train 79.06%
epoch 3, loss: 0.56, train 79.12%
epoch 3, loss: 0.39, train 79.17%
epoch 3, loss: 0.24, train 80.00%
epoch 3, loss: 0.45, train 80.00%
epoch 3, loss: 0.66, train 79.52%
epoch 3, loss: 0.20, train 80.45%
epoch 3, loss: 0.65, train 79.78%
epoch 3, loss: 0.42, train 80.00%
epoch 3, loss: 0.45, train 80.40%
epoch 3, loss: 0.48, train 80.96%
epoch 3, loss: 0.39, train 81.11%
epoch 3, loss: 0.43, train 81.25%
epoch 3, loss: 0.29, train 81.21%
epoch 3, loss: 0.26, train 81.67%
epoch 3, loss: 0.36, train 81.77%
epoch 3, loss: 0.23, train 82.19%
epoch 3, loss: 0.29, train 82.58%
epoch 3, loss: 0.46, train 82.50%
epoch 3, loss: 0.19, train 82.86%
epoch 3, loss: 0.37, train 83.06%
epoch 3, loss: 1.47, train 82.16%
epoch 3, loss: 0.96, train 81.71%
epoch 3, loss: 0.25, train 82.05%
epoch 3, loss: 0.67, train 81.88%
epoch 3, loss: 0.30, train 82.07%
epoch 3, loss: 0.63, train 81.79%
epoch 3, loss: 0.30, train 81.98%
epoch 3, loss: 1.05, train 81.48%
epoch 3, loss: 0.33, train 81.56%
Epoch completed!
epoch 3, total signals 900, average_loss_per_batch: 0.483036, train 81.56%
Validating
Val set size: 120, validation accuracy 69.17%
epoch 4, loss: 0.25, train 90.00%
epoch 4, loss: 0.55, train 85.00%
epoch 4, loss: 0.54, train 85.00%
epoch 4, loss: 0.29, train 86.25%
epoch 4, loss: 0.24, train 88.00%
epoch 4, loss: 0.14, train 90.00%
epoch 4, loss: 0.35, train 89.29%
epoch 4, loss: 0.35, train 89.38%
epoch 4, loss: 0.50, train 87.78%
epoch 4, loss: 0.14, train 88.50%
epoch 4, loss: 0.45, train 87.73%
epoch 4, loss: 0.33, train 87.92%
epoch 4, loss: 0.27, train 88.08%
epoch 4, loss: 0.45, train 86.79%
epoch 4, loss: 0.23, train 87.00%
epoch 4, loss: 0.26, train 87.50%
epoch 4, loss: 0.23, train 87.65%
epoch 4, loss: 1.22, train 85.00%
epoch 4, loss: 0.61, train 83.95%
epoch 4, loss: 0.47, train 83.75%
epoch 4, loss: 0.45, train 84.29%
epoch 4, loss: 0.31, train 84.55%
epoch 4, loss: 0.29, train 84.78%
epoch 4, loss: 0.28, train 85.00%
epoch 4, loss: 0.13, train 85.60%
epoch 4, loss: 0.61, train 85.19%
epoch 4, loss: 0.52, train 85.00%
epoch 4, loss: 0.41, train 85.00%
epoch 4, loss: 0.60, train 84.48%
epoch 4, loss: 0.53, train 84.17%
epoch 4, loss: 0.26, train 84.35%
epoch 4, loss: 0.91, train 83.75%
epoch 4, loss: 0.42, train 83.79%
epoch 4, loss: 0.14, train 84.26%
epoch 4, loss: 0.25, train 84.43%
epoch 4, loss: 0.53, train 84.44%
epoch 4, loss: 0.30, train 84.46%
epoch 4, loss: 0.37, train 84.47%
epoch 4, loss: 1.28, train 83.59%
epoch 4, loss: 0.90, train 83.00%
epoch 4, loss: 0.35, train 83.05%
epoch 4, loss: 0.64, train 82.98%
epoch 4, loss: 0.63, train 82.79%
epoch 4, loss: 0.87, train 82.50%
epoch 4, loss: 0.70, train 82.22%
Epoch completed!
epoch 4, total signals 900, average_loss_per_batch: 0.457136, train 82.22%
Validating
Val set size: 120, validation accuracy 70.83%
epoch 5, loss: 0.49, train 75.00%
epoch 5, loss: 0.21, train 85.00%
epoch 5, loss: 0.48, train 86.67%
epoch 5, loss: 0.36, train 87.50%
epoch 5, loss: 0.39, train 88.00%
epoch 5, loss: 0.52, train 85.83%
epoch 5, loss: 0.40, train 85.71%
epoch 5, loss: 0.57, train 85.00%
epoch 5, loss: 0.33, train 85.56%
epoch 5, loss: 0.90, train 84.00%
epoch 5, loss: 0.57, train 83.18%
epoch 5, loss: 0.57, train 82.92%
epoch 5, loss: 0.52, train 82.31%
epoch 5, loss: 1.11, train 79.29%
epoch 5, loss: 0.57, train 79.67%
epoch 5, loss: 0.26, train 80.00%
epoch 5, loss: 0.29, train 80.00%
epoch 5, loss: 0.57, train 79.44%
epoch 5, loss: 0.47, train 79.74%
epoch 5, loss: 0.14, train 80.50%
epoch 5, loss: 0.45, train 80.48%
epoch 5, loss: 0.32, train 80.45%
epoch 5, loss: 0.44, train 80.22%
epoch 5, loss: 0.33, train 80.42%
epoch 5, loss: 0.22, train 80.80%
epoch 5, loss: 0.61, train 80.96%
epoch 5, loss: 0.71, train 80.56%
epoch 5, loss: 0.32, train 81.07%
epoch 5, loss: 0.55, train 81.03%
epoch 5, loss: 0.22, train 81.33%
epoch 5, loss: 0.18, train 81.94%
epoch 5, loss: 0.20, train 82.34%
epoch 5, loss: 0.30, train 82.42%
epoch 5, loss: 0.57, train 82.35%
epoch 5, loss: 0.64, train 82.00%
epoch 5, loss: 0.20, train 82.50%
epoch 5, loss: 1.10, train 81.49%
epoch 5, loss: 0.44, train 81.45%
epoch 5, loss: 0.35, train 81.54%
epoch 5, loss: 0.31, train 81.62%
epoch 5, loss: 0.12, train 81.95%
epoch 5, loss: 0.67, train 81.90%
epoch 5, loss: 0.25, train 82.21%
epoch 5, loss: 0.44, train 82.27%
epoch 5, loss: 0.14, train 82.67%
Epoch completed!
epoch 5, total signals 900, average_loss_per_batch: 0.440108, train 82.67%
Validating
Val set size: 120, validation accuracy 71.67%
epoch 6, loss: 0.19, train 95.00%
epoch 6, loss: 0.18, train 95.00%
epoch 6, loss: 0.70, train 90.00%
epoch 6, loss: 0.23, train 91.25%
epoch 6, loss: 0.34, train 91.00%
epoch 6, loss: 0.20, train 92.50%
epoch 6, loss: 0.49, train 90.71%
epoch 6, loss: 0.33, train 89.38%
epoch 6, loss: 0.15, train 90.00%
epoch 6, loss: 0.35, train 90.00%
epoch 6, loss: 0.28, train 90.00%
epoch 6, loss: 0.15, train 90.42%
epoch 6, loss: 0.78, train 88.46%
epoch 6, loss: 0.24, train 88.57%
epoch 6, loss: 0.15, train 89.00%
epoch 6, loss: 0.30, train 89.06%
epoch 6, loss: 0.19, train 89.12%
epoch 6, loss: 0.38, train 88.89%
epoch 6, loss: 0.26, train 88.68%
epoch 6, loss: 0.35, train 88.50%
epoch 6, loss: 0.07, train 89.05%
epoch 6, loss: 0.23, train 88.86%
epoch 6, loss: 0.28, train 88.70%
epoch 6, loss: 0.60, train 88.33%
epoch 6, loss: 1.01, train 87.20%
epoch 6, loss: 0.67, train 86.73%
epoch 6, loss: 0.25, train 86.85%
epoch 6, loss: 0.58, train 86.79%
epoch 6, loss: 0.25, train 86.90%
epoch 6, loss: 0.27, train 87.00%
epoch 6, loss: 0.34, train 86.94%
epoch 6, loss: 0.38, train 86.72%
epoch 6, loss: 0.23, train 86.82%
epoch 6, loss: 0.17, train 86.91%
epoch 6, loss: 0.14, train 87.29%
epoch 6, loss: 0.39, train 87.22%
epoch 6, loss: 0.13, train 87.57%
epoch 6, loss: 0.46, train 87.50%
epoch 6, loss: 0.48, train 87.05%
epoch 6, loss: 0.22, train 87.12%
epoch 6, loss: 0.30, train 86.95%
epoch 6, loss: 0.33, train 87.02%
epoch 6, loss: 0.42, train 86.98%
epoch 6, loss: 1.15, train 85.91%
epoch 6, loss: 0.35, train 86.00%
Epoch completed!
epoch 6, total signals 900, average_loss_per_batch: 0.354033, train 86.00%
Validating
Val set size: 120, validation accuracy 70.00%
epoch 7, loss: 0.44, train 85.00%
epoch 7, loss: 0.22, train 87.50%
epoch 7, loss: 0.10, train 90.00%
epoch 7, loss: 0.25, train 90.00%
epoch 7, loss: 0.06, train 92.00%
epoch 7, loss: 0.43, train 89.17%
epoch 7, loss: 0.19, train 90.00%
epoch 7, loss: 0.20, train 90.62%
epoch 7, loss: 0.40, train 88.33%
epoch 7, loss: 0.07, train 89.50%
epoch 7, loss: 0.23, train 89.55%
epoch 7, loss: 0.13, train 90.00%
epoch 7, loss: 0.21, train 90.38%
epoch 7, loss: 0.30, train 90.00%
epoch 7, loss: 1.25, train 88.33%
epoch 7, loss: 0.11, train 88.75%
epoch 7, loss: 0.30, train 88.82%
epoch 7, loss: 0.21, train 88.89%
epoch 7, loss: 0.47, train 88.42%
epoch 7, loss: 0.61, train 88.00%
epoch 7, loss: 0.28, train 88.33%
epoch 7, loss: 0.36, train 87.95%
epoch 7, loss: 0.39, train 87.83%
epoch 7, loss: 0.06, train 88.33%
epoch 7, loss: 0.35, train 88.40%
epoch 7, loss: 0.29, train 88.46%
epoch 7, loss: 0.23, train 88.70%
epoch 7, loss: 0.46, train 88.39%
epoch 7, loss: 0.20, train 88.45%
epoch 7, loss: 0.23, train 88.33%
epoch 7, loss: 0.24, train 88.06%
epoch 7, loss: 0.79, train 87.34%
epoch 7, loss: 0.44, train 87.12%
epoch 7, loss: 0.30, train 87.21%
epoch 7, loss: 0.35, train 87.14%
epoch 7, loss: 0.41, train 86.94%
epoch 7, loss: 0.27, train 86.89%
epoch 7, loss: 0.47, train 86.71%
epoch 7, loss: 0.20, train 86.92%
epoch 7, loss: 0.19, train 87.00%
epoch 7, loss: 0.29, train 87.07%
epoch 7, loss: 0.17, train 87.26%
epoch 7, loss: 0.14, train 87.56%
epoch 7, loss: 0.53, train 87.50%
epoch 7, loss: 0.33, train 87.33%
Epoch completed!
epoch 7, total signals 900, average_loss_per_batch: 0.313328, train 87.33%
Validating
Val set size: 120, validation accuracy 71.67%
epoch 8, loss: 0.55, train 65.00%
epoch 8, loss: 0.11, train 82.50%
epoch 8, loss: 0.18, train 86.67%
epoch 8, loss: 0.25, train 88.75%
epoch 8, loss: 0.16, train 91.00%
epoch 8, loss: 0.21, train 90.83%
epoch 8, loss: 0.55, train 87.86%
epoch 8, loss: 0.24, train 88.75%
epoch 8, loss: 0.25, train 89.44%
epoch 8, loss: 0.21, train 90.00%
epoch 8, loss: 0.32, train 89.55%
epoch 8, loss: 0.65, train 88.33%
epoch 8, loss: 0.14, train 88.85%
epoch 8, loss: 0.14, train 89.29%
epoch 8, loss: 0.08, train 90.00%
epoch 8, loss: 0.11, train 90.62%
epoch 8, loss: 0.15, train 90.88%
epoch 8, loss: 0.76, train 90.00%
epoch 8, loss: 0.15, train 90.26%
epoch 8, loss: 0.18, train 90.75%
epoch 8, loss: 0.13, train 90.95%
epoch 8, loss: 0.44, train 90.45%
epoch 8, loss: 0.28, train 90.22%
epoch 8, loss: 0.29, train 90.42%
epoch 8, loss: 1.24, train 89.60%
epoch 8, loss: 0.10, train 90.00%
epoch 8, loss: 0.33, train 90.00%
epoch 8, loss: 0.47, train 89.82%
epoch 8, loss: 0.17, train 89.83%
epoch 8, loss: 0.30, train 89.83%
epoch 8, loss: 0.12, train 90.00%
epoch 8, loss: 0.09, train 90.31%
epoch 8, loss: 0.16, train 90.45%
epoch 8, loss: 0.26, train 90.29%
epoch 8, loss: 0.19, train 90.57%
epoch 8, loss: 0.23, train 90.56%
epoch 8, loss: 0.12, train 90.68%
epoch 8, loss: 0.29, train 90.66%
epoch 8, loss: 0.13, train 90.77%
epoch 8, loss: 0.19, train 90.62%
epoch 8, loss: 0.40, train 90.37%
epoch 8, loss: 0.23, train 90.36%
epoch 8, loss: 0.51, train 90.12%
epoch 8, loss: 0.38, train 89.89%
epoch 8, loss: 0.09, train 90.11%
Epoch completed!
epoch 8, total signals 900, average_loss_per_batch: 0.278313, train 90.11%
Validating
Val set size: 120, validation accuracy 70.83%
epoch 9, loss: 0.22, train 95.00%
epoch 9, loss: 0.09, train 97.50%
epoch 9, loss: 0.03, train 98.33%
epoch 9, loss: 0.07, train 98.75%
epoch 9, loss: 0.29, train 96.00%
epoch 9, loss: 0.15, train 95.83%
epoch 9, loss: 0.13, train 96.43%
epoch 9, loss: 0.18, train 96.88%
epoch 9, loss: 0.16, train 96.67%
epoch 9, loss: 0.18, train 97.00%
epoch 9, loss: 0.17, train 96.36%
epoch 9, loss: 0.15, train 96.25%
epoch 9, loss: 0.13, train 96.54%
epoch 9, loss: 0.17, train 96.43%
epoch 9, loss: 0.13, train 96.67%
epoch 9, loss: 1.03, train 94.69%
epoch 9, loss: 0.10, train 95.00%
epoch 9, loss: 0.10, train 95.28%
epoch 9, loss: 0.08, train 95.53%
epoch 9, loss: 0.06, train 95.75%
epoch 9, loss: 1.62, train 93.57%
epoch 9, loss: 1.18, train 92.50%
epoch 9, loss: 0.21, train 92.39%
epoch 9, loss: 0.76, train 91.67%
epoch 9, loss: 0.74, train 90.60%
epoch 9, loss: 1.15, train 89.04%
epoch 9, loss: 0.57, train 88.70%
epoch 9, loss: 0.05, train 89.11%
epoch 9, loss: 0.24, train 88.97%
epoch 9, loss: 1.16, train 87.67%
epoch 9, loss: 1.00, train 86.77%
epoch 9, loss: 0.37, train 86.88%
epoch 9, loss: 1.00, train 86.52%
epoch 9, loss: 0.53, train 86.18%
epoch 9, loss: 0.33, train 86.14%
epoch 9, loss: 1.15, train 85.69%
epoch 9, loss: 0.97, train 85.00%
epoch 9, loss: 0.72, train 84.47%
epoch 9, loss: 0.71, train 83.97%
epoch 9, loss: 0.94, train 83.75%
epoch 9, loss: 0.22, train 83.90%
epoch 9, loss: 0.66, train 83.69%
epoch 9, loss: 0.91, train 83.02%
epoch 9, loss: 0.51, train 83.07%
epoch 9, loss: 0.79, train 82.56%
Epoch completed!
epoch 9, total signals 900, average_loss_per_batch: 0.491616, train 82.56%
Validating
Val set size: 120, validation accuracy 64.17%
epoch 10, loss: 0.27, train 85.00%
epoch 10, loss: 0.65, train 77.50%
epoch 10, loss: 0.20, train 80.00%
epoch 10, loss: 0.09, train 83.75%
epoch 10, loss: 0.27, train 84.00%
epoch 10, loss: 0.09, train 86.67%
epoch 10, loss: 0.21, train 87.86%
epoch 10, loss: 1.23, train 83.75%
epoch 10, loss: 0.52, train 82.78%
epoch 10, loss: 0.30, train 83.00%
epoch 10, loss: 0.58, train 82.73%
epoch 10, loss: 0.45, train 82.50%
epoch 10, loss: 0.10, train 83.85%
epoch 10, loss: 0.13, train 85.00%
epoch 10, loss: 0.39, train 85.33%
epoch 10, loss: 0.67, train 84.69%
epoch 10, loss: 0.10, train 85.29%
epoch 10, loss: 1.23, train 84.44%
epoch 10, loss: 0.28, train 84.74%
epoch 10, loss: 0.87, train 83.75%
epoch 10, loss: 0.83, train 83.10%
epoch 10, loss: 0.30, train 83.86%
epoch 10, loss: 0.21, train 84.13%
epoch 10, loss: 0.31, train 84.17%
epoch 10, loss: 0.18, train 84.40%
epoch 10, loss: 0.46, train 84.23%
epoch 10, loss: 0.22, train 84.44%
epoch 10, loss: 0.29, train 84.29%
epoch 10, loss: 0.09, train 84.83%
epoch 10, loss: 0.39, train 84.83%
epoch 10, loss: 0.14, train 85.16%
epoch 10, loss: 0.13, train 85.31%
epoch 10, loss: 0.16, train 85.61%
epoch 10, loss: 0.15, train 85.88%
epoch 10, loss: 0.29, train 86.29%
epoch 10, loss: 0.11, train 86.53%
epoch 10, loss: 0.26, train 86.62%
epoch 10, loss: 0.32, train 86.84%
epoch 10, loss: 0.21, train 87.05%
epoch 10, loss: 0.39, train 87.00%
epoch 10, loss: 0.55, train 87.07%
epoch 10, loss: 0.45, train 86.90%
epoch 10, loss: 0.18, train 87.09%
epoch 10, loss: 0.29, train 87.16%
epoch 10, loss: 0.58, train 87.00%
Epoch completed!
epoch 10, total signals 900, average_loss_per_batch: 0.358646, train 87.00%
Validating
Val set size: 120, validation accuracy 68.33%
epoch 11, loss: 0.19, train 95.00%
epoch 11, loss: 0.22, train 90.00%
epoch 11, loss: 0.31, train 86.67%
epoch 11, loss: 0.16, train 88.75%
epoch 11, loss: 0.18, train 90.00%
epoch 11, loss: 0.15, train 90.83%
epoch 11, loss: 0.28, train 90.00%
epoch 11, loss: 0.19, train 90.62%
epoch 11, loss: 0.16, train 91.11%
epoch 11, loss: 0.09, train 92.00%
epoch 11, loss: 0.13, train 92.27%
epoch 11, loss: 0.16, train 92.50%
epoch 11, loss: 0.14, train 93.08%
epoch 11, loss: 0.21, train 92.86%
epoch 11, loss: 0.48, train 91.67%
epoch 11, loss: 0.18, train 91.88%
epoch 11, loss: 0.23, train 91.76%
epoch 11, loss: 0.15, train 91.94%
epoch 11, loss: 0.19, train 92.11%
epoch 11, loss: 0.60, train 91.00%
epoch 11, loss: 0.10, train 91.43%
epoch 11, loss: 1.05, train 89.77%
epoch 11, loss: 0.21, train 89.78%
epoch 11, loss: 0.46, train 89.38%
epoch 11, loss: 0.35, train 89.00%
epoch 11, loss: 0.10, train 89.42%
epoch 11, loss: 0.19, train 89.63%
epoch 11, loss: 0.51, train 89.46%
epoch 11, loss: 0.12, train 89.83%
epoch 11, loss: 0.46, train 89.33%
epoch 11, loss: 0.30, train 89.19%
epoch 11, loss: 0.12, train 89.53%
epoch 11, loss: 0.47, train 89.39%
epoch 11, loss: 0.04, train 89.71%
epoch 11, loss: 0.28, train 89.71%
epoch 11, loss: 0.23, train 89.72%
epoch 11, loss: 0.21, train 89.86%
epoch 11, loss: 0.35, train 89.74%
epoch 11, loss: 1.12, train 89.10%
epoch 11, loss: 0.24, train 89.25%
epoch 11, loss: 0.17, train 89.39%
epoch 11, loss: 0.24, train 89.52%
epoch 11, loss: 0.28, train 89.65%
epoch 11, loss: 0.14, train 89.66%
epoch 11, loss: 0.13, train 89.89%
Epoch completed!
epoch 11, total signals 900, average_loss_per_batch: 0.272789, train 89.89%
Validating
Val set size: 120, validation accuracy 77.50%
epoch 12, loss: 0.03, train 100.00%
epoch 12, loss: 0.52, train 90.00%
epoch 12, loss: 0.24, train 91.67%
epoch 12, loss: 0.31, train 91.25%
epoch 12, loss: 0.15, train 92.00%
epoch 12, loss: 0.11, train 92.50%
epoch 12, loss: 0.07, train 93.57%
epoch 12, loss: 0.06, train 94.38%
epoch 12, loss: 0.36, train 93.33%
epoch 12, loss: 0.22, train 93.00%
epoch 12, loss: 0.12, train 93.18%
epoch 12, loss: 0.17, train 92.92%
epoch 12, loss: 0.20, train 92.69%
epoch 12, loss: 0.21, train 92.86%
epoch 12, loss: 0.32, train 92.67%
epoch 12, loss: 0.15, train 92.81%
epoch 12, loss: 0.15, train 92.94%
epoch 12, loss: 0.09, train 93.06%
epoch 12, loss: 0.25, train 93.16%
epoch 12, loss: 0.39, train 92.25%
epoch 12, loss: 0.13, train 92.38%
epoch 12, loss: 0.12, train 92.73%
epoch 12, loss: 0.17, train 92.61%
epoch 12, loss: 0.17, train 92.50%
epoch 12, loss: 0.13, train 92.60%
epoch 12, loss: 0.23, train 92.69%
epoch 12, loss: 0.18, train 92.78%
epoch 12, loss: 0.26, train 92.86%
epoch 12, loss: 0.32, train 92.59%
epoch 12, loss: 0.11, train 92.83%
epoch 12, loss: 0.39, train 92.58%
epoch 12, loss: 0.22, train 92.34%
epoch 12, loss: 0.50, train 92.12%
epoch 12, loss: 0.12, train 92.35%
epoch 12, loss: 0.09, train 92.57%
epoch 12, loss: 0.13, train 92.64%
epoch 12, loss: 0.46, train 92.30%
epoch 12, loss: 0.15, train 92.37%
epoch 12, loss: 0.03, train 92.56%
epoch 12, loss: 0.36, train 92.38%
epoch 12, loss: 0.14, train 92.44%
epoch 12, loss: 0.36, train 92.14%
epoch 12, loss: 0.09, train 92.21%
epoch 12, loss: 0.15, train 92.27%
epoch 12, loss: 0.13, train 92.33%
Epoch completed!
epoch 12, total signals 900, average_loss_per_batch: 0.205439, train 92.33%
Validating
Val set size: 120, validation accuracy 75.00%
epoch 13, loss: 0.04, train 100.00%
epoch 13, loss: 0.15, train 95.00%
epoch 13, loss: 0.09, train 95.00%
epoch 13, loss: 0.11, train 95.00%
epoch 13, loss: 0.05, train 96.00%
epoch 13, loss: 0.24, train 95.00%
epoch 13, loss: 0.12, train 95.00%
epoch 13, loss: 0.13, train 95.00%
epoch 13, loss: 0.05, train 95.56%
epoch 13, loss: 0.06, train 96.00%
epoch 13, loss: 0.07, train 96.36%
epoch 13, loss: 0.30, train 95.83%
epoch 13, loss: 0.05, train 96.15%
epoch 13, loss: 0.18, train 96.07%
epoch 13, loss: 0.06, train 96.33%
epoch 13, loss: 0.08, train 96.25%
epoch 13, loss: 0.23, train 96.18%
epoch 13, loss: 0.55, train 94.72%
epoch 13, loss: 0.12, train 95.00%
epoch 13, loss: 0.16, train 95.00%
epoch 13, loss: 0.16, train 95.24%
epoch 13, loss: 0.14, train 95.45%
epoch 13, loss: 0.04, train 95.65%
epoch 13, loss: 0.43, train 95.21%
epoch 13, loss: 0.19, train 95.20%
epoch 13, loss: 0.11, train 95.19%
epoch 13, loss: 0.03, train 95.37%
epoch 13, loss: 0.04, train 95.54%
epoch 13, loss: 0.15, train 95.34%
epoch 13, loss: 0.04, train 95.50%
epoch 13, loss: 0.13, train 95.65%
epoch 13, loss: 0.05, train 95.78%
epoch 13, loss: 0.11, train 95.76%
epoch 13, loss: 0.12, train 95.74%
epoch 13, loss: 0.08, train 95.86%
epoch 13, loss: 0.12, train 95.83%
epoch 13, loss: 0.07, train 95.95%
epoch 13, loss: 0.06, train 96.05%
epoch 13, loss: 0.07, train 96.15%
epoch 13, loss: 0.15, train 96.00%
epoch 13, loss: 0.09, train 96.10%
epoch 13, loss: 0.10, train 96.19%
epoch 13, loss: 0.04, train 96.28%
epoch 13, loss: 0.26, train 96.14%
epoch 13, loss: 0.21, train 96.00%
Epoch completed!
epoch 13, total signals 900, average_loss_per_batch: 0.129699, train 96.00%
Validating
Val set size: 120, validation accuracy 75.00%
epoch 14, loss: 0.08, train 100.00%
epoch 14, loss: 0.02, train 100.00%
epoch 14, loss: 0.38, train 95.00%
epoch 14, loss: 0.02, train 96.25%
epoch 14, loss: 0.06, train 97.00%
epoch 14, loss: 0.74, train 90.83%
epoch 14, loss: 0.19, train 90.00%
epoch 14, loss: 0.04, train 91.25%
epoch 14, loss: 0.10, train 91.67%
epoch 14, loss: 0.04, train 92.50%
epoch 14, loss: 0.07, train 93.18%
epoch 14, loss: 0.06, train 93.75%
epoch 14, loss: 0.13, train 93.46%
epoch 14, loss: 0.09, train 93.93%
epoch 14, loss: 0.18, train 93.67%
epoch 14, loss: 0.05, train 94.06%
epoch 14, loss: 0.06, train 94.41%
epoch 14, loss: 0.15, train 94.44%
epoch 14, loss: 0.07, train 94.74%
epoch 14, loss: 0.02, train 95.00%
epoch 14, loss: 0.05, train 95.24%
epoch 14, loss: 0.84, train 93.64%
epoch 14, loss: 0.09, train 93.70%
epoch 14, loss: 0.07, train 93.96%
epoch 14, loss: 0.11, train 94.20%
epoch 14, loss: 0.26, train 94.04%
epoch 14, loss: 0.49, train 93.52%
epoch 14, loss: 0.19, train 93.75%
epoch 14, loss: 0.26, train 93.45%
epoch 14, loss: 0.21, train 93.50%
epoch 14, loss: 0.07, train 93.71%
epoch 14, loss: 0.51, train 93.28%
epoch 14, loss: 0.09, train 93.33%
epoch 14, loss: 0.04, train 93.53%
epoch 14, loss: 0.19, train 93.43%
epoch 14, loss: 0.74, train 92.64%
epoch 14, loss: 0.26, train 92.43%
epoch 14, loss: 0.18, train 92.50%
epoch 14, loss: 0.20, train 92.44%
epoch 14, loss: 0.33, train 92.25%
epoch 14, loss: 0.06, train 92.32%
epoch 14, loss: 1.03, train 91.31%
epoch 14, loss: 0.41, train 90.93%
epoch 14, loss: 0.11, train 91.14%
epoch 14, loss: 0.09, train 91.33%
Epoch completed!
epoch 14, total signals 900, average_loss_per_batch: 0.209756, train 91.33%
Validating
Val set size: 120, validation accuracy 67.50%
epoch 15, loss: 0.34, train 90.00%
epoch 15, loss: 0.49, train 87.50%
epoch 15, loss: 0.08, train 91.67%
epoch 15, loss: 0.39, train 87.50%
epoch 15, loss: 0.20, train 88.00%
epoch 15, loss: 0.21, train 88.33%
epoch 15, loss: 0.12, train 89.29%
epoch 15, loss: 0.15, train 90.62%
epoch 15, loss: 0.25, train 90.00%
epoch 15, loss: 0.46, train 89.00%
epoch 15, loss: 0.24, train 89.55%
epoch 15, loss: 0.26, train 90.00%
epoch 15, loss: 0.09, train 90.38%
epoch 15, loss: 0.05, train 91.07%
epoch 15, loss: 0.26, train 91.00%
epoch 15, loss: 0.12, train 91.25%
epoch 15, loss: 0.40, train 91.18%
epoch 15, loss: 0.27, train 91.11%
epoch 15, loss: 0.18, train 91.05%
epoch 15, loss: 0.18, train 91.25%
epoch 15, loss: 0.24, train 91.19%
epoch 15, loss: 0.17, train 91.14%
epoch 15, loss: 0.13, train 91.30%
epoch 15, loss: 0.29, train 91.04%
epoch 15, loss: 0.16, train 91.20%
epoch 15, loss: 0.06, train 91.54%
epoch 15, loss: 0.08, train 91.85%
epoch 15, loss: 0.16, train 91.79%
epoch 15, loss: 0.04, train 92.07%
epoch 15, loss: 0.14, train 92.17%
epoch 15, loss: 0.38, train 92.10%
epoch 15, loss: 0.29, train 91.88%
epoch 15, loss: 0.48, train 91.67%
epoch 15, loss: 0.43, train 91.47%
epoch 15, loss: 1.96, train 90.14%
epoch 15, loss: 0.80, train 89.44%
epoch 15, loss: 0.62, train 89.19%
epoch 15, loss: 0.34, train 89.08%
epoch 15, loss: 0.37, train 88.85%
epoch 15, loss: 0.32, train 88.88%
epoch 15, loss: 0.51, train 88.54%
epoch 15, loss: 0.29, train 88.57%
epoch 15, loss: 0.16, train 88.72%
epoch 15, loss: 0.87, train 88.41%
epoch 15, loss: 0.48, train 88.22%
Epoch completed!
epoch 15, total signals 900, average_loss_per_batch: 0.322696, train 88.22%
Validating
Val set size: 120, validation accuracy 68.33%
epoch 16, loss: 0.28, train 85.00%
epoch 16, loss: 0.38, train 87.50%
epoch 16, loss: 0.11, train 90.00%
epoch 16, loss: 0.24, train 91.25%
epoch 16, loss: 0.77, train 88.00%
epoch 16, loss: 0.46, train 85.83%
epoch 16, loss: 0.09, train 87.14%
epoch 16, loss: 0.39, train 87.50%
epoch 16, loss: 0.19, train 88.89%
epoch 16, loss: 0.41, train 89.00%
epoch 16, loss: 0.18, train 89.09%
epoch 16, loss: 0.37, train 88.75%
epoch 16, loss: 0.20, train 88.85%
epoch 16, loss: 0.22, train 88.93%
epoch 16, loss: 0.53, train 88.67%
epoch 16, loss: 0.12, train 89.06%
epoch 16, loss: 0.25, train 89.12%
epoch 16, loss: 0.29, train 89.17%
epoch 16, loss: 0.10, train 89.74%
epoch 16, loss: 0.38, train 89.25%
epoch 16, loss: 0.07, train 89.76%
epoch 16, loss: 0.40, train 89.55%
epoch 16, loss: 0.26, train 89.35%
epoch 16, loss: 0.85, train 88.54%
epoch 16, loss: 0.29, train 88.20%
epoch 16, loss: 0.16, train 88.65%
epoch 16, loss: 0.13, train 88.89%
epoch 16, loss: 1.22, train 88.04%
epoch 16, loss: 0.40, train 87.93%
epoch 16, loss: 0.80, train 87.33%
epoch 16, loss: 0.80, train 86.94%
epoch 16, loss: 0.29, train 86.88%
epoch 16, loss: 0.16, train 86.82%
epoch 16, loss: 0.91, train 86.18%
epoch 16, loss: 0.96, train 85.29%
epoch 16, loss: 2.27, train 84.17%
epoch 16, loss: 1.41, train 83.65%
epoch 16, loss: 0.40, train 83.42%
epoch 16, loss: 0.17, train 83.59%
epoch 16, loss: 0.41, train 83.88%
epoch 16, loss: 1.00, train 83.66%
epoch 16, loss: 0.95, train 83.45%
epoch 16, loss: 2.32, train 82.79%
epoch 16, loss: 0.09, train 83.07%
epoch 16, loss: 0.69, train 82.78%
Epoch completed!
epoch 16, total signals 900, average_loss_per_batch: 0.519206, train 82.78%
Validating
Val set size: 120, validation accuracy 62.50%
epoch 17, loss: 0.36, train 90.00%
epoch 17, loss: 0.74, train 80.00%
epoch 17, loss: 0.22, train 85.00%
epoch 17, loss: 0.12, train 87.50%
epoch 17, loss: 0.42, train 88.00%
epoch 17, loss: 0.31, train 87.50%
epoch 17, loss: 0.28, train 87.86%
epoch 17, loss: 0.36, train 88.12%
epoch 17, loss: 0.29, train 88.33%
epoch 17, loss: 0.12, train 89.00%
epoch 17, loss: 0.11, train 90.00%
epoch 17, loss: 0.06, train 90.83%
epoch 17, loss: 0.23, train 90.00%
epoch 17, loss: 0.41, train 88.93%
epoch 17, loss: 0.94, train 87.00%
epoch 17, loss: 0.17, train 87.50%
epoch 17, loss: 0.07, train 88.24%
epoch 17, loss: 0.67, train 87.50%
epoch 17, loss: 0.15, train 87.89%
epoch 17, loss: 0.28, train 88.00%
epoch 17, loss: 0.24, train 88.10%
epoch 17, loss: 0.36, train 87.95%
epoch 17, loss: 0.10, train 88.48%
epoch 17, loss: 0.19, train 88.54%
epoch 17, loss: 0.24, train 88.60%
epoch 17, loss: 0.17, train 88.85%
epoch 17, loss: 0.24, train 88.89%
epoch 17, loss: 0.19, train 89.11%
epoch 17, loss: 0.46, train 88.79%
epoch 17, loss: 0.14, train 89.00%
epoch 17, loss: 0.36, train 88.71%
epoch 17, loss: 0.25, train 88.91%
epoch 17, loss: 0.07, train 89.24%
epoch 17, loss: 0.08, train 89.56%
epoch 17, loss: 0.23, train 89.57%
epoch 17, loss: 0.18, train 89.72%
epoch 17, loss: 0.48, train 89.46%
epoch 17, loss: 0.39, train 89.21%
epoch 17, loss: 0.07, train 89.36%
epoch 17, loss: 0.15, train 89.50%
epoch 17, loss: 0.27, train 89.51%
epoch 17, loss: 0.14, train 89.64%
epoch 17, loss: 0.04, train 89.88%
epoch 17, loss: 0.20, train 89.89%
epoch 17, loss: 0.13, train 90.00%
Epoch completed!
epoch 17, total signals 900, average_loss_per_batch: 0.258786, train 90.00%
Validating
Val set size: 120, validation accuracy 77.50%
epoch 18, loss: 0.78, train 65.00%
epoch 18, loss: 0.23, train 77.50%
epoch 18, loss: 0.11, train 85.00%
epoch 18, loss: 0.08, train 88.75%
epoch 18, loss: 0.13, train 89.00%
epoch 18, loss: 0.47, train 87.50%
epoch 18, loss: 0.04, train 89.29%
epoch 18, loss: 0.21, train 89.38%
epoch 18, loss: 0.18, train 89.44%
epoch 18, loss: 0.10, train 90.50%
epoch 18, loss: 0.07, train 91.36%
epoch 18, loss: 0.59, train 90.42%
epoch 18, loss: 0.59, train 89.23%
epoch 18, loss: 2.23, train 86.43%
epoch 18, loss: 0.09, train 87.00%
epoch 18, loss: 0.03, train 87.81%
epoch 18, loss: 0.21, train 88.24%
epoch 18, loss: 0.13, train 88.61%
epoch 18, loss: 0.23, train 88.68%
epoch 18, loss: 0.36, train 88.75%
epoch 18, loss: 0.53, train 88.33%
epoch 18, loss: 0.15, train 88.64%
epoch 18, loss: 0.12, train 88.91%
epoch 18, loss: 0.08, train 89.38%
epoch 18, loss: 0.06, train 89.80%
epoch 18, loss: 0.21, train 89.81%
epoch 18, loss: 0.12, train 90.19%
epoch 18, loss: 0.04, train 90.54%
epoch 18, loss: 0.26, train 90.52%
epoch 18, loss: 0.41, train 90.17%
epoch 18, loss: 0.11, train 90.32%
epoch 18, loss: 0.13, train 90.31%
epoch 18, loss: 0.04, train 90.61%
epoch 18, loss: 0.08, train 90.88%
epoch 18, loss: 0.05, train 91.14%
epoch 18, loss: 0.08, train 91.39%
epoch 18, loss: 0.07, train 91.62%
epoch 18, loss: 0.09, train 91.84%
epoch 18, loss: 0.16, train 91.67%
epoch 18, loss: 0.16, train 91.62%
epoch 18, loss: 0.09, train 91.83%
epoch 18, loss: 0.21, train 91.90%
epoch 18, loss: 0.05, train 92.09%
epoch 18, loss: 0.15, train 92.16%
epoch 18, loss: 0.41, train 91.89%
Epoch completed!
epoch 18, total signals 900, average_loss_per_batch: 0.237975, train 91.89%
Validating
Val set size: 120, validation accuracy 69.17%
epoch 19, loss: 0.32, train 85.00%
epoch 19, loss: 1.62, train 57.50%
epoch 19, loss: 0.14, train 70.00%
epoch 19, loss: 0.13, train 76.25%
epoch 19, loss: 0.11, train 81.00%
epoch 19, loss: 0.87, train 78.33%
epoch 19, loss: 0.40, train 79.29%
epoch 19, loss: 0.17, train 80.62%
epoch 19, loss: 0.32, train 81.67%
epoch 19, loss: 0.17, train 83.00%
epoch 19, loss: 0.33, train 83.18%
epoch 19, loss: 0.24, train 84.58%
epoch 19, loss: 1.64, train 82.31%
epoch 19, loss: 1.61, train 80.00%
epoch 19, loss: 0.98, train 78.67%
epoch 19, loss: 0.52, train 78.75%
epoch 19, loss: 0.26, train 79.41%
epoch 19, loss: 0.15, train 80.00%
epoch 19, loss: 0.10, train 80.79%
epoch 19, loss: 0.16, train 81.50%
epoch 19, loss: 0.45, train 81.67%
epoch 19, loss: 0.40, train 81.59%
epoch 19, loss: 0.07, train 82.39%
epoch 19, loss: 0.19, train 82.92%
epoch 19, loss: 0.53, train 82.40%
epoch 19, loss: 0.22, train 82.69%
epoch 19, loss: 0.35, train 82.59%
epoch 19, loss: 0.30, train 82.86%
epoch 19, loss: 0.22, train 83.28%
epoch 19, loss: 0.10, train 83.83%
epoch 19, loss: 0.09, train 84.35%
epoch 19, loss: 0.60, train 84.22%
epoch 19, loss: 0.20, train 84.39%
epoch 19, loss: 0.04, train 84.85%
epoch 19, loss: 0.11, train 85.14%
epoch 19, loss: 0.51, train 85.14%
epoch 19, loss: 0.20, train 85.27%
epoch 19, loss: 0.22, train 85.39%
epoch 19, loss: 1.63, train 85.00%
epoch 19, loss: 0.02, train 85.38%
epoch 19, loss: 0.06, train 85.73%
epoch 19, loss: 0.09, train 86.07%
epoch 19, loss: 0.44, train 86.05%
epoch 19, loss: 0.12, train 86.25%
epoch 19, loss: 0.51, train 86.11%
Epoch completed!
epoch 19, total signals 900, average_loss_per_batch: 0.398063, train 86.11%
Validating
Val set size: 120, validation accuracy 66.67%
epoch 20, loss: 0.07, train 100.00%
epoch 20, loss: 0.10, train 97.50%
epoch 20, loss: 0.11, train 96.67%
epoch 20, loss: 0.07, train 97.50%
epoch 20, loss: 0.08, train 98.00%
epoch 20, loss: 0.11, train 98.33%
epoch 20, loss: 0.02, train 98.57%
epoch 20, loss: 0.41, train 96.88%
epoch 20, loss: 0.02, train 97.22%
epoch 20, loss: 0.53, train 96.50%
epoch 20, loss: 0.07, train 96.82%
epoch 20, loss: 0.09, train 96.67%
epoch 20, loss: 0.04, train 96.92%
epoch 20, loss: 0.18, train 96.79%
epoch 20, loss: 0.08, train 96.67%
epoch 20, loss: 0.07, train 96.88%
epoch 20, loss: 0.05, train 97.06%
epoch 20, loss: 0.08, train 96.94%
epoch 20, loss: 0.53, train 96.05%
epoch 20, loss: 0.12, train 96.00%
epoch 20, loss: 0.05, train 96.19%
epoch 20, loss: 0.06, train 96.36%
epoch 20, loss: 0.09, train 96.30%
epoch 20, loss: 0.06, train 96.25%
epoch 20, loss: 0.94, train 94.80%
epoch 20, loss: 0.05, train 95.00%
epoch 20, loss: 0.04, train 95.19%
epoch 20, loss: 0.08, train 95.36%
epoch 20, loss: 0.07, train 95.52%
epoch 20, loss: 0.07, train 95.67%
epoch 20, loss: 0.50, train 95.00%
epoch 20, loss: 0.13, train 95.16%
epoch 20, loss: 0.09, train 95.30%
epoch 20, loss: 0.19, train 95.15%
epoch 20, loss: 0.06, train 95.29%
epoch 20, loss: 0.20, train 95.14%
epoch 20, loss: 0.12, train 95.14%
epoch 20, loss: 0.04, train 95.26%
epoch 20, loss: 0.11, train 95.38%
epoch 20, loss: 0.03, train 95.50%
epoch 20, loss: 0.10, train 95.61%
epoch 20, loss: 0.07, train 95.60%
epoch 20, loss: 0.04, train 95.70%
epoch 20, loss: 0.05, train 95.80%
epoch 20, loss: 0.05, train 95.89%
Epoch completed!
epoch 20, total signals 900, average_loss_per_batch: 0.136511, train 95.89%
Validating
Val set size: 120, validation accuracy 80.00%
epoch 21, loss: 0.14, train 95.00%
epoch 21, loss: 0.01, train 97.50%
epoch 21, loss: 0.08, train 96.67%
epoch 21, loss: 0.04, train 97.50%
epoch 21, loss: 0.14, train 97.00%
epoch 21, loss: 0.05, train 97.50%
epoch 21, loss: 0.03, train 97.86%
epoch 21, loss: 0.08, train 97.50%
epoch 21, loss: 0.03, train 97.78%
epoch 21, loss: 0.73, train 95.50%
epoch 21, loss: 0.03, train 95.91%
epoch 21, loss: 0.23, train 95.83%
epoch 21, loss: 0.04, train 96.15%
epoch 21, loss: 0.04, train 96.43%
epoch 21, loss: 0.03, train 96.67%
epoch 21, loss: 0.22, train 96.25%
epoch 21, loss: 0.08, train 96.47%
epoch 21, loss: 0.06, train 96.39%
epoch 21, loss: 0.76, train 95.00%
epoch 21, loss: 0.15, train 95.00%
epoch 21, loss: 0.07, train 95.24%
epoch 21, loss: 0.04, train 95.45%
epoch 21, loss: 0.15, train 95.43%
epoch 21, loss: 0.05, train 95.62%
epoch 21, loss: 0.08, train 95.80%
epoch 21, loss: 0.08, train 95.96%
epoch 21, loss: 0.01, train 96.11%
epoch 21, loss: 0.10, train 96.25%
epoch 21, loss: 0.12, train 96.21%
epoch 21, loss: 0.04, train 96.33%
epoch 21, loss: 0.06, train 96.45%
epoch 21, loss: 0.23, train 96.25%
epoch 21, loss: 0.06, train 96.36%
epoch 21, loss: 0.27, train 96.18%
epoch 21, loss: 0.05, train 96.29%
epoch 21, loss: 0.04, train 96.39%
epoch 21, loss: 0.05, train 96.49%
epoch 21, loss: 0.19, train 96.45%
epoch 21, loss: 0.07, train 96.54%
epoch 21, loss: 0.21, train 96.50%
epoch 21, loss: 0.08, train 96.46%
epoch 21, loss: 0.04, train 96.55%
epoch 21, loss: 0.03, train 96.63%
epoch 21, loss: 0.04, train 96.70%
epoch 21, loss: 0.09, train 96.78%
Epoch completed!
epoch 21, total signals 900, average_loss_per_batch: 0.116812, train 96.78%
Validating
Val set size: 120, validation accuracy 80.00%
epoch 22, loss: 0.23, train 95.00%
epoch 22, loss: 0.05, train 97.50%
epoch 22, loss: 0.28, train 95.00%
epoch 22, loss: 0.15, train 95.00%
epoch 22, loss: 0.03, train 96.00%
epoch 22, loss: 0.17, train 95.00%
epoch 22, loss: 0.22, train 92.86%
epoch 22, loss: 0.20, train 93.12%
epoch 22, loss: 0.07, train 93.89%
epoch 22, loss: 0.23, train 94.00%
epoch 22, loss: 0.15, train 94.09%
epoch 22, loss: 0.07, train 94.17%
epoch 22, loss: 0.06, train 94.62%
epoch 22, loss: 0.18, train 94.64%
epoch 22, loss: 0.11, train 94.67%
epoch 22, loss: 0.03, train 95.00%
epoch 22, loss: 0.14, train 94.71%
epoch 22, loss: 0.33, train 94.17%
epoch 22, loss: 0.30, train 94.21%
epoch 22, loss: 0.14, train 94.25%
epoch 22, loss: 0.02, train 94.52%
epoch 22, loss: 0.15, train 94.77%
epoch 22, loss: 0.07, train 94.78%
epoch 22, loss: 0.05, train 95.00%
epoch 22, loss: 0.04, train 95.20%
epoch 22, loss: 0.05, train 95.38%
epoch 22, loss: 0.05, train 95.56%
epoch 22, loss: 0.11, train 95.54%
epoch 22, loss: 0.09, train 95.52%
epoch 22, loss: 0.02, train 95.67%
epoch 22, loss: 0.05, train 95.81%
epoch 22, loss: 0.22, train 95.62%
epoch 22, loss: 0.07, train 95.61%
epoch 22, loss: 0.02, train 95.74%
epoch 22, loss: 0.10, train 95.86%
epoch 22, loss: 0.08, train 95.97%
epoch 22, loss: 0.08, train 96.08%
epoch 22, loss: 0.02, train 96.18%
epoch 22, loss: 0.11, train 96.15%
epoch 22, loss: 0.03, train 96.25%
epoch 22, loss: 0.03, train 96.34%
epoch 22, loss: 0.02, train 96.43%
epoch 22, loss: 0.58, train 95.93%
epoch 22, loss: 0.08, train 96.02%
epoch 22, loss: 0.06, train 96.11%
Epoch completed!
epoch 22, total signals 900, average_loss_per_batch: 0.118417, train 96.11%
Validating
Val set size: 120, validation accuracy 77.50%
epoch 23, loss: 0.04, train 100.00%
epoch 23, loss: 0.03, train 100.00%
epoch 23, loss: 0.02, train 100.00%
epoch 23, loss: 0.05, train 100.00%
epoch 23, loss: 0.15, train 99.00%
epoch 23, loss: 0.04, train 99.17%
epoch 23, loss: 0.03, train 99.29%
epoch 23, loss: 0.03, train 99.38%
epoch 23, loss: 0.05, train 99.44%
epoch 23, loss: 0.03, train 99.50%
epoch 23, loss: 0.08, train 99.09%
epoch 23, loss: 0.06, train 99.17%
epoch 23, loss: 0.03, train 99.23%
epoch 23, loss: 0.06, train 99.29%
epoch 23, loss: 0.03, train 99.33%
epoch 23, loss: 0.04, train 99.38%
epoch 23, loss: 0.06, train 99.41%
epoch 23, loss: 0.03, train 99.44%
epoch 23, loss: 0.03, train 99.47%
epoch 23, loss: 0.03, train 99.50%
epoch 23, loss: 0.07, train 99.52%
epoch 23, loss: 0.03, train 99.55%
epoch 23, loss: 0.05, train 99.35%
epoch 23, loss: 0.03, train 99.38%
epoch 23, loss: 0.03, train 99.40%
epoch 23, loss: 0.36, train 98.85%
epoch 23, loss: 0.03, train 98.89%
epoch 23, loss: 0.54, train 98.04%
epoch 23, loss: 0.03, train 98.10%
epoch 23, loss: 0.04, train 98.17%
epoch 23, loss: 0.05, train 98.23%
epoch 23, loss: 0.04, train 98.28%
epoch 23, loss: 0.07, train 98.33%
epoch 23, loss: 0.14, train 98.09%
epoch 23, loss: 0.08, train 98.14%
epoch 23, loss: 0.11, train 98.06%
epoch 23, loss: 0.03, train 98.11%
epoch 23, loss: 0.22, train 98.03%
epoch 23, loss: 0.13, train 98.08%
epoch 23, loss: 0.14, train 97.88%
epoch 23, loss: 0.03, train 97.93%
epoch 23, loss: 0.13, train 97.98%
epoch 23, loss: 0.16, train 97.91%
epoch 23, loss: 0.03, train 97.95%
epoch 23, loss: 0.06, train 98.00%
Epoch completed!
epoch 23, total signals 900, average_loss_per_batch: 0.079135, train 98.00%
Validating
Val set size: 120, validation accuracy 80.00%
epoch 24, loss: 0.06, train 100.00%
epoch 24, loss: 0.04, train 100.00%
epoch 24, loss: 0.05, train 100.00%
epoch 24, loss: 0.25, train 97.50%
epoch 24, loss: 0.02, train 98.00%
epoch 24, loss: 0.06, train 98.33%
epoch 24, loss: 0.23, train 97.14%
epoch 24, loss: 0.13, train 97.50%
epoch 24, loss: 0.13, train 97.22%
epoch 24, loss: 0.05, train 97.00%
epoch 24, loss: 0.16, train 97.27%
epoch 24, loss: 0.08, train 97.50%
epoch 24, loss: 0.19, train 96.92%
epoch 24, loss: 0.10, train 96.79%
epoch 24, loss: 0.03, train 97.00%
epoch 24, loss: 0.06, train 97.19%
epoch 24, loss: 0.06, train 97.06%
epoch 24, loss: 0.01, train 97.22%
epoch 24, loss: 0.04, train 97.37%
epoch 24, loss: 0.07, train 97.50%
epoch 24, loss: 0.04, train 97.62%
epoch 24, loss: 0.06, train 97.73%
epoch 24, loss: 0.02, train 97.83%
epoch 24, loss: 0.02, train 97.92%
epoch 24, loss: 0.04, train 98.00%
epoch 24, loss: 0.04, train 98.08%
epoch 24, loss: 0.10, train 97.96%
epoch 24, loss: 0.02, train 98.04%
epoch 24, loss: 0.03, train 98.10%
epoch 24, loss: 0.03, train 98.17%
epoch 24, loss: 0.02, train 98.23%
epoch 24, loss: 0.07, train 98.28%
epoch 24, loss: 0.05, train 98.33%
epoch 24, loss: 0.03, train 98.38%
epoch 24, loss: 0.08, train 98.29%
epoch 24, loss: 0.04, train 98.33%
epoch 24, loss: 0.02, train 98.38%
epoch 24, loss: 0.03, train 98.42%
epoch 24, loss: 0.21, train 98.46%
epoch 24, loss: 0.03, train 98.50%
epoch 24, loss: 0.04, train 98.54%
epoch 24, loss: 0.03, train 98.57%
epoch 24, loss: 0.14, train 98.49%
epoch 24, loss: 0.05, train 98.52%
epoch 24, loss: 0.01, train 98.56%
Epoch completed!
epoch 24, total signals 900, average_loss_per_batch: 0.067859, train 98.56%
Validating
Val set size: 120, validation accuracy 78.33%
epoch 25, loss: 0.04, train 100.00%
epoch 25, loss: 0.16, train 92.50%
epoch 25, loss: 0.02, train 95.00%
epoch 25, loss: 0.11, train 96.25%
epoch 25, loss: 0.02, train 97.00%
epoch 25, loss: 0.03, train 97.50%
epoch 25, loss: 0.21, train 97.14%
epoch 25, loss: 0.04, train 97.50%
epoch 25, loss: 0.08, train 97.78%
epoch 25, loss: 0.01, train 98.00%
epoch 25, loss: 0.19, train 97.27%
epoch 25, loss: 0.09, train 97.50%
epoch 25, loss: 0.02, train 97.69%
epoch 25, loss: 0.14, train 97.50%
epoch 25, loss: 0.02, train 97.67%
epoch 25, loss: 0.03, train 97.81%
epoch 25, loss: 0.07, train 97.94%
epoch 25, loss: 0.03, train 98.06%
epoch 25, loss: 0.61, train 97.11%
epoch 25, loss: 0.05, train 97.25%
epoch 25, loss: 0.12, train 97.14%
epoch 25, loss: 0.12, train 97.05%
epoch 25, loss: 0.03, train 97.17%
epoch 25, loss: 0.13, train 97.29%
epoch 25, loss: 0.06, train 97.40%
epoch 25, loss: 0.03, train 97.50%
epoch 25, loss: 0.04, train 97.59%
epoch 25, loss: 0.16, train 97.68%
epoch 25, loss: 0.04, train 97.76%
epoch 25, loss: 0.02, train 97.83%
epoch 25, loss: 0.04, train 97.90%
epoch 25, loss: 0.03, train 97.97%
epoch 25, loss: 0.03, train 98.03%
epoch 25, loss: 0.03, train 98.09%
epoch 25, loss: 0.04, train 98.14%
epoch 25, loss: 0.06, train 98.19%
epoch 25, loss: 0.05, train 98.24%
epoch 25, loss: 0.05, train 98.29%
epoch 25, loss: 0.03, train 98.33%
epoch 25, loss: 0.01, train 98.38%
epoch 25, loss: 0.03, train 98.41%
epoch 25, loss: 0.04, train 98.45%
epoch 25, loss: 0.03, train 98.49%
epoch 25, loss: 0.01, train 98.52%
epoch 25, loss: 0.07, train 98.44%
Epoch completed!
epoch 25, total signals 900, average_loss_per_batch: 0.072874, train 98.44%
Validating
Val set size: 120, validation accuracy 76.67%
epoch 26, loss: 0.08, train 100.00%
epoch 26, loss: 0.04, train 100.00%
epoch 26, loss: 0.15, train 100.00%
epoch 26, loss: 0.02, train 100.00%
epoch 26, loss: 0.05, train 100.00%
epoch 26, loss: 0.04, train 100.00%
epoch 26, loss: 0.06, train 100.00%
epoch 26, loss: 0.03, train 100.00%
epoch 26, loss: 0.17, train 99.44%
epoch 26, loss: 0.03, train 99.50%
epoch 26, loss: 0.18, train 98.64%
epoch 26, loss: 0.07, train 98.75%
epoch 26, loss: 0.01, train 98.85%
epoch 26, loss: 0.04, train 98.93%
epoch 26, loss: 0.03, train 99.00%
epoch 26, loss: 0.02, train 99.06%
epoch 26, loss: 0.02, train 99.12%
epoch 26, loss: 0.05, train 99.17%
epoch 26, loss: 0.03, train 99.21%
epoch 26, loss: 0.12, train 99.00%
epoch 26, loss: 0.03, train 99.05%
epoch 26, loss: 0.03, train 99.09%
epoch 26, loss: 0.04, train 99.13%
epoch 26, loss: 0.06, train 99.17%
epoch 26, loss: 0.06, train 99.20%
epoch 26, loss: 0.05, train 99.23%
epoch 26, loss: 0.04, train 99.26%
epoch 26, loss: 0.16, train 99.29%
epoch 26, loss: 0.04, train 99.31%
epoch 26, loss: 0.05, train 99.33%
epoch 26, loss: 0.04, train 99.35%
epoch 26, loss: 0.03, train 99.38%
epoch 26, loss: 0.04, train 99.39%
epoch 26, loss: 0.03, train 99.41%
epoch 26, loss: 0.05, train 99.43%
epoch 26, loss: 0.10, train 99.31%
epoch 26, loss: 0.04, train 99.32%
epoch 26, loss: 0.15, train 99.34%
epoch 26, loss: 0.09, train 99.36%
epoch 26, loss: 0.04, train 99.38%
epoch 26, loss: 0.03, train 99.39%
epoch 26, loss: 0.03, train 99.40%
epoch 26, loss: 0.03, train 99.42%
epoch 26, loss: 0.08, train 99.43%
epoch 26, loss: 0.20, train 99.33%
Epoch completed!
epoch 26, total signals 900, average_loss_per_batch: 0.062398, train 99.33%
Validating
Val set size: 120, validation accuracy 77.50%
epoch 27, loss: 0.05, train 95.00%
epoch 27, loss: 0.19, train 95.00%
epoch 27, loss: 0.03, train 96.67%
epoch 27, loss: 0.06, train 97.50%
epoch 27, loss: 0.07, train 98.00%
epoch 27, loss: 0.04, train 98.33%
epoch 27, loss: 0.02, train 98.57%
epoch 27, loss: 0.03, train 98.75%
epoch 27, loss: 0.04, train 98.89%
epoch 27, loss: 0.02, train 99.00%
epoch 27, loss: 0.04, train 99.09%
epoch 27, loss: 0.03, train 99.17%
epoch 27, loss: 0.04, train 99.23%
epoch 27, loss: 0.08, train 99.29%
epoch 27, loss: 0.11, train 99.00%
epoch 27, loss: 0.06, train 99.06%
epoch 27, loss: 0.38, train 98.24%
epoch 27, loss: 0.06, train 98.33%
epoch 27, loss: 0.03, train 98.42%
epoch 27, loss: 0.02, train 98.50%
epoch 27, loss: 0.03, train 98.57%
epoch 27, loss: 0.06, train 98.64%
epoch 27, loss: 0.04, train 98.70%
epoch 27, loss: 0.18, train 98.75%
epoch 27, loss: 0.03, train 98.80%
epoch 27, loss: 0.08, train 98.65%
epoch 27, loss: 0.02, train 98.70%
epoch 27, loss: 0.05, train 98.75%
epoch 27, loss: 0.05, train 98.79%
epoch 27, loss: 0.26, train 98.50%
epoch 27, loss: 0.25, train 98.39%
epoch 27, loss: 0.06, train 98.28%
epoch 27, loss: 0.03, train 98.33%
epoch 27, loss: 0.09, train 98.38%
epoch 27, loss: 0.03, train 98.43%
epoch 27, loss: 0.05, train 98.47%
epoch 27, loss: 0.03, train 98.51%
epoch 27, loss: 0.03, train 98.55%
epoch 27, loss: 0.02, train 98.59%
epoch 27, loss: 0.13, train 98.62%
epoch 27, loss: 0.04, train 98.66%
epoch 27, loss: 0.02, train 98.69%
epoch 27, loss: 0.04, train 98.72%
epoch 27, loss: 0.02, train 98.75%
epoch 27, loss: 0.01, train 98.78%
Epoch completed!
epoch 27, total signals 900, average_loss_per_batch: 0.067935, train 98.78%
Validating
Val set size: 120, validation accuracy 79.17%
epoch 28, loss: 0.00, train 100.00%
epoch 28, loss: 0.01, train 100.00%
epoch 28, loss: 0.14, train 100.00%
epoch 28, loss: 0.02, train 100.00%
epoch 28, loss: 0.15, train 99.00%
epoch 28, loss: 0.04, train 99.17%
epoch 28, loss: 0.04, train 99.29%
epoch 28, loss: 0.09, train 99.38%
epoch 28, loss: 0.05, train 99.44%
epoch 28, loss: 0.08, train 99.00%
epoch 28, loss: 0.02, train 99.09%
epoch 28, loss: 0.03, train 99.17%
epoch 28, loss: 0.01, train 99.23%
epoch 28, loss: 0.03, train 99.29%
epoch 28, loss: 0.01, train 99.33%
epoch 28, loss: 0.09, train 99.06%
epoch 28, loss: 0.03, train 99.12%
epoch 28, loss: 0.03, train 99.17%
epoch 28, loss: 0.02, train 99.21%
epoch 28, loss: 0.05, train 99.25%
epoch 28, loss: 0.03, train 99.29%
epoch 28, loss: 0.06, train 99.32%
epoch 28, loss: 0.12, train 99.13%
epoch 28, loss: 0.06, train 99.17%
epoch 28, loss: 0.31, train 98.60%
epoch 28, loss: 0.29, train 98.08%
epoch 28, loss: 0.03, train 98.15%
epoch 28, loss: 0.05, train 98.21%
epoch 28, loss: 1.20, train 96.21%
epoch 28, loss: 0.02, train 96.33%
epoch 28, loss: 0.23, train 96.13%
epoch 28, loss: 0.07, train 96.25%
epoch 28, loss: 0.04, train 96.36%
epoch 28, loss: 0.05, train 96.47%
epoch 28, loss: 0.06, train 96.57%
epoch 28, loss: 0.03, train 96.67%
epoch 28, loss: 0.08, train 96.76%
epoch 28, loss: 0.04, train 96.84%
epoch 28, loss: 0.13, train 96.79%
epoch 28, loss: 0.08, train 96.88%
epoch 28, loss: 0.05, train 96.95%
epoch 28, loss: 0.02, train 97.02%
epoch 28, loss: 0.05, train 97.09%
epoch 28, loss: 0.03, train 97.16%
epoch 28, loss: 0.13, train 97.22%
Epoch completed!
epoch 28, total signals 900, average_loss_per_batch: 0.092830, train 97.22%
Validating
Val set size: 120, validation accuracy 77.50%
epoch 29, loss: 0.15, train 95.00%
epoch 29, loss: 0.18, train 95.00%
epoch 29, loss: 0.06, train 96.67%
epoch 29, loss: 0.10, train 96.25%
epoch 29, loss: 0.06, train 97.00%
epoch 29, loss: 0.38, train 96.67%
epoch 29, loss: 0.16, train 97.14%
epoch 29, loss: 0.13, train 96.88%
epoch 29, loss: 0.03, train 97.22%
epoch 29, loss: 0.26, train 96.00%
epoch 29, loss: 0.06, train 96.36%
epoch 29, loss: 0.02, train 96.67%
epoch 29, loss: 0.04, train 96.92%
epoch 29, loss: 0.02, train 97.14%
epoch 29, loss: 0.05, train 97.33%
epoch 29, loss: 0.03, train 97.50%
epoch 29, loss: 0.11, train 97.65%
epoch 29, loss: 0.02, train 97.78%
epoch 29, loss: 0.02, train 97.89%
epoch 29, loss: 0.09, train 97.75%
epoch 29, loss: 0.13, train 97.62%
epoch 29, loss: 0.03, train 97.73%
epoch 29, loss: 0.04, train 97.83%
epoch 29, loss: 0.13, train 97.50%
epoch 29, loss: 0.05, train 97.60%
epoch 29, loss: 0.05, train 97.69%
epoch 29, loss: 0.02, train 97.78%
epoch 29, loss: 0.03, train 97.86%
epoch 29, loss: 0.02, train 97.93%
epoch 29, loss: 0.08, train 98.00%
epoch 29, loss: 0.05, train 98.06%
epoch 29, loss: 0.10, train 98.12%
epoch 29, loss: 0.03, train 98.18%
epoch 29, loss: 0.04, train 98.24%
epoch 29, loss: 0.03, train 98.29%
epoch 29, loss: 0.02, train 98.33%
epoch 29, loss: 0.04, train 98.38%
epoch 29, loss: 0.07, train 98.29%
epoch 29, loss: 0.03, train 98.33%
epoch 29, loss: 0.04, train 98.38%
epoch 29, loss: 0.03, train 98.41%
epoch 29, loss: 0.13, train 98.33%
epoch 29, loss: 0.07, train 98.37%
epoch 29, loss: 0.02, train 98.41%
epoch 29, loss: 0.18, train 98.22%
Epoch completed!
epoch 29, total signals 900, average_loss_per_batch: 0.076421, train 98.22%
Validating
Val set size: 120, validation accuracy 77.50%
epoch 30, loss: 0.04, train 100.00%
epoch 30, loss: 0.02, train 100.00%
epoch 30, loss: 0.02, train 100.00%
epoch 30, loss: 0.03, train 100.00%
epoch 30, loss: 0.07, train 100.00%
epoch 30, loss: 0.17, train 99.17%
epoch 30, loss: 0.07, train 98.57%
epoch 30, loss: 0.35, train 97.50%
epoch 30, loss: 0.12, train 97.78%
epoch 30, loss: 0.02, train 98.00%
epoch 30, loss: 0.03, train 98.18%
epoch 30, loss: 0.01, train 98.33%
epoch 30, loss: 0.03, train 98.46%
epoch 30, loss: 0.04, train 98.57%
epoch 30, loss: 0.03, train 98.67%
epoch 30, loss: 0.02, train 98.75%
epoch 30, loss: 0.02, train 98.82%
epoch 30, loss: 0.05, train 98.89%
epoch 30, loss: 0.08, train 98.95%
epoch 30, loss: 0.14, train 98.75%
epoch 30, loss: 0.10, train 98.57%
epoch 30, loss: 0.24, train 98.18%
epoch 30, loss: 0.03, train 98.26%
epoch 30, loss: 0.04, train 98.33%
epoch 30, loss: 0.01, train 98.40%
epoch 30, loss: 0.13, train 98.27%
epoch 30, loss: 0.10, train 98.33%
epoch 30, loss: 0.04, train 98.39%
epoch 30, loss: 0.01, train 98.45%
epoch 30, loss: 0.02, train 98.50%
epoch 30, loss: 0.02, train 98.55%
epoch 30, loss: 0.05, train 98.59%
epoch 30, loss: 0.03, train 98.64%
epoch 30, loss: 0.02, train 98.68%
epoch 30, loss: 0.14, train 98.71%
epoch 30, loss: 0.07, train 98.75%
epoch 30, loss: 0.06, train 98.78%
epoch 30, loss: 0.03, train 98.82%
epoch 30, loss: 0.04, train 98.85%
epoch 30, loss: 0.03, train 98.88%
epoch 30, loss: 0.04, train 98.90%
epoch 30, loss: 0.06, train 98.93%
epoch 30, loss: 0.12, train 98.84%
epoch 30, loss: 0.13, train 98.75%
epoch 30, loss: 0.15, train 98.67%
Epoch completed!
epoch 30, total signals 900, average_loss_per_batch: 0.068151, train 98.67%
Validating
Val set size: 120, validation accuracy 80.00%
epoch 31, loss: 0.01, train 100.00%
epoch 31, loss: 0.05, train 100.00%
epoch 31, loss: 0.07, train 100.00%
epoch 31, loss: 0.21, train 98.75%
epoch 31, loss: 0.04, train 99.00%
epoch 31, loss: 0.05, train 99.17%
epoch 31, loss: 0.07, train 99.29%
epoch 31, loss: 0.03, train 99.38%
epoch 31, loss: 0.08, train 98.89%
epoch 31, loss: 0.03, train 99.00%
epoch 31, loss: 0.20, train 98.64%
epoch 31, loss: 0.04, train 98.75%
epoch 31, loss: 0.02, train 98.85%
epoch 31, loss: 0.03, train 98.93%
epoch 31, loss: 0.08, train 99.00%
epoch 31, loss: 0.02, train 99.06%
epoch 31, loss: 0.02, train 99.12%
epoch 31, loss: 0.04, train 99.17%
epoch 31, loss: 0.02, train 99.21%
epoch 31, loss: 0.14, train 99.00%
epoch 31, loss: 0.15, train 98.81%
epoch 31, loss: 0.12, train 98.86%
epoch 31, loss: 0.02, train 98.91%
epoch 31, loss: 0.05, train 98.96%
epoch 31, loss: 0.01, train 99.00%
epoch 31, loss: 0.04, train 99.04%
epoch 31, loss: 0.02, train 99.07%
epoch 31, loss: 0.07, train 99.11%
epoch 31, loss: 0.03, train 99.14%
epoch 31, loss: 0.09, train 99.00%
epoch 31, loss: 0.02, train 99.03%
epoch 31, loss: 0.04, train 99.06%
epoch 31, loss: 0.07, train 99.09%
epoch 31, loss: 0.18, train 98.82%
epoch 31, loss: 0.03, train 98.86%
epoch 31, loss: 0.04, train 98.89%
epoch 31, loss: 0.02, train 98.92%
epoch 31, loss: 0.03, train 98.95%
epoch 31, loss: 0.06, train 98.97%
epoch 31, loss: 0.04, train 99.00%
epoch 31, loss: 0.02, train 99.02%
epoch 31, loss: 0.03, train 99.05%
epoch 31, loss: 0.03, train 99.07%
epoch 31, loss: 0.06, train 98.98%
epoch 31, loss: 0.03, train 99.00%
Epoch completed!
epoch 31, total signals 900, average_loss_per_batch: 0.056564, train 99.00%
Validating
Val set size: 120, validation accuracy 77.50%
epoch 32, loss: 0.01, train 100.00%
epoch 32, loss: 0.03, train 100.00%
epoch 32, loss: 0.04, train 100.00%
epoch 32, loss: 0.10, train 100.00%
epoch 32, loss: 0.03, train 100.00%
epoch 32, loss: 0.05, train 100.00%
epoch 32, loss: 0.16, train 98.57%
epoch 32, loss: 0.29, train 97.50%
epoch 32, loss: 0.05, train 97.78%
epoch 32, loss: 0.06, train 98.00%
epoch 32, loss: 0.03, train 98.18%
epoch 32, loss: 0.17, train 97.92%
epoch 32, loss: 0.02, train 98.08%
epoch 32, loss: 0.04, train 98.21%
epoch 32, loss: 0.02, train 98.33%
epoch 32, loss: 0.07, train 98.12%
epoch 32, loss: 0.03, train 98.24%
epoch 32, loss: 0.02, train 98.33%
epoch 32, loss: 0.14, train 98.42%
epoch 32, loss: 0.06, train 98.50%
epoch 32, loss: 0.02, train 98.57%
epoch 32, loss: 0.05, train 98.64%
epoch 32, loss: 0.02, train 98.70%
epoch 32, loss: 0.02, train 98.75%
epoch 32, loss: 0.05, train 98.80%
epoch 32, loss: 0.03, train 98.85%
epoch 32, loss: 0.03, train 98.89%
epoch 32, loss: 0.04, train 98.93%
epoch 32, loss: 0.05, train 98.97%
epoch 32, loss: 0.01, train 99.00%
epoch 32, loss: 0.05, train 99.03%
epoch 32, loss: 0.04, train 99.06%
epoch 32, loss: 0.01, train 99.09%
epoch 32, loss: 0.06, train 99.12%
epoch 32, loss: 0.10, train 99.00%
epoch 32, loss: 0.09, train 98.89%
epoch 32, loss: 0.08, train 98.78%
epoch 32, loss: 0.02, train 98.82%
epoch 32, loss: 0.04, train 98.85%
epoch 32, loss: 0.12, train 98.75%
epoch 32, loss: 0.01, train 98.78%
epoch 32, loss: 0.02, train 98.81%
epoch 32, loss: 0.01, train 98.84%
epoch 32, loss: 0.07, train 98.86%
epoch 32, loss: 0.04, train 98.89%
Epoch completed!
epoch 32, total signals 900, average_loss_per_batch: 0.055438, train 98.89%
Validating
Val set size: 120, validation accuracy 78.33%
epoch 33, loss: 0.03, train 100.00%
epoch 33, loss: 0.08, train 97.50%
epoch 33, loss: 0.04, train 98.33%
epoch 33, loss: 0.05, train 98.75%
epoch 33, loss: 0.59, train 96.00%
epoch 33, loss: 0.03, train 96.67%
epoch 33, loss: 0.05, train 97.14%
epoch 33, loss: 0.03, train 97.50%
epoch 33, loss: 0.02, train 97.78%
epoch 33, loss: 0.15, train 97.00%
epoch 33, loss: 0.04, train 97.27%
epoch 33, loss: 0.03, train 97.50%
epoch 33, loss: 0.04, train 97.69%
epoch 33, loss: 0.03, train 97.86%
epoch 33, loss: 0.06, train 98.00%
epoch 33, loss: 0.04, train 98.12%
epoch 33, loss: 0.09, train 98.24%
epoch 33, loss: 0.02, train 98.33%
epoch 33, loss: 0.02, train 98.42%
epoch 33, loss: 0.05, train 98.50%
epoch 33, loss: 0.03, train 98.57%
epoch 33, loss: 0.03, train 98.64%
epoch 33, loss: 0.02, train 98.70%
epoch 33, loss: 0.01, train 98.75%
epoch 33, loss: 0.02, train 98.80%
epoch 33, loss: 0.02, train 98.85%
epoch 33, loss: 0.29, train 98.70%
epoch 33, loss: 0.01, train 98.75%
epoch 33, loss: 0.04, train 98.79%
epoch 33, loss: 0.19, train 98.50%
epoch 33, loss: 0.05, train 98.55%
epoch 33, loss: 0.04, train 98.59%
epoch 33, loss: 0.04, train 98.64%
epoch 33, loss: 0.01, train 98.68%
epoch 33, loss: 0.03, train 98.71%
epoch 33, loss: 0.02, train 98.75%
epoch 33, loss: 0.03, train 98.78%
epoch 33, loss: 0.04, train 98.82%
epoch 33, loss: 0.15, train 98.85%
epoch 33, loss: 0.03, train 98.88%
epoch 33, loss: 0.01, train 98.90%
epoch 33, loss: 0.01, train 98.93%
epoch 33, loss: 0.03, train 98.95%
epoch 33, loss: 0.01, train 98.98%
epoch 33, loss: 0.05, train 99.00%
Epoch completed!
epoch 33, total signals 900, average_loss_per_batch: 0.059591, train 99.00%
Validating
Val set size: 120, validation accuracy 77.50%
epoch 34, loss: 0.06, train 100.00%
epoch 34, loss: 0.03, train 100.00%
epoch 34, loss: 0.05, train 100.00%
epoch 34, loss: 0.11, train 100.00%
epoch 34, loss: 0.07, train 100.00%
epoch 34, loss: 0.05, train 100.00%
epoch 34, loss: 0.04, train 100.00%
epoch 34, loss: 0.03, train 100.00%
epoch 34, loss: 0.03, train 100.00%
epoch 34, loss: 0.03, train 100.00%
epoch 34, loss: 0.21, train 99.55%
epoch 34, loss: 0.02, train 99.58%
epoch 34, loss: 0.03, train 99.62%
epoch 34, loss: 0.04, train 99.64%
epoch 34, loss: 0.04, train 99.67%
epoch 34, loss: 0.11, train 99.69%
epoch 34, loss: 0.05, train 99.71%
epoch 34, loss: 0.08, train 99.72%
epoch 34, loss: 0.02, train 99.74%
epoch 34, loss: 0.08, train 99.75%
epoch 34, loss: 0.03, train 99.76%
epoch 34, loss: 0.07, train 99.77%
epoch 34, loss: 0.05, train 99.78%
epoch 34, loss: 0.15, train 99.79%
epoch 34, loss: 0.14, train 99.80%
epoch 34, loss: 0.17, train 99.42%
epoch 34, loss: 0.02, train 99.44%
epoch 34, loss: 0.07, train 99.29%
epoch 34, loss: 0.12, train 99.14%
epoch 34, loss: 0.09, train 99.00%
epoch 34, loss: 0.13, train 98.87%
epoch 34, loss: 0.07, train 98.75%
epoch 34, loss: 0.02, train 98.79%
epoch 34, loss: 0.13, train 98.68%
epoch 34, loss: 0.03, train 98.71%
epoch 34, loss: 0.03, train 98.75%
epoch 34, loss: 0.01, train 98.78%
epoch 34, loss: 0.48, train 98.42%
epoch 34, loss: 0.10, train 98.46%
epoch 34, loss: 0.04, train 98.50%
epoch 34, loss: 0.02, train 98.54%
epoch 34, loss: 0.06, train 98.57%
epoch 34, loss: 0.06, train 98.49%
epoch 34, loss: 0.01, train 98.52%
epoch 34, loss: 0.05, train 98.56%
Epoch completed!
epoch 34, total signals 900, average_loss_per_batch: 0.072951, train 98.56%
Validating
Val set size: 120, validation accuracy 79.17%
epoch 35, loss: 0.02, train 100.00%
epoch 35, loss: 0.02, train 100.00%
epoch 35, loss: 0.10, train 98.33%
epoch 35, loss: 0.39, train 96.25%
epoch 35, loss: 0.11, train 97.00%
epoch 35, loss: 0.04, train 97.50%
epoch 35, loss: 1.57, train 92.14%
epoch 35, loss: 0.03, train 93.12%
epoch 35, loss: 0.19, train 93.89%
epoch 35, loss: 0.03, train 94.50%
epoch 35, loss: 0.04, train 95.00%
epoch 35, loss: 0.04, train 95.42%
epoch 35, loss: 0.02, train 95.77%
epoch 35, loss: 0.02, train 96.07%
epoch 35, loss: 0.03, train 96.33%
epoch 35, loss: 0.15, train 96.25%
epoch 35, loss: 0.01, train 96.47%
epoch 35, loss: 0.03, train 96.67%
epoch 35, loss: 0.01, train 96.84%
epoch 35, loss: 0.08, train 97.00%
epoch 35, loss: 0.04, train 97.14%
epoch 35, loss: 0.40, train 96.82%
epoch 35, loss: 0.10, train 96.96%
epoch 35, loss: 0.04, train 97.08%
epoch 35, loss: 0.10, train 97.20%
epoch 35, loss: 0.03, train 97.31%
epoch 35, loss: 0.03, train 97.41%
epoch 35, loss: 0.17, train 97.50%
epoch 35, loss: 0.03, train 97.59%
epoch 35, loss: 0.05, train 97.67%
epoch 35, loss: 0.05, train 97.74%
epoch 35, loss: 0.08, train 97.81%
epoch 35, loss: 0.04, train 97.88%
epoch 35, loss: 0.03, train 97.94%
epoch 35, loss: 0.18, train 97.86%
epoch 35, loss: 0.03, train 97.92%
epoch 35, loss: 0.04, train 97.97%
epoch 35, loss: 0.04, train 98.03%
epoch 35, loss: 0.02, train 98.08%
epoch 35, loss: 0.03, train 98.12%
epoch 35, loss: 0.12, train 98.17%
epoch 35, loss: 0.04, train 98.21%
epoch 35, loss: 0.01, train 98.26%
epoch 35, loss: 0.01, train 98.30%
epoch 35, loss: 0.14, train 98.22%
Epoch completed!
epoch 35, total signals 900, average_loss_per_batch: 0.106350, train 98.22%
Validating
Val set size: 120, validation accuracy 76.67%
epoch 36, loss: 0.03, train 100.00%
epoch 36, loss: 0.05, train 100.00%
epoch 36, loss: 0.05, train 100.00%
epoch 36, loss: 0.16, train 98.75%
epoch 36, loss: 0.03, train 99.00%
epoch 36, loss: 0.01, train 99.17%
epoch 36, loss: 0.04, train 99.29%
epoch 36, loss: 0.03, train 99.38%
epoch 36, loss: 0.04, train 99.44%
epoch 36, loss: 0.08, train 99.00%
epoch 36, loss: 0.20, train 99.09%
epoch 36, loss: 0.02, train 99.17%
epoch 36, loss: 0.01, train 99.23%
epoch 36, loss: 0.05, train 99.29%
epoch 36, loss: 0.33, train 98.67%
epoch 36, loss: 0.08, train 98.75%
epoch 36, loss: 0.10, train 98.53%
epoch 36, loss: 0.08, train 98.33%
epoch 36, loss: 0.01, train 98.42%
epoch 36, loss: 0.30, train 98.00%
epoch 36, loss: 0.03, train 98.10%
epoch 36, loss: 0.02, train 98.18%
epoch 36, loss: 0.02, train 98.26%
epoch 36, loss: 0.05, train 98.33%
epoch 36, loss: 0.06, train 98.20%
epoch 36, loss: 0.02, train 98.27%
epoch 36, loss: 0.01, train 98.33%
epoch 36, loss: 0.10, train 98.39%
epoch 36, loss: 0.04, train 98.45%
epoch 36, loss: 0.04, train 98.50%
epoch 36, loss: 0.06, train 98.55%
epoch 36, loss: 0.03, train 98.59%
epoch 36, loss: 0.02, train 98.64%
epoch 36, loss: 0.35, train 98.53%
epoch 36, loss: 0.02, train 98.57%
epoch 36, loss: 0.02, train 98.61%
epoch 36, loss: 0.05, train 98.65%
epoch 36, loss: 0.19, train 98.55%
epoch 36, loss: 0.04, train 98.59%
epoch 36, loss: 0.04, train 98.62%
epoch 36, loss: 0.03, train 98.66%
epoch 36, loss: 0.06, train 98.69%
epoch 36, loss: 0.12, train 98.60%
epoch 36, loss: 0.02, train 98.64%
epoch 36, loss: 0.05, train 98.67%
Epoch completed!
epoch 36, total signals 900, average_loss_per_batch: 0.070296, train 98.67%
Validating
Val set size: 120, validation accuracy 76.67%
epoch 37, loss: 0.03, train 100.00%
epoch 37, loss: 0.05, train 100.00%
epoch 37, loss: 0.03, train 100.00%
epoch 37, loss: 0.03, train 100.00%
epoch 37, loss: 0.08, train 99.00%
epoch 37, loss: 0.03, train 99.17%
epoch 37, loss: 0.02, train 99.29%
epoch 37, loss: 0.02, train 99.38%
epoch 37, loss: 0.09, train 98.89%
epoch 37, loss: 0.17, train 98.50%
epoch 37, loss: 0.01, train 98.64%
epoch 37, loss: 0.02, train 98.75%
epoch 37, loss: 0.23, train 97.69%
epoch 37, loss: 0.03, train 97.86%
epoch 37, loss: 0.03, train 98.00%
epoch 37, loss: 0.03, train 98.12%
epoch 37, loss: 0.04, train 98.24%
epoch 37, loss: 0.02, train 98.33%
epoch 37, loss: 0.03, train 98.42%
epoch 37, loss: 0.10, train 98.25%
epoch 37, loss: 0.05, train 98.33%
epoch 37, loss: 0.05, train 98.41%
epoch 37, loss: 0.14, train 98.48%
epoch 37, loss: 0.06, train 98.54%
epoch 37, loss: 0.01, train 98.60%
epoch 37, loss: 0.03, train 98.65%
epoch 37, loss: 0.02, train 98.70%
epoch 37, loss: 0.02, train 98.75%
epoch 37, loss: 0.02, train 98.79%
epoch 37, loss: 0.03, train 98.83%
epoch 37, loss: 0.04, train 98.87%
epoch 37, loss: 0.05, train 98.91%
epoch 37, loss: 0.07, train 98.94%
epoch 37, loss: 0.02, train 98.97%
epoch 37, loss: 0.12, train 99.00%
epoch 37, loss: 0.03, train 99.03%
epoch 37, loss: 0.06, train 99.05%
epoch 37, loss: 0.13, train 99.08%
epoch 37, loss: 0.02, train 99.10%
epoch 37, loss: 0.02, train 99.12%
epoch 37, loss: 0.02, train 99.15%
epoch 37, loss: 0.03, train 99.17%
epoch 37, loss: 0.14, train 99.07%
epoch 37, loss: 0.03, train 99.09%
epoch 37, loss: 0.10, train 99.11%
Epoch completed!
epoch 37, total signals 900, average_loss_per_batch: 0.053078, train 99.11%
Validating
Val set size: 120, validation accuracy 78.33%
epoch 38, loss: 0.01, train 100.00%
epoch 38, loss: 0.02, train 100.00%
epoch 38, loss: 0.03, train 100.00%
epoch 38, loss: 0.03, train 100.00%
epoch 38, loss: 0.03, train 100.00%
epoch 38, loss: 0.03, train 100.00%
epoch 38, loss: 0.04, train 100.00%
epoch 38, loss: 0.02, train 100.00%
epoch 38, loss: 0.06, train 100.00%
epoch 38, loss: 0.08, train 100.00%
epoch 38, loss: 0.03, train 100.00%
epoch 38, loss: 0.02, train 100.00%
epoch 38, loss: 0.01, train 100.00%
epoch 38, loss: 0.21, train 99.64%
epoch 38, loss: 0.02, train 99.67%
epoch 38, loss: 0.04, train 99.69%
epoch 38, loss: 0.03, train 99.71%
epoch 38, loss: 0.05, train 99.72%
epoch 38, loss: 0.03, train 99.74%
epoch 38, loss: 0.05, train 99.75%
epoch 38, loss: 0.03, train 99.76%
epoch 38, loss: 0.10, train 99.55%
epoch 38, loss: 0.04, train 99.57%
epoch 38, loss: 0.05, train 99.58%
epoch 38, loss: 0.06, train 99.60%
epoch 38, loss: 0.02, train 99.62%
epoch 38, loss: 0.10, train 99.63%
epoch 38, loss: 0.08, train 99.46%
epoch 38, loss: 0.02, train 99.48%
epoch 38, loss: 0.02, train 99.50%
epoch 38, loss: 0.03, train 99.52%
epoch 38, loss: 0.15, train 99.53%
epoch 38, loss: 0.08, train 99.39%
epoch 38, loss: 0.05, train 99.41%
epoch 38, loss: 0.03, train 99.43%
epoch 38, loss: 0.03, train 99.44%
epoch 38, loss: 0.20, train 99.19%
epoch 38, loss: 0.02, train 99.21%
epoch 38, loss: 0.03, train 99.23%
epoch 38, loss: 0.10, train 99.12%
epoch 38, loss: 0.05, train 99.15%
epoch 38, loss: 0.24, train 99.05%
epoch 38, loss: 0.02, train 99.07%
epoch 38, loss: 0.34, train 98.86%
epoch 38, loss: 0.07, train 98.89%
Epoch completed!
epoch 38, total signals 900, average_loss_per_batch: 0.061702, train 98.89%
Validating
Val set size: 120, validation accuracy 78.33%
epoch 39, loss: 0.25, train 90.00%
epoch 39, loss: 0.03, train 95.00%
epoch 39, loss: 0.17, train 95.00%
epoch 39, loss: 0.03, train 96.25%
epoch 39, loss: 0.04, train 97.00%
epoch 39, loss: 0.03, train 97.50%
epoch 39, loss: 0.03, train 97.86%
epoch 39, loss: 0.06, train 98.12%
epoch 39, loss: 0.01, train 98.33%
epoch 39, loss: 0.03, train 98.50%
epoch 39, loss: 0.03, train 98.64%
epoch 39, loss: 0.04, train 98.75%
epoch 39, loss: 0.17, train 98.85%
epoch 39, loss: 0.01, train 98.93%
epoch 39, loss: 0.02, train 99.00%
epoch 39, loss: 0.03, train 99.06%
epoch 39, loss: 0.03, train 99.12%
epoch 39, loss: 0.02, train 99.17%
epoch 39, loss: 0.03, train 99.21%
epoch 39, loss: 0.01, train 99.25%
epoch 39, loss: 0.06, train 99.29%
epoch 39, loss: 0.14, train 99.32%
epoch 39, loss: 0.02, train 99.35%
epoch 39, loss: 0.03, train 99.38%
epoch 39, loss: 0.02, train 99.40%
epoch 39, loss: 0.01, train 99.42%
epoch 39, loss: 0.18, train 99.26%
epoch 39, loss: 0.03, train 99.29%
epoch 39, loss: 0.03, train 99.31%
epoch 39, loss: 0.19, train 99.33%
epoch 39, loss: 0.02, train 99.35%
epoch 39, loss: 0.05, train 99.38%
epoch 39, loss: 0.02, train 99.39%
epoch 39, loss: 0.03, train 99.41%
epoch 39, loss: 0.04, train 99.43%
epoch 39, loss: 0.02, train 99.44%
epoch 39, loss: 0.11, train 99.32%
epoch 39, loss: 0.03, train 99.34%
epoch 39, loss: 0.02, train 99.36%
epoch 39, loss: 0.07, train 99.38%
epoch 39, loss: 0.10, train 99.39%
epoch 39, loss: 0.01, train 99.40%
epoch 39, loss: 0.04, train 99.42%
epoch 39, loss: 0.07, train 99.43%
epoch 39, loss: 0.01, train 99.44%
Epoch completed!
epoch 39, total signals 900, average_loss_per_batch: 0.053492, train 99.44%
Validating
Val set size: 120, validation accuracy 76.67%
epoch 40, loss: 0.02, train 100.00%
epoch 40, loss: 0.03, train 100.00%
epoch 40, loss: 0.05, train 100.00%
epoch 40, loss: 0.10, train 98.75%
epoch 40, loss: 0.03, train 99.00%
epoch 40, loss: 0.01, train 99.17%
epoch 40, loss: 0.02, train 99.29%
epoch 40, loss: 0.05, train 99.38%
epoch 40, loss: 0.03, train 99.44%
epoch 40, loss: 0.02, train 99.50%
epoch 40, loss: 0.02, train 99.55%
epoch 40, loss: 0.02, train 99.58%
epoch 40, loss: 0.18, train 99.23%
epoch 40, loss: 0.02, train 99.29%
epoch 40, loss: 0.02, train 99.33%
epoch 40, loss: 0.03, train 99.38%
epoch 40, loss: 0.02, train 99.41%
epoch 40, loss: 0.09, train 99.44%
epoch 40, loss: 0.03, train 99.47%
epoch 40, loss: 0.07, train 99.50%
epoch 40, loss: 0.04, train 99.52%
epoch 40, loss: 0.05, train 99.55%
epoch 40, loss: 0.04, train 99.57%
epoch 40, loss: 0.03, train 99.58%
epoch 40, loss: 0.01, train 99.60%
epoch 40, loss: 0.07, train 99.62%
epoch 40, loss: 0.22, train 99.26%
epoch 40, loss: 0.01, train 99.29%
epoch 40, loss: 0.05, train 99.31%
epoch 40, loss: 0.05, train 99.33%
epoch 40, loss: 0.05, train 99.35%
epoch 40, loss: 0.07, train 99.38%
epoch 40, loss: 0.02, train 99.39%
epoch 40, loss: 0.02, train 99.41%
epoch 40, loss: 0.04, train 99.43%
epoch 40, loss: 0.02, train 99.44%
epoch 40, loss: 0.02, train 99.46%
epoch 40, loss: 0.01, train 99.47%
epoch 40, loss: 0.12, train 99.49%
epoch 40, loss: 0.04, train 99.50%
epoch 40, loss: 0.12, train 99.27%
epoch 40, loss: 0.09, train 99.17%
epoch 40, loss: 0.05, train 99.19%
epoch 40, loss: 0.01, train 99.20%
epoch 40, loss: 0.02, train 99.22%
Epoch completed!
epoch 40, total signals 900, average_loss_per_batch: 0.047295, train 99.22%
Validating
Val set size: 120, validation accuracy 79.17%
epoch 41, loss: 0.02, train 100.00%
epoch 41, loss: 0.03, train 100.00%
epoch 41, loss: 0.01, train 100.00%
epoch 41, loss: 0.04, train 100.00%
epoch 41, loss: 0.05, train 100.00%
epoch 41, loss: 0.03, train 100.00%
epoch 41, loss: 0.02, train 100.00%
epoch 41, loss: 0.12, train 100.00%
epoch 41, loss: 0.13, train 99.44%
epoch 41, loss: 0.02, train 99.50%
epoch 41, loss: 0.02, train 99.55%
epoch 41, loss: 0.02, train 99.58%
epoch 41, loss: 0.16, train 99.23%
epoch 41, loss: 0.02, train 99.29%
epoch 41, loss: 0.13, train 99.33%
epoch 41, loss: 0.02, train 99.38%
epoch 41, loss: 0.03, train 99.41%
epoch 41, loss: 0.03, train 99.44%
epoch 41, loss: 0.04, train 99.47%
epoch 41, loss: 0.12, train 99.50%
epoch 41, loss: 0.02, train 99.52%
epoch 41, loss: 0.04, train 99.55%
epoch 41, loss: 0.08, train 99.57%
epoch 41, loss: 0.03, train 99.58%
epoch 41, loss: 0.02, train 99.60%
epoch 41, loss: 0.11, train 99.62%
epoch 41, loss: 0.02, train 99.63%
epoch 41, loss: 0.04, train 99.64%
epoch 41, loss: 0.02, train 99.66%
epoch 41, loss: 0.01, train 99.67%
epoch 41, loss: 0.07, train 99.68%
epoch 41, loss: 0.07, train 99.69%
epoch 41, loss: 0.04, train 99.70%
epoch 41, loss: 0.03, train 99.71%
epoch 41, loss: 0.11, train 99.57%
epoch 41, loss: 0.01, train 99.58%
epoch 41, loss: 0.17, train 99.46%
epoch 41, loss: 0.04, train 99.47%
epoch 41, loss: 0.07, train 99.49%
epoch 41, loss: 0.02, train 99.50%
epoch 41, loss: 0.03, train 99.51%
epoch 41, loss: 0.07, train 99.52%
epoch 41, loss: 0.01, train 99.53%
epoch 41, loss: 0.02, train 99.55%
epoch 41, loss: 0.07, train 99.56%
Epoch completed!
epoch 41, total signals 900, average_loss_per_batch: 0.050360, train 99.56%
Validating
Val set size: 120, validation accuracy 77.50%
epoch 42, loss: 0.06, train 100.00%
epoch 42, loss: 0.13, train 100.00%
epoch 42, loss: 0.11, train 98.33%
epoch 42, loss: 0.04, train 98.75%
epoch 42, loss: 0.01, train 99.00%
epoch 42, loss: 0.02, train 99.17%
epoch 42, loss: 0.02, train 99.29%
epoch 42, loss: 0.02, train 99.38%
epoch 42, loss: 0.15, train 98.89%
epoch 42, loss: 0.25, train 99.00%
epoch 42, loss: 0.04, train 99.09%
epoch 42, loss: 0.02, train 99.17%
epoch 42, loss: 0.02, train 99.23%
epoch 42, loss: 0.09, train 99.29%
epoch 42, loss: 0.02, train 99.33%
epoch 42, loss: 0.03, train 99.38%
epoch 42, loss: 0.03, train 99.41%
epoch 42, loss: 0.02, train 99.44%
epoch 42, loss: 0.03, train 99.47%
epoch 42, loss: 0.03, train 99.50%
epoch 42, loss: 0.03, train 99.52%
epoch 42, loss: 0.02, train 99.55%
epoch 42, loss: 0.07, train 99.57%
epoch 42, loss: 0.01, train 99.58%
epoch 42, loss: 0.04, train 99.60%
epoch 42, loss: 0.03, train 99.62%
epoch 42, loss: 0.03, train 99.63%
epoch 42, loss: 0.03, train 99.64%
epoch 42, loss: 0.01, train 99.66%
epoch 42, loss: 0.04, train 99.67%
epoch 42, loss: 0.05, train 99.68%
epoch 42, loss: 0.03, train 99.69%
epoch 42, loss: 0.03, train 99.70%
epoch 42, loss: 0.01, train 99.71%
epoch 42, loss: 0.02, train 99.71%
epoch 42, loss: 0.05, train 99.72%
epoch 42, loss: 0.03, train 99.73%
epoch 42, loss: 0.04, train 99.74%
epoch 42, loss: 0.04, train 99.74%
epoch 42, loss: 0.19, train 99.62%
epoch 42, loss: 0.15, train 99.63%
epoch 42, loss: 0.04, train 99.64%
epoch 42, loss: 0.06, train 99.65%
epoch 42, loss: 0.24, train 99.55%
epoch 42, loss: 0.04, train 99.56%
Epoch completed!
epoch 42, total signals 900, average_loss_per_batch: 0.055770, train 99.56%
Validating
Val set size: 120, validation accuracy 77.50%
epoch 43, loss: 0.01, train 100.00%
epoch 43, loss: 0.05, train 100.00%
epoch 43, loss: 0.02, train 100.00%
epoch 43, loss: 0.05, train 100.00%
epoch 43, loss: 0.10, train 100.00%
epoch 43, loss: 0.04, train 100.00%
epoch 43, loss: 0.08, train 100.00%
epoch 43, loss: 0.05, train 100.00%
epoch 43, loss: 0.12, train 100.00%
epoch 43, loss: 0.01, train 100.00%
epoch 43, loss: 0.04, train 100.00%
epoch 43, loss: 0.10, train 99.58%
epoch 43, loss: 0.04, train 99.62%
epoch 43, loss: 0.27, train 99.29%
epoch 43, loss: 0.03, train 99.33%
epoch 43, loss: 0.03, train 99.38%
epoch 43, loss: 0.05, train 99.41%
epoch 43, loss: 0.01, train 99.44%
epoch 43, loss: 0.01, train 99.47%
epoch 43, loss: 0.05, train 99.50%
epoch 43, loss: 0.01, train 99.52%
epoch 43, loss: 0.02, train 99.55%
epoch 43, loss: 0.09, train 99.57%
epoch 43, loss: 0.03, train 99.58%
epoch 43, loss: 0.02, train 99.60%
epoch 43, loss: 0.14, train 99.62%
epoch 43, loss: 0.05, train 99.63%
epoch 43, loss: 0.04, train 99.64%
epoch 43, loss: 0.01, train 99.66%
epoch 43, loss: 0.16, train 99.50%
epoch 43, loss: 0.05, train 99.52%
epoch 43, loss: 0.04, train 99.53%
epoch 43, loss: 0.04, train 99.55%
epoch 43, loss: 0.06, train 99.56%
epoch 43, loss: 0.02, train 99.57%
epoch 43, loss: 0.04, train 99.58%
epoch 43, loss: 0.05, train 99.59%
epoch 43, loss: 0.06, train 99.61%
epoch 43, loss: 0.03, train 99.62%
epoch 43, loss: 0.02, train 99.62%
epoch 43, loss: 0.20, train 99.63%
epoch 43, loss: 0.03, train 99.64%
epoch 43, loss: 0.03, train 99.65%
epoch 43, loss: 0.08, train 99.55%
epoch 43, loss: 0.23, train 99.44%
Epoch completed!
epoch 43, total signals 900, average_loss_per_batch: 0.060280, train 99.44%
Validating
Val set size: 120, validation accuracy 79.17%
epoch 44, loss: 0.05, train 100.00%
epoch 44, loss: 0.03, train 100.00%
epoch 44, loss: 0.04, train 100.00%
epoch 44, loss: 0.04, train 100.00%
epoch 44, loss: 0.05, train 100.00%
epoch 44, loss: 0.07, train 99.17%
epoch 44, loss: 0.02, train 99.29%
epoch 44, loss: 0.03, train 99.38%
epoch 44, loss: 0.02, train 99.44%
epoch 44, loss: 0.04, train 99.50%
epoch 44, loss: 0.22, train 98.18%
epoch 44, loss: 0.03, train 98.33%
epoch 44, loss: 0.03, train 98.46%
epoch 44, loss: 0.02, train 98.57%
epoch 44, loss: 0.04, train 98.67%
epoch 44, loss: 0.02, train 98.75%
epoch 44, loss: 0.02, train 98.82%
epoch 44, loss: 0.08, train 98.61%
epoch 44, loss: 0.01, train 98.68%
epoch 44, loss: 0.04, train 98.75%
epoch 44, loss: 0.02, train 98.81%
epoch 44, loss: 0.10, train 98.64%
epoch 44, loss: 0.03, train 98.70%
epoch 44, loss: 0.02, train 98.75%
epoch 44, loss: 0.03, train 98.80%
epoch 44, loss: 0.01, train 98.85%
epoch 44, loss: 0.22, train 98.52%
epoch 44, loss: 0.03, train 98.57%
epoch 44, loss: 0.02, train 98.62%
epoch 44, loss: 0.02, train 98.67%
epoch 44, loss: 0.02, train 98.71%
epoch 44, loss: 0.02, train 98.75%
epoch 44, loss: 0.03, train 98.79%
epoch 44, loss: 0.09, train 98.82%
epoch 44, loss: 0.01, train 98.86%
epoch 44, loss: 0.05, train 98.89%
epoch 44, loss: 0.10, train 98.92%
epoch 44, loss: 0.03, train 98.95%
epoch 44, loss: 0.03, train 98.97%
epoch 44, loss: 0.05, train 99.00%
epoch 44, loss: 0.16, train 99.02%
epoch 44, loss: 0.05, train 99.05%
epoch 44, loss: 0.03, train 99.07%
epoch 44, loss: 0.04, train 99.09%
epoch 44, loss: 0.02, train 99.11%
Epoch completed!
epoch 44, total signals 900, average_loss_per_batch: 0.047406, train 99.11%
Validating
Val set size: 120, validation accuracy 77.50%
epoch 45, loss: 0.12, train 100.00%
epoch 45, loss: 0.02, train 100.00%
epoch 45, loss: 0.07, train 100.00%
epoch 45, loss: 0.02, train 100.00%
epoch 45, loss: 0.02, train 100.00%
epoch 45, loss: 0.04, train 100.00%
epoch 45, loss: 0.02, train 100.00%
epoch 45, loss: 0.08, train 99.38%
epoch 45, loss: 0.03, train 99.44%
epoch 45, loss: 0.03, train 99.50%
epoch 45, loss: 0.04, train 99.55%
epoch 45, loss: 0.18, train 99.17%
epoch 45, loss: 0.01, train 99.23%
epoch 45, loss: 0.12, train 98.93%
epoch 45, loss: 0.05, train 99.00%
epoch 45, loss: 0.03, train 99.06%
epoch 45, loss: 0.07, train 99.12%
epoch 45, loss: 0.04, train 99.17%
epoch 45, loss: 0.03, train 99.21%
epoch 45, loss: 0.03, train 99.25%
epoch 45, loss: 0.12, train 99.29%
epoch 45, loss: 0.02, train 99.32%
epoch 45, loss: 0.01, train 99.35%
epoch 45, loss: 0.03, train 99.38%
epoch 45, loss: 0.05, train 99.40%
epoch 45, loss: 0.04, train 99.42%
epoch 45, loss: 0.02, train 99.44%
epoch 45, loss: 0.02, train 99.46%
epoch 45, loss: 0.03, train 99.48%
epoch 45, loss: 0.05, train 99.50%
epoch 45, loss: 0.03, train 99.52%
epoch 45, loss: 0.02, train 99.53%
epoch 45, loss: 0.01, train 99.55%
epoch 45, loss: 0.03, train 99.56%
epoch 45, loss: 0.04, train 99.57%
epoch 45, loss: 0.08, train 99.58%
epoch 45, loss: 0.07, train 99.59%
epoch 45, loss: 0.02, train 99.61%
epoch 45, loss: 0.03, train 99.62%
epoch 45, loss: 0.02, train 99.62%
epoch 45, loss: 0.01, train 99.63%
epoch 45, loss: 0.04, train 99.64%
epoch 45, loss: 0.02, train 99.65%
epoch 45, loss: 0.01, train 99.66%
epoch 45, loss: 0.01, train 99.67%
Epoch completed!
epoch 45, total signals 900, average_loss_per_batch: 0.041570, train 99.67%
Validating
Val set size: 120, validation accuracy 74.17%
epoch 46, loss: 0.01, train 100.00%
epoch 46, loss: 0.01, train 100.00%
epoch 46, loss: 0.02, train 100.00%
epoch 46, loss: 0.20, train 98.75%
epoch 46, loss: 0.01, train 99.00%
epoch 46, loss: 0.02, train 99.17%
epoch 46, loss: 0.02, train 99.29%
epoch 46, loss: 0.02, train 99.38%
epoch 46, loss: 0.02, train 99.44%
epoch 46, loss: 0.03, train 99.50%
epoch 46, loss: 0.02, train 99.55%
epoch 46, loss: 0.10, train 99.58%
epoch 46, loss: 0.02, train 99.62%
epoch 46, loss: 0.05, train 99.64%
epoch 46, loss: 0.01, train 99.67%
epoch 46, loss: 0.04, train 99.69%
epoch 46, loss: 0.06, train 99.71%
epoch 46, loss: 0.03, train 99.72%
epoch 46, loss: 0.12, train 99.74%
epoch 46, loss: 0.15, train 99.75%
epoch 46, loss: 0.03, train 99.76%
epoch 46, loss: 0.01, train 99.77%
epoch 46, loss: 0.02, train 99.78%
epoch 46, loss: 0.05, train 99.79%
epoch 46, loss: 0.03, train 99.80%
epoch 46, loss: 0.06, train 99.81%
epoch 46, loss: 0.31, train 99.26%
epoch 46, loss: 0.02, train 99.29%
epoch 46, loss: 0.03, train 99.31%
epoch 46, loss: 0.03, train 99.33%
epoch 46, loss: 0.13, train 99.35%
epoch 46, loss: 0.06, train 99.38%
epoch 46, loss: 0.01, train 99.39%
epoch 46, loss: 0.02, train 99.41%
epoch 46, loss: 0.04, train 99.43%
epoch 46, loss: 0.02, train 99.44%
epoch 46, loss: 0.02, train 99.46%
epoch 46, loss: 0.01, train 99.47%
epoch 46, loss: 0.03, train 99.49%
epoch 46, loss: 0.02, train 99.50%
epoch 46, loss: 0.02, train 99.51%
epoch 46, loss: 0.02, train 99.52%
epoch 46, loss: 0.03, train 99.53%
epoch 46, loss: 0.04, train 99.55%
epoch 46, loss: 0.09, train 99.44%
Epoch completed!
epoch 46, total signals 900, average_loss_per_batch: 0.046178, train 99.44%
Validating
Val set size: 120, validation accuracy 76.67%
epoch 47, loss: 0.07, train 100.00%
epoch 47, loss: 0.03, train 100.00%
epoch 47, loss: 0.03, train 100.00%
epoch 47, loss: 0.04, train 100.00%
epoch 47, loss: 0.05, train 100.00%
epoch 47, loss: 0.06, train 100.00%
epoch 47, loss: 0.07, train 99.29%
epoch 47, loss: 0.03, train 99.38%
epoch 47, loss: 0.03, train 99.44%
epoch 47, loss: 0.33, train 98.00%
epoch 47, loss: 0.11, train 97.73%
epoch 47, loss: 0.02, train 97.92%
epoch 47, loss: 0.04, train 98.08%
epoch 47, loss: 0.04, train 98.21%
epoch 47, loss: 0.03, train 98.33%
epoch 47, loss: 0.01, train 98.44%
epoch 47, loss: 0.01, train 98.53%
epoch 47, loss: 0.84, train 97.22%
epoch 47, loss: 0.02, train 97.37%
epoch 47, loss: 0.03, train 97.50%
epoch 47, loss: 0.02, train 97.62%
epoch 47, loss: 0.09, train 97.73%
epoch 47, loss: 0.02, train 97.83%
epoch 47, loss: 0.07, train 97.92%
epoch 47, loss: 0.04, train 98.00%
epoch 47, loss: 0.01, train 98.08%
epoch 47, loss: 0.16, train 97.96%
epoch 47, loss: 0.03, train 98.04%
epoch 47, loss: 0.02, train 98.10%
epoch 47, loss: 0.02, train 98.17%
epoch 47, loss: 0.03, train 98.23%
epoch 47, loss: 0.03, train 98.28%
epoch 47, loss: 0.04, train 98.33%
epoch 47, loss: 0.02, train 98.38%
epoch 47, loss: 0.04, train 98.43%
epoch 47, loss: 0.02, train 98.47%
epoch 47, loss: 0.01, train 98.51%
epoch 47, loss: 0.16, train 98.55%
epoch 47, loss: 0.01, train 98.59%
epoch 47, loss: 0.03, train 98.62%
epoch 47, loss: 0.30, train 98.41%
epoch 47, loss: 0.03, train 98.45%
epoch 47, loss: 0.01, train 98.49%
epoch 47, loss: 0.02, train 98.52%
epoch 47, loss: 0.03, train 98.56%
Epoch completed!
epoch 47, total signals 900, average_loss_per_batch: 0.070172, train 98.56%
Validating
Val set size: 120, validation accuracy 75.83%
epoch 48, loss: 0.03, train 100.00%
epoch 48, loss: 0.01, train 100.00%
epoch 48, loss: 0.03, train 100.00%
epoch 48, loss: 0.03, train 100.00%
epoch 48, loss: 0.02, train 100.00%
epoch 48, loss: 0.02, train 100.00%
epoch 48, loss: 0.01, train 100.00%
epoch 48, loss: 0.02, train 100.00%
epoch 48, loss: 0.03, train 100.00%
epoch 48, loss: 0.02, train 100.00%
epoch 48, loss: 0.02, train 100.00%
epoch 48, loss: 0.06, train 99.58%
epoch 48, loss: 0.03, train 99.62%
epoch 48, loss: 0.04, train 99.64%
epoch 48, loss: 0.11, train 99.33%
epoch 48, loss: 0.02, train 99.38%
epoch 48, loss: 0.08, train 99.12%
epoch 48, loss: 0.04, train 99.17%
epoch 48, loss: 0.02, train 99.21%
epoch 48, loss: 0.04, train 99.25%
epoch 48, loss: 0.01, train 99.29%
epoch 48, loss: 0.03, train 99.32%
epoch 48, loss: 0.03, train 99.35%
epoch 48, loss: 0.04, train 99.38%
epoch 48, loss: 0.03, train 99.40%
epoch 48, loss: 0.02, train 99.42%
epoch 48, loss: 0.04, train 99.44%
epoch 48, loss: 0.04, train 99.46%
epoch 48, loss: 0.02, train 99.48%
epoch 48, loss: 0.03, train 99.50%
epoch 48, loss: 0.03, train 99.52%
epoch 48, loss: 0.04, train 99.53%
epoch 48, loss: 0.02, train 99.55%
epoch 48, loss: 0.03, train 99.56%
epoch 48, loss: 0.03, train 99.57%
epoch 48, loss: 0.06, train 99.58%
epoch 48, loss: 0.03, train 99.59%
epoch 48, loss: 0.09, train 99.61%
epoch 48, loss: 0.05, train 99.62%
epoch 48, loss: 0.02, train 99.62%
epoch 48, loss: 0.20, train 99.51%
epoch 48, loss: 0.02, train 99.52%
epoch 48, loss: 0.03, train 99.53%
epoch 48, loss: 0.10, train 99.55%
epoch 48, loss: 0.02, train 99.56%
Epoch completed!
epoch 48, total signals 900, average_loss_per_batch: 0.038213, train 99.56%
Validating
Val set size: 120, validation accuracy 75.83%
epoch 49, loss: 0.01, train 100.00%
epoch 49, loss: 0.02, train 100.00%
epoch 49, loss: 0.09, train 98.33%
epoch 49, loss: 0.02, train 98.75%
epoch 49, loss: 0.05, train 99.00%
epoch 49, loss: 0.03, train 99.17%
epoch 49, loss: 0.04, train 99.29%
epoch 49, loss: 0.02, train 99.38%
epoch 49, loss: 0.24, train 98.89%
epoch 49, loss: 0.08, train 99.00%
epoch 49, loss: 0.05, train 99.09%
epoch 49, loss: 0.02, train 99.17%
epoch 49, loss: 0.04, train 99.23%
epoch 49, loss: 0.02, train 99.29%
epoch 49, loss: 0.02, train 99.33%
epoch 49, loss: 0.03, train 99.38%
epoch 49, loss: 0.02, train 99.41%
epoch 49, loss: 0.01, train 99.44%
epoch 49, loss: 0.02, train 99.47%
epoch 49, loss: 0.02, train 99.50%
epoch 49, loss: 0.02, train 99.52%
epoch 49, loss: 0.05, train 99.55%
epoch 49, loss: 0.01, train 99.57%
epoch 49, loss: 0.01, train 99.58%
epoch 49, loss: 0.03, train 99.60%
epoch 49, loss: 0.01, train 99.62%
epoch 49, loss: 0.83, train 98.33%
epoch 49, loss: 0.10, train 98.39%
epoch 49, loss: 0.07, train 98.45%
epoch 49, loss: 0.02, train 98.50%
epoch 49, loss: 0.01, train 98.55%
epoch 49, loss: 0.06, train 98.59%
epoch 49, loss: 0.01, train 98.64%
epoch 49, loss: 0.14, train 98.68%
epoch 49, loss: 0.02, train 98.71%
epoch 49, loss: 0.01, train 98.75%
epoch 49, loss: 0.02, train 98.78%
epoch 49, loss: 0.04, train 98.82%
epoch 49, loss: 0.34, train 98.59%
epoch 49, loss: 0.03, train 98.62%
epoch 49, loss: 0.02, train 98.66%
epoch 49, loss: 0.03, train 98.69%
epoch 49, loss: 0.15, train 98.72%
epoch 49, loss: 0.04, train 98.75%
epoch 49, loss: 0.02, train 98.78%
Epoch completed!
epoch 49, total signals 900, average_loss_per_batch: 0.065725, train 98.78%
Validating
Val set size: 120, validation accuracy 77.50%
Training Completed!
Testing
da no sv
[[33  3  4]
 [ 3 28  9]
 [ 2  8 30]]
Test set size: 120, Test accuracy 75.83%
