1.12.1+cu102
cuda:0
Trainable Parameters : 593424
Start training...
epoch 0, loss: 12.14, train 40.00%
epoch 0, loss: 37.71, train 42.50%
epoch 0, loss: 18.60, train 36.67%
epoch 0, loss: 29.71, train 35.00%
epoch 0, loss: 23.39, train 36.00%
epoch 0, loss: 28.42, train 34.17%
epoch 0, loss: 69.58, train 32.86%
epoch 0, loss: 32.76, train 31.87%
epoch 0, loss: 27.14, train 31.11%
epoch 0, loss: 19.30, train 32.50%
epoch 0, loss: 31.79, train 31.36%
epoch 0, loss: 27.38, train 32.50%
epoch 0, loss: 50.86, train 32.69%
epoch 0, loss: 20.62, train 33.57%
epoch 0, loss: 15.17, train 34.00%
epoch 0, loss: 39.27, train 35.00%
epoch 0, loss: 11.21, train 34.12%
epoch 0, loss: 14.24, train 34.72%
epoch 0, loss: 30.81, train 34.74%
epoch 0, loss: 27.76, train 35.25%
epoch 0, loss: 29.42, train 34.76%
epoch 0, loss: 26.37, train 33.86%
epoch 0, loss: 8.88, train 35.00%
epoch 0, loss: 16.14, train 35.42%
epoch 0, loss: 63.70, train 35.00%
epoch 0, loss: 54.39, train 35.00%
epoch 0, loss: 26.51, train 35.56%
epoch 0, loss: 28.50, train 35.54%
epoch 0, loss: 44.16, train 35.17%
epoch 0, loss: 36.75, train 35.17%
epoch 0, loss: 11.89, train 35.97%
epoch 0, loss: 8.96, train 36.88%
epoch 0, loss: 11.79, train 37.42%
epoch 0, loss: 13.57, train 37.50%
epoch 0, loss: 31.98, train 37.57%
epoch 0, loss: 22.78, train 37.64%
epoch 0, loss: 24.23, train 37.70%
epoch 0, loss: 25.39, train 37.63%
epoch 0, loss: 27.42, train 37.44%
epoch 0, loss: 35.50, train 36.88%
epoch 0, loss: 10.53, train 37.56%
epoch 0, loss: 16.28, train 37.86%
epoch 0, loss: 15.97, train 38.26%
epoch 0, loss: 16.32, train 38.30%
epoch 0, loss: 10.16, train 38.78%
Epoch completed!
epoch 0, total signals 900, average_loss_per_batch: 26.342946, train 38.78%
Validating
Val set size: 120, validation accuracy 49.17%
epoch 1, loss: 15.18, train 30.00%
epoch 1, loss: 6.84, train 52.50%
epoch 1, loss: 10.86, train 51.67%
epoch 1, loss: 12.92, train 50.00%
epoch 1, loss: 21.05, train 48.00%
epoch 1, loss: 10.26, train 48.33%
epoch 1, loss: 8.62, train 47.86%
epoch 1, loss: 12.30, train 48.12%
epoch 1, loss: 11.09, train 48.33%
epoch 1, loss: 9.34, train 49.00%
epoch 1, loss: 3.01, train 50.45%
epoch 1, loss: 65.62, train 49.58%
epoch 1, loss: 6.00, train 49.62%
epoch 1, loss: 10.76, train 49.29%
epoch 1, loss: 8.60, train 49.33%
epoch 1, loss: 7.69, train 49.38%
epoch 1, loss: 6.63, train 49.41%
epoch 1, loss: 10.07, train 48.89%
epoch 1, loss: 6.86, train 49.47%
epoch 1, loss: 11.90, train 49.75%
epoch 1, loss: 13.53, train 49.05%
epoch 1, loss: 7.46, train 49.55%
epoch 1, loss: 11.55, train 49.35%
epoch 1, loss: 8.66, train 49.38%
epoch 1, loss: 8.37, train 49.40%
epoch 1, loss: 4.49, train 49.81%
epoch 1, loss: 11.00, train 50.00%
epoch 1, loss: 10.14, train 50.00%
epoch 1, loss: 8.00, train 50.17%
epoch 1, loss: 4.22, train 50.33%
epoch 1, loss: 13.99, train 50.00%
epoch 1, loss: 6.95, train 50.31%
epoch 1, loss: 4.86, train 50.45%
epoch 1, loss: 27.36, train 50.15%
epoch 1, loss: 13.53, train 50.29%
epoch 1, loss: 6.91, train 50.14%
epoch 1, loss: 7.97, train 50.41%
epoch 1, loss: 6.64, train 50.26%
epoch 1, loss: 6.52, train 50.38%
epoch 1, loss: 8.78, train 50.75%
epoch 1, loss: 8.81, train 50.61%
epoch 1, loss: 8.81, train 50.12%
epoch 1, loss: 10.07, train 49.88%
epoch 1, loss: 6.78, train 50.11%
epoch 1, loss: 8.25, train 50.11%
Epoch completed!
epoch 1, total signals 900, average_loss_per_batch: 10.872231, train 50.11%
Validating
Val set size: 120, validation accuracy 50.00%
epoch 2, loss: 14.82, train 30.00%
epoch 2, loss: 2.45, train 42.50%
epoch 2, loss: 3.36, train 55.00%
epoch 2, loss: 4.97, train 56.25%
epoch 2, loss: 5.96, train 55.00%
epoch 2, loss: 7.78, train 55.00%
epoch 2, loss: 10.36, train 55.00%
epoch 2, loss: 7.92, train 55.00%
epoch 2, loss: 53.16, train 55.00%
epoch 2, loss: 2.15, train 56.50%
epoch 2, loss: 5.02, train 55.91%
epoch 2, loss: 3.77, train 57.50%
epoch 2, loss: 7.13, train 57.69%
epoch 2, loss: 19.54, train 56.07%
epoch 2, loss: 9.85, train 54.67%
epoch 2, loss: 7.11, train 54.06%
epoch 2, loss: 6.36, train 54.41%
epoch 2, loss: 1.76, train 55.28%
epoch 2, loss: 4.40, train 54.74%
epoch 2, loss: 6.63, train 54.50%
epoch 2, loss: 3.55, train 55.00%
epoch 2, loss: 7.12, train 55.00%
epoch 2, loss: 3.76, train 55.87%
epoch 2, loss: 5.10, train 56.25%
epoch 2, loss: 5.27, train 57.00%
epoch 2, loss: 6.20, train 57.12%
epoch 2, loss: 2.45, train 57.59%
epoch 2, loss: 15.32, train 56.96%
epoch 2, loss: 8.45, train 56.90%
epoch 2, loss: 4.02, train 57.17%
epoch 2, loss: 10.39, train 57.26%
epoch 2, loss: 4.64, train 57.81%
epoch 2, loss: 11.41, train 57.42%
epoch 2, loss: 4.46, train 57.65%
epoch 2, loss: 18.80, train 57.43%
epoch 2, loss: 8.10, train 57.50%
epoch 2, loss: 6.23, train 57.84%
epoch 2, loss: 6.39, train 57.63%
epoch 2, loss: 14.90, train 57.44%
epoch 2, loss: 20.54, train 56.88%
epoch 2, loss: 4.20, train 57.07%
epoch 2, loss: 0.62, train 57.74%
epoch 2, loss: 4.34, train 58.02%
epoch 2, loss: 4.24, train 57.84%
epoch 2, loss: 19.18, train 57.22%
Epoch completed!
epoch 2, total signals 900, average_loss_per_batch: 8.537737, train 57.22%
Validating
Val set size: 120, validation accuracy 48.33%
epoch 3, loss: 6.14, train 60.00%
epoch 3, loss: 3.38, train 60.00%
epoch 3, loss: 4.87, train 53.33%
epoch 3, loss: 2.45, train 57.50%
epoch 3, loss: 2.57, train 62.00%
epoch 3, loss: 17.34, train 59.17%
epoch 3, loss: 13.68, train 57.86%
epoch 3, loss: 7.71, train 59.38%
epoch 3, loss: 6.43, train 58.89%
epoch 3, loss: 4.76, train 58.00%
epoch 3, loss: 5.25, train 57.27%
epoch 3, loss: 4.28, train 56.67%
epoch 3, loss: 7.64, train 56.54%
epoch 3, loss: 3.93, train 57.14%
epoch 3, loss: 15.05, train 55.33%
epoch 3, loss: 4.79, train 55.31%
epoch 3, loss: 1.57, train 56.47%
epoch 3, loss: 1.92, train 58.06%
epoch 3, loss: 4.30, train 58.42%
epoch 3, loss: 9.99, train 58.75%
epoch 3, loss: 6.00, train 58.33%
epoch 3, loss: 3.86, train 58.64%
epoch 3, loss: 4.88, train 59.13%
epoch 3, loss: 12.13, train 59.38%
epoch 3, loss: 6.56, train 59.40%
epoch 3, loss: 4.18, train 59.81%
epoch 3, loss: 5.99, train 59.07%
epoch 3, loss: 12.18, train 58.75%
epoch 3, loss: 6.44, train 58.97%
epoch 3, loss: 3.48, train 59.33%
epoch 3, loss: 4.56, train 59.03%
epoch 3, loss: 3.69, train 59.06%
epoch 3, loss: 1.51, train 59.55%
epoch 3, loss: 2.98, train 59.85%
epoch 3, loss: 22.43, train 59.29%
epoch 3, loss: 1.65, train 59.72%
epoch 3, loss: 7.12, train 59.86%
epoch 3, loss: 7.17, train 59.87%
epoch 3, loss: 4.26, train 60.00%
epoch 3, loss: 6.03, train 60.00%
epoch 3, loss: 9.38, train 59.51%
epoch 3, loss: 0.88, train 60.12%
epoch 3, loss: 4.56, train 60.35%
epoch 3, loss: 1.93, train 60.68%
epoch 3, loss: 4.63, train 60.44%
Epoch completed!
epoch 3, total signals 900, average_loss_per_batch: 6.146084, train 60.44%
Validating
Val set size: 120, validation accuracy 57.50%
epoch 4, loss: 2.50, train 75.00%
epoch 4, loss: 6.05, train 70.00%
epoch 4, loss: 5.03, train 63.33%
epoch 4, loss: 2.38, train 65.00%
epoch 4, loss: 4.79, train 66.00%
epoch 4, loss: 5.97, train 65.00%
epoch 4, loss: 1.77, train 67.14%
epoch 4, loss: 5.83, train 66.88%
epoch 4, loss: 6.51, train 65.56%
epoch 4, loss: 1.88, train 66.00%
epoch 4, loss: 1.72, train 67.73%
epoch 4, loss: 0.75, train 68.75%
epoch 4, loss: 2.84, train 69.62%
epoch 4, loss: 0.82, train 70.71%
epoch 4, loss: 0.82, train 71.33%
epoch 4, loss: 2.56, train 71.56%
epoch 4, loss: 0.24, train 72.94%
epoch 4, loss: 2.06, train 72.50%
epoch 4, loss: 3.64, train 72.11%
epoch 4, loss: 2.36, train 72.25%
epoch 4, loss: 4.24, train 72.38%
epoch 4, loss: 4.95, train 71.82%
epoch 4, loss: 4.66, train 71.09%
epoch 4, loss: 3.62, train 71.04%
epoch 4, loss: 0.18, train 71.80%
epoch 4, loss: 5.33, train 71.54%
epoch 4, loss: 3.50, train 71.30%
epoch 4, loss: 1.76, train 71.79%
epoch 4, loss: 1.21, train 72.07%
epoch 4, loss: 3.84, train 72.00%
epoch 4, loss: 3.22, train 72.10%
epoch 4, loss: 6.32, train 71.72%
epoch 4, loss: 7.04, train 71.36%
epoch 4, loss: 1.08, train 71.76%
epoch 4, loss: 7.62, train 71.14%
epoch 4, loss: 8.38, train 70.83%
epoch 4, loss: 0.79, train 71.08%
epoch 4, loss: 4.14, train 71.05%
epoch 4, loss: 3.19, train 70.90%
epoch 4, loss: 2.87, train 71.12%
epoch 4, loss: 1.52, train 71.34%
epoch 4, loss: 4.09, train 71.07%
epoch 4, loss: 5.06, train 70.70%
epoch 4, loss: 3.90, train 70.57%
epoch 4, loss: 5.91, train 70.33%
Epoch completed!
epoch 4, total signals 900, average_loss_per_batch: 3.530611, train 70.33%
Validating
Val set size: 120, validation accuracy 58.33%
epoch 5, loss: 7.79, train 60.00%
epoch 5, loss: 0.68, train 67.50%
epoch 5, loss: 1.42, train 73.33%
epoch 5, loss: 1.94, train 72.50%
epoch 5, loss: 20.83, train 67.00%
epoch 5, loss: 3.05, train 68.33%
epoch 5, loss: 5.62, train 67.86%
epoch 5, loss: 0.77, train 70.62%
epoch 5, loss: 8.76, train 68.33%
epoch 5, loss: 0.92, train 70.50%
epoch 5, loss: 2.17, train 70.45%
epoch 5, loss: 1.42, train 70.83%
epoch 5, loss: 3.15, train 70.77%
epoch 5, loss: 2.31, train 71.43%
epoch 5, loss: 2.36, train 71.33%
epoch 5, loss: 1.30, train 71.56%
epoch 5, loss: 3.38, train 71.47%
epoch 5, loss: 0.62, train 72.22%
epoch 5, loss: 2.54, train 72.89%
epoch 5, loss: 4.35, train 72.50%
epoch 5, loss: 3.31, train 72.38%
epoch 5, loss: 2.29, train 72.73%
epoch 5, loss: 2.05, train 73.26%
epoch 5, loss: 1.77, train 73.33%
epoch 5, loss: 2.87, train 73.20%
epoch 5, loss: 2.32, train 73.27%
epoch 5, loss: 2.34, train 73.33%
epoch 5, loss: 1.95, train 73.21%
epoch 5, loss: 35.53, train 72.41%
epoch 5, loss: 3.06, train 72.17%
epoch 5, loss: 1.55, train 72.58%
epoch 5, loss: 1.98, train 72.66%
epoch 5, loss: 3.92, train 71.97%
epoch 5, loss: 0.65, train 72.35%
epoch 5, loss: 2.81, train 72.43%
epoch 5, loss: 2.13, train 72.78%
epoch 5, loss: 3.40, train 72.97%
epoch 5, loss: 3.23, train 72.89%
epoch 5, loss: 3.84, train 72.82%
epoch 5, loss: 3.74, train 72.50%
epoch 5, loss: 2.40, train 72.44%
epoch 5, loss: 4.11, train 72.38%
epoch 5, loss: 5.89, train 71.86%
epoch 5, loss: 2.21, train 71.82%
epoch 5, loss: 3.68, train 71.67%
Epoch completed!
epoch 5, total signals 900, average_loss_per_batch: 3.964715, train 71.67%
Validating
Val set size: 120, validation accuracy 50.83%
epoch 6, loss: 6.03, train 60.00%
epoch 6, loss: 4.42, train 62.50%
epoch 6, loss: 2.36, train 66.67%
epoch 6, loss: 5.65, train 65.00%
epoch 6, loss: 2.95, train 67.00%
epoch 6, loss: 2.13, train 68.33%
epoch 6, loss: 1.42, train 69.29%
epoch 6, loss: 10.35, train 68.12%
epoch 6, loss: 3.16, train 70.00%
epoch 6, loss: 6.89, train 68.50%
epoch 6, loss: 2.73, train 69.09%
epoch 6, loss: 2.56, train 70.00%
epoch 6, loss: 7.43, train 69.23%
epoch 6, loss: 1.39, train 70.36%
epoch 6, loss: 0.86, train 71.00%
epoch 6, loss: 3.16, train 71.25%
epoch 6, loss: 0.11, train 72.65%
epoch 6, loss: 23.04, train 71.11%
epoch 6, loss: 4.63, train 70.53%
epoch 6, loss: 0.93, train 71.00%
epoch 6, loss: 3.71, train 71.43%
epoch 6, loss: 0.94, train 72.05%
epoch 6, loss: 2.73, train 72.17%
epoch 6, loss: 4.19, train 72.08%
epoch 6, loss: 2.50, train 72.40%
epoch 6, loss: 2.77, train 72.31%
epoch 6, loss: 1.28, train 72.78%
epoch 6, loss: 0.16, train 73.57%
epoch 6, loss: 3.89, train 73.10%
epoch 6, loss: 0.93, train 73.17%
epoch 6, loss: 1.28, train 73.06%
epoch 6, loss: 7.31, train 72.50%
epoch 6, loss: 2.99, train 72.73%
epoch 6, loss: 1.81, train 72.94%
epoch 6, loss: 2.19, train 73.29%
epoch 6, loss: 1.24, train 73.47%
epoch 6, loss: 1.60, train 73.65%
epoch 6, loss: 0.98, train 73.95%
epoch 6, loss: 8.86, train 73.72%
epoch 6, loss: 3.17, train 73.88%
epoch 6, loss: 12.28, train 72.93%
epoch 6, loss: 7.62, train 73.10%
epoch 6, loss: 1.88, train 73.14%
epoch 6, loss: 1.70, train 73.30%
epoch 6, loss: 5.47, train 73.33%
Epoch completed!
epoch 6, total signals 900, average_loss_per_batch: 3.904189, train 73.33%
Validating
Val set size: 120, validation accuracy 56.67%
epoch 7, loss: 1.50, train 80.00%
epoch 7, loss: 1.40, train 82.50%
epoch 7, loss: 4.25, train 76.67%
epoch 7, loss: 2.26, train 77.50%
epoch 7, loss: 1.74, train 79.00%
epoch 7, loss: 2.62, train 80.00%
epoch 7, loss: 2.04, train 78.57%
epoch 7, loss: 0.21, train 80.00%
epoch 7, loss: 0.53, train 81.11%
epoch 7, loss: 1.35, train 81.00%
epoch 7, loss: 3.34, train 80.45%
epoch 7, loss: 4.97, train 80.83%
epoch 7, loss: 0.50, train 80.77%
epoch 7, loss: 3.05, train 79.64%
epoch 7, loss: 0.10, train 80.67%
epoch 7, loss: 10.46, train 80.00%
epoch 7, loss: 3.22, train 79.41%
epoch 7, loss: 0.51, train 79.44%
epoch 7, loss: 0.83, train 80.00%
epoch 7, loss: 1.10, train 80.50%
epoch 7, loss: 2.55, train 80.24%
epoch 7, loss: 1.52, train 79.77%
epoch 7, loss: 2.02, train 79.57%
epoch 7, loss: 4.02, train 79.38%
epoch 7, loss: 0.62, train 79.40%
epoch 7, loss: 0.77, train 79.42%
epoch 7, loss: 0.47, train 80.00%
epoch 7, loss: 0.76, train 80.00%
epoch 7, loss: 0.16, train 80.34%
epoch 7, loss: 1.30, train 80.50%
epoch 7, loss: 6.83, train 80.16%
epoch 7, loss: 17.97, train 78.75%
epoch 7, loss: 1.12, train 78.94%
epoch 7, loss: 2.24, train 78.82%
epoch 7, loss: 3.69, train 78.14%
epoch 7, loss: 0.79, train 78.33%
epoch 7, loss: 2.39, train 78.24%
epoch 7, loss: 2.54, train 77.89%
epoch 7, loss: 0.03, train 78.46%
epoch 7, loss: 2.83, train 78.38%
epoch 7, loss: 1.22, train 78.29%
epoch 7, loss: 0.33, train 78.45%
epoch 7, loss: 0.09, train 78.84%
epoch 7, loss: 1.87, train 78.75%
epoch 7, loss: 0.27, train 78.89%
Epoch completed!
epoch 7, total signals 900, average_loss_per_batch: 2.319380, train 78.89%
Validating
Val set size: 120, validation accuracy 62.50%
epoch 8, loss: 0.65, train 90.00%
epoch 8, loss: 0.08, train 92.50%
epoch 8, loss: 0.24, train 93.33%
epoch 8, loss: 1.60, train 91.25%
epoch 8, loss: 0.27, train 91.00%
epoch 8, loss: 3.53, train 87.50%
epoch 8, loss: 1.67, train 85.71%
epoch 8, loss: 7.15, train 83.75%
epoch 8, loss: 0.75, train 84.44%
epoch 8, loss: 0.13, train 85.00%
epoch 8, loss: 0.63, train 85.00%
epoch 8, loss: 0.43, train 85.42%
epoch 8, loss: 4.51, train 84.23%
epoch 8, loss: 1.20, train 83.93%
epoch 8, loss: 0.15, train 84.67%
epoch 8, loss: 1.13, train 84.69%
epoch 8, loss: 0.83, train 85.00%
epoch 8, loss: 2.69, train 84.72%
epoch 8, loss: 7.54, train 83.68%
epoch 8, loss: 0.95, train 83.75%
epoch 8, loss: 0.40, train 83.57%
epoch 8, loss: 6.22, train 82.50%
epoch 8, loss: 0.06, train 83.04%
epoch 8, loss: 3.91, train 82.50%
epoch 8, loss: 1.86, train 82.40%
epoch 8, loss: 0.43, train 82.88%
epoch 8, loss: 1.24, train 82.78%
epoch 8, loss: 1.45, train 82.86%
epoch 8, loss: 0.67, train 82.59%
epoch 8, loss: 0.86, train 82.33%
epoch 8, loss: 0.79, train 82.58%
epoch 8, loss: 0.95, train 82.66%
epoch 8, loss: 0.15, train 83.03%
epoch 8, loss: 0.26, train 83.24%
epoch 8, loss: 0.80, train 83.43%
epoch 8, loss: 1.22, train 83.33%
epoch 8, loss: 1.16, train 83.51%
epoch 8, loss: 2.24, train 83.29%
epoch 8, loss: 3.26, train 82.82%
epoch 8, loss: 0.74, train 83.12%
epoch 8, loss: 0.21, train 83.29%
epoch 8, loss: 1.37, train 83.21%
epoch 8, loss: 0.81, train 83.26%
epoch 8, loss: 1.44, train 83.41%
epoch 8, loss: 1.26, train 83.11%
Epoch completed!
epoch 8, total signals 900, average_loss_per_batch: 1.552807, train 83.11%
Validating
Val set size: 120, validation accuracy 60.83%
epoch 9, loss: 4.53, train 65.00%
epoch 9, loss: 0.53, train 77.50%
epoch 9, loss: 0.41, train 81.67%
epoch 9, loss: 0.41, train 85.00%
epoch 9, loss: 6.29, train 81.00%
epoch 9, loss: 0.63, train 83.33%
epoch 9, loss: 0.92, train 82.86%
epoch 9, loss: 0.69, train 83.12%
epoch 9, loss: 0.18, train 84.44%
epoch 9, loss: 6.18, train 82.00%
epoch 9, loss: 1.16, train 82.27%
epoch 9, loss: 18.79, train 80.83%
epoch 9, loss: 1.12, train 81.54%
epoch 9, loss: 0.76, train 82.14%
epoch 9, loss: 14.22, train 80.67%
epoch 9, loss: 1.03, train 81.25%
epoch 9, loss: 0.43, train 81.18%
epoch 9, loss: 3.59, train 80.28%
epoch 9, loss: 9.12, train 79.21%
epoch 9, loss: 0.03, train 80.25%
epoch 9, loss: 4.58, train 79.29%
epoch 9, loss: 0.51, train 79.32%
epoch 9, loss: 2.53, train 78.91%
epoch 9, loss: 0.57, train 79.17%
epoch 9, loss: 6.76, train 78.20%
epoch 9, loss: 1.56, train 77.88%
epoch 9, loss: 0.01, train 78.70%
epoch 9, loss: 1.48, train 78.75%
epoch 9, loss: 3.04, train 78.45%
epoch 9, loss: 1.72, train 78.50%
epoch 9, loss: 0.47, train 79.03%
epoch 9, loss: 2.75, train 78.75%
epoch 9, loss: 0.93, train 78.94%
epoch 9, loss: 5.00, train 78.97%
epoch 9, loss: 0.17, train 79.29%
epoch 9, loss: 1.51, train 79.31%
epoch 9, loss: 0.82, train 79.46%
epoch 9, loss: 1.31, train 79.47%
epoch 9, loss: 0.39, train 79.87%
epoch 9, loss: 3.67, train 79.62%
epoch 9, loss: 1.81, train 79.63%
epoch 9, loss: 0.99, train 79.76%
epoch 9, loss: 4.19, train 79.65%
epoch 9, loss: 0.79, train 79.77%
epoch 9, loss: 0.39, train 80.00%
Epoch completed!
epoch 9, total signals 900, average_loss_per_batch: 2.643627, train 80.00%
Validating
Val set size: 120, validation accuracy 61.67%
epoch 10, loss: 6.26, train 60.00%
epoch 10, loss: 1.13, train 70.00%
epoch 10, loss: 4.18, train 68.33%
epoch 10, loss: 0.65, train 72.50%
epoch 10, loss: 0.15, train 76.00%
epoch 10, loss: 1.15, train 78.33%
epoch 10, loss: 1.09, train 77.86%
epoch 10, loss: 1.73, train 78.75%
epoch 10, loss: 7.61, train 76.67%
epoch 10, loss: 1.36, train 78.00%
epoch 10, loss: 5.81, train 77.27%
epoch 10, loss: 1.04, train 76.67%
epoch 10, loss: 2.69, train 76.15%
epoch 10, loss: 5.23, train 75.00%
epoch 10, loss: 0.67, train 76.00%
epoch 10, loss: 12.42, train 74.06%
epoch 10, loss: 1.70, train 74.71%
epoch 10, loss: 2.23, train 75.00%
epoch 10, loss: 0.69, train 75.79%
epoch 10, loss: 0.37, train 76.75%
epoch 10, loss: 0.28, train 77.38%
epoch 10, loss: 1.62, train 77.27%
epoch 10, loss: 0.19, train 78.04%
epoch 10, loss: 0.22, train 78.33%
epoch 10, loss: 0.49, train 79.00%
epoch 10, loss: 9.30, train 77.88%
epoch 10, loss: 4.93, train 77.59%
epoch 10, loss: 0.12, train 78.21%
epoch 10, loss: 1.89, train 78.45%
epoch 10, loss: 0.04, train 79.00%
epoch 10, loss: 0.36, train 79.35%
epoch 10, loss: 1.18, train 79.22%
epoch 10, loss: 1.19, train 79.39%
epoch 10, loss: 0.26, train 79.85%
epoch 10, loss: 0.14, train 80.14%
epoch 10, loss: 0.08, train 80.56%
epoch 10, loss: 0.80, train 80.54%
epoch 10, loss: 0.16, train 80.79%
epoch 10, loss: 5.31, train 80.13%
epoch 10, loss: 2.18, train 80.00%
epoch 10, loss: 0.31, train 80.12%
epoch 10, loss: 0.55, train 80.48%
epoch 10, loss: 2.64, train 79.88%
epoch 10, loss: 3.54, train 79.66%
epoch 10, loss: 0.44, train 79.78%
Epoch completed!
epoch 10, total signals 900, average_loss_per_batch: 2.141167, train 79.78%
Validating
Val set size: 120, validation accuracy 62.50%
epoch 11, loss: 0.97, train 85.00%
epoch 11, loss: 0.55, train 85.00%
epoch 11, loss: 0.44, train 85.00%
epoch 11, loss: 3.99, train 81.25%
epoch 11, loss: 0.52, train 84.00%
epoch 11, loss: 0.01, train 86.67%
epoch 11, loss: 0.84, train 87.14%
epoch 11, loss: 0.39, train 87.50%
epoch 11, loss: 5.24, train 84.44%
epoch 11, loss: 0.43, train 85.50%
epoch 11, loss: 5.75, train 83.64%
epoch 11, loss: 1.49, train 83.75%
epoch 11, loss: 0.88, train 83.85%
epoch 11, loss: 0.00, train 85.00%
epoch 11, loss: 0.34, train 85.67%
epoch 11, loss: 0.00, train 86.56%
epoch 11, loss: 0.89, train 87.06%
epoch 11, loss: 0.44, train 87.22%
epoch 11, loss: 3.12, train 86.58%
epoch 11, loss: 1.04, train 86.50%
epoch 11, loss: 0.18, train 86.90%
epoch 11, loss: 0.00, train 87.50%
epoch 11, loss: 0.08, train 87.83%
epoch 11, loss: 0.38, train 87.92%
epoch 11, loss: 1.81, train 87.80%
epoch 11, loss: 1.86, train 87.31%
epoch 11, loss: 0.18, train 87.41%
epoch 11, loss: 1.10, train 87.14%
epoch 11, loss: 4.54, train 86.72%
epoch 11, loss: 0.75, train 86.67%
epoch 11, loss: 0.04, train 87.10%
epoch 11, loss: 0.40, train 87.19%
epoch 11, loss: 0.11, train 87.42%
epoch 11, loss: 0.90, train 87.35%
epoch 11, loss: 18.29, train 86.43%
epoch 11, loss: 1.82, train 85.97%
epoch 11, loss: 1.21, train 85.68%
epoch 11, loss: 0.13, train 85.92%
epoch 11, loss: 4.51, train 85.64%
epoch 11, loss: 6.04, train 85.12%
epoch 11, loss: 0.57, train 85.24%
epoch 11, loss: 0.34, train 85.36%
epoch 11, loss: 0.67, train 85.58%
epoch 11, loss: 0.09, train 85.80%
epoch 11, loss: 0.59, train 85.67%
Epoch completed!
epoch 11, total signals 900, average_loss_per_batch: 1.642379, train 85.67%
Validating
Val set size: 120, validation accuracy 58.33%
epoch 12, loss: 7.47, train 65.00%
epoch 12, loss: 0.25, train 77.50%
epoch 12, loss: 0.18, train 83.33%
epoch 12, loss: 0.10, train 86.25%
epoch 12, loss: 0.56, train 88.00%
epoch 12, loss: 0.56, train 88.33%
epoch 12, loss: 0.01, train 90.00%
epoch 12, loss: 8.64, train 86.88%
epoch 12, loss: 2.22, train 86.67%
epoch 12, loss: 1.05, train 86.50%
epoch 12, loss: 1.73, train 86.82%
epoch 12, loss: 1.12, train 87.08%
epoch 12, loss: 1.15, train 86.15%
epoch 12, loss: 0.27, train 86.43%
epoch 12, loss: 0.85, train 86.33%
epoch 12, loss: 0.43, train 86.56%
epoch 12, loss: 3.06, train 85.88%
epoch 12, loss: 0.17, train 86.39%
epoch 12, loss: 10.34, train 85.00%
epoch 12, loss: 0.62, train 85.50%
epoch 12, loss: 0.28, train 85.95%
epoch 12, loss: 0.72, train 86.14%
epoch 12, loss: 0.02, train 86.74%
epoch 12, loss: 0.49, train 87.08%
epoch 12, loss: 0.65, train 87.20%
epoch 12, loss: 1.08, train 87.50%
epoch 12, loss: 0.19, train 87.59%
epoch 12, loss: 0.71, train 87.50%
epoch 12, loss: 0.41, train 87.76%
epoch 12, loss: 2.36, train 87.33%
epoch 12, loss: 0.00, train 87.74%
epoch 12, loss: 0.48, train 87.81%
epoch 12, loss: 0.48, train 87.88%
epoch 12, loss: 0.94, train 88.09%
epoch 12, loss: 1.04, train 87.86%
epoch 12, loss: 0.26, train 88.06%
epoch 12, loss: 2.76, train 87.57%
epoch 12, loss: 1.95, train 87.24%
epoch 12, loss: 0.03, train 87.56%
epoch 12, loss: 1.09, train 87.62%
epoch 12, loss: 1.18, train 87.56%
epoch 12, loss: 0.69, train 87.62%
epoch 12, loss: 1.17, train 87.56%
epoch 12, loss: 1.45, train 87.50%
epoch 12, loss: 3.88, train 87.11%
Epoch completed!
epoch 12, total signals 900, average_loss_per_batch: 1.447314, train 87.11%
Validating
Val set size: 120, validation accuracy 64.17%
epoch 13, loss: 0.58, train 85.00%
epoch 13, loss: 0.10, train 90.00%
epoch 13, loss: 4.21, train 85.00%
epoch 13, loss: 0.74, train 87.50%
epoch 13, loss: 0.00, train 90.00%
epoch 13, loss: 0.99, train 86.67%
epoch 13, loss: 0.15, train 87.86%
epoch 13, loss: 0.58, train 88.75%
epoch 13, loss: 0.35, train 88.89%
epoch 13, loss: 2.85, train 87.00%
epoch 13, loss: 1.03, train 86.82%
epoch 13, loss: 9.54, train 84.17%
epoch 13, loss: 0.67, train 84.23%
epoch 13, loss: 0.59, train 85.00%
epoch 13, loss: 0.93, train 85.33%
epoch 13, loss: 0.59, train 85.94%
epoch 13, loss: 1.17, train 85.88%
epoch 13, loss: 0.88, train 85.83%
epoch 13, loss: 0.01, train 86.58%
epoch 13, loss: 7.73, train 85.00%
epoch 13, loss: 2.43, train 84.52%
epoch 13, loss: 1.00, train 84.77%
epoch 13, loss: 2.85, train 84.35%
epoch 13, loss: 0.64, train 84.79%
epoch 13, loss: 1.51, train 84.40%
epoch 13, loss: 0.80, train 84.42%
epoch 13, loss: 1.09, train 84.63%
epoch 13, loss: 0.37, train 84.64%
epoch 13, loss: 4.33, train 84.14%
epoch 13, loss: 1.25, train 84.00%
epoch 13, loss: 0.00, train 84.52%
epoch 13, loss: 0.67, train 84.69%
epoch 13, loss: 0.26, train 84.70%
epoch 13, loss: 1.00, train 84.85%
epoch 13, loss: 0.08, train 85.14%
epoch 13, loss: 0.18, train 85.42%
epoch 13, loss: 0.01, train 85.81%
epoch 13, loss: 1.14, train 85.92%
epoch 13, loss: 0.24, train 86.15%
epoch 13, loss: 0.59, train 86.25%
epoch 13, loss: 0.54, train 86.22%
epoch 13, loss: 3.40, train 85.60%
epoch 13, loss: 0.92, train 85.47%
epoch 13, loss: 1.47, train 85.34%
epoch 13, loss: 0.93, train 85.56%
Epoch completed!
epoch 13, total signals 900, average_loss_per_batch: 1.364562, train 85.56%
Validating
Val set size: 120, validation accuracy 63.33%
epoch 14, loss: 1.53, train 85.00%
epoch 14, loss: 0.00, train 92.50%
epoch 14, loss: 0.38, train 93.33%
epoch 14, loss: 0.11, train 93.75%
epoch 14, loss: 0.15, train 94.00%
epoch 14, loss: 0.02, train 95.00%
epoch 14, loss: 3.98, train 90.00%
epoch 14, loss: 0.23, train 90.62%
epoch 14, loss: 0.09, train 91.11%
epoch 14, loss: 0.90, train 90.50%
epoch 14, loss: 2.05, train 89.09%
epoch 14, loss: 1.14, train 88.33%
epoch 14, loss: 0.63, train 88.46%
epoch 14, loss: 0.04, train 89.29%
epoch 14, loss: 1.00, train 88.67%
epoch 14, loss: 0.03, train 89.38%
epoch 14, loss: 1.83, train 88.53%
epoch 14, loss: 3.97, train 87.78%
epoch 14, loss: 0.55, train 87.63%
epoch 14, loss: 2.29, train 86.50%
epoch 14, loss: 0.94, train 86.19%
epoch 14, loss: 1.55, train 86.14%
epoch 14, loss: 2.21, train 85.22%
epoch 14, loss: 0.09, train 85.62%
epoch 14, loss: 0.28, train 85.80%
epoch 14, loss: 0.27, train 86.15%
epoch 14, loss: 2.56, train 85.56%
epoch 14, loss: 0.20, train 85.54%
epoch 14, loss: 0.13, train 85.69%
epoch 14, loss: 8.97, train 84.67%
epoch 14, loss: 0.59, train 84.68%
epoch 14, loss: 1.49, train 84.22%
epoch 14, loss: 0.07, train 84.55%
epoch 14, loss: 1.53, train 84.26%
epoch 14, loss: 0.00, train 84.71%
epoch 14, loss: 0.90, train 84.58%
epoch 14, loss: 0.00, train 85.00%
epoch 14, loss: 0.23, train 85.13%
epoch 14, loss: 0.00, train 85.51%
epoch 14, loss: 0.26, train 85.75%
epoch 14, loss: 0.03, train 86.10%
epoch 14, loss: 0.01, train 86.43%
epoch 14, loss: 1.83, train 86.28%
epoch 14, loss: 0.09, train 86.48%
epoch 14, loss: 0.14, train 86.67%
Epoch completed!
epoch 14, total signals 900, average_loss_per_batch: 1.006367, train 86.67%
Validating
Val set size: 120, validation accuracy 69.17%
epoch 15, loss: 0.21, train 95.00%
epoch 15, loss: 0.09, train 95.00%
epoch 15, loss: 0.01, train 96.67%
epoch 15, loss: 1.61, train 92.50%
epoch 15, loss: 0.32, train 93.00%
epoch 15, loss: 0.05, train 93.33%
epoch 15, loss: 2.76, train 90.00%
epoch 15, loss: 1.02, train 89.38%
epoch 15, loss: 0.51, train 88.89%
epoch 15, loss: 0.30, train 89.50%
epoch 15, loss: 2.40, train 88.64%
epoch 15, loss: 0.44, train 88.75%
epoch 15, loss: 0.63, train 88.46%
epoch 15, loss: 0.65, train 88.93%
epoch 15, loss: 0.00, train 89.67%
epoch 15, loss: 0.23, train 89.38%
epoch 15, loss: 0.72, train 89.71%
epoch 15, loss: 0.10, train 90.00%
epoch 15, loss: 0.74, train 90.00%
epoch 15, loss: 0.83, train 90.25%
epoch 15, loss: 0.26, train 90.48%
epoch 15, loss: 7.11, train 88.64%
epoch 15, loss: 7.50, train 87.17%
epoch 15, loss: 0.01, train 87.71%
epoch 15, loss: 0.97, train 87.60%
epoch 15, loss: 0.37, train 87.88%
epoch 15, loss: 0.98, train 87.96%
epoch 15, loss: 0.32, train 88.21%
epoch 15, loss: 0.15, train 88.45%
epoch 15, loss: 4.48, train 87.83%
epoch 15, loss: 0.01, train 88.23%
epoch 15, loss: 3.93, train 87.97%
epoch 15, loss: 0.00, train 88.33%
epoch 15, loss: 1.33, train 88.38%
epoch 15, loss: 0.01, train 88.71%
epoch 15, loss: 0.24, train 88.89%
epoch 15, loss: 4.47, train 87.97%
epoch 15, loss: 16.04, train 86.97%
epoch 15, loss: 5.73, train 86.54%
epoch 15, loss: 0.39, train 86.75%
epoch 15, loss: 0.75, train 86.83%
epoch 15, loss: 0.01, train 87.14%
epoch 15, loss: 0.44, train 87.33%
epoch 15, loss: 0.07, train 87.50%
epoch 15, loss: 0.72, train 87.56%
Epoch completed!
epoch 15, total signals 900, average_loss_per_batch: 1.553007, train 87.56%
Validating
Val set size: 120, validation accuracy 68.33%
epoch 16, loss: 3.65, train 60.00%
epoch 16, loss: 1.40, train 72.50%
epoch 16, loss: 1.07, train 73.33%
epoch 16, loss: 0.30, train 78.75%
epoch 16, loss: 0.35, train 82.00%
epoch 16, loss: 0.46, train 81.67%
epoch 16, loss: 0.24, train 83.57%
epoch 16, loss: 0.72, train 84.38%
epoch 16, loss: 0.00, train 86.11%
epoch 16, loss: 0.58, train 86.50%
epoch 16, loss: 0.29, train 86.82%
epoch 16, loss: 0.38, train 87.50%
epoch 16, loss: 0.00, train 88.46%
epoch 16, loss: 1.53, train 88.21%
epoch 16, loss: 0.29, train 88.33%
epoch 16, loss: 55.51, train 83.75%
epoch 16, loss: 0.02, train 84.71%
epoch 16, loss: 1.36, train 84.72%
epoch 16, loss: 6.84, train 82.89%
epoch 16, loss: 1.13, train 82.75%
epoch 16, loss: 2.57, train 81.67%
epoch 16, loss: 2.30, train 81.14%
epoch 16, loss: 0.35, train 81.74%
epoch 16, loss: 0.56, train 82.08%
epoch 16, loss: 0.56, train 82.60%
epoch 16, loss: 0.79, train 82.69%
epoch 16, loss: 2.57, train 82.41%
epoch 16, loss: 3.71, train 81.61%
epoch 16, loss: 7.85, train 81.03%
epoch 16, loss: 2.68, train 80.17%
epoch 16, loss: 2.73, train 79.84%
epoch 16, loss: 0.84, train 80.16%
epoch 16, loss: 0.15, train 80.45%
epoch 16, loss: 1.04, train 80.29%
epoch 16, loss: 13.35, train 79.29%
epoch 16, loss: 3.90, train 79.03%
epoch 16, loss: 0.12, train 79.32%
epoch 16, loss: 1.81, train 79.47%
epoch 16, loss: 2.44, train 79.36%
epoch 16, loss: 3.66, train 79.00%
epoch 16, loss: 0.36, train 79.27%
epoch 16, loss: 0.00, train 79.76%
epoch 16, loss: 1.49, train 79.77%
epoch 16, loss: 0.28, train 80.00%
epoch 16, loss: 1.94, train 80.00%
Epoch completed!
epoch 16, total signals 900, average_loss_per_batch: 2.982554, train 80.00%
Validating
Val set size: 120, validation accuracy 62.50%
epoch 17, loss: 3.41, train 75.00%
epoch 17, loss: 5.03, train 57.50%
epoch 17, loss: 1.06, train 65.00%
epoch 17, loss: 5.87, train 66.25%
epoch 17, loss: 1.27, train 69.00%
epoch 17, loss: 0.47, train 72.50%
epoch 17, loss: 18.45, train 69.29%
epoch 17, loss: 1.48, train 71.25%
epoch 17, loss: 5.05, train 71.11%
epoch 17, loss: 0.09, train 73.50%
epoch 17, loss: 1.99, train 73.64%
epoch 17, loss: 0.27, train 74.17%
epoch 17, loss: 1.00, train 74.62%
epoch 17, loss: 0.53, train 75.36%
epoch 17, loss: 0.08, train 76.67%
epoch 17, loss: 2.02, train 76.25%
epoch 17, loss: 21.69, train 74.71%
epoch 17, loss: 0.27, train 75.83%
epoch 17, loss: 0.08, train 76.84%
epoch 17, loss: 0.24, train 77.75%
epoch 17, loss: 0.20, train 78.33%
epoch 17, loss: 4.14, train 77.73%
epoch 17, loss: 0.44, train 78.04%
epoch 17, loss: 0.00, train 78.96%
epoch 17, loss: 2.07, train 78.80%
epoch 17, loss: 5.12, train 78.46%
epoch 17, loss: 0.20, train 78.89%
epoch 17, loss: 0.00, train 79.64%
epoch 17, loss: 3.38, train 79.66%
epoch 17, loss: 0.42, train 80.00%
epoch 17, loss: 1.86, train 79.68%
epoch 17, loss: 0.20, train 80.00%
epoch 17, loss: 0.02, train 80.61%
epoch 17, loss: 0.43, train 80.74%
epoch 17, loss: 0.36, train 81.14%
epoch 17, loss: 2.49, train 80.97%
epoch 17, loss: 29.29, train 80.27%
epoch 17, loss: 1.54, train 80.39%
epoch 17, loss: 3.08, train 80.13%
epoch 17, loss: 0.22, train 80.50%
epoch 17, loss: 0.11, train 80.85%
epoch 17, loss: 1.20, train 80.95%
epoch 17, loss: 4.82, train 80.47%
epoch 17, loss: 6.16, train 80.00%
epoch 17, loss: 0.92, train 80.22%
Epoch completed!
epoch 17, total signals 900, average_loss_per_batch: 3.089141, train 80.22%
Validating
Val set size: 120, validation accuracy 56.67%
epoch 18, loss: 0.35, train 90.00%
epoch 18, loss: 1.61, train 85.00%
epoch 18, loss: 2.43, train 81.67%
epoch 18, loss: 2.53, train 81.25%
epoch 18, loss: 0.32, train 83.00%
epoch 18, loss: 0.34, train 84.17%
epoch 18, loss: 4.55, train 81.43%
epoch 18, loss: 0.27, train 83.12%
epoch 18, loss: 0.02, train 85.00%
epoch 18, loss: 1.45, train 85.00%
epoch 18, loss: 3.27, train 83.64%
epoch 18, loss: 1.05, train 84.17%
epoch 18, loss: 7.71, train 81.54%
epoch 18, loss: 2.42, train 80.71%
epoch 18, loss: 0.36, train 81.33%
epoch 18, loss: 0.56, train 81.88%
epoch 18, loss: 1.98, train 82.35%
epoch 18, loss: 0.77, train 82.50%
epoch 18, loss: 0.33, train 83.16%
epoch 18, loss: 2.69, train 82.25%
epoch 18, loss: 1.45, train 81.67%
epoch 18, loss: 0.22, train 82.27%
epoch 18, loss: 1.44, train 81.52%
epoch 18, loss: 0.01, train 82.29%
epoch 18, loss: 2.69, train 81.60%
epoch 18, loss: 0.75, train 81.54%
epoch 18, loss: 0.13, train 82.04%
epoch 18, loss: 2.48, train 81.61%
epoch 18, loss: 0.23, train 82.07%
epoch 18, loss: 0.65, train 82.33%
epoch 18, loss: 1.47, train 82.26%
epoch 18, loss: 0.31, train 82.50%
epoch 18, loss: 0.17, train 82.88%
epoch 18, loss: 0.40, train 83.09%
epoch 18, loss: 0.00, train 83.57%
epoch 18, loss: 0.22, train 83.89%
epoch 18, loss: 0.64, train 84.05%
epoch 18, loss: 0.01, train 84.47%
epoch 18, loss: 0.84, train 84.74%
epoch 18, loss: 0.67, train 84.88%
epoch 18, loss: 0.55, train 84.88%
epoch 18, loss: 0.82, train 85.00%
epoch 18, loss: 3.14, train 84.65%
epoch 18, loss: 2.63, train 84.43%
epoch 18, loss: 0.54, train 84.67%
Epoch completed!
epoch 18, total signals 900, average_loss_per_batch: 1.277309, train 84.67%
Validating
Val set size: 120, validation accuracy 64.17%
epoch 19, loss: 1.14, train 85.00%
epoch 19, loss: 0.58, train 90.00%
epoch 19, loss: 0.09, train 90.00%
epoch 19, loss: 0.00, train 92.50%
epoch 19, loss: 0.79, train 90.00%
epoch 19, loss: 0.23, train 90.00%
epoch 19, loss: 1.53, train 90.71%
epoch 19, loss: 0.48, train 91.25%
epoch 19, loss: 0.26, train 91.67%
epoch 19, loss: 0.81, train 91.50%
epoch 19, loss: 0.42, train 90.91%
epoch 19, loss: 0.28, train 91.25%
epoch 19, loss: 0.00, train 91.92%
epoch 19, loss: 0.26, train 92.14%
epoch 19, loss: 0.00, train 92.67%
epoch 19, loss: 0.82, train 92.50%
epoch 19, loss: 0.24, train 92.65%
epoch 19, loss: 3.22, train 91.67%
epoch 19, loss: 0.01, train 92.11%
epoch 19, loss: 3.27, train 91.00%
epoch 19, loss: 0.14, train 90.95%
epoch 19, loss: 0.33, train 91.14%
epoch 19, loss: 0.04, train 91.52%
epoch 19, loss: 0.56, train 91.67%
epoch 19, loss: 0.31, train 91.80%
epoch 19, loss: 0.53, train 91.73%
epoch 19, loss: 0.14, train 91.85%
epoch 19, loss: 0.25, train 91.96%
epoch 19, loss: 0.88, train 91.90%
epoch 19, loss: 0.01, train 92.17%
epoch 19, loss: 0.06, train 92.42%
epoch 19, loss: 0.55, train 92.19%
epoch 19, loss: 1.58, train 91.82%
epoch 19, loss: 0.00, train 92.06%
epoch 19, loss: 0.00, train 92.29%
epoch 19, loss: 3.89, train 91.94%
epoch 19, loss: 0.03, train 92.16%
epoch 19, loss: 0.00, train 92.37%
epoch 19, loss: 1.16, train 92.18%
epoch 19, loss: 0.21, train 92.25%
epoch 19, loss: 0.22, train 92.32%
epoch 19, loss: 0.00, train 92.50%
epoch 19, loss: 0.37, train 92.56%
epoch 19, loss: 4.36, train 92.05%
epoch 19, loss: 0.01, train 92.22%
Epoch completed!
epoch 19, total signals 900, average_loss_per_batch: 0.668220, train 92.22%
Validating
Val set size: 120, validation accuracy 63.33%
epoch 20, loss: 0.12, train 95.00%
epoch 20, loss: 0.01, train 97.50%
epoch 20, loss: 0.02, train 98.33%
epoch 20, loss: 2.18, train 92.50%
epoch 20, loss: 0.02, train 94.00%
epoch 20, loss: 0.04, train 95.00%
epoch 20, loss: 0.44, train 95.00%
epoch 20, loss: 0.04, train 95.62%
epoch 20, loss: 0.11, train 95.56%
epoch 20, loss: 3.24, train 93.50%
epoch 20, loss: 0.00, train 94.09%
epoch 20, loss: 0.37, train 93.33%
epoch 20, loss: 0.04, train 93.85%
epoch 20, loss: 0.21, train 93.57%
epoch 20, loss: 0.35, train 93.67%
epoch 20, loss: 0.00, train 94.06%
epoch 20, loss: 0.81, train 93.82%
epoch 20, loss: 0.00, train 94.17%
epoch 20, loss: 0.23, train 93.95%
epoch 20, loss: 0.00, train 94.25%
epoch 20, loss: 0.30, train 94.05%
epoch 20, loss: 0.30, train 93.86%
epoch 20, loss: 0.03, train 94.13%
epoch 20, loss: 0.30, train 94.17%
epoch 20, loss: 0.08, train 94.20%
epoch 20, loss: 3.25, train 93.46%
epoch 20, loss: 0.03, train 93.70%
epoch 20, loss: 0.05, train 93.75%
epoch 20, loss: 0.66, train 93.79%
epoch 20, loss: 0.70, train 93.67%
epoch 20, loss: 0.76, train 93.06%
epoch 20, loss: 0.34, train 93.12%
epoch 20, loss: 0.76, train 93.03%
epoch 20, loss: 0.00, train 93.24%
epoch 20, loss: 0.59, train 93.14%
epoch 20, loss: 1.33, train 92.78%
epoch 20, loss: 0.38, train 92.70%
epoch 20, loss: 0.17, train 92.76%
epoch 20, loss: 0.01, train 92.95%
epoch 20, loss: 0.12, train 93.00%
epoch 20, loss: 4.45, train 92.56%
epoch 20, loss: 0.41, train 92.62%
epoch 20, loss: 0.22, train 92.56%
epoch 20, loss: 0.00, train 92.73%
epoch 20, loss: 0.00, train 92.89%
Epoch completed!
epoch 20, total signals 900, average_loss_per_batch: 0.521986, train 92.89%
Validating
Val set size: 120, validation accuracy 65.83%
epoch 21, loss: 1.73, train 75.00%
epoch 21, loss: 0.58, train 85.00%
epoch 21, loss: 0.03, train 90.00%
epoch 21, loss: 0.00, train 92.50%
epoch 21, loss: 0.88, train 92.00%
epoch 21, loss: 0.14, train 92.50%
epoch 21, loss: 2.76, train 87.14%
epoch 21, loss: 0.00, train 88.75%
epoch 21, loss: 0.12, train 89.44%
epoch 21, loss: 1.25, train 89.00%
epoch 21, loss: 0.80, train 89.09%
epoch 21, loss: 0.87, train 88.75%
epoch 21, loss: 0.06, train 89.23%
epoch 21, loss: 1.35, train 88.93%
epoch 21, loss: 0.12, train 89.33%
epoch 21, loss: 0.04, train 90.00%
epoch 21, loss: 0.40, train 90.29%
epoch 21, loss: 0.87, train 90.28%
epoch 21, loss: 0.23, train 90.53%
epoch 21, loss: 0.01, train 91.00%
epoch 21, loss: 3.55, train 90.48%
epoch 21, loss: 0.87, train 90.45%
epoch 21, loss: 0.00, train 90.87%
epoch 21, loss: 0.00, train 91.25%
epoch 21, loss: 0.44, train 91.00%
epoch 21, loss: 0.51, train 91.15%
epoch 21, loss: 0.00, train 91.48%
epoch 21, loss: 1.36, train 91.07%
epoch 21, loss: 0.09, train 91.21%
epoch 21, loss: 1.76, train 91.00%
epoch 21, loss: 0.09, train 91.13%
epoch 21, loss: 0.32, train 91.09%
epoch 21, loss: 0.29, train 91.06%
epoch 21, loss: 0.58, train 91.18%
epoch 21, loss: 0.45, train 91.14%
epoch 21, loss: 0.00, train 91.39%
epoch 21, loss: 0.03, train 91.62%
epoch 21, loss: 2.61, train 91.32%
epoch 21, loss: 0.00, train 91.54%
epoch 21, loss: 0.00, train 91.75%
epoch 21, loss: 1.89, train 91.46%
epoch 21, loss: 1.52, train 90.83%
epoch 21, loss: 0.67, train 90.81%
epoch 21, loss: 22.92, train 89.43%
epoch 21, loss: 1.02, train 89.22%
Epoch completed!
epoch 21, total signals 900, average_loss_per_batch: 1.182891, train 89.22%
Validating
Val set size: 120, validation accuracy 65.00%
epoch 22, loss: 0.36, train 95.00%
epoch 22, loss: 0.57, train 92.50%
epoch 22, loss: 0.70, train 91.67%
epoch 22, loss: 3.29, train 90.00%
epoch 22, loss: 0.27, train 89.00%
epoch 22, loss: 1.53, train 88.33%
epoch 22, loss: 1.97, train 86.43%
epoch 22, loss: 0.64, train 86.25%
epoch 22, loss: 0.21, train 86.67%
epoch 22, loss: 0.60, train 87.50%
epoch 22, loss: 0.00, train 88.64%
epoch 22, loss: 0.15, train 89.17%
epoch 22, loss: 0.01, train 90.00%
epoch 22, loss: 0.00, train 90.71%
epoch 22, loss: 0.00, train 91.33%
epoch 22, loss: 0.88, train 90.94%
epoch 22, loss: 1.79, train 90.29%
epoch 22, loss: 0.02, train 90.83%
epoch 22, loss: 3.10, train 89.47%
epoch 22, loss: 1.33, train 88.75%
epoch 22, loss: 1.03, train 88.10%
epoch 22, loss: 1.41, train 87.73%
epoch 22, loss: 0.13, train 88.04%
epoch 22, loss: 1.81, train 87.92%
epoch 22, loss: 1.06, train 88.20%
epoch 22, loss: 0.99, train 88.08%
epoch 22, loss: 0.74, train 87.78%
epoch 22, loss: 0.59, train 87.68%
epoch 22, loss: 0.24, train 87.93%
epoch 22, loss: 0.37, train 88.00%
epoch 22, loss: 0.94, train 87.90%
epoch 22, loss: 0.34, train 87.81%
epoch 22, loss: 1.45, train 87.88%
epoch 22, loss: 0.03, train 88.24%
epoch 22, loss: 0.44, train 88.43%
epoch 22, loss: 0.61, train 88.61%
epoch 22, loss: 4.03, train 87.84%
epoch 22, loss: 0.45, train 87.89%
epoch 22, loss: 0.50, train 87.82%
epoch 22, loss: 0.29, train 88.00%
epoch 22, loss: 0.43, train 88.17%
epoch 22, loss: 0.67, train 88.33%
epoch 22, loss: 1.16, train 88.37%
epoch 22, loss: 5.42, train 87.61%
epoch 22, loss: 0.43, train 87.67%
Epoch completed!
epoch 22, total signals 900, average_loss_per_batch: 0.954913, train 87.67%
Validating
Val set size: 120, validation accuracy 65.83%
epoch 23, loss: 0.68, train 95.00%
epoch 23, loss: 1.42, train 90.00%
epoch 23, loss: 0.02, train 93.33%
epoch 23, loss: 0.00, train 95.00%
epoch 23, loss: 0.02, train 96.00%
epoch 23, loss: 0.70, train 95.83%
epoch 23, loss: 1.58, train 94.29%
epoch 23, loss: 0.22, train 93.75%
epoch 23, loss: 3.11, train 91.67%
epoch 23, loss: 0.00, train 92.50%
epoch 23, loss: 0.01, train 93.18%
epoch 23, loss: 0.23, train 93.33%
epoch 23, loss: 0.07, train 93.46%
epoch 23, loss: 0.00, train 93.93%
epoch 23, loss: 1.45, train 94.00%
epoch 23, loss: 0.00, train 94.38%
epoch 23, loss: 0.38, train 94.41%
epoch 23, loss: 0.01, train 94.72%
epoch 23, loss: 0.28, train 94.47%
epoch 23, loss: 0.00, train 94.75%
epoch 23, loss: 0.43, train 94.29%
epoch 23, loss: 0.19, train 94.32%
epoch 23, loss: 0.62, train 93.91%
epoch 23, loss: 0.02, train 94.17%
epoch 23, loss: 0.00, train 94.40%
epoch 23, loss: 1.50, train 93.85%
epoch 23, loss: 0.36, train 93.70%
epoch 23, loss: 0.71, train 93.57%
epoch 23, loss: 0.77, train 93.62%
epoch 23, loss: 0.29, train 93.50%
epoch 23, loss: 0.23, train 93.39%
epoch 23, loss: 0.01, train 93.59%
epoch 23, loss: 0.30, train 93.64%
epoch 23, loss: 0.00, train 93.82%
epoch 23, loss: 0.01, train 94.00%
epoch 23, loss: 0.00, train 94.17%
epoch 23, loss: 0.32, train 94.19%
epoch 23, loss: 0.59, train 94.08%
epoch 23, loss: 0.14, train 94.10%
epoch 23, loss: 0.05, train 94.12%
epoch 23, loss: 0.40, train 94.15%
epoch 23, loss: 1.29, train 93.93%
epoch 23, loss: 0.06, train 93.95%
epoch 23, loss: 0.32, train 93.86%
epoch 23, loss: 0.42, train 93.67%
Epoch completed!
epoch 23, total signals 900, average_loss_per_batch: 0.427577, train 93.67%
Validating
Val set size: 120, validation accuracy 69.17%
epoch 24, loss: 0.00, train 100.00%
epoch 24, loss: 0.10, train 97.50%
epoch 24, loss: 0.00, train 98.33%
epoch 24, loss: 0.66, train 93.75%
epoch 24, loss: 0.49, train 94.00%
epoch 24, loss: 1.06, train 92.50%
epoch 24, loss: 0.12, train 92.86%
epoch 24, loss: 1.61, train 91.88%
epoch 24, loss: 0.07, train 92.22%
epoch 24, loss: 0.00, train 93.00%
epoch 24, loss: 0.05, train 93.64%
epoch 24, loss: 0.61, train 92.92%
epoch 24, loss: 0.81, train 93.08%
epoch 24, loss: 0.04, train 93.57%
epoch 24, loss: 0.02, train 94.00%
epoch 24, loss: 0.71, train 93.75%
epoch 24, loss: 0.00, train 94.12%
epoch 24, loss: 0.36, train 93.61%
epoch 24, loss: 0.07, train 93.68%
epoch 24, loss: 0.27, train 93.75%
epoch 24, loss: 0.48, train 93.57%
epoch 24, loss: 0.09, train 93.64%
epoch 24, loss: 0.17, train 93.70%
epoch 24, loss: 0.00, train 93.96%
epoch 24, loss: 0.01, train 94.20%
epoch 24, loss: 0.00, train 94.42%
epoch 24, loss: 0.44, train 94.26%
epoch 24, loss: 0.01, train 94.46%
epoch 24, loss: 0.73, train 94.31%
epoch 24, loss: 0.00, train 94.50%
epoch 24, loss: 0.04, train 94.68%
epoch 24, loss: 0.08, train 94.69%
epoch 24, loss: 0.85, train 94.55%
epoch 24, loss: 0.00, train 94.71%
epoch 24, loss: 0.02, train 94.86%
epoch 24, loss: 0.01, train 95.00%
epoch 24, loss: 0.09, train 95.00%
epoch 24, loss: 0.00, train 95.13%
epoch 24, loss: 0.05, train 95.26%
epoch 24, loss: 0.09, train 95.25%
epoch 24, loss: 0.00, train 95.37%
epoch 24, loss: 1.88, train 94.88%
epoch 24, loss: 0.15, train 94.77%
epoch 24, loss: 0.03, train 94.89%
epoch 24, loss: 0.02, train 95.00%
Epoch completed!
epoch 24, total signals 900, average_loss_per_batch: 0.273689, train 95.00%
Validating
Val set size: 120, validation accuracy 65.83%
epoch 25, loss: 0.24, train 95.00%
epoch 25, loss: 1.10, train 92.50%
epoch 25, loss: 0.01, train 95.00%
epoch 25, loss: 0.28, train 93.75%
epoch 25, loss: 2.26, train 92.00%
epoch 25, loss: 0.18, train 91.67%
epoch 25, loss: 0.00, train 92.86%
epoch 25, loss: 0.03, train 93.75%
epoch 25, loss: 0.09, train 93.89%
epoch 25, loss: 0.00, train 94.50%
epoch 25, loss: 0.11, train 94.55%
epoch 25, loss: 0.02, train 95.00%
epoch 25, loss: 0.61, train 94.62%
epoch 25, loss: 0.06, train 94.64%
epoch 25, loss: 1.38, train 93.67%
epoch 25, loss: 0.20, train 93.75%
epoch 25, loss: 0.60, train 93.53%
epoch 25, loss: 0.05, train 93.61%
epoch 25, loss: 0.00, train 93.95%
epoch 25, loss: 7.12, train 92.00%
epoch 25, loss: 1.75, train 91.43%
epoch 25, loss: 0.06, train 91.59%
epoch 25, loss: 0.10, train 91.52%
epoch 25, loss: 0.23, train 91.46%
epoch 25, loss: 0.00, train 91.80%
epoch 25, loss: 0.23, train 91.73%
epoch 25, loss: 0.27, train 91.85%
epoch 25, loss: 0.55, train 91.61%
epoch 25, loss: 0.47, train 91.72%
epoch 25, loss: 1.31, train 91.17%
epoch 25, loss: 0.29, train 91.13%
epoch 25, loss: 0.00, train 91.41%
epoch 25, loss: 0.05, train 91.52%
epoch 25, loss: 1.09, train 91.18%
epoch 25, loss: 0.22, train 91.29%
epoch 25, loss: 0.00, train 91.53%
epoch 25, loss: 0.10, train 91.62%
epoch 25, loss: 0.26, train 91.71%
epoch 25, loss: 4.53, train 91.03%
epoch 25, loss: 0.23, train 91.12%
epoch 25, loss: 0.03, train 91.34%
epoch 25, loss: 0.12, train 91.43%
epoch 25, loss: 0.28, train 91.51%
epoch 25, loss: 0.16, train 91.59%
epoch 25, loss: 0.72, train 91.56%
Epoch completed!
epoch 25, total signals 900, average_loss_per_batch: 0.608688, train 91.56%
Validating
Val set size: 120, validation accuracy 69.17%
epoch 26, loss: 0.00, train 100.00%
epoch 26, loss: 0.00, train 100.00%
epoch 26, loss: 0.17, train 98.33%
epoch 26, loss: 0.34, train 97.50%
epoch 26, loss: 0.02, train 98.00%
epoch 26, loss: 0.00, train 98.33%
epoch 26, loss: 0.73, train 96.43%
epoch 26, loss: 0.00, train 96.88%
epoch 26, loss: 0.01, train 97.22%
epoch 26, loss: 0.76, train 97.00%
epoch 26, loss: 0.29, train 96.82%
epoch 26, loss: 0.25, train 96.67%
epoch 26, loss: 0.95, train 95.38%
epoch 26, loss: 0.01, train 95.71%
epoch 26, loss: 3.53, train 93.33%
epoch 26, loss: 0.05, train 93.44%
epoch 26, loss: 0.01, train 93.82%
epoch 26, loss: 0.00, train 94.17%
epoch 26, loss: 0.00, train 94.47%
epoch 26, loss: 0.00, train 94.75%
epoch 26, loss: 0.00, train 95.00%
epoch 26, loss: 0.00, train 95.23%
epoch 26, loss: 0.08, train 95.43%
epoch 26, loss: 0.00, train 95.62%
epoch 26, loss: 0.06, train 95.60%
epoch 26, loss: 0.03, train 95.77%
epoch 26, loss: 0.78, train 95.56%
epoch 26, loss: 0.24, train 95.18%
epoch 26, loss: 0.69, train 95.17%
epoch 26, loss: 0.03, train 95.33%
epoch 26, loss: 0.41, train 95.16%
epoch 26, loss: 0.12, train 95.16%
epoch 26, loss: 0.00, train 95.30%
epoch 26, loss: 0.08, train 95.29%
epoch 26, loss: 0.23, train 95.29%
epoch 26, loss: 20.60, train 93.47%
epoch 26, loss: 0.03, train 93.65%
epoch 26, loss: 0.08, train 93.55%
epoch 26, loss: 0.21, train 93.46%
epoch 26, loss: 0.34, train 93.38%
epoch 26, loss: 3.40, train 92.93%
epoch 26, loss: 0.01, train 93.10%
epoch 26, loss: 0.54, train 92.79%
epoch 26, loss: 1.08, train 92.27%
epoch 26, loss: 0.95, train 92.11%
Epoch completed!
epoch 26, total signals 900, average_loss_per_batch: 0.824684, train 92.11%
Validating
Val set size: 120, validation accuracy 67.50%
epoch 27, loss: 0.01, train 100.00%
epoch 27, loss: 1.60, train 90.00%
epoch 27, loss: 0.00, train 93.33%
epoch 27, loss: 0.00, train 95.00%
epoch 27, loss: 0.00, train 96.00%
epoch 27, loss: 0.00, train 96.67%
epoch 27, loss: 0.26, train 95.71%
epoch 27, loss: 0.33, train 93.75%
epoch 27, loss: 2.29, train 90.56%
epoch 27, loss: 0.00, train 91.50%
epoch 27, loss: 0.33, train 91.36%
epoch 27, loss: 12.67, train 88.33%
epoch 27, loss: 0.00, train 89.23%
epoch 27, loss: 0.00, train 90.00%
epoch 27, loss: 1.20, train 90.33%
epoch 27, loss: 0.00, train 90.94%
epoch 27, loss: 1.53, train 90.59%
epoch 27, loss: 0.79, train 90.28%
epoch 27, loss: 2.28, train 88.95%
epoch 27, loss: 0.40, train 88.75%
epoch 27, loss: 1.51, train 88.33%
epoch 27, loss: 3.07, train 87.27%
epoch 27, loss: 1.31, train 87.17%
epoch 27, loss: 0.35, train 87.50%
epoch 27, loss: 0.00, train 88.00%
epoch 27, loss: 0.31, train 88.08%
epoch 27, loss: 0.95, train 87.78%
epoch 27, loss: 0.49, train 88.04%
epoch 27, loss: 0.33, train 88.28%
epoch 27, loss: 0.83, train 88.33%
epoch 27, loss: 1.34, train 87.90%
epoch 27, loss: 2.87, train 87.66%
epoch 27, loss: 0.84, train 87.58%
epoch 27, loss: 0.17, train 87.65%
epoch 27, loss: 0.21, train 87.86%
epoch 27, loss: 0.33, train 88.06%
epoch 27, loss: 1.82, train 88.11%
epoch 27, loss: 0.10, train 88.29%
epoch 27, loss: 0.15, train 88.33%
epoch 27, loss: 3.20, train 87.88%
epoch 27, loss: 0.41, train 87.80%
epoch 27, loss: 0.53, train 87.98%
epoch 27, loss: 0.04, train 88.14%
epoch 27, loss: 0.03, train 88.41%
epoch 27, loss: 1.65, train 88.22%
Epoch completed!
epoch 27, total signals 900, average_loss_per_batch: 1.034522, train 88.22%
Validating
Val set size: 120, validation accuracy 65.00%
epoch 28, loss: 0.00, train 100.00%
epoch 28, loss: 0.64, train 95.00%
epoch 28, loss: 1.59, train 86.67%
epoch 28, loss: 0.06, train 88.75%
epoch 28, loss: 0.00, train 91.00%
epoch 28, loss: 0.00, train 92.50%
epoch 28, loss: 0.03, train 93.57%
epoch 28, loss: 0.00, train 94.38%
epoch 28, loss: 0.06, train 94.44%
epoch 28, loss: 0.01, train 95.00%
epoch 28, loss: 1.53, train 94.09%
epoch 28, loss: 0.04, train 94.58%
epoch 28, loss: 20.04, train 90.00%
epoch 28, loss: 0.00, train 90.71%
epoch 28, loss: 0.00, train 91.33%
epoch 28, loss: 0.18, train 91.56%
epoch 28, loss: 0.52, train 91.47%
epoch 28, loss: 1.52, train 90.56%
epoch 28, loss: 0.93, train 90.79%
epoch 28, loss: 0.01, train 91.25%
epoch 28, loss: 0.82, train 90.95%
epoch 28, loss: 0.00, train 91.36%
epoch 28, loss: 0.10, train 91.52%
epoch 28, loss: 0.40, train 91.67%
epoch 28, loss: 0.33, train 91.60%
epoch 28, loss: 2.50, train 90.96%
epoch 28, loss: 0.00, train 91.30%
epoch 28, loss: 23.35, train 89.46%
epoch 28, loss: 0.00, train 89.83%
epoch 28, loss: 0.93, train 89.83%
epoch 28, loss: 2.87, train 89.35%
epoch 28, loss: 0.31, train 89.53%
epoch 28, loss: 1.84, train 89.09%
epoch 28, loss: 8.63, train 87.65%
epoch 28, loss: 1.09, train 87.71%
epoch 28, loss: 0.11, train 87.92%
epoch 28, loss: 0.01, train 88.24%
epoch 28, loss: 0.49, train 88.29%
epoch 28, loss: 10.09, train 87.31%
epoch 28, loss: 0.71, train 87.25%
epoch 28, loss: 0.65, train 87.32%
epoch 28, loss: 0.11, train 87.50%
epoch 28, loss: 0.57, train 87.44%
epoch 28, loss: 0.00, train 87.73%
epoch 28, loss: 0.02, train 88.00%
Epoch completed!
epoch 28, total signals 900, average_loss_per_batch: 1.846835, train 88.00%
Validating
Val set size: 120, validation accuracy 64.17%
epoch 29, loss: 1.06, train 85.00%
epoch 29, loss: 0.09, train 90.00%
epoch 29, loss: 0.01, train 93.33%
epoch 29, loss: 0.51, train 91.25%
epoch 29, loss: 0.02, train 93.00%
epoch 29, loss: 0.03, train 94.17%
epoch 29, loss: 0.00, train 95.00%
epoch 29, loss: 0.05, train 95.00%
epoch 29, loss: 0.31, train 94.44%
epoch 29, loss: 0.76, train 94.00%
epoch 29, loss: 0.00, train 94.55%
epoch 29, loss: 0.00, train 95.00%
epoch 29, loss: 0.00, train 95.38%
epoch 29, loss: 0.00, train 95.71%
epoch 29, loss: 0.01, train 96.00%
epoch 29, loss: 0.02, train 96.25%
epoch 29, loss: 1.64, train 95.29%
epoch 29, loss: 4.76, train 93.89%
epoch 29, loss: 0.35, train 93.95%
epoch 29, loss: 0.00, train 94.25%
epoch 29, loss: 2.69, train 92.86%
epoch 29, loss: 0.25, train 92.73%
epoch 29, loss: 3.01, train 91.52%
epoch 29, loss: 0.37, train 91.67%
epoch 29, loss: 0.39, train 91.60%
epoch 29, loss: 0.39, train 91.73%
epoch 29, loss: 0.13, train 91.85%
epoch 29, loss: 26.46, train 90.18%
epoch 29, loss: 0.15, train 90.34%
epoch 29, loss: 0.05, train 90.50%
epoch 29, loss: 0.94, train 90.32%
epoch 29, loss: 12.05, train 89.06%
epoch 29, loss: 0.48, train 89.09%
epoch 29, loss: 0.37, train 89.12%
epoch 29, loss: 1.44, train 88.71%
epoch 29, loss: 0.96, train 88.61%
epoch 29, loss: 0.14, train 88.78%
epoch 29, loss: 0.12, train 88.95%
epoch 29, loss: 0.28, train 88.97%
epoch 29, loss: 0.34, train 89.12%
epoch 29, loss: 0.81, train 89.15%
epoch 29, loss: 0.01, train 89.40%
epoch 29, loss: 0.15, train 89.53%
epoch 29, loss: 0.01, train 89.77%
epoch 29, loss: 1.95, train 89.56%
Epoch completed!
epoch 29, total signals 900, average_loss_per_batch: 1.412724, train 89.56%
Validating
Val set size: 120, validation accuracy 64.17%
epoch 30, loss: 1.01, train 85.00%
epoch 30, loss: 0.00, train 92.50%
epoch 30, loss: 0.36, train 91.67%
epoch 30, loss: 0.40, train 91.25%
epoch 30, loss: 0.40, train 91.00%
epoch 30, loss: 0.47, train 90.83%
epoch 30, loss: 0.00, train 92.14%
epoch 30, loss: 0.33, train 92.50%
epoch 30, loss: 0.11, train 92.78%
epoch 30, loss: 0.04, train 93.50%
epoch 30, loss: 0.00, train 94.09%
epoch 30, loss: 0.26, train 94.17%
epoch 30, loss: 0.02, train 94.62%
epoch 30, loss: 0.00, train 95.00%
epoch 30, loss: 6.38, train 92.67%
epoch 30, loss: 0.83, train 92.50%
epoch 30, loss: 0.04, train 92.94%
epoch 30, loss: 0.02, train 93.33%
epoch 30, loss: 0.10, train 93.16%
epoch 30, loss: 0.26, train 93.00%
epoch 30, loss: 0.24, train 93.10%
epoch 30, loss: 0.06, train 93.18%
epoch 30, loss: 0.12, train 93.26%
epoch 30, loss: 0.05, train 93.33%
epoch 30, loss: 0.00, train 93.60%
epoch 30, loss: 0.97, train 93.27%
epoch 30, loss: 0.54, train 93.33%
epoch 30, loss: 0.01, train 93.57%
epoch 30, loss: 0.00, train 93.79%
epoch 30, loss: 0.06, train 93.83%
epoch 30, loss: 0.83, train 93.71%
epoch 30, loss: 1.03, train 93.59%
epoch 30, loss: 0.11, train 93.64%
epoch 30, loss: 0.40, train 93.38%
epoch 30, loss: 0.05, train 93.43%
epoch 30, loss: 0.57, train 93.33%
epoch 30, loss: 0.08, train 93.38%
epoch 30, loss: 0.00, train 93.55%
epoch 30, loss: 0.01, train 93.72%
epoch 30, loss: 0.10, train 93.75%
epoch 30, loss: 0.00, train 93.90%
epoch 30, loss: 0.42, train 93.81%
epoch 30, loss: 1.00, train 93.37%
epoch 30, loss: 0.00, train 93.52%
epoch 30, loss: 0.00, train 93.67%
Epoch completed!
epoch 30, total signals 900, average_loss_per_batch: 0.393052, train 93.67%
Validating
Val set size: 120, validation accuracy 62.50%
epoch 31, loss: 0.01, train 100.00%
epoch 31, loss: 0.19, train 97.50%
epoch 31, loss: 0.02, train 98.33%
epoch 31, loss: 0.21, train 97.50%
epoch 31, loss: 0.79, train 96.00%
epoch 31, loss: 18.90, train 87.50%
epoch 31, loss: 0.10, train 88.57%
epoch 31, loss: 0.08, train 88.75%
epoch 31, loss: 0.12, train 88.33%
epoch 31, loss: 0.05, train 89.50%
epoch 31, loss: 3.99, train 87.73%
epoch 31, loss: 0.00, train 88.75%
epoch 31, loss: 0.61, train 88.85%
epoch 31, loss: 0.00, train 89.64%
epoch 31, loss: 0.03, train 90.33%
epoch 31, loss: 0.12, train 90.62%
epoch 31, loss: 0.07, train 90.88%
epoch 31, loss: 0.00, train 91.39%
epoch 31, loss: 2.87, train 90.26%
epoch 31, loss: 0.39, train 90.50%
epoch 31, loss: 0.55, train 90.24%
epoch 31, loss: 0.12, train 90.45%
epoch 31, loss: 0.05, train 90.65%
epoch 31, loss: 0.00, train 91.04%
epoch 31, loss: 0.00, train 91.40%
epoch 31, loss: 0.00, train 91.73%
epoch 31, loss: 0.21, train 91.85%
epoch 31, loss: 0.00, train 92.14%
epoch 31, loss: 0.00, train 92.41%
epoch 31, loss: 0.00, train 92.67%
epoch 31, loss: 0.01, train 92.90%
epoch 31, loss: 0.01, train 93.12%
epoch 31, loss: 0.08, train 93.18%
epoch 31, loss: 0.22, train 93.24%
epoch 31, loss: 0.01, train 93.43%
epoch 31, loss: 0.79, train 93.19%
epoch 31, loss: 0.01, train 93.38%
epoch 31, loss: 0.01, train 93.55%
epoch 31, loss: 0.18, train 93.59%
epoch 31, loss: 0.00, train 93.75%
epoch 31, loss: 0.15, train 93.78%
epoch 31, loss: 4.30, train 93.45%
epoch 31, loss: 0.03, train 93.60%
epoch 31, loss: 0.02, train 93.75%
epoch 31, loss: 0.00, train 93.89%
Epoch completed!
epoch 31, total signals 900, average_loss_per_batch: 0.784646, train 93.89%
Validating
Val set size: 120, validation accuracy 65.83%
epoch 32, loss: 0.00, train 100.00%
epoch 32, loss: 3.30, train 90.00%
epoch 32, loss: 0.11, train 91.67%
epoch 32, loss: 1.34, train 86.25%
epoch 32, loss: 0.64, train 88.00%
epoch 32, loss: 0.00, train 90.00%
epoch 32, loss: 0.00, train 91.43%
epoch 32, loss: 0.00, train 92.50%
epoch 32, loss: 0.20, train 92.78%
epoch 32, loss: 0.54, train 92.50%
epoch 32, loss: 0.00, train 93.18%
epoch 32, loss: 0.00, train 93.75%
epoch 32, loss: 0.00, train 94.23%
epoch 32, loss: 0.00, train 94.64%
epoch 32, loss: 6.08, train 92.67%
epoch 32, loss: 0.42, train 92.81%
epoch 32, loss: 0.02, train 93.24%
epoch 32, loss: 0.00, train 93.61%
epoch 32, loss: 0.21, train 93.42%
epoch 32, loss: 0.24, train 93.50%
epoch 32, loss: 0.00, train 93.81%
epoch 32, loss: 0.14, train 93.86%
epoch 32, loss: 0.01, train 94.13%
epoch 32, loss: 0.73, train 93.96%
epoch 32, loss: 0.32, train 94.00%
epoch 32, loss: 0.00, train 94.23%
epoch 32, loss: 0.23, train 94.26%
epoch 32, loss: 0.73, train 93.75%
epoch 32, loss: 0.05, train 93.97%
epoch 32, loss: 0.00, train 94.17%
epoch 32, loss: 0.00, train 94.35%
epoch 32, loss: 0.68, train 94.22%
epoch 32, loss: 1.12, train 94.09%
epoch 32, loss: 0.00, train 94.26%
epoch 32, loss: 0.00, train 94.43%
epoch 32, loss: 1.35, train 94.03%
epoch 32, loss: 0.00, train 94.19%
epoch 32, loss: 0.61, train 94.21%
epoch 32, loss: 0.07, train 94.23%
epoch 32, loss: 0.11, train 94.25%
epoch 32, loss: 0.04, train 94.27%
epoch 32, loss: 0.13, train 94.29%
epoch 32, loss: 0.02, train 94.42%
epoch 32, loss: 0.00, train 94.55%
epoch 32, loss: 0.00, train 94.67%
Epoch completed!
epoch 32, total signals 900, average_loss_per_batch: 0.432363, train 94.67%
Validating
Val set size: 120, validation accuracy 65.00%
epoch 33, loss: 0.37, train 85.00%
epoch 33, loss: 0.05, train 90.00%
epoch 33, loss: 0.40, train 91.67%
epoch 33, loss: 0.00, train 93.75%
epoch 33, loss: 1.52, train 92.00%
epoch 33, loss: 5.26, train 85.83%
epoch 33, loss: 0.00, train 87.86%
epoch 33, loss: 0.23, train 88.75%
epoch 33, loss: 0.01, train 90.00%
epoch 33, loss: 0.00, train 91.00%
epoch 33, loss: 0.12, train 91.36%
epoch 33, loss: 0.05, train 92.08%
epoch 33, loss: 0.00, train 92.69%
epoch 33, loss: 0.01, train 93.21%
epoch 33, loss: 1.22, train 92.33%
epoch 33, loss: 0.00, train 92.81%
epoch 33, loss: 1.43, train 92.35%
epoch 33, loss: 0.00, train 92.78%
epoch 33, loss: 0.00, train 93.16%
epoch 33, loss: 0.21, train 93.25%
epoch 33, loss: 0.26, train 93.33%
epoch 33, loss: 0.81, train 92.50%
epoch 33, loss: 0.00, train 92.83%
epoch 33, loss: 0.00, train 93.12%
epoch 33, loss: 1.55, train 92.20%
epoch 33, loss: 0.17, train 92.31%
epoch 33, loss: 0.06, train 92.41%
epoch 33, loss: 0.06, train 92.50%
epoch 33, loss: 0.02, train 92.76%
epoch 33, loss: 0.19, train 92.83%
epoch 33, loss: 0.02, train 93.06%
epoch 33, loss: 0.01, train 93.28%
epoch 33, loss: 0.05, train 93.48%
epoch 33, loss: 0.59, train 93.09%
epoch 33, loss: 0.00, train 93.29%
epoch 33, loss: 0.11, train 93.33%
epoch 33, loss: 0.08, train 93.38%
epoch 33, loss: 0.25, train 93.42%
epoch 33, loss: 0.00, train 93.59%
epoch 33, loss: 0.18, train 93.62%
epoch 33, loss: 0.00, train 93.78%
epoch 33, loss: 0.51, train 93.57%
epoch 33, loss: 0.00, train 93.72%
epoch 33, loss: 19.31, train 92.16%
epoch 33, loss: 0.00, train 92.33%
Epoch completed!
epoch 33, total signals 900, average_loss_per_batch: 0.780541, train 92.33%
Validating
Val set size: 120, validation accuracy 65.00%
epoch 34, loss: 0.04, train 95.00%
epoch 34, loss: 0.18, train 95.00%
epoch 34, loss: 0.64, train 91.67%
epoch 34, loss: 0.00, train 93.75%
epoch 34, loss: 0.00, train 95.00%
epoch 34, loss: 0.07, train 95.00%
epoch 34, loss: 0.69, train 94.29%
epoch 34, loss: 0.01, train 95.00%
epoch 34, loss: 0.00, train 95.56%
epoch 34, loss: 0.00, train 96.00%
epoch 34, loss: 0.00, train 96.36%
epoch 34, loss: 0.02, train 96.67%
epoch 34, loss: 0.00, train 96.92%
epoch 34, loss: 0.05, train 96.79%
epoch 34, loss: 0.05, train 97.00%
epoch 34, loss: 0.18, train 96.56%
epoch 34, loss: 0.02, train 96.76%
epoch 34, loss: 0.00, train 96.94%
epoch 34, loss: 1.89, train 96.05%
epoch 34, loss: 0.26, train 96.00%
epoch 34, loss: 0.40, train 95.95%
epoch 34, loss: 0.00, train 96.14%
epoch 34, loss: 3.54, train 95.22%
epoch 34, loss: 0.27, train 95.00%
epoch 34, loss: 0.00, train 95.20%
epoch 34, loss: 0.00, train 95.38%
epoch 34, loss: 0.08, train 95.37%
epoch 34, loss: 0.00, train 95.54%
epoch 34, loss: 0.44, train 95.52%
epoch 34, loss: 0.31, train 95.33%
epoch 34, loss: 0.00, train 95.48%
epoch 34, loss: 0.54, train 95.16%
epoch 34, loss: 0.00, train 95.30%
epoch 34, loss: 0.26, train 95.15%
epoch 34, loss: 0.00, train 95.29%
epoch 34, loss: 0.53, train 95.14%
epoch 34, loss: 0.05, train 95.14%
epoch 34, loss: 2.49, train 94.61%
epoch 34, loss: 0.22, train 94.49%
epoch 34, loss: 0.31, train 94.50%
epoch 34, loss: 0.06, train 94.51%
epoch 34, loss: 0.00, train 94.64%
epoch 34, loss: 0.01, train 94.77%
epoch 34, loss: 2.07, train 94.43%
epoch 34, loss: 0.00, train 94.56%
Epoch completed!
epoch 34, total signals 900, average_loss_per_batch: 0.349304, train 94.56%
Validating
Val set size: 120, validation accuracy 64.17%
epoch 35, loss: 0.02, train 100.00%
epoch 35, loss: 0.00, train 100.00%
epoch 35, loss: 0.17, train 98.33%
epoch 35, loss: 0.01, train 98.75%
epoch 35, loss: 0.07, train 98.00%
epoch 35, loss: 3.75, train 94.17%
epoch 35, loss: 0.29, train 93.57%
epoch 35, loss: 0.00, train 94.38%
epoch 35, loss: 0.10, train 94.44%
epoch 35, loss: 0.00, train 95.00%
epoch 35, loss: 0.18, train 95.00%
epoch 35, loss: 0.07, train 95.00%
epoch 35, loss: 0.02, train 95.38%
epoch 35, loss: 0.00, train 95.71%
epoch 35, loss: 0.07, train 95.67%
epoch 35, loss: 0.02, train 95.94%
epoch 35, loss: 0.15, train 95.88%
epoch 35, loss: 0.00, train 96.11%
epoch 35, loss: 0.00, train 96.32%
epoch 35, loss: 0.00, train 96.50%
epoch 35, loss: 1.00, train 95.71%
epoch 35, loss: 0.04, train 95.91%
epoch 35, loss: 0.22, train 95.87%
epoch 35, loss: 0.28, train 95.83%
epoch 35, loss: 0.00, train 96.00%
epoch 35, loss: 0.00, train 96.15%
epoch 35, loss: 0.00, train 96.30%
epoch 35, loss: 0.24, train 96.25%
epoch 35, loss: 0.00, train 96.38%
epoch 35, loss: 0.07, train 96.33%
epoch 35, loss: 0.12, train 96.13%
epoch 35, loss: 0.00, train 96.25%
epoch 35, loss: 0.00, train 96.36%
epoch 35, loss: 0.00, train 96.47%
epoch 35, loss: 0.99, train 96.43%
epoch 35, loss: 3.93, train 95.14%
epoch 35, loss: 0.03, train 95.27%
epoch 35, loss: 0.03, train 95.39%
epoch 35, loss: 0.37, train 95.26%
epoch 35, loss: 0.00, train 95.38%
epoch 35, loss: 0.00, train 95.49%
epoch 35, loss: 0.28, train 95.48%
epoch 35, loss: 0.01, train 95.58%
epoch 35, loss: 4.54, train 94.77%
epoch 35, loss: 0.18, train 94.78%
Epoch completed!
epoch 35, total signals 900, average_loss_per_batch: 0.384288, train 94.78%
Validating
Val set size: 120, validation accuracy 63.33%
epoch 36, loss: 0.00, train 100.00%
epoch 36, loss: 0.05, train 97.50%
epoch 36, loss: 0.00, train 98.33%
epoch 36, loss: 0.14, train 97.50%
epoch 36, loss: 0.00, train 98.00%
epoch 36, loss: 0.82, train 97.50%
epoch 36, loss: 0.00, train 97.86%
epoch 36, loss: 0.00, train 98.12%
epoch 36, loss: 1.01, train 96.11%
epoch 36, loss: 0.64, train 95.50%
epoch 36, loss: 0.00, train 95.91%
epoch 36, loss: 0.00, train 96.25%
epoch 36, loss: 0.01, train 96.54%
epoch 36, loss: 0.39, train 96.43%
epoch 36, loss: 0.00, train 96.67%
epoch 36, loss: 0.00, train 96.88%
epoch 36, loss: 0.00, train 97.06%
epoch 36, loss: 0.69, train 96.67%
epoch 36, loss: 0.00, train 96.84%
epoch 36, loss: 0.38, train 96.50%
epoch 36, loss: 0.56, train 96.19%
epoch 36, loss: 0.17, train 96.14%
epoch 36, loss: 0.18, train 96.09%
epoch 36, loss: 2.50, train 95.00%
epoch 36, loss: 0.12, train 95.00%
epoch 36, loss: 0.11, train 95.00%
epoch 36, loss: 0.00, train 95.19%
epoch 36, loss: 0.00, train 95.36%
epoch 36, loss: 1.11, train 95.00%
epoch 36, loss: 0.02, train 95.17%
epoch 36, loss: 0.00, train 95.32%
epoch 36, loss: 0.00, train 95.47%
epoch 36, loss: 0.03, train 95.61%
epoch 36, loss: 0.00, train 95.74%
epoch 36, loss: 0.00, train 95.86%
epoch 36, loss: 0.14, train 95.69%
epoch 36, loss: 0.00, train 95.81%
epoch 36, loss: 0.05, train 95.92%
epoch 36, loss: 0.67, train 95.90%
epoch 36, loss: 0.00, train 96.00%
epoch 36, loss: 0.00, train 96.10%
epoch 36, loss: 0.06, train 96.07%
epoch 36, loss: 0.04, train 96.05%
epoch 36, loss: 0.08, train 96.02%
epoch 36, loss: 1.05, train 95.89%
Epoch completed!
epoch 36, total signals 900, average_loss_per_batch: 0.245220, train 95.89%
Validating
Val set size: 120, validation accuracy 64.17%
epoch 37, loss: 0.00, train 100.00%
epoch 37, loss: 0.02, train 100.00%
epoch 37, loss: 0.00, train 100.00%
epoch 37, loss: 0.01, train 100.00%
epoch 37, loss: 0.00, train 100.00%
epoch 37, loss: 0.00, train 100.00%
epoch 37, loss: 1.69, train 98.57%
epoch 37, loss: 0.01, train 98.75%
epoch 37, loss: 0.45, train 98.33%
epoch 37, loss: 0.11, train 98.00%
epoch 37, loss: 0.00, train 98.18%
epoch 37, loss: 0.20, train 97.92%
epoch 37, loss: 0.01, train 98.08%
epoch 37, loss: 0.08, train 97.50%
epoch 37, loss: 0.25, train 97.33%
epoch 37, loss: 0.00, train 97.50%
epoch 37, loss: 0.15, train 97.35%
epoch 37, loss: 0.09, train 97.22%
epoch 37, loss: 0.03, train 97.37%
epoch 37, loss: 0.00, train 97.50%
epoch 37, loss: 0.05, train 97.38%
epoch 37, loss: 0.26, train 97.27%
epoch 37, loss: 0.60, train 96.96%
epoch 37, loss: 0.00, train 97.08%
epoch 37, loss: 0.15, train 97.00%
epoch 37, loss: 0.00, train 97.12%
epoch 37, loss: 2.63, train 96.11%
epoch 37, loss: 0.00, train 96.25%
epoch 37, loss: 0.41, train 96.03%
epoch 37, loss: 0.03, train 96.17%
epoch 37, loss: 0.00, train 96.29%
epoch 37, loss: 1.04, train 96.09%
epoch 37, loss: 0.05, train 96.06%
epoch 37, loss: 0.00, train 96.18%
epoch 37, loss: 0.20, train 96.00%
epoch 37, loss: 0.02, train 96.11%
epoch 37, loss: 0.00, train 96.22%
epoch 37, loss: 0.00, train 96.32%
epoch 37, loss: 0.00, train 96.41%
epoch 37, loss: 0.00, train 96.50%
epoch 37, loss: 0.00, train 96.59%
epoch 37, loss: 0.03, train 96.67%
epoch 37, loss: 0.05, train 96.74%
epoch 37, loss: 0.30, train 96.70%
epoch 37, loss: 0.00, train 96.78%
Epoch completed!
epoch 37, total signals 900, average_loss_per_batch: 0.198729, train 96.78%
Validating
Val set size: 120, validation accuracy 65.83%
epoch 38, loss: 0.15, train 95.00%
epoch 38, loss: 0.00, train 97.50%
epoch 38, loss: 0.00, train 98.33%
epoch 38, loss: 0.00, train 98.75%
epoch 38, loss: 0.00, train 99.00%
epoch 38, loss: 0.00, train 99.17%
epoch 38, loss: 0.09, train 98.57%
epoch 38, loss: 0.26, train 98.12%
epoch 38, loss: 1.60, train 97.22%
epoch 38, loss: 0.00, train 97.50%
epoch 38, loss: 0.00, train 97.73%
epoch 38, loss: 0.03, train 97.92%
epoch 38, loss: 0.05, train 97.69%
epoch 38, loss: 0.23, train 97.14%
epoch 38, loss: 0.00, train 97.33%
epoch 38, loss: 0.06, train 97.19%
epoch 38, loss: 0.00, train 97.35%
epoch 38, loss: 0.12, train 97.22%
epoch 38, loss: 0.20, train 96.84%
epoch 38, loss: 6.78, train 95.50%
epoch 38, loss: 0.00, train 95.71%
epoch 38, loss: 0.01, train 95.91%
epoch 38, loss: 0.82, train 95.65%
epoch 38, loss: 0.00, train 95.83%
epoch 38, loss: 0.01, train 96.00%
epoch 38, loss: 0.45, train 95.77%
epoch 38, loss: 0.62, train 95.74%
epoch 38, loss: 0.09, train 95.71%
epoch 38, loss: 0.15, train 95.52%
epoch 38, loss: 0.01, train 95.67%
epoch 38, loss: 0.00, train 95.81%
epoch 38, loss: 0.02, train 95.94%
epoch 38, loss: 0.04, train 96.06%
epoch 38, loss: 0.00, train 96.18%
epoch 38, loss: 0.05, train 96.14%
epoch 38, loss: 0.06, train 96.11%
epoch 38, loss: 0.00, train 96.22%
epoch 38, loss: 0.00, train 96.32%
epoch 38, loss: 0.02, train 96.41%
epoch 38, loss: 0.00, train 96.50%
epoch 38, loss: 0.00, train 96.59%
epoch 38, loss: 0.31, train 96.55%
epoch 38, loss: 0.25, train 96.51%
epoch 38, loss: 0.00, train 96.59%
epoch 38, loss: 0.00, train 96.67%
Epoch completed!
epoch 38, total signals 900, average_loss_per_batch: 0.278105, train 96.67%
Validating
Val set size: 120, validation accuracy 65.00%
epoch 39, loss: 0.00, train 100.00%
epoch 39, loss: 0.00, train 100.00%
epoch 39, loss: 0.02, train 100.00%
epoch 39, loss: 0.00, train 100.00%
epoch 39, loss: 0.00, train 100.00%
epoch 39, loss: 1.31, train 98.33%
epoch 39, loss: 0.38, train 97.14%
epoch 39, loss: 0.00, train 97.50%
epoch 39, loss: 0.00, train 97.78%
epoch 39, loss: 0.32, train 97.50%
epoch 39, loss: 0.00, train 97.73%
epoch 39, loss: 0.44, train 97.50%
epoch 39, loss: 0.00, train 97.69%
epoch 39, loss: 0.00, train 97.86%
epoch 39, loss: 0.00, train 98.00%
epoch 39, loss: 0.07, train 97.81%
epoch 39, loss: 0.00, train 97.94%
epoch 39, loss: 0.00, train 98.06%
epoch 39, loss: 0.27, train 97.89%
epoch 39, loss: 0.01, train 98.00%
epoch 39, loss: 0.08, train 97.86%
epoch 39, loss: 0.01, train 97.95%
epoch 39, loss: 0.00, train 98.04%
epoch 39, loss: 0.08, train 97.92%
epoch 39, loss: 0.05, train 97.80%
epoch 39, loss: 0.04, train 97.88%
epoch 39, loss: 0.00, train 97.96%
epoch 39, loss: 0.06, train 97.86%
epoch 39, loss: 0.06, train 97.76%
epoch 39, loss: 0.00, train 97.83%
epoch 39, loss: 0.05, train 97.74%
epoch 39, loss: 7.58, train 96.72%
epoch 39, loss: 0.00, train 96.82%
epoch 39, loss: 0.66, train 96.32%
epoch 39, loss: 0.02, train 96.43%
epoch 39, loss: 0.00, train 96.53%
epoch 39, loss: 0.01, train 96.62%
epoch 39, loss: 0.02, train 96.71%
epoch 39, loss: 0.00, train 96.79%
epoch 39, loss: 0.10, train 96.62%
epoch 39, loss: 0.00, train 96.71%
epoch 39, loss: 0.15, train 96.67%
epoch 39, loss: 0.00, train 96.74%
epoch 39, loss: 0.00, train 96.82%
epoch 39, loss: 1.30, train 96.56%
Epoch completed!
epoch 39, total signals 900, average_loss_per_batch: 0.291477, train 96.56%
Validating
Val set size: 120, validation accuracy 64.17%
epoch 40, loss: 0.00, train 100.00%
epoch 40, loss: 0.00, train 100.00%
epoch 40, loss: 0.01, train 100.00%
epoch 40, loss: 0.09, train 98.75%
epoch 40, loss: 0.00, train 99.00%
epoch 40, loss: 0.00, train 99.17%
epoch 40, loss: 0.09, train 98.57%
epoch 40, loss: 0.02, train 98.75%
epoch 40, loss: 0.01, train 98.89%
epoch 40, loss: 0.10, train 98.50%
epoch 40, loss: 0.00, train 98.64%
epoch 40, loss: 0.01, train 98.75%
epoch 40, loss: 0.05, train 98.46%
epoch 40, loss: 0.03, train 98.57%
epoch 40, loss: 0.00, train 98.67%
epoch 40, loss: 0.08, train 98.44%
epoch 40, loss: 0.47, train 97.65%
epoch 40, loss: 0.76, train 96.67%
epoch 40, loss: 0.03, train 96.84%
epoch 40, loss: 0.00, train 97.00%
epoch 40, loss: 0.02, train 97.14%
epoch 40, loss: 0.16, train 97.05%
epoch 40, loss: 0.93, train 96.74%
epoch 40, loss: 0.01, train 96.88%
epoch 40, loss: 1.31, train 96.60%
epoch 40, loss: 0.10, train 96.35%
epoch 40, loss: 0.00, train 96.48%
epoch 40, loss: 0.01, train 96.61%
epoch 40, loss: 0.00, train 96.72%
epoch 40, loss: 0.00, train 96.83%
epoch 40, loss: 0.21, train 96.61%
epoch 40, loss: 0.13, train 96.56%
epoch 40, loss: 0.00, train 96.67%
epoch 40, loss: 0.10, train 96.62%
epoch 40, loss: 0.00, train 96.71%
epoch 40, loss: 0.00, train 96.81%
epoch 40, loss: 0.00, train 96.89%
epoch 40, loss: 0.01, train 96.97%
epoch 40, loss: 0.00, train 97.05%
epoch 40, loss: 0.14, train 96.88%
epoch 40, loss: 0.07, train 96.83%
epoch 40, loss: 0.01, train 96.90%
epoch 40, loss: 0.04, train 96.86%
epoch 40, loss: 0.31, train 96.82%
epoch 40, loss: 0.38, train 96.56%
Epoch completed!
epoch 40, total signals 900, average_loss_per_batch: 0.125838, train 96.56%
Validating
Val set size: 120, validation accuracy 65.00%
epoch 41, loss: 0.00, train 100.00%
epoch 41, loss: 0.01, train 100.00%
epoch 41, loss: 0.00, train 100.00%
epoch 41, loss: 0.00, train 100.00%
epoch 41, loss: 0.30, train 99.00%
epoch 41, loss: 0.00, train 99.17%
epoch 41, loss: 0.13, train 98.57%
epoch 41, loss: 0.09, train 98.12%
epoch 41, loss: 0.07, train 97.78%
epoch 41, loss: 0.00, train 98.00%
epoch 41, loss: 0.81, train 96.36%
epoch 41, loss: 0.00, train 96.67%
epoch 41, loss: 0.00, train 96.92%
epoch 41, loss: 1.28, train 95.71%
epoch 41, loss: 0.00, train 96.00%
epoch 41, loss: 0.00, train 96.25%
epoch 41, loss: 0.00, train 96.47%
epoch 41, loss: 0.00, train 96.67%
epoch 41, loss: 0.00, train 96.84%
epoch 41, loss: 0.00, train 97.00%
epoch 41, loss: 0.01, train 97.14%
epoch 41, loss: 0.01, train 97.27%
epoch 41, loss: 0.00, train 97.39%
epoch 41, loss: 0.00, train 97.50%
epoch 41, loss: 0.33, train 97.40%
epoch 41, loss: 0.04, train 97.31%
epoch 41, loss: 0.13, train 97.22%
epoch 41, loss: 0.00, train 97.32%
epoch 41, loss: 0.01, train 97.41%
epoch 41, loss: 0.00, train 97.50%
epoch 41, loss: 0.03, train 97.58%
epoch 41, loss: 0.04, train 97.66%
epoch 41, loss: 0.01, train 97.73%
epoch 41, loss: 0.00, train 97.79%
epoch 41, loss: 0.11, train 97.71%
epoch 41, loss: 0.00, train 97.78%
epoch 41, loss: 2.14, train 97.16%
epoch 41, loss: 0.09, train 97.11%
epoch 41, loss: 1.98, train 96.41%
epoch 41, loss: 0.06, train 96.38%
epoch 41, loss: 0.01, train 96.46%
epoch 41, loss: 0.00, train 96.55%
epoch 41, loss: 0.03, train 96.63%
epoch 41, loss: 0.01, train 96.70%
epoch 41, loss: 0.16, train 96.67%
Epoch completed!
epoch 41, total signals 900, average_loss_per_batch: 0.175440, train 96.67%
Validating
Val set size: 120, validation accuracy 64.17%
epoch 42, loss: 0.04, train 100.00%
epoch 42, loss: 0.22, train 97.50%
epoch 42, loss: 0.12, train 96.67%
epoch 42, loss: 0.03, train 97.50%
epoch 42, loss: 0.23, train 96.00%
epoch 42, loss: 0.31, train 95.83%
epoch 42, loss: 0.01, train 96.43%
epoch 42, loss: 0.01, train 96.88%
epoch 42, loss: 0.00, train 97.22%
epoch 42, loss: 0.48, train 97.00%
epoch 42, loss: 0.00, train 97.27%
epoch 42, loss: 0.01, train 97.50%
epoch 42, loss: 0.65, train 96.92%
epoch 42, loss: 0.04, train 97.14%
epoch 42, loss: 0.11, train 96.67%
epoch 42, loss: 2.57, train 95.31%
epoch 42, loss: 0.11, train 95.29%
epoch 42, loss: 0.01, train 95.56%
epoch 42, loss: 0.42, train 95.53%
epoch 42, loss: 0.00, train 95.75%
epoch 42, loss: 0.00, train 95.95%
epoch 42, loss: 0.10, train 95.91%
epoch 42, loss: 0.00, train 96.09%
epoch 42, loss: 0.00, train 96.25%
epoch 42, loss: 0.00, train 96.40%
epoch 42, loss: 0.00, train 96.54%
epoch 42, loss: 0.06, train 96.48%
epoch 42, loss: 0.00, train 96.61%
epoch 42, loss: 0.01, train 96.72%
epoch 42, loss: 0.33, train 96.50%
epoch 42, loss: 0.47, train 96.45%
epoch 42, loss: 0.16, train 96.41%
epoch 42, loss: 0.00, train 96.52%
epoch 42, loss: 0.00, train 96.62%
epoch 42, loss: 0.00, train 96.71%
epoch 42, loss: 0.05, train 96.67%
epoch 42, loss: 0.01, train 96.76%
epoch 42, loss: 0.00, train 96.84%
epoch 42, loss: 0.82, train 96.67%
epoch 42, loss: 0.00, train 96.75%
epoch 42, loss: 0.00, train 96.83%
epoch 42, loss: 0.00, train 96.90%
epoch 42, loss: 0.00, train 96.98%
epoch 42, loss: 0.48, train 96.82%
epoch 42, loss: 0.18, train 96.78%
Epoch completed!
epoch 42, total signals 900, average_loss_per_batch: 0.178150, train 96.78%
Validating
Val set size: 120, validation accuracy 63.33%
epoch 43, loss: 0.00, train 100.00%
epoch 43, loss: 0.00, train 100.00%
epoch 43, loss: 0.01, train 100.00%
epoch 43, loss: 0.00, train 100.00%
epoch 43, loss: 0.00, train 100.00%
epoch 43, loss: 0.75, train 98.33%
epoch 43, loss: 0.06, train 97.86%
epoch 43, loss: 0.17, train 96.88%
epoch 43, loss: 0.00, train 97.22%
epoch 43, loss: 0.00, train 97.50%
epoch 43, loss: 0.00, train 97.73%
epoch 43, loss: 0.91, train 96.25%
epoch 43, loss: 0.01, train 96.54%
epoch 43, loss: 0.00, train 96.79%
epoch 43, loss: 0.28, train 96.67%
epoch 43, loss: 0.01, train 96.88%
epoch 43, loss: 0.00, train 97.06%
epoch 43, loss: 0.00, train 97.22%
epoch 43, loss: 0.04, train 97.37%
epoch 43, loss: 0.03, train 97.50%
epoch 43, loss: 0.00, train 97.62%
epoch 43, loss: 0.07, train 97.50%
epoch 43, loss: 0.04, train 97.39%
epoch 43, loss: 0.01, train 97.50%
epoch 43, loss: 0.00, train 97.60%
epoch 43, loss: 0.05, train 97.50%
epoch 43, loss: 0.75, train 96.67%
epoch 43, loss: 0.02, train 96.79%
epoch 43, loss: 0.01, train 96.90%
epoch 43, loss: 0.01, train 97.00%
epoch 43, loss: 0.05, train 96.94%
epoch 43, loss: 0.00, train 97.03%
epoch 43, loss: 0.00, train 97.12%
epoch 43, loss: 0.00, train 97.21%
epoch 43, loss: 0.99, train 97.00%
epoch 43, loss: 0.30, train 96.81%
epoch 43, loss: 0.66, train 96.62%
epoch 43, loss: 0.47, train 96.58%
epoch 43, loss: 0.00, train 96.67%
epoch 43, loss: 0.00, train 96.75%
epoch 43, loss: 0.00, train 96.83%
epoch 43, loss: 0.00, train 96.90%
epoch 43, loss: 0.24, train 96.86%
epoch 43, loss: 0.00, train 96.93%
epoch 43, loss: 0.10, train 96.89%
Epoch completed!
epoch 43, total signals 900, average_loss_per_batch: 0.134597, train 96.89%
Validating
Val set size: 120, validation accuracy 64.17%
epoch 44, loss: 0.01, train 100.00%
epoch 44, loss: 0.17, train 97.50%
epoch 44, loss: 0.00, train 98.33%
epoch 44, loss: 0.00, train 98.75%
epoch 44, loss: 0.27, train 97.00%
epoch 44, loss: 26.95, train 88.33%
epoch 44, loss: 0.61, train 88.57%
epoch 44, loss: 0.10, train 89.38%
epoch 44, loss: 0.00, train 90.56%
epoch 44, loss: 0.00, train 91.50%
epoch 44, loss: 0.00, train 92.27%
epoch 44, loss: 0.00, train 92.92%
epoch 44, loss: 0.04, train 93.08%
epoch 44, loss: 0.02, train 93.57%
epoch 44, loss: 0.66, train 93.33%
epoch 44, loss: 0.02, train 93.75%
epoch 44, loss: 0.01, train 94.12%
epoch 44, loss: 0.00, train 94.44%
epoch 44, loss: 0.00, train 94.74%
epoch 44, loss: 0.02, train 95.00%
epoch 44, loss: 0.00, train 95.24%
epoch 44, loss: 0.00, train 95.45%
epoch 44, loss: 2.06, train 95.00%
epoch 44, loss: 0.00, train 95.21%
epoch 44, loss: 0.08, train 95.20%
epoch 44, loss: 0.00, train 95.38%
epoch 44, loss: 0.01, train 95.56%
epoch 44, loss: 0.00, train 95.71%
epoch 44, loss: 0.07, train 95.69%
epoch 44, loss: 0.00, train 95.83%
epoch 44, loss: 0.01, train 95.97%
epoch 44, loss: 0.00, train 96.09%
epoch 44, loss: 0.96, train 95.76%
epoch 44, loss: 0.00, train 95.88%
epoch 44, loss: 0.01, train 96.00%
epoch 44, loss: 0.00, train 96.11%
epoch 44, loss: 0.00, train 96.22%
epoch 44, loss: 0.10, train 96.18%
epoch 44, loss: 0.00, train 96.28%
epoch 44, loss: 0.00, train 96.38%
epoch 44, loss: 0.01, train 96.46%
epoch 44, loss: 0.01, train 96.55%
epoch 44, loss: 0.40, train 96.40%
epoch 44, loss: 0.00, train 96.48%
epoch 44, loss: 1.06, train 96.22%
Epoch completed!
epoch 44, total signals 900, average_loss_per_batch: 0.748347, train 96.22%
Validating
Val set size: 120, validation accuracy 64.17%
epoch 45, loss: 0.00, train 100.00%
epoch 45, loss: 0.00, train 100.00%
epoch 45, loss: 0.00, train 100.00%
epoch 45, loss: 0.00, train 100.00%
epoch 45, loss: 0.00, train 100.00%
epoch 45, loss: 0.10, train 99.17%
epoch 45, loss: 0.00, train 99.29%
epoch 45, loss: 0.05, train 98.75%
epoch 45, loss: 0.03, train 98.89%
epoch 45, loss: 0.00, train 99.00%
epoch 45, loss: 0.00, train 99.09%
epoch 45, loss: 0.01, train 99.17%
epoch 45, loss: 0.00, train 99.23%
epoch 45, loss: 0.40, train 98.57%
epoch 45, loss: 0.21, train 97.67%
epoch 45, loss: 0.17, train 97.50%
epoch 45, loss: 0.35, train 97.35%
epoch 45, loss: 0.00, train 97.50%
epoch 45, loss: 0.00, train 97.63%
epoch 45, loss: 0.00, train 97.75%
epoch 45, loss: 0.41, train 97.38%
epoch 45, loss: 0.05, train 97.50%
epoch 45, loss: 0.00, train 97.61%
epoch 45, loss: 0.00, train 97.71%
epoch 45, loss: 0.13, train 97.60%
epoch 45, loss: 0.00, train 97.69%
epoch 45, loss: 0.02, train 97.78%
epoch 45, loss: 0.01, train 97.86%
epoch 45, loss: 0.00, train 97.93%
epoch 45, loss: 0.05, train 97.83%
epoch 45, loss: 0.00, train 97.90%
epoch 45, loss: 0.00, train 97.97%
epoch 45, loss: 0.00, train 98.03%
epoch 45, loss: 0.12, train 97.94%
epoch 45, loss: 0.01, train 98.00%
epoch 45, loss: 0.00, train 98.06%
epoch 45, loss: 0.00, train 98.11%
epoch 45, loss: 0.70, train 97.89%
epoch 45, loss: 0.54, train 97.69%
epoch 45, loss: 7.23, train 96.62%
epoch 45, loss: 0.00, train 96.71%
epoch 45, loss: 0.10, train 96.67%
epoch 45, loss: 0.16, train 96.51%
epoch 45, loss: 0.06, train 96.59%
epoch 45, loss: 0.01, train 96.67%
Epoch completed!
epoch 45, total signals 900, average_loss_per_batch: 0.242720, train 96.67%
Validating
Val set size: 120, validation accuracy 65.00%
epoch 46, loss: 0.11, train 95.00%
epoch 46, loss: 0.01, train 97.50%
epoch 46, loss: 0.06, train 96.67%
epoch 46, loss: 0.00, train 97.50%
epoch 46, loss: 0.00, train 98.00%
epoch 46, loss: 0.01, train 98.33%
epoch 46, loss: 0.17, train 97.86%
epoch 46, loss: 0.01, train 98.12%
epoch 46, loss: 0.00, train 98.33%
epoch 46, loss: 0.37, train 98.00%
epoch 46, loss: 0.05, train 97.73%
epoch 46, loss: 0.00, train 97.92%
epoch 46, loss: 0.00, train 98.08%
epoch 46, loss: 1.04, train 97.86%
epoch 46, loss: 0.02, train 98.00%
epoch 46, loss: 0.43, train 97.81%
epoch 46, loss: 0.00, train 97.94%
epoch 46, loss: 0.82, train 97.50%
epoch 46, loss: 0.26, train 97.11%
epoch 46, loss: 0.00, train 97.25%
epoch 46, loss: 0.01, train 97.38%
epoch 46, loss: 0.00, train 97.50%
epoch 46, loss: 0.03, train 97.61%
epoch 46, loss: 0.00, train 97.71%
epoch 46, loss: 0.05, train 97.60%
epoch 46, loss: 0.00, train 97.69%
epoch 46, loss: 0.43, train 97.41%
epoch 46, loss: 0.00, train 97.50%
epoch 46, loss: 0.00, train 97.59%
epoch 46, loss: 0.19, train 97.50%
epoch 46, loss: 0.00, train 97.58%
epoch 46, loss: 0.00, train 97.66%
epoch 46, loss: 0.00, train 97.73%
epoch 46, loss: 0.00, train 97.79%
epoch 46, loss: 0.00, train 97.86%
epoch 46, loss: 0.00, train 97.92%
epoch 46, loss: 0.00, train 97.97%
epoch 46, loss: 0.11, train 97.89%
epoch 46, loss: 0.00, train 97.95%
epoch 46, loss: 0.41, train 97.75%
epoch 46, loss: 0.00, train 97.80%
epoch 46, loss: 0.00, train 97.86%
epoch 46, loss: 0.45, train 97.79%
epoch 46, loss: 0.02, train 97.84%
epoch 46, loss: 1.29, train 97.33%
Epoch completed!
epoch 46, total signals 900, average_loss_per_batch: 0.141860, train 97.33%
Validating
Val set size: 120, validation accuracy 63.33%
epoch 47, loss: 0.42, train 90.00%
epoch 47, loss: 0.00, train 95.00%
epoch 47, loss: 0.01, train 96.67%
epoch 47, loss: 0.72, train 93.75%
epoch 47, loss: 0.20, train 93.00%
epoch 47, loss: 0.37, train 93.33%
epoch 47, loss: 0.00, train 94.29%
epoch 47, loss: 0.00, train 95.00%
epoch 47, loss: 1.50, train 94.44%
epoch 47, loss: 0.02, train 95.00%
epoch 47, loss: 0.03, train 95.45%
epoch 47, loss: 4.52, train 93.75%
epoch 47, loss: 0.13, train 93.08%
epoch 47, loss: 0.13, train 93.21%
epoch 47, loss: 0.01, train 93.67%
epoch 47, loss: 0.06, train 93.75%
epoch 47, loss: 0.26, train 93.82%
epoch 47, loss: 0.00, train 94.17%
epoch 47, loss: 0.02, train 94.47%
epoch 47, loss: 0.00, train 94.75%
epoch 47, loss: 0.00, train 95.00%
epoch 47, loss: 0.00, train 95.23%
epoch 47, loss: 0.28, train 95.22%
epoch 47, loss: 0.00, train 95.42%
epoch 47, loss: 0.13, train 95.40%
epoch 47, loss: 0.00, train 95.58%
epoch 47, loss: 0.00, train 95.74%
epoch 47, loss: 0.01, train 95.89%
epoch 47, loss: 0.13, train 95.86%
epoch 47, loss: 0.02, train 96.00%
epoch 47, loss: 0.16, train 95.97%
epoch 47, loss: 3.41, train 95.16%
epoch 47, loss: 0.00, train 95.30%
epoch 47, loss: 0.29, train 95.29%
epoch 47, loss: 6.10, train 94.29%
epoch 47, loss: 0.04, train 94.31%
epoch 47, loss: 0.00, train 94.46%
epoch 47, loss: 0.52, train 94.08%
epoch 47, loss: 0.01, train 94.23%
epoch 47, loss: 0.00, train 94.38%
epoch 47, loss: 0.05, train 94.39%
epoch 47, loss: 0.00, train 94.52%
epoch 47, loss: 0.00, train 94.65%
epoch 47, loss: 0.57, train 94.55%
epoch 47, loss: 0.01, train 94.67%
Epoch completed!
epoch 47, total signals 900, average_loss_per_batch: 0.447618, train 94.67%
Validating
Val set size: 120, validation accuracy 63.33%
epoch 48, loss: 0.00, train 100.00%
epoch 48, loss: 2.12, train 90.00%
epoch 48, loss: 0.01, train 93.33%
epoch 48, loss: 0.15, train 93.75%
epoch 48, loss: 0.02, train 95.00%
epoch 48, loss: 0.00, train 95.83%
epoch 48, loss: 0.00, train 96.43%
epoch 48, loss: 0.04, train 96.25%
epoch 48, loss: 0.11, train 96.11%
epoch 48, loss: 0.00, train 96.50%
epoch 48, loss: 0.00, train 96.82%
epoch 48, loss: 0.00, train 97.08%
epoch 48, loss: 0.00, train 97.31%
epoch 48, loss: 0.11, train 97.14%
epoch 48, loss: 2.68, train 95.33%
epoch 48, loss: 0.01, train 95.62%
epoch 48, loss: 0.00, train 95.88%
epoch 48, loss: 0.00, train 96.11%
epoch 48, loss: 0.00, train 96.32%
epoch 48, loss: 0.02, train 96.50%
epoch 48, loss: 0.71, train 95.71%
epoch 48, loss: 0.00, train 95.91%
epoch 48, loss: 0.00, train 96.09%
epoch 48, loss: 0.59, train 95.83%
epoch 48, loss: 0.00, train 96.00%
epoch 48, loss: 0.00, train 96.15%
epoch 48, loss: 0.00, train 96.30%
epoch 48, loss: 4.73, train 95.54%
epoch 48, loss: 0.01, train 95.69%
epoch 48, loss: 0.00, train 95.83%
epoch 48, loss: 0.01, train 95.97%
epoch 48, loss: 0.01, train 96.09%
epoch 48, loss: 0.00, train 96.21%
epoch 48, loss: 0.00, train 96.32%
epoch 48, loss: 0.00, train 96.43%
epoch 48, loss: 0.00, train 96.53%
epoch 48, loss: 0.00, train 96.62%
epoch 48, loss: 0.00, train 96.71%
epoch 48, loss: 0.17, train 96.67%
epoch 48, loss: 0.35, train 96.38%
epoch 48, loss: 0.01, train 96.46%
epoch 48, loss: 0.00, train 96.55%
epoch 48, loss: 0.02, train 96.63%
epoch 48, loss: 0.18, train 96.48%
epoch 48, loss: 0.00, train 96.56%
Epoch completed!
epoch 48, total signals 900, average_loss_per_batch: 0.268270, train 96.56%
Validating
Val set size: 120, validation accuracy 64.17%
epoch 49, loss: 0.00, train 100.00%
epoch 49, loss: 0.00, train 100.00%
epoch 49, loss: 0.16, train 98.33%
epoch 49, loss: 0.00, train 98.75%
epoch 49, loss: 0.01, train 99.00%
epoch 49, loss: 0.00, train 99.17%
epoch 49, loss: 0.00, train 99.29%
epoch 49, loss: 0.00, train 99.38%
epoch 49, loss: 0.11, train 98.89%
epoch 49, loss: 0.03, train 99.00%
epoch 49, loss: 0.00, train 99.09%
epoch 49, loss: 0.00, train 99.17%
epoch 49, loss: 0.73, train 98.46%
epoch 49, loss: 4.36, train 96.43%
epoch 49, loss: 0.24, train 96.33%
epoch 49, loss: 0.50, train 95.94%
epoch 49, loss: 0.01, train 96.18%
epoch 49, loss: 0.00, train 96.39%
epoch 49, loss: 0.01, train 96.58%
epoch 49, loss: 0.00, train 96.75%
epoch 49, loss: 0.14, train 96.67%
epoch 49, loss: 0.00, train 96.82%
epoch 49, loss: 0.00, train 96.96%
epoch 49, loss: 0.04, train 96.88%
epoch 49, loss: 0.16, train 96.80%
epoch 49, loss: 0.00, train 96.92%
epoch 49, loss: 0.00, train 97.04%
epoch 49, loss: 0.01, train 97.14%
epoch 49, loss: 0.00, train 97.24%
epoch 49, loss: 0.00, train 97.33%
epoch 49, loss: 0.00, train 97.42%
epoch 49, loss: 0.93, train 97.19%
epoch 49, loss: 0.01, train 97.27%
epoch 49, loss: 0.01, train 97.35%
epoch 49, loss: 0.00, train 97.43%
epoch 49, loss: 0.02, train 97.50%
epoch 49, loss: 0.23, train 97.30%
epoch 49, loss: 0.00, train 97.37%
epoch 49, loss: 0.15, train 97.31%
epoch 49, loss: 0.22, train 97.25%
epoch 49, loss: 2.83, train 96.83%
epoch 49, loss: 0.00, train 96.90%
epoch 49, loss: 0.00, train 96.98%
epoch 49, loss: 0.00, train 97.05%
epoch 49, loss: 0.00, train 97.11%
Epoch completed!
epoch 49, total signals 900, average_loss_per_batch: 0.242757, train 97.11%
Validating
Val set size: 120, validation accuracy 64.17%
Training Completed!
Testing
da no sv
[[23 10  7]
 [ 3 26 11]
 [ 5 14 21]]
Test set size: 120, Test accuracy 58.33%
