1.12.1+cu102
cuda:0
Trainable Parameters : 593411
Start training...
epoch 0, loss: 1.10, train 25.00%
epoch 0, loss: 1.04, train 42.50%
epoch 0, loss: 0.96, train 46.67%
epoch 0, loss: 0.98, train 48.75%
epoch 0, loss: 1.06, train 47.00%
epoch 0, loss: 0.89, train 50.00%
epoch 0, loss: 0.99, train 49.29%
epoch 0, loss: 0.90, train 50.00%
epoch 0, loss: 1.08, train 50.00%
epoch 0, loss: 0.85, train 51.00%
epoch 0, loss: 0.85, train 51.36%
epoch 0, loss: 0.93, train 52.50%
epoch 0, loss: 1.26, train 50.77%
epoch 0, loss: 1.22, train 49.29%
epoch 0, loss: 0.91, train 49.67%
epoch 0, loss: 0.74, train 50.94%
epoch 0, loss: 0.75, train 52.94%
epoch 0, loss: 1.18, train 53.06%
epoch 0, loss: 1.19, train 52.37%
epoch 0, loss: 1.14, train 52.25%
epoch 0, loss: 0.89, train 52.38%
epoch 0, loss: 0.78, train 52.95%
epoch 0, loss: 0.75, train 53.70%
epoch 0, loss: 0.88, train 54.17%
epoch 0, loss: 0.91, train 54.00%
epoch 0, loss: 0.69, train 54.04%
epoch 0, loss: 0.72, train 54.44%
epoch 0, loss: 0.99, train 54.11%
epoch 0, loss: 0.73, train 55.00%
epoch 0, loss: 0.56, train 55.33%
epoch 0, loss: 0.64, train 55.97%
epoch 0, loss: 0.69, train 56.25%
epoch 0, loss: 0.83, train 56.21%
epoch 0, loss: 0.45, train 57.21%
epoch 0, loss: 0.74, train 57.43%
epoch 0, loss: 0.75, train 57.50%
epoch 0, loss: 1.51, train 57.16%
epoch 0, loss: 0.92, train 56.84%
epoch 0, loss: 0.69, train 56.92%
epoch 0, loss: 0.78, train 56.75%
epoch 0, loss: 0.89, train 56.71%
epoch 0, loss: 0.92, train 56.79%
epoch 0, loss: 0.93, train 56.63%
epoch 0, loss: 1.07, train 56.48%
epoch 0, loss: 0.79, train 56.89%
Epoch completed!
epoch 0, total signals 900, average_loss_per_batch: 0.900723, train 56.89%
Validating
Val set size: 120, validation accuracy 57.50%
epoch 1, loss: 0.86, train 60.00%
epoch 1, loss: 1.92, train 45.00%
epoch 1, loss: 0.98, train 46.67%
epoch 1, loss: 0.85, train 51.25%
epoch 1, loss: 1.14, train 49.00%
epoch 1, loss: 0.95, train 49.17%
epoch 1, loss: 1.15, train 47.86%
epoch 1, loss: 0.84, train 48.12%
epoch 1, loss: 0.82, train 50.56%
epoch 1, loss: 0.90, train 51.50%
epoch 1, loss: 4.92, train 49.55%
epoch 1, loss: 0.81, train 51.25%
epoch 1, loss: 0.70, train 53.46%
epoch 1, loss: 2.00, train 52.14%
epoch 1, loss: 0.78, train 52.33%
epoch 1, loss: 1.22, train 51.25%
epoch 1, loss: 0.84, train 51.47%
epoch 1, loss: 1.52, train 50.56%
epoch 1, loss: 0.89, train 50.79%
epoch 1, loss: 1.83, train 50.00%
epoch 1, loss: 0.84, train 50.24%
epoch 1, loss: 0.73, train 50.68%
epoch 1, loss: 0.77, train 51.52%
epoch 1, loss: 0.88, train 52.08%
epoch 1, loss: 1.05, train 51.40%
epoch 1, loss: 0.76, train 52.69%
epoch 1, loss: 0.64, train 53.52%
epoch 1, loss: 1.22, train 53.39%
epoch 1, loss: 0.96, train 53.10%
epoch 1, loss: 0.85, train 53.00%
epoch 1, loss: 0.87, train 53.39%
epoch 1, loss: 0.72, train 53.75%
epoch 1, loss: 0.89, train 53.79%
epoch 1, loss: 0.66, train 54.26%
epoch 1, loss: 0.67, train 55.00%
epoch 1, loss: 0.65, train 55.83%
epoch 1, loss: 0.91, train 55.68%
epoch 1, loss: 0.78, train 55.79%
epoch 1, loss: 0.71, train 56.41%
epoch 1, loss: 0.70, train 57.00%
epoch 1, loss: 0.65, train 57.56%
epoch 1, loss: 0.75, train 57.86%
epoch 1, loss: 0.90, train 57.79%
epoch 1, loss: 0.79, train 58.07%
epoch 1, loss: 0.66, train 58.56%
Epoch completed!
epoch 1, total signals 900, average_loss_per_batch: 1.020133, train 58.56%
Validating
Val set size: 120, validation accuracy 75.83%
epoch 2, loss: 0.73, train 65.00%
epoch 2, loss: 0.71, train 70.00%
epoch 2, loss: 0.89, train 61.67%
epoch 2, loss: 0.66, train 66.25%
epoch 2, loss: 0.64, train 68.00%
epoch 2, loss: 0.59, train 71.67%
epoch 2, loss: 0.72, train 72.86%
epoch 2, loss: 0.64, train 71.88%
epoch 2, loss: 0.55, train 72.78%
epoch 2, loss: 0.53, train 73.00%
epoch 2, loss: 0.55, train 73.18%
epoch 2, loss: 0.59, train 73.75%
epoch 2, loss: 0.56, train 75.00%
epoch 2, loss: 0.48, train 76.07%
epoch 2, loss: 0.53, train 76.33%
epoch 2, loss: 0.57, train 76.25%
epoch 2, loss: 0.52, train 77.35%
epoch 2, loss: 0.91, train 76.11%
epoch 2, loss: 0.62, train 75.79%
epoch 2, loss: 0.46, train 76.75%
epoch 2, loss: 0.66, train 76.67%
epoch 2, loss: 0.78, train 75.68%
epoch 2, loss: 0.56, train 76.09%
epoch 2, loss: 0.72, train 75.62%
epoch 2, loss: 1.91, train 74.80%
epoch 2, loss: 0.73, train 74.23%
epoch 2, loss: 0.59, train 74.44%
epoch 2, loss: 1.06, train 73.39%
epoch 2, loss: 0.66, train 73.28%
epoch 2, loss: 0.46, train 73.17%
epoch 2, loss: 0.63, train 73.06%
epoch 2, loss: 0.59, train 73.28%
epoch 2, loss: 0.88, train 72.73%
epoch 2, loss: 0.82, train 71.76%
epoch 2, loss: 0.75, train 71.71%
epoch 2, loss: 0.70, train 71.67%
epoch 2, loss: 0.69, train 72.03%
epoch 2, loss: 0.62, train 71.97%
epoch 2, loss: 0.76, train 71.92%
epoch 2, loss: 0.52, train 72.12%
epoch 2, loss: 0.79, train 71.46%
epoch 2, loss: 0.62, train 71.19%
epoch 2, loss: 0.64, train 71.63%
epoch 2, loss: 0.81, train 71.48%
epoch 2, loss: 0.46, train 71.78%
Epoch completed!
epoch 2, total signals 900, average_loss_per_batch: 0.685761, train 71.78%
Validating
Val set size: 120, validation accuracy 73.33%
epoch 3, loss: 0.55, train 75.00%
epoch 3, loss: 0.57, train 77.50%
epoch 3, loss: 0.55, train 78.33%
epoch 3, loss: 0.69, train 78.75%
epoch 3, loss: 0.66, train 77.00%
epoch 3, loss: 0.61, train 78.33%
epoch 3, loss: 0.51, train 79.29%
epoch 3, loss: 0.53, train 78.75%
epoch 3, loss: 0.48, train 79.44%
epoch 3, loss: 0.82, train 77.00%
epoch 3, loss: 0.53, train 76.82%
epoch 3, loss: 0.68, train 75.83%
epoch 3, loss: 0.69, train 75.38%
epoch 3, loss: 0.58, train 75.36%
epoch 3, loss: 0.50, train 75.33%
epoch 3, loss: 0.58, train 75.94%
epoch 3, loss: 0.48, train 76.76%
epoch 3, loss: 0.60, train 76.67%
epoch 3, loss: 0.61, train 77.11%
epoch 3, loss: 0.63, train 77.00%
epoch 3, loss: 0.55, train 77.38%
epoch 3, loss: 0.67, train 77.05%
epoch 3, loss: 0.37, train 77.39%
epoch 3, loss: 0.48, train 77.71%
epoch 3, loss: 0.59, train 77.20%
epoch 3, loss: 0.39, train 77.50%
epoch 3, loss: 0.55, train 77.41%
epoch 3, loss: 0.50, train 77.14%
epoch 3, loss: 0.56, train 77.07%
epoch 3, loss: 0.44, train 77.33%
epoch 3, loss: 0.37, train 77.90%
epoch 3, loss: 0.58, train 77.66%
epoch 3, loss: 0.47, train 78.03%
epoch 3, loss: 0.56, train 78.24%
epoch 3, loss: 0.61, train 78.29%
epoch 3, loss: 0.64, train 77.92%
epoch 3, loss: 0.48, train 78.11%
epoch 3, loss: 0.41, train 78.29%
epoch 3, loss: 0.44, train 78.33%
epoch 3, loss: 0.58, train 78.25%
epoch 3, loss: 0.51, train 78.17%
epoch 3, loss: 0.52, train 78.21%
epoch 3, loss: 0.64, train 78.14%
epoch 3, loss: 0.50, train 77.95%
epoch 3, loss: 0.75, train 77.22%
Epoch completed!
epoch 3, total signals 900, average_loss_per_batch: 0.555954, train 77.22%
Validating
Val set size: 120, validation accuracy 87.50%
epoch 4, loss: 0.52, train 75.00%
epoch 4, loss: 0.55, train 77.50%
epoch 4, loss: 0.37, train 83.33%
epoch 4, loss: 0.36, train 85.00%
epoch 4, loss: 0.45, train 86.00%
epoch 4, loss: 0.73, train 82.50%
epoch 4, loss: 0.62, train 82.86%
epoch 4, loss: 0.46, train 82.50%
epoch 4, loss: 0.60, train 80.56%
epoch 4, loss: 0.59, train 80.00%
epoch 4, loss: 0.52, train 79.09%
epoch 4, loss: 0.48, train 78.75%
epoch 4, loss: 0.51, train 78.85%
epoch 4, loss: 0.44, train 79.64%
epoch 4, loss: 0.56, train 79.67%
epoch 4, loss: 0.51, train 80.00%
epoch 4, loss: 0.54, train 80.00%
epoch 4, loss: 0.42, train 80.28%
epoch 4, loss: 0.48, train 80.26%
epoch 4, loss: 0.75, train 79.50%
epoch 4, loss: 0.77, train 78.33%
epoch 4, loss: 0.66, train 77.95%
epoch 4, loss: 0.90, train 77.61%
epoch 4, loss: 0.79, train 77.29%
epoch 4, loss: 0.59, train 77.20%
epoch 4, loss: 0.41, train 77.69%
epoch 4, loss: 0.66, train 77.78%
epoch 4, loss: 0.59, train 78.04%
epoch 4, loss: 0.85, train 77.24%
epoch 4, loss: 0.73, train 76.67%
epoch 4, loss: 0.46, train 77.26%
epoch 4, loss: 0.93, train 76.25%
epoch 4, loss: 0.50, train 76.52%
epoch 4, loss: 0.95, train 75.74%
epoch 4, loss: 0.57, train 75.86%
epoch 4, loss: 0.59, train 75.83%
epoch 4, loss: 0.82, train 75.41%
epoch 4, loss: 0.70, train 75.26%
epoch 4, loss: 0.75, train 75.26%
epoch 4, loss: 0.62, train 75.25%
epoch 4, loss: 0.77, train 75.00%
epoch 4, loss: 0.71, train 74.64%
epoch 4, loss: 0.68, train 74.77%
epoch 4, loss: 0.54, train 75.11%
epoch 4, loss: 3.21, train 73.89%
Epoch completed!
epoch 4, total signals 900, average_loss_per_batch: 0.671287, train 73.89%
Validating
Val set size: 120, validation accuracy 77.50%
epoch 5, loss: 0.48, train 95.00%
epoch 5, loss: 0.69, train 87.50%
epoch 5, loss: 0.87, train 78.33%
epoch 5, loss: 2.50, train 63.75%
epoch 5, loss: 0.55, train 68.00%
epoch 5, loss: 0.54, train 70.83%
epoch 5, loss: 2.33, train 62.86%
epoch 5, loss: 0.90, train 61.25%
epoch 5, loss: 1.29, train 58.89%
epoch 5, loss: 0.76, train 59.00%
epoch 5, loss: 1.82, train 57.27%
epoch 5, loss: 0.68, train 58.33%
epoch 5, loss: 0.66, train 59.23%
epoch 5, loss: 0.50, train 61.43%
epoch 5, loss: 0.84, train 60.67%
epoch 5, loss: 0.77, train 60.62%
epoch 5, loss: 0.64, train 60.88%
epoch 5, loss: 0.47, train 62.22%
epoch 5, loss: 0.50, train 62.63%
epoch 5, loss: 0.72, train 63.25%
epoch 5, loss: 0.63, train 64.05%
epoch 5, loss: 0.51, train 65.45%
epoch 5, loss: 0.61, train 66.30%
epoch 5, loss: 0.45, train 67.29%
epoch 5, loss: 0.68, train 67.20%
epoch 5, loss: 0.90, train 66.73%
epoch 5, loss: 1.82, train 65.74%
epoch 5, loss: 0.78, train 65.54%
epoch 5, loss: 3.62, train 64.31%
epoch 5, loss: 0.57, train 64.67%
epoch 5, loss: 0.91, train 64.35%
epoch 5, loss: 0.79, train 64.06%
epoch 5, loss: 1.07, train 63.64%
epoch 5, loss: 1.05, train 62.65%
epoch 5, loss: 0.59, train 63.00%
epoch 5, loss: 0.85, train 63.19%
epoch 5, loss: 1.04, train 62.57%
epoch 5, loss: 1.01, train 62.11%
epoch 5, loss: 1.41, train 61.54%
epoch 5, loss: 1.17, train 61.38%
epoch 5, loss: 1.41, train 60.61%
epoch 5, loss: 1.20, train 60.24%
epoch 5, loss: 1.54, train 59.65%
epoch 5, loss: 1.29, train 58.86%
epoch 5, loss: 1.60, train 58.11%
Epoch completed!
epoch 5, total signals 900, average_loss_per_batch: 1.021926, train 58.11%
Validating
Val set size: 120, validation accuracy 35.00%
epoch 6, loss: 1.14, train 30.00%
epoch 6, loss: 1.65, train 37.50%
epoch 6, loss: 1.48, train 41.67%
epoch 6, loss: 1.77, train 41.25%
epoch 6, loss: 2.31, train 37.00%
epoch 6, loss: 1.77, train 34.17%
epoch 6, loss: 2.03, train 33.57%
epoch 6, loss: 1.42, train 33.75%
epoch 6, loss: 1.69, train 33.89%
epoch 6, loss: 7.54, train 32.50%
epoch 6, loss: 1.15, train 34.55%
epoch 6, loss: 1.24, train 34.58%
epoch 6, loss: 1.14, train 34.23%
epoch 6, loss: 1.21, train 35.00%
epoch 6, loss: 1.50, train 35.33%
epoch 6, loss: 1.19, train 35.94%
epoch 6, loss: 1.50, train 35.88%
epoch 6, loss: 1.36, train 35.83%
epoch 6, loss: 1.43, train 35.53%
epoch 6, loss: 1.61, train 35.25%
epoch 6, loss: 1.82, train 35.48%
epoch 6, loss: 1.71, train 35.23%
epoch 6, loss: 1.26, train 35.87%
epoch 6, loss: 1.24, train 36.25%
epoch 6, loss: 1.46, train 35.80%
epoch 6, loss: 2.00, train 35.58%
epoch 6, loss: 1.15, train 35.37%
epoch 6, loss: 1.43, train 34.46%
epoch 6, loss: 1.13, train 34.14%
epoch 6, loss: 1.39, train 33.67%
epoch 6, loss: 1.13, train 33.55%
epoch 6, loss: 1.17, train 33.91%
epoch 6, loss: 1.27, train 33.48%
epoch 6, loss: 1.11, train 33.24%
epoch 6, loss: 1.12, train 33.43%
epoch 6, loss: 1.23, train 33.06%
epoch 6, loss: 1.14, train 33.38%
epoch 6, loss: 1.46, train 33.42%
epoch 6, loss: 1.01, train 33.72%
epoch 6, loss: 1.14, train 33.75%
epoch 6, loss: 1.43, train 33.78%
epoch 6, loss: 1.19, train 33.81%
epoch 6, loss: 12.65, train 33.60%
epoch 6, loss: 1.70, train 33.41%
epoch 6, loss: 1.26, train 33.33%
Epoch completed!
epoch 6, total signals 900, average_loss_per_batch: 1.793488, train 33.33%
Validating
Val set size: 120, validation accuracy 33.33%
epoch 7, loss: 0.99, train 45.00%
epoch 7, loss: 1.69, train 45.00%
epoch 7, loss: 2.37, train 41.67%
epoch 7, loss: 1.32, train 40.00%
epoch 7, loss: 1.74, train 40.00%
epoch 7, loss: 1.25, train 40.00%
epoch 7, loss: 1.54, train 39.29%
epoch 7, loss: 3.48, train 38.12%
epoch 7, loss: 1.11, train 38.33%
epoch 7, loss: 6.47, train 37.00%
epoch 7, loss: 2.20, train 36.82%
epoch 7, loss: 2.05, train 36.25%
epoch 7, loss: 1.86, train 35.38%
epoch 7, loss: 1.70, train 35.71%
epoch 7, loss: 1.54, train 36.00%
epoch 7, loss: 1.25, train 36.25%
epoch 7, loss: 1.21, train 35.59%
epoch 7, loss: 1.11, train 35.83%
epoch 7, loss: 1.43, train 35.53%
epoch 7, loss: 1.25, train 35.25%
epoch 7, loss: 2.49, train 35.00%
epoch 7, loss: 1.13, train 35.23%
epoch 7, loss: 1.18, train 34.35%
epoch 7, loss: 1.11, train 34.58%
epoch 7, loss: 3.13, train 34.40%
epoch 7, loss: 1.35, train 34.04%
epoch 7, loss: 1.16, train 34.26%
epoch 7, loss: 1.90, train 34.11%
epoch 7, loss: 1.32, train 34.31%
epoch 7, loss: 1.13, train 34.67%
epoch 7, loss: 1.46, train 34.52%
epoch 7, loss: 1.45, train 34.22%
epoch 7, loss: 1.18, train 34.09%
epoch 7, loss: 1.70, train 33.97%
epoch 7, loss: 1.16, train 34.29%
epoch 7, loss: 1.61, train 34.58%
epoch 7, loss: 1.40, train 34.46%
epoch 7, loss: 1.08, train 34.74%
epoch 7, loss: 1.78, train 34.36%
epoch 7, loss: 2.62, train 34.25%
epoch 7, loss: 1.36, train 34.02%
epoch 7, loss: 1.46, train 33.93%
epoch 7, loss: 1.49, train 33.95%
epoch 7, loss: 1.84, train 33.98%
epoch 7, loss: 1.12, train 34.22%
Epoch completed!
epoch 7, total signals 900, average_loss_per_batch: 1.692666, train 34.22%
Validating
Val set size: 120, validation accuracy 33.33%
epoch 8, loss: 1.55, train 30.00%
epoch 8, loss: 4.41, train 30.00%
epoch 8, loss: 1.30, train 35.00%
epoch 8, loss: 2.09, train 33.75%
epoch 8, loss: 2.11, train 32.00%
epoch 8, loss: 3.05, train 34.17%
epoch 8, loss: 2.97, train 31.43%
epoch 8, loss: 3.62, train 31.25%
epoch 8, loss: 1.50, train 33.89%
epoch 8, loss: 1.73, train 35.00%
epoch 8, loss: 1.64, train 36.36%
epoch 8, loss: 1.36, train 35.83%
epoch 8, loss: 1.42, train 35.00%
epoch 8, loss: 3.17, train 35.36%
epoch 8, loss: 1.48, train 35.33%
epoch 8, loss: 3.36, train 35.00%
epoch 8, loss: 2.78, train 33.82%
epoch 8, loss: 2.02, train 33.33%
epoch 8, loss: 1.46, train 33.42%
epoch 8, loss: 1.49, train 33.25%
epoch 8, loss: 1.90, train 32.38%
epoch 8, loss: 1.84, train 31.36%
epoch 8, loss: 1.12, train 31.96%
epoch 8, loss: 1.21, train 32.08%
epoch 8, loss: 1.26, train 32.40%
epoch 8, loss: 1.10, train 32.31%
epoch 8, loss: 1.26, train 32.04%
epoch 8, loss: 1.59, train 31.96%
epoch 8, loss: 1.25, train 31.90%
epoch 8, loss: 1.14, train 32.50%
epoch 8, loss: 1.09, train 32.90%
epoch 8, loss: 6.53, train 32.66%
epoch 8, loss: 1.18, train 32.42%
epoch 8, loss: 1.29, train 31.91%
epoch 8, loss: 2.59, train 31.43%
epoch 8, loss: 2.45, train 31.81%
epoch 8, loss: 1.64, train 32.30%
epoch 8, loss: 2.38, train 32.76%
epoch 8, loss: 5.23, train 32.44%
epoch 8, loss: 1.63, train 32.00%
epoch 8, loss: 1.86, train 32.07%
epoch 8, loss: 1.16, train 32.02%
epoch 8, loss: 1.25, train 31.74%
epoch 8, loss: 1.11, train 31.82%
epoch 8, loss: 1.49, train 31.89%
Epoch completed!
epoch 8, total signals 900, average_loss_per_batch: 2.023688, train 31.89%
Validating
Val set size: 120, validation accuracy 33.33%
epoch 9, loss: 1.31, train 25.00%
epoch 9, loss: 1.37, train 30.00%
epoch 9, loss: 1.06, train 30.00%
epoch 9, loss: 1.17, train 32.50%
epoch 9, loss: 1.29, train 31.00%
epoch 9, loss: 1.17, train 32.50%
epoch 9, loss: 1.10, train 34.29%
epoch 9, loss: 1.07, train 35.62%
epoch 9, loss: 1.37, train 35.00%
epoch 9, loss: 1.49, train 35.50%
epoch 9, loss: 1.34, train 35.00%
epoch 9, loss: 1.21, train 35.00%
epoch 9, loss: 1.14, train 34.62%
epoch 9, loss: 1.26, train 34.29%
epoch 9, loss: 1.13, train 35.00%
epoch 9, loss: 1.14, train 35.00%
epoch 9, loss: 2.64, train 34.71%
epoch 9, loss: 1.11, train 35.83%
epoch 9, loss: 3.10, train 34.74%
epoch 9, loss: 1.69, train 34.25%
epoch 9, loss: 1.92, train 33.33%
epoch 9, loss: 1.78, train 32.95%
epoch 9, loss: 1.88, train 32.83%
epoch 9, loss: 1.97, train 32.29%
epoch 9, loss: 1.23, train 33.00%
epoch 9, loss: 1.12, train 33.65%
epoch 9, loss: 1.13, train 34.26%
epoch 9, loss: 1.51, train 33.75%
epoch 9, loss: 1.11, train 33.79%
epoch 9, loss: 1.66, train 33.50%
epoch 9, loss: 1.28, train 33.55%
epoch 9, loss: 1.58, train 33.12%
epoch 9, loss: 1.87, train 32.88%
epoch 9, loss: 1.55, train 32.79%
epoch 9, loss: 1.14, train 32.57%
epoch 9, loss: 4.14, train 32.64%
epoch 9, loss: 1.32, train 32.30%
epoch 9, loss: 1.40, train 32.37%
epoch 9, loss: 1.21, train 32.82%
epoch 9, loss: 1.21, train 32.50%
epoch 9, loss: 1.31, train 32.20%
epoch 9, loss: 1.19, train 31.79%
epoch 9, loss: 1.33, train 31.51%
epoch 9, loss: 1.20, train 31.36%
epoch 9, loss: 1.17, train 31.33%
Epoch completed!
epoch 9, total signals 900, average_loss_per_batch: 1.475246, train 31.33%
Validating
Val set size: 120, validation accuracy 33.33%
epoch 10, loss: 1.09, train 40.00%
epoch 10, loss: 1.19, train 37.50%
epoch 10, loss: 1.14, train 35.00%
epoch 10, loss: 1.18, train 32.50%
epoch 10, loss: 1.05, train 36.00%
epoch 10, loss: 1.10, train 37.50%
epoch 10, loss: 1.02, train 40.00%
epoch 10, loss: 1.20, train 39.38%
epoch 10, loss: 1.10, train 38.89%
epoch 10, loss: 1.37, train 38.00%
epoch 10, loss: 1.11, train 37.73%
epoch 10, loss: 1.27, train 36.67%
epoch 10, loss: 1.13, train 36.54%
epoch 10, loss: 1.11, train 37.50%
epoch 10, loss: 1.25, train 36.00%
epoch 10, loss: 2.20, train 36.25%
epoch 10, loss: 1.10, train 37.06%
epoch 10, loss: 1.05, train 37.78%
epoch 10, loss: 1.10, train 37.63%
epoch 10, loss: 1.09, train 37.75%
epoch 10, loss: 1.08, train 37.38%
epoch 10, loss: 1.08, train 37.05%
epoch 10, loss: 1.19, train 37.17%
epoch 10, loss: 1.99, train 37.29%
epoch 10, loss: 1.08, train 37.60%
epoch 10, loss: 1.10, train 37.12%
epoch 10, loss: 4.18, train 37.04%
epoch 10, loss: 1.65, train 36.43%
epoch 10, loss: 1.16, train 35.86%
epoch 10, loss: 1.10, train 35.50%
epoch 10, loss: 1.16, train 35.65%
epoch 10, loss: 1.09, train 36.25%
epoch 10, loss: 3.04, train 35.61%
epoch 10, loss: 4.13, train 35.15%
epoch 10, loss: 1.07, train 35.29%
epoch 10, loss: 1.74, train 35.00%
epoch 10, loss: 1.37, train 35.14%
epoch 10, loss: 1.33, train 34.74%
epoch 10, loss: 2.19, train 34.74%
epoch 10, loss: 1.12, train 34.62%
epoch 10, loss: 1.27, train 34.63%
epoch 10, loss: 1.22, train 34.76%
epoch 10, loss: 1.27, train 34.53%
epoch 10, loss: 1.32, train 34.43%
epoch 10, loss: 1.44, train 34.22%
Epoch completed!
epoch 10, total signals 900, average_loss_per_batch: 1.427219, train 34.22%
Validating
Val set size: 120, validation accuracy 33.33%
epoch 11, loss: 2.66, train 35.00%
epoch 11, loss: 2.06, train 30.00%
epoch 11, loss: 1.36, train 30.00%
epoch 11, loss: 1.48, train 28.75%
epoch 11, loss: 1.10, train 31.00%
epoch 11, loss: 1.23, train 32.50%
epoch 11, loss: 1.27, train 32.14%
epoch 11, loss: 1.02, train 33.12%
epoch 11, loss: 1.10, train 35.00%
epoch 11, loss: 1.25, train 35.00%
epoch 11, loss: 3.30, train 34.09%
epoch 11, loss: 1.05, train 35.42%
epoch 11, loss: 1.18, train 36.15%
epoch 11, loss: 1.52, train 35.71%
epoch 11, loss: 1.01, train 37.00%
epoch 11, loss: 1.71, train 36.25%
epoch 11, loss: 1.71, train 35.00%
epoch 11, loss: 1.26, train 35.83%
epoch 11, loss: 1.44, train 35.79%
epoch 11, loss: 1.27, train 35.50%
epoch 11, loss: 1.25, train 35.24%
epoch 11, loss: 1.28, train 34.09%
epoch 11, loss: 1.38, train 33.48%
epoch 11, loss: 1.15, train 33.54%
epoch 11, loss: 1.24, train 33.60%
epoch 11, loss: 1.27, train 33.27%
epoch 11, loss: 1.14, train 33.33%
epoch 11, loss: 1.43, train 32.86%
epoch 11, loss: 1.10, train 32.93%
epoch 11, loss: 1.01, train 33.50%
epoch 11, loss: 1.09, train 33.39%
epoch 11, loss: 1.20, train 33.44%
epoch 11, loss: 1.06, train 33.64%
epoch 11, loss: 1.36, train 33.82%
epoch 11, loss: 1.09, train 33.43%
epoch 11, loss: 1.17, train 33.19%
epoch 11, loss: 1.11, train 33.11%
epoch 11, loss: 1.10, train 33.29%
epoch 11, loss: 1.13, train 33.46%
epoch 11, loss: 1.06, train 33.88%
epoch 11, loss: 1.06, train 34.27%
epoch 11, loss: 1.11, train 34.29%
epoch 11, loss: 1.13, train 34.19%
epoch 11, loss: 1.10, train 34.20%
epoch 11, loss: 1.10, train 34.33%
Epoch completed!
epoch 11, total signals 900, average_loss_per_batch: 1.313328, train 34.33%
Validating
Val set size: 120, validation accuracy 33.33%
epoch 12, loss: 1.23, train 40.00%
epoch 12, loss: 1.18, train 32.50%
epoch 12, loss: 1.14, train 30.00%
epoch 12, loss: 8.85, train 32.50%
epoch 12, loss: 1.25, train 31.00%
epoch 12, loss: 1.09, train 33.33%
epoch 12, loss: 1.19, train 33.57%
epoch 12, loss: 1.20, train 33.12%
epoch 12, loss: 1.17, train 33.89%
epoch 12, loss: 1.26, train 32.00%
epoch 12, loss: 1.17, train 31.36%
epoch 12, loss: 1.15, train 30.42%
epoch 12, loss: 1.26, train 31.15%
epoch 12, loss: 1.10, train 31.43%
epoch 12, loss: 1.09, train 31.67%
epoch 12, loss: 1.18, train 31.56%
epoch 12, loss: 1.25, train 30.59%
epoch 12, loss: 1.19, train 30.83%
epoch 12, loss: 1.11, train 31.84%
epoch 12, loss: 1.05, train 33.25%
epoch 12, loss: 1.19, train 32.86%
epoch 12, loss: 1.08, train 33.41%
epoch 12, loss: 1.08, train 33.91%
epoch 12, loss: 1.33, train 33.33%
epoch 12, loss: 1.16, train 33.60%
epoch 12, loss: 1.57, train 34.04%
epoch 12, loss: 1.09, train 33.70%
epoch 12, loss: 1.09, train 33.93%
epoch 12, loss: 1.81, train 33.79%
epoch 12, loss: 1.10, train 34.00%
epoch 12, loss: 1.14, train 33.39%
epoch 12, loss: 1.21, train 32.97%
epoch 12, loss: 1.15, train 33.03%
epoch 12, loss: 1.04, train 33.24%
epoch 12, loss: 1.09, train 33.14%
epoch 12, loss: 1.09, train 32.92%
epoch 12, loss: 1.89, train 32.70%
epoch 12, loss: 1.12, train 32.63%
epoch 12, loss: 1.13, train 32.69%
epoch 12, loss: 1.14, train 32.62%
epoch 12, loss: 1.14, train 32.44%
epoch 12, loss: 1.08, train 32.62%
epoch 12, loss: 1.03, train 33.02%
epoch 12, loss: 1.09, train 33.18%
epoch 12, loss: 1.09, train 32.89%
Epoch completed!
epoch 12, total signals 900, average_loss_per_batch: 1.356802, train 32.89%
Validating
Val set size: 120, validation accuracy 33.33%
epoch 13, loss: 1.06, train 50.00%
epoch 13, loss: 1.09, train 37.50%
epoch 13, loss: 1.17, train 28.33%
epoch 13, loss: 1.04, train 32.50%
epoch 13, loss: 1.10, train 35.00%
epoch 13, loss: 1.17, train 31.67%
epoch 13, loss: 1.08, train 35.00%
epoch 13, loss: 1.14, train 34.38%
epoch 13, loss: 1.10, train 32.78%
epoch 13, loss: 1.16, train 30.00%
epoch 13, loss: 1.11, train 30.45%
epoch 13, loss: 1.10, train 30.83%
epoch 13, loss: 1.15, train 31.15%
epoch 13, loss: 1.34, train 30.00%
epoch 13, loss: 1.08, train 31.67%
epoch 13, loss: 1.26, train 30.94%
epoch 13, loss: 1.03, train 31.76%
epoch 13, loss: 5.71, train 31.39%
epoch 13, loss: 1.21, train 31.58%
epoch 13, loss: 1.11, train 31.50%
epoch 13, loss: 1.07, train 31.90%
epoch 13, loss: 1.09, train 32.05%
epoch 13, loss: 1.10, train 31.96%
epoch 13, loss: 1.22, train 32.08%
epoch 13, loss: 1.18, train 32.20%
epoch 13, loss: 1.19, train 31.92%
epoch 13, loss: 1.10, train 31.48%
epoch 13, loss: 1.24, train 31.07%
epoch 13, loss: 1.01, train 31.55%
epoch 13, loss: 1.16, train 31.33%
epoch 13, loss: 1.05, train 31.61%
epoch 13, loss: 1.21, train 32.03%
epoch 13, loss: 1.24, train 31.82%
epoch 13, loss: 1.12, train 31.32%
epoch 13, loss: 1.23, train 31.14%
epoch 13, loss: 1.09, train 31.39%
epoch 13, loss: 1.04, train 31.89%
epoch 13, loss: 1.12, train 32.37%
epoch 13, loss: 1.10, train 32.44%
epoch 13, loss: 1.08, train 32.62%
epoch 13, loss: 1.27, train 32.56%
epoch 13, loss: 1.10, train 32.62%
epoch 13, loss: 1.05, train 32.79%
epoch 13, loss: 1.16, train 32.84%
epoch 13, loss: 1.13, train 32.67%
Epoch completed!
epoch 13, total signals 900, average_loss_per_batch: 1.235452, train 32.67%
Validating
Val set size: 120, validation accuracy 33.33%
epoch 14, loss: 1.08, train 40.00%
epoch 14, loss: 1.14, train 37.50%
epoch 14, loss: 1.09, train 35.00%
epoch 14, loss: 1.06, train 36.25%
epoch 14, loss: 1.11, train 36.00%
epoch 14, loss: 1.13, train 35.83%
epoch 14, loss: 1.12, train 36.43%
epoch 14, loss: 1.07, train 36.88%
epoch 14, loss: 1.06, train 37.78%
epoch 14, loss: 1.08, train 37.00%
epoch 14, loss: 1.08, train 37.73%
epoch 14, loss: 1.22, train 36.25%
epoch 14, loss: 1.14, train 36.54%
epoch 14, loss: 1.13, train 35.36%
epoch 14, loss: 1.15, train 34.00%
epoch 14, loss: 1.13, train 34.06%
epoch 14, loss: 1.06, train 35.29%
epoch 14, loss: 2.24, train 33.89%
epoch 14, loss: 1.08, train 34.47%
epoch 14, loss: 1.60, train 34.00%
epoch 14, loss: 1.19, train 33.33%
epoch 14, loss: 1.07, train 33.64%
epoch 14, loss: 1.15, train 33.48%
epoch 14, loss: 1.19, train 33.12%
epoch 14, loss: 1.16, train 32.80%
epoch 14, loss: 1.06, train 33.08%
epoch 14, loss: 1.55, train 33.15%
epoch 14, loss: 2.00, train 33.39%
epoch 14, loss: 1.00, train 34.66%
epoch 14, loss: 1.08, train 35.00%
epoch 14, loss: 1.16, train 34.84%
epoch 14, loss: 1.10, train 34.69%
epoch 14, loss: 1.08, train 34.85%
epoch 14, loss: 1.12, train 34.71%
epoch 14, loss: 1.12, train 34.43%
epoch 14, loss: 1.09, train 34.44%
epoch 14, loss: 1.27, train 34.46%
epoch 14, loss: 1.17, train 34.61%
epoch 14, loss: 1.12, train 34.49%
epoch 14, loss: 1.14, train 34.12%
epoch 14, loss: 1.25, train 34.15%
epoch 14, loss: 1.09, train 34.29%
epoch 14, loss: 1.13, train 34.19%
epoch 14, loss: 1.19, train 33.98%
epoch 14, loss: 1.11, train 34.11%
Epoch completed!
epoch 14, total signals 900, average_loss_per_batch: 1.185597, train 34.11%
Validating
Val set size: 120, validation accuracy 33.33%
epoch 15, loss: 1.09, train 40.00%
epoch 15, loss: 1.10, train 35.00%
epoch 15, loss: 1.10, train 35.00%
epoch 15, loss: 1.11, train 33.75%
epoch 15, loss: 1.11, train 34.00%
epoch 15, loss: 1.12, train 35.00%
epoch 15, loss: 1.68, train 34.29%
epoch 15, loss: 1.10, train 36.25%
epoch 15, loss: 1.47, train 35.56%
epoch 15, loss: 1.18, train 34.00%
epoch 15, loss: 1.11, train 34.09%
epoch 15, loss: 1.13, train 34.17%
epoch 15, loss: 1.22, train 33.08%
epoch 15, loss: 1.12, train 33.21%
epoch 15, loss: 1.10, train 33.00%
epoch 15, loss: 8.15, train 32.19%
epoch 15, loss: 1.17, train 31.76%
epoch 15, loss: 1.03, train 32.22%
epoch 15, loss: 1.41, train 30.53%
epoch 15, loss: 1.22, train 31.25%
epoch 15, loss: 1.05, train 31.90%
epoch 15, loss: 1.17, train 32.27%
epoch 15, loss: 1.19, train 32.17%
epoch 15, loss: 1.09, train 32.29%
epoch 15, loss: 1.23, train 32.20%
epoch 15, loss: 1.16, train 32.69%
epoch 15, loss: 1.15, train 32.78%
epoch 15, loss: 1.24, train 32.50%
epoch 15, loss: 1.24, train 32.41%
epoch 15, loss: 1.14, train 32.83%
epoch 15, loss: 1.20, train 32.74%
epoch 15, loss: 1.20, train 32.19%
epoch 15, loss: 1.03, train 32.88%
epoch 15, loss: 1.15, train 32.94%
epoch 15, loss: 2.08, train 32.71%
epoch 15, loss: 1.36, train 32.78%
epoch 15, loss: 1.14, train 32.43%
epoch 15, loss: 1.12, train 32.63%
epoch 15, loss: 1.27, train 32.44%
epoch 15, loss: 1.39, train 32.50%
epoch 15, loss: 1.05, train 32.68%
epoch 15, loss: 1.12, train 32.74%
epoch 15, loss: 1.17, train 32.79%
epoch 15, loss: 1.13, train 32.95%
epoch 15, loss: 1.14, train 32.78%
Epoch completed!
epoch 15, total signals 900, average_loss_per_batch: 1.353929, train 32.78%
Validating
Val set size: 120, validation accuracy 33.33%
epoch 16, loss: 1.19, train 30.00%
epoch 16, loss: 1.24, train 27.50%
epoch 16, loss: 1.12, train 26.67%
epoch 16, loss: 1.05, train 32.50%
epoch 16, loss: 1.10, train 34.00%
epoch 16, loss: 1.14, train 35.00%
epoch 16, loss: 1.13, train 35.71%
epoch 16, loss: 1.15, train 36.25%
epoch 16, loss: 1.17, train 35.56%
epoch 16, loss: 1.06, train 36.00%
epoch 16, loss: 1.17, train 34.55%
epoch 16, loss: 1.16, train 33.75%
epoch 16, loss: 1.04, train 35.00%
epoch 16, loss: 1.04, train 36.43%
epoch 16, loss: 1.20, train 35.33%
epoch 16, loss: 1.10, train 35.31%
epoch 16, loss: 1.12, train 35.29%
epoch 16, loss: 1.17, train 34.72%
epoch 16, loss: 1.13, train 33.95%
epoch 16, loss: 1.04, train 35.00%
epoch 16, loss: 1.26, train 34.29%
epoch 16, loss: 1.12, train 34.32%
epoch 16, loss: 1.18, train 34.13%
epoch 16, loss: 1.62, train 34.17%
epoch 16, loss: 1.15, train 34.00%
epoch 16, loss: 1.00, train 34.62%
epoch 16, loss: 1.10, train 34.63%
epoch 16, loss: 1.18, train 34.64%
epoch 16, loss: 1.14, train 34.66%
epoch 16, loss: 1.08, train 35.00%
epoch 16, loss: 1.10, train 35.16%
epoch 16, loss: 1.15, train 34.53%
epoch 16, loss: 1.13, train 34.09%
epoch 16, loss: 1.17, train 33.53%
epoch 16, loss: 1.12, train 33.57%
epoch 16, loss: 1.10, train 33.89%
epoch 16, loss: 1.15, train 33.65%
epoch 16, loss: 1.09, train 33.82%
epoch 16, loss: 1.15, train 33.85%
epoch 16, loss: 1.17, train 33.62%
epoch 16, loss: 3.16, train 33.29%
epoch 16, loss: 1.13, train 33.33%
epoch 16, loss: 5.36, train 33.49%
epoch 16, loss: 1.09, train 33.75%
epoch 16, loss: 1.16, train 34.00%
Epoch completed!
epoch 16, total signals 900, average_loss_per_batch: 1.279530, train 34.00%
Validating
Val set size: 120, validation accuracy 33.33%
epoch 17, loss: 1.12, train 35.00%
epoch 17, loss: 1.08, train 37.50%
epoch 17, loss: 1.06, train 45.00%
epoch 17, loss: 1.06, train 41.25%
epoch 17, loss: 1.25, train 37.00%
epoch 17, loss: 1.06, train 39.17%
epoch 17, loss: 1.13, train 37.86%
epoch 17, loss: 1.13, train 35.62%
epoch 17, loss: 1.13, train 33.89%
epoch 17, loss: 5.87, train 32.50%
epoch 17, loss: 1.09, train 33.18%
epoch 17, loss: 1.02, train 35.83%
epoch 17, loss: 1.10, train 36.92%
epoch 17, loss: 1.13, train 35.71%
epoch 17, loss: 1.43, train 35.67%
epoch 17, loss: 1.26, train 35.00%
epoch 17, loss: 1.07, train 35.29%
epoch 17, loss: 1.10, train 35.56%
epoch 17, loss: 1.31, train 35.00%
epoch 17, loss: 1.06, train 35.75%
epoch 17, loss: 1.07, train 36.43%
epoch 17, loss: 1.10, train 36.14%
epoch 17, loss: 1.13, train 36.09%
epoch 17, loss: 1.18, train 36.67%
epoch 17, loss: 1.09, train 36.20%
epoch 17, loss: 1.17, train 35.96%
epoch 17, loss: 1.06, train 36.30%
epoch 17, loss: 1.15, train 36.07%
epoch 17, loss: 1.11, train 36.21%
epoch 17, loss: 1.12, train 36.17%
epoch 17, loss: 1.74, train 35.65%
epoch 17, loss: 1.14, train 35.47%
epoch 17, loss: 1.20, train 35.45%
epoch 17, loss: 1.12, train 35.00%
epoch 17, loss: 1.07, train 35.43%
epoch 17, loss: 1.13, train 35.42%
epoch 17, loss: 1.17, train 35.54%
epoch 17, loss: 1.12, train 35.66%
epoch 17, loss: 1.05, train 35.90%
epoch 17, loss: 1.20, train 35.50%
epoch 17, loss: 1.08, train 35.73%
epoch 17, loss: 1.11, train 35.95%
epoch 17, loss: 1.14, train 35.93%
epoch 17, loss: 1.21, train 35.80%
epoch 17, loss: 1.24, train 36.00%
Epoch completed!
epoch 17, total signals 900, average_loss_per_batch: 1.252527, train 36.00%
Validating
Val set size: 120, validation accuracy 33.33%
epoch 18, loss: 1.06, train 45.00%
epoch 18, loss: 1.09, train 47.50%
epoch 18, loss: 1.08, train 48.33%
epoch 18, loss: 1.08, train 47.50%
epoch 18, loss: 1.16, train 43.00%
epoch 18, loss: 1.09, train 43.33%
epoch 18, loss: 3.87, train 43.57%
epoch 18, loss: 1.16, train 41.25%
epoch 18, loss: 1.10, train 40.00%
epoch 18, loss: 1.17, train 39.50%
epoch 18, loss: 1.09, train 40.00%
epoch 18, loss: 1.02, train 41.25%
epoch 18, loss: 1.14, train 40.38%
epoch 18, loss: 1.17, train 39.64%
epoch 18, loss: 1.10, train 39.00%
epoch 18, loss: 1.13, train 37.81%
epoch 18, loss: 1.03, train 38.24%
epoch 18, loss: 1.08, train 38.61%
epoch 18, loss: 1.12, train 38.68%
epoch 18, loss: 1.11, train 38.50%
epoch 18, loss: 1.06, train 39.76%
epoch 18, loss: 1.10, train 39.55%
epoch 18, loss: 1.14, train 38.70%
epoch 18, loss: 1.12, train 37.92%
epoch 18, loss: 1.05, train 38.20%
epoch 18, loss: 1.09, train 38.27%
epoch 18, loss: 1.07, train 38.33%
epoch 18, loss: 1.10, train 38.57%
epoch 18, loss: 1.21, train 37.76%
epoch 18, loss: 1.13, train 37.50%
epoch 18, loss: 1.09, train 37.74%
epoch 18, loss: 1.07, train 37.81%
epoch 18, loss: 1.09, train 37.88%
epoch 18, loss: 1.07, train 38.38%
epoch 18, loss: 1.05, train 39.00%
epoch 18, loss: 1.06, train 39.31%
epoch 18, loss: 1.06, train 39.46%
epoch 18, loss: 1.03, train 39.87%
epoch 18, loss: 1.15, train 39.74%
epoch 18, loss: 1.12, train 39.25%
epoch 18, loss: 1.07, train 39.51%
epoch 18, loss: 1.11, train 39.29%
epoch 18, loss: 1.28, train 39.07%
epoch 18, loss: 1.08, train 39.09%
epoch 18, loss: 1.18, train 38.44%
Epoch completed!
epoch 18, total signals 900, average_loss_per_batch: 1.164914, train 38.44%
Validating
Val set size: 120, validation accuracy 33.33%
epoch 19, loss: 1.28, train 30.00%
epoch 19, loss: 1.31, train 35.00%
epoch 19, loss: 1.12, train 31.67%
epoch 19, loss: 1.09, train 36.25%
epoch 19, loss: 1.01, train 40.00%
epoch 19, loss: 1.12, train 40.00%
epoch 19, loss: 1.09, train 41.43%
epoch 19, loss: 1.21, train 40.62%
epoch 19, loss: 1.11, train 38.89%
epoch 19, loss: 1.06, train 40.50%
epoch 19, loss: 1.11, train 40.00%
epoch 19, loss: 1.08, train 40.00%
epoch 19, loss: 1.14, train 38.85%
epoch 19, loss: 1.09, train 38.93%
epoch 19, loss: 1.04, train 39.67%
epoch 19, loss: 1.08, train 40.00%
epoch 19, loss: 1.15, train 39.41%
epoch 19, loss: 1.09, train 39.44%
epoch 19, loss: 1.08, train 40.00%
epoch 19, loss: 1.17, train 39.00%
epoch 19, loss: 1.30, train 38.57%
epoch 19, loss: 1.12, train 37.73%
epoch 19, loss: 1.10, train 37.39%
epoch 19, loss: 1.25, train 36.04%
epoch 19, loss: 1.06, train 36.20%
epoch 19, loss: 1.12, train 36.35%
epoch 19, loss: 1.11, train 35.93%
epoch 19, loss: 1.18, train 35.71%
epoch 19, loss: 1.40, train 35.17%
epoch 19, loss: 1.22, train 35.33%
epoch 19, loss: 1.06, train 35.48%
epoch 19, loss: 1.10, train 35.62%
epoch 19, loss: 1.15, train 35.61%
epoch 19, loss: 1.11, train 35.59%
epoch 19, loss: 1.15, train 35.71%
epoch 19, loss: 1.15, train 35.83%
epoch 19, loss: 1.19, train 35.27%
epoch 19, loss: 1.11, train 35.26%
epoch 19, loss: 1.13, train 35.26%
epoch 19, loss: 1.06, train 35.50%
epoch 19, loss: 1.05, train 36.10%
epoch 19, loss: 1.13, train 36.07%
epoch 19, loss: 1.08, train 36.28%
epoch 19, loss: 1.24, train 36.25%
epoch 19, loss: 1.11, train 36.44%
Epoch completed!
epoch 19, total signals 900, average_loss_per_batch: 1.136366, train 36.44%
Validating
Val set size: 120, validation accuracy 33.33%
epoch 20, loss: 1.08, train 50.00%
epoch 20, loss: 1.15, train 35.00%
epoch 20, loss: 1.09, train 36.67%
epoch 20, loss: 1.44, train 35.00%
epoch 20, loss: 1.22, train 32.00%
epoch 20, loss: 1.17, train 30.83%
epoch 20, loss: 1.07, train 32.86%
epoch 20, loss: 1.09, train 34.38%
epoch 20, loss: 1.11, train 33.33%
epoch 20, loss: 1.03, train 35.00%
epoch 20, loss: 1.21, train 33.64%
epoch 20, loss: 1.27, train 33.75%
epoch 20, loss: 1.09, train 34.23%
epoch 20, loss: 1.16, train 33.21%
epoch 20, loss: 1.10, train 33.00%
epoch 20, loss: 1.09, train 33.44%
epoch 20, loss: 1.13, train 33.53%
epoch 20, loss: 1.18, train 32.50%
epoch 20, loss: 1.06, train 32.89%
epoch 20, loss: 1.08, train 33.25%
epoch 20, loss: 1.05, train 33.81%
epoch 20, loss: 1.06, train 33.86%
epoch 20, loss: 1.19, train 33.26%
epoch 20, loss: 1.07, train 33.33%
epoch 20, loss: 1.23, train 33.20%
epoch 20, loss: 1.12, train 33.08%
epoch 20, loss: 1.02, train 33.89%
epoch 20, loss: 1.26, train 33.21%
epoch 20, loss: 1.14, train 32.93%
epoch 20, loss: 0.93, train 33.50%
epoch 20, loss: 1.15, train 33.23%
epoch 20, loss: 1.09, train 33.75%
epoch 20, loss: 1.15, train 33.48%
epoch 20, loss: 1.23, train 33.24%
epoch 20, loss: 1.14, train 32.86%
epoch 20, loss: 1.07, train 33.61%
epoch 20, loss: 1.12, train 33.78%
epoch 20, loss: 1.13, train 33.95%
epoch 20, loss: 1.09, train 33.97%
epoch 20, loss: 1.11, train 34.00%
epoch 20, loss: 1.13, train 33.90%
epoch 20, loss: 1.09, train 34.05%
epoch 20, loss: 1.29, train 34.07%
epoch 20, loss: 1.15, train 33.75%
epoch 20, loss: 1.19, train 33.44%
Epoch completed!
epoch 20, total signals 900, average_loss_per_batch: 1.133986, train 33.44%
Validating
Val set size: 120, validation accuracy 33.33%
epoch 21, loss: 1.09, train 40.00%
epoch 21, loss: 1.06, train 37.50%
epoch 21, loss: 1.14, train 36.67%
epoch 21, loss: 1.09, train 38.75%
epoch 21, loss: 1.08, train 39.00%
epoch 21, loss: 1.13, train 36.67%
epoch 21, loss: 1.09, train 37.86%
epoch 21, loss: 1.18, train 36.88%
epoch 21, loss: 1.15, train 36.11%
epoch 21, loss: 1.06, train 36.50%
epoch 21, loss: 1.07, train 36.82%
epoch 21, loss: 1.09, train 38.33%
epoch 21, loss: 1.14, train 38.08%
epoch 21, loss: 1.12, train 37.50%
epoch 21, loss: 1.12, train 38.00%
epoch 21, loss: 1.38, train 37.19%
epoch 21, loss: 1.11, train 36.47%
epoch 21, loss: 1.18, train 35.83%
epoch 21, loss: 1.12, train 35.79%
epoch 21, loss: 1.38, train 34.50%
epoch 21, loss: 1.08, train 34.76%
epoch 21, loss: 1.12, train 34.77%
epoch 21, loss: 1.04, train 35.87%
epoch 21, loss: 1.17, train 35.21%
epoch 21, loss: 1.19, train 34.00%
epoch 21, loss: 1.08, train 34.23%
epoch 21, loss: 1.14, train 34.07%
epoch 21, loss: 1.09, train 34.11%
epoch 21, loss: 1.03, train 34.66%
epoch 21, loss: 1.07, train 35.17%
epoch 21, loss: 1.13, train 34.68%
epoch 21, loss: 1.07, train 35.16%
epoch 21, loss: 1.11, train 35.00%
epoch 21, loss: 1.12, train 35.00%
epoch 21, loss: 1.12, train 34.86%
epoch 21, loss: 1.63, train 34.44%
epoch 21, loss: 1.15, train 34.32%
epoch 21, loss: 1.09, train 34.47%
epoch 21, loss: 1.12, train 34.23%
epoch 21, loss: 1.30, train 34.00%
epoch 21, loss: 1.15, train 34.15%
epoch 21, loss: 1.10, train 34.29%
epoch 21, loss: 1.15, train 34.30%
epoch 21, loss: 1.11, train 34.32%
epoch 21, loss: 1.12, train 34.44%
Epoch completed!
epoch 21, total signals 900, average_loss_per_batch: 1.139154, train 34.44%
Validating
Val set size: 120, validation accuracy 33.33%
epoch 22, loss: 1.08, train 45.00%
epoch 22, loss: 1.13, train 45.00%
epoch 22, loss: 1.73, train 38.33%
epoch 22, loss: 2.11, train 38.75%
epoch 22, loss: 1.13, train 35.00%
epoch 22, loss: 1.17, train 34.17%
epoch 22, loss: 1.09, train 35.00%
epoch 22, loss: 1.18, train 34.38%
epoch 22, loss: 1.11, train 35.00%
epoch 22, loss: 1.16, train 33.50%
epoch 22, loss: 1.31, train 32.27%
epoch 22, loss: 1.05, train 32.08%
epoch 22, loss: 1.11, train 31.54%
epoch 22, loss: 1.07, train 32.50%
epoch 22, loss: 4.98, train 32.00%
epoch 22, loss: 1.47, train 32.50%
epoch 22, loss: 1.08, train 32.65%
epoch 22, loss: 1.09, train 32.78%
epoch 22, loss: 1.15, train 32.89%
epoch 22, loss: 1.09, train 34.25%
epoch 22, loss: 1.07, train 35.00%
epoch 22, loss: 1.02, train 36.36%
epoch 22, loss: 1.06, train 36.96%
epoch 22, loss: 1.11, train 36.88%
epoch 22, loss: 1.19, train 36.00%
epoch 22, loss: 1.09, train 36.35%
epoch 22, loss: 1.13, train 35.74%
epoch 22, loss: 1.13, train 35.36%
epoch 22, loss: 1.14, train 35.17%
epoch 22, loss: 1.10, train 34.67%
epoch 22, loss: 1.14, train 34.03%
epoch 22, loss: 1.16, train 33.75%
epoch 22, loss: 1.08, train 33.79%
epoch 22, loss: 1.09, train 33.97%
epoch 22, loss: 1.13, train 34.00%
epoch 22, loss: 1.47, train 33.47%
epoch 22, loss: 1.12, train 33.11%
epoch 22, loss: 1.14, train 33.16%
epoch 22, loss: 1.11, train 33.08%
epoch 22, loss: 1.07, train 33.25%
epoch 22, loss: 1.16, train 32.93%
epoch 22, loss: 1.10, train 33.10%
epoch 22, loss: 1.12, train 33.26%
epoch 22, loss: 1.30, train 33.18%
epoch 22, loss: 1.06, train 33.44%
Epoch completed!
epoch 22, total signals 900, average_loss_per_batch: 1.257174, train 33.44%
Validating
Val set size: 120, validation accuracy 33.33%
epoch 23, loss: 1.06, train 45.00%
epoch 23, loss: 1.15, train 40.00%
epoch 23, loss: 1.10, train 38.33%
epoch 23, loss: 1.17, train 33.75%
epoch 23, loss: 0.98, train 37.00%
epoch 23, loss: 1.21, train 35.83%
epoch 23, loss: 3.11, train 34.29%
epoch 23, loss: 1.12, train 35.00%
epoch 23, loss: 1.11, train 36.11%
epoch 23, loss: 1.09, train 35.50%
epoch 23, loss: 1.09, train 35.00%
epoch 23, loss: 1.06, train 36.25%
epoch 23, loss: 1.16, train 35.77%
epoch 23, loss: 1.41, train 33.93%
epoch 23, loss: 1.10, train 35.00%
epoch 23, loss: 1.18, train 35.62%
epoch 23, loss: 1.08, train 35.59%
epoch 23, loss: 1.10, train 35.00%
epoch 23, loss: 1.07, train 35.53%
epoch 23, loss: 1.18, train 34.50%
epoch 23, loss: 1.12, train 33.33%
epoch 23, loss: 1.14, train 33.41%
epoch 23, loss: 1.09, train 33.48%
epoch 23, loss: 1.14, train 33.75%
epoch 23, loss: 1.10, train 34.00%
epoch 23, loss: 1.02, train 35.00%
epoch 23, loss: 1.16, train 34.63%
epoch 23, loss: 1.15, train 34.64%
epoch 23, loss: 1.15, train 33.97%
epoch 23, loss: 1.26, train 34.00%
epoch 23, loss: 1.12, train 33.87%
epoch 23, loss: 0.99, train 34.53%
epoch 23, loss: 1.35, train 34.24%
epoch 23, loss: 1.12, train 33.97%
epoch 23, loss: 1.08, train 34.00%
epoch 23, loss: 1.10, train 34.31%
epoch 23, loss: 1.12, train 34.46%
epoch 23, loss: 1.15, train 34.34%
epoch 23, loss: 0.77, train 35.38%
epoch 23, loss: 1.11, train 35.38%
epoch 23, loss: 1.92, train 35.37%
epoch 23, loss: 1.29, train 35.00%
epoch 23, loss: 1.12, train 35.00%
epoch 23, loss: 1.13, train 34.77%
epoch 23, loss: 1.14, train 34.44%
Epoch completed!
epoch 23, total signals 900, average_loss_per_batch: 1.185746, train 34.44%
Validating
Val set size: 120, validation accuracy 33.33%
epoch 24, loss: 1.18, train 20.00%
epoch 24, loss: 1.14, train 22.50%
epoch 24, loss: 1.09, train 25.00%
epoch 24, loss: 1.12, train 23.75%
epoch 24, loss: 1.34, train 22.00%
epoch 24, loss: 1.11, train 24.17%
epoch 24, loss: 1.15, train 24.29%
epoch 24, loss: 1.32, train 22.50%
epoch 24, loss: 1.07, train 24.44%
epoch 24, loss: 1.13, train 24.00%
epoch 24, loss: 1.10, train 25.45%
epoch 24, loss: 1.05, train 28.33%
epoch 24, loss: 1.05, train 29.62%
epoch 24, loss: 1.18, train 28.93%
epoch 24, loss: 1.08, train 30.33%
epoch 24, loss: 2.30, train 30.63%
epoch 24, loss: 1.15, train 30.88%
epoch 24, loss: 1.10, train 31.94%
epoch 24, loss: 1.12, train 31.32%
epoch 24, loss: 1.15, train 31.75%
epoch 24, loss: 1.11, train 31.43%
epoch 24, loss: 1.11, train 31.36%
epoch 24, loss: 1.15, train 30.43%
epoch 24, loss: 1.21, train 31.04%
epoch 24, loss: 1.06, train 31.80%
epoch 24, loss: 1.08, train 32.50%
epoch 24, loss: 1.07, train 32.59%
epoch 24, loss: 1.55, train 32.14%
epoch 24, loss: 1.06, train 32.41%
epoch 24, loss: 1.09, train 32.67%
epoch 24, loss: 1.12, train 32.90%
epoch 24, loss: 1.16, train 32.81%
epoch 24, loss: 1.08, train 33.18%
epoch 24, loss: 5.01, train 33.24%
epoch 24, loss: 1.13, train 33.14%
epoch 24, loss: 1.08, train 33.47%
epoch 24, loss: 1.14, train 33.65%
epoch 24, loss: 1.09, train 33.95%
epoch 24, loss: 1.18, train 33.59%
epoch 24, loss: 1.19, train 33.50%
epoch 24, loss: 1.11, train 33.54%
epoch 24, loss: 1.09, train 33.57%
epoch 24, loss: 1.06, train 33.60%
epoch 24, loss: 1.13, train 33.30%
epoch 24, loss: 1.11, train 33.22%
Epoch completed!
epoch 24, total signals 900, average_loss_per_batch: 1.246750, train 33.22%
Validating
Val set size: 120, validation accuracy 33.33%
epoch 25, loss: 1.42, train 15.00%
epoch 25, loss: 1.12, train 25.00%
epoch 25, loss: 1.20, train 23.33%
epoch 25, loss: 1.13, train 25.00%
epoch 25, loss: 0.98, train 31.00%
epoch 25, loss: 1.09, train 31.67%
epoch 25, loss: 1.09, train 30.71%
epoch 25, loss: 1.12, train 30.00%
epoch 25, loss: 1.12, train 29.44%
epoch 25, loss: 1.11, train 32.00%
epoch 25, loss: 1.16, train 32.27%
epoch 25, loss: 1.12, train 32.50%
epoch 25, loss: 1.12, train 32.69%
epoch 25, loss: 1.14, train 32.86%
epoch 25, loss: 1.62, train 31.33%
epoch 25, loss: 1.07, train 32.50%
epoch 25, loss: 1.09, train 33.24%
epoch 25, loss: 1.08, train 33.89%
epoch 25, loss: 1.10, train 34.21%
epoch 25, loss: 4.04, train 33.50%
epoch 25, loss: 1.11, train 33.57%
epoch 25, loss: 1.12, train 33.18%
epoch 25, loss: 1.13, train 33.04%
epoch 25, loss: 1.85, train 32.92%
epoch 25, loss: 1.07, train 33.20%
epoch 25, loss: 1.05, train 34.23%
epoch 25, loss: 1.15, train 33.70%
epoch 25, loss: 1.10, train 33.21%
epoch 25, loss: 1.13, train 33.45%
epoch 25, loss: 1.21, train 33.00%
epoch 25, loss: 1.19, train 32.58%
epoch 25, loss: 1.23, train 32.50%
epoch 25, loss: 1.16, train 32.42%
epoch 25, loss: 1.06, train 32.79%
epoch 25, loss: 1.14, train 32.86%
epoch 25, loss: 1.25, train 32.78%
epoch 25, loss: 1.08, train 33.24%
epoch 25, loss: 1.11, train 32.89%
epoch 25, loss: 1.12, train 32.56%
epoch 25, loss: 1.18, train 32.50%
epoch 25, loss: 1.05, train 32.80%
epoch 25, loss: 1.13, train 32.50%
epoch 25, loss: 1.10, train 32.56%
epoch 25, loss: 1.08, train 32.84%
epoch 25, loss: 1.09, train 33.11%
Epoch completed!
epoch 25, total signals 900, average_loss_per_batch: 1.218185, train 33.11%
Validating
Val set size: 120, validation accuracy 33.33%
epoch 26, loss: 1.06, train 35.00%
epoch 26, loss: 1.24, train 30.00%
epoch 26, loss: 1.07, train 36.67%
epoch 26, loss: 1.14, train 36.25%
epoch 26, loss: 1.09, train 36.00%
epoch 26, loss: 1.12, train 35.00%
epoch 26, loss: 1.09, train 35.71%
epoch 26, loss: 1.06, train 36.88%
epoch 26, loss: 1.08, train 37.22%
epoch 26, loss: 1.87, train 38.00%
epoch 26, loss: 1.38, train 38.64%
epoch 26, loss: 1.26, train 36.67%
epoch 26, loss: 1.15, train 35.77%
epoch 26, loss: 1.12, train 35.00%
epoch 26, loss: 1.12, train 35.00%
epoch 26, loss: 1.23, train 33.75%
epoch 26, loss: 1.13, train 33.24%
epoch 26, loss: 1.17, train 33.06%
epoch 26, loss: 1.06, train 34.21%
epoch 26, loss: 1.14, train 34.75%
epoch 26, loss: 1.08, train 34.52%
epoch 26, loss: 1.12, train 34.55%
epoch 26, loss: 1.11, train 34.13%
epoch 26, loss: 1.24, train 32.92%
epoch 26, loss: 4.71, train 32.60%
epoch 26, loss: 1.17, train 32.69%
epoch 26, loss: 1.17, train 32.04%
epoch 26, loss: 1.07, train 32.86%
epoch 26, loss: 1.14, train 32.76%
epoch 26, loss: 1.10, train 33.00%
epoch 26, loss: 1.12, train 32.74%
epoch 26, loss: 1.07, train 32.97%
epoch 26, loss: 1.15, train 32.88%
epoch 26, loss: 1.26, train 32.79%
epoch 26, loss: 1.11, train 32.86%
epoch 26, loss: 1.12, train 33.19%
epoch 26, loss: 1.16, train 32.97%
epoch 26, loss: 1.23, train 32.63%
epoch 26, loss: 1.10, train 32.56%
epoch 26, loss: 1.12, train 32.25%
epoch 26, loss: 1.22, train 32.32%
epoch 26, loss: 1.10, train 32.38%
epoch 26, loss: 1.15, train 31.98%
epoch 26, loss: 1.07, train 32.39%
epoch 26, loss: 1.09, train 32.33%
Epoch completed!
epoch 26, total signals 900, average_loss_per_batch: 1.234712, train 32.33%
Validating
Val set size: 120, validation accuracy 33.33%
epoch 27, loss: 1.09, train 30.00%
epoch 27, loss: 1.12, train 35.00%
epoch 27, loss: 1.12, train 30.00%
epoch 27, loss: 1.11, train 30.00%
epoch 27, loss: 1.33, train 28.00%
epoch 27, loss: 1.11, train 28.33%
epoch 27, loss: 1.11, train 27.86%
epoch 27, loss: 1.11, train 28.12%
epoch 27, loss: 1.12, train 27.22%
epoch 27, loss: 1.08, train 30.00%
epoch 27, loss: 1.06, train 32.27%
epoch 27, loss: 1.16, train 33.33%
epoch 27, loss: 1.13, train 32.69%
epoch 27, loss: 1.05, train 33.57%
epoch 27, loss: 1.15, train 33.00%
epoch 27, loss: 1.17, train 32.19%
epoch 27, loss: 1.27, train 31.76%
epoch 27, loss: 1.07, train 31.94%
epoch 27, loss: 1.11, train 31.84%
epoch 27, loss: 1.07, train 32.25%
epoch 27, loss: 1.07, train 32.62%
epoch 27, loss: 1.07, train 33.18%
epoch 27, loss: 1.06, train 33.70%
epoch 27, loss: 1.09, train 33.96%
epoch 27, loss: 1.10, train 34.00%
epoch 27, loss: 1.10, train 34.04%
epoch 27, loss: 1.18, train 33.89%
epoch 27, loss: 1.14, train 33.93%
epoch 27, loss: 1.14, train 33.10%
epoch 27, loss: 1.19, train 33.50%
epoch 27, loss: 1.04, train 34.03%
epoch 27, loss: 1.07, train 34.69%
epoch 27, loss: 1.14, train 34.70%
epoch 27, loss: 1.10, train 34.56%
epoch 27, loss: 1.07, train 34.57%
epoch 27, loss: 1.19, train 34.17%
epoch 27, loss: 0.91, train 34.86%
epoch 27, loss: 1.79, train 34.47%
epoch 27, loss: 1.01, train 35.00%
epoch 27, loss: 1.17, train 34.62%
epoch 27, loss: 1.10, train 34.27%
epoch 27, loss: 1.17, train 34.29%
epoch 27, loss: 1.13, train 33.95%
epoch 27, loss: 1.09, train 34.20%
epoch 27, loss: 1.16, train 34.11%
Epoch completed!
epoch 27, total signals 900, average_loss_per_batch: 1.128960, train 34.11%
Validating
Val set size: 120, validation accuracy 33.33%
epoch 28, loss: 1.08, train 45.00%
epoch 28, loss: 1.40, train 30.00%
epoch 28, loss: 1.10, train 30.00%
epoch 28, loss: 1.03, train 36.25%
epoch 28, loss: 1.16, train 35.00%
epoch 28, loss: 1.18, train 33.33%
epoch 28, loss: 1.11, train 33.57%
epoch 28, loss: 1.07, train 35.00%
epoch 28, loss: 1.09, train 35.00%
epoch 28, loss: 1.06, train 36.00%
epoch 28, loss: 1.10, train 35.45%
epoch 28, loss: 1.11, train 35.83%
epoch 28, loss: 1.14, train 34.62%
epoch 28, loss: 1.07, train 34.64%
epoch 28, loss: 0.99, train 35.67%
epoch 28, loss: 1.15, train 35.31%
epoch 28, loss: 1.12, train 35.00%
epoch 28, loss: 1.09, train 34.72%
epoch 28, loss: 1.09, train 33.95%
epoch 28, loss: 1.09, train 33.75%
epoch 28, loss: 1.08, train 34.29%
epoch 28, loss: 1.13, train 33.64%
epoch 28, loss: 1.11, train 33.48%
epoch 28, loss: 1.70, train 32.71%
epoch 28, loss: 1.18, train 32.40%
epoch 28, loss: 1.11, train 32.31%
epoch 28, loss: 1.26, train 32.22%
epoch 28, loss: 1.11, train 32.32%
epoch 28, loss: 1.06, train 32.59%
epoch 28, loss: 1.07, train 32.83%
epoch 28, loss: 1.16, train 32.74%
epoch 28, loss: 1.18, train 32.19%
epoch 28, loss: 1.14, train 32.27%
epoch 28, loss: 1.14, train 32.06%
epoch 28, loss: 1.08, train 32.14%
epoch 28, loss: 1.14, train 31.67%
epoch 28, loss: 1.13, train 31.89%
epoch 28, loss: 1.34, train 31.84%
epoch 28, loss: 1.19, train 31.67%
epoch 28, loss: 1.12, train 31.75%
epoch 28, loss: 1.12, train 31.71%
epoch 28, loss: 1.07, train 31.90%
epoch 28, loss: 1.12, train 31.98%
epoch 28, loss: 1.08, train 32.05%
epoch 28, loss: 1.10, train 32.11%
Epoch completed!
epoch 28, total signals 900, average_loss_per_batch: 1.136839, train 32.11%
Validating
Val set size: 120, validation accuracy 33.33%
epoch 29, loss: 1.10, train 30.00%
epoch 29, loss: 1.08, train 37.50%
epoch 29, loss: 1.25, train 36.67%
epoch 29, loss: 1.07, train 37.50%
epoch 29, loss: 1.13, train 34.00%
epoch 29, loss: 1.09, train 33.33%
epoch 29, loss: 1.10, train 32.86%
epoch 29, loss: 1.12, train 33.12%
epoch 29, loss: 1.23, train 31.67%
epoch 29, loss: 1.14, train 31.00%
epoch 29, loss: 1.08, train 31.36%
epoch 29, loss: 1.12, train 30.83%
epoch 29, loss: 1.12, train 30.77%
epoch 29, loss: 1.18, train 29.64%
epoch 29, loss: 1.15, train 29.33%
epoch 29, loss: 1.21, train 28.44%
epoch 29, loss: 1.07, train 29.12%
epoch 29, loss: 1.49, train 30.56%
epoch 29, loss: 1.23, train 30.26%
epoch 29, loss: 1.09, train 30.00%
epoch 29, loss: 1.16, train 30.00%
epoch 29, loss: 1.09, train 30.68%
epoch 29, loss: 1.12, train 30.87%
epoch 29, loss: 1.39, train 30.42%
epoch 29, loss: 1.15, train 30.40%
epoch 29, loss: 1.07, train 30.77%
epoch 29, loss: 1.23, train 31.30%
epoch 29, loss: 1.07, train 31.79%
epoch 29, loss: 4.65, train 31.90%
epoch 29, loss: 1.20, train 31.83%
epoch 29, loss: 1.15, train 31.61%
epoch 29, loss: 1.06, train 32.19%
epoch 29, loss: 1.12, train 32.42%
epoch 29, loss: 1.12, train 32.94%
epoch 29, loss: 1.36, train 32.71%
epoch 29, loss: 1.18, train 32.50%
epoch 29, loss: 1.10, train 32.70%
epoch 29, loss: 1.11, train 32.63%
epoch 29, loss: 1.07, train 32.95%
epoch 29, loss: 1.16, train 33.00%
epoch 29, loss: 1.17, train 32.80%
epoch 29, loss: 1.33, train 32.62%
epoch 29, loss: 1.13, train 32.67%
epoch 29, loss: 1.13, train 32.39%
epoch 29, loss: 1.10, train 32.44%
Epoch completed!
epoch 29, total signals 900, average_loss_per_batch: 1.232086, train 32.44%
Validating
Val set size: 120, validation accuracy 33.33%
epoch 30, loss: 1.12, train 35.00%
epoch 30, loss: 1.10, train 40.00%
epoch 30, loss: 1.12, train 35.00%
epoch 30, loss: 1.13, train 32.50%
epoch 30, loss: 1.09, train 33.00%
epoch 30, loss: 1.14, train 35.00%
epoch 30, loss: 1.11, train 35.00%
epoch 30, loss: 1.10, train 36.25%
epoch 30, loss: 1.20, train 34.44%
epoch 30, loss: 1.14, train 34.50%
epoch 30, loss: 1.32, train 35.00%
epoch 30, loss: 1.23, train 35.42%
epoch 30, loss: 1.12, train 35.77%
epoch 30, loss: 1.10, train 35.71%
epoch 30, loss: 1.11, train 35.67%
epoch 30, loss: 1.09, train 36.25%
epoch 30, loss: 1.14, train 35.59%
epoch 30, loss: 1.10, train 35.00%
epoch 30, loss: 1.01, train 36.05%
epoch 30, loss: 1.08, train 36.00%
epoch 30, loss: 1.12, train 35.95%
epoch 30, loss: 1.17, train 35.91%
epoch 30, loss: 1.20, train 35.22%
epoch 30, loss: 1.16, train 35.00%
epoch 30, loss: 1.28, train 35.40%
epoch 30, loss: 1.04, train 35.77%
epoch 30, loss: 1.24, train 35.74%
epoch 30, loss: 1.11, train 35.71%
epoch 30, loss: 1.08, train 36.03%
epoch 30, loss: 1.20, train 35.33%
epoch 30, loss: 1.06, train 35.65%
epoch 30, loss: 1.06, train 36.09%
epoch 30, loss: 1.13, train 35.61%
epoch 30, loss: 1.19, train 34.85%
epoch 30, loss: 1.20, train 34.71%
epoch 30, loss: 1.08, train 34.86%
epoch 30, loss: 1.11, train 34.73%
epoch 30, loss: 1.15, train 34.87%
epoch 30, loss: 1.18, train 34.74%
epoch 30, loss: 1.33, train 34.62%
epoch 30, loss: 1.14, train 34.63%
epoch 30, loss: 1.09, train 34.76%
epoch 30, loss: 1.10, train 34.65%
epoch 30, loss: 1.08, train 34.77%
epoch 30, loss: 1.00, train 35.22%
Epoch completed!
epoch 30, total signals 900, average_loss_per_batch: 1.134674, train 35.22%
Validating
Val set size: 120, validation accuracy 33.33%
epoch 31, loss: 1.13, train 25.00%
epoch 31, loss: 1.12, train 25.00%
epoch 31, loss: 1.14, train 26.67%
epoch 31, loss: 1.17, train 26.25%
epoch 31, loss: 1.12, train 29.00%
epoch 31, loss: 1.16, train 29.17%
epoch 31, loss: 1.73, train 30.00%
epoch 31, loss: 1.13, train 30.63%
epoch 31, loss: 1.17, train 30.00%
epoch 31, loss: 1.11, train 31.00%
epoch 31, loss: 1.11, train 30.91%
epoch 31, loss: 1.09, train 31.25%
epoch 31, loss: 1.20, train 30.77%
epoch 31, loss: 1.12, train 29.64%
epoch 31, loss: 1.31, train 28.67%
epoch 31, loss: 1.16, train 28.75%
epoch 31, loss: 1.07, train 29.41%
epoch 31, loss: 1.04, train 29.44%
epoch 31, loss: 1.05, train 30.53%
epoch 31, loss: 1.13, train 30.75%
epoch 31, loss: 1.12, train 30.71%
epoch 31, loss: 1.07, train 31.14%
epoch 31, loss: 2.15, train 31.74%
epoch 31, loss: 1.24, train 31.46%
epoch 31, loss: 1.24, train 32.60%
epoch 31, loss: 1.06, train 32.69%
epoch 31, loss: 1.09, train 32.96%
epoch 31, loss: 1.09, train 32.68%
epoch 31, loss: 1.23, train 32.76%
epoch 31, loss: 1.09, train 32.83%
epoch 31, loss: 1.11, train 32.90%
epoch 31, loss: 1.09, train 33.28%
epoch 31, loss: 1.12, train 33.18%
epoch 31, loss: 1.08, train 33.68%
epoch 31, loss: 1.10, train 33.29%
epoch 31, loss: 1.12, train 33.47%
epoch 31, loss: 1.08, train 33.78%
epoch 31, loss: 1.06, train 33.95%
epoch 31, loss: 1.11, train 33.97%
epoch 31, loss: 1.15, train 33.50%
epoch 31, loss: 1.10, train 33.66%
epoch 31, loss: 1.14, train 33.69%
epoch 31, loss: 1.22, train 33.72%
epoch 31, loss: 1.11, train 33.75%
epoch 31, loss: 1.15, train 33.56%
Epoch completed!
epoch 31, total signals 900, average_loss_per_batch: 1.163759, train 33.56%
Validating
Val set size: 120, validation accuracy 33.33%
epoch 32, loss: 1.13, train 30.00%
epoch 32, loss: 1.08, train 27.50%
epoch 32, loss: 1.59, train 21.67%
epoch 32, loss: 1.52, train 22.50%
epoch 32, loss: 1.12, train 24.00%
epoch 32, loss: 1.09, train 25.83%
epoch 32, loss: 1.07, train 26.43%
epoch 32, loss: 1.11, train 27.50%
epoch 32, loss: 1.07, train 28.89%
epoch 32, loss: 1.11, train 29.00%
epoch 32, loss: 1.37, train 29.09%
epoch 32, loss: 1.17, train 29.17%
epoch 32, loss: 1.08, train 30.77%
epoch 32, loss: 1.12, train 30.36%
epoch 32, loss: 1.23, train 30.67%
epoch 32, loss: 1.15, train 30.63%
epoch 32, loss: 1.11, train 31.47%
epoch 32, loss: 1.39, train 31.39%
epoch 32, loss: 1.08, train 32.63%
epoch 32, loss: 1.10, train 32.75%
epoch 32, loss: 1.13, train 33.10%
epoch 32, loss: 1.18, train 32.73%
epoch 32, loss: 1.20, train 32.39%
epoch 32, loss: 1.10, train 32.92%
epoch 32, loss: 1.12, train 32.80%
epoch 32, loss: 1.19, train 32.50%
epoch 32, loss: 1.09, train 32.96%
epoch 32, loss: 1.21, train 32.50%
epoch 32, loss: 1.18, train 32.24%
epoch 32, loss: 1.15, train 32.17%
epoch 32, loss: 1.20, train 31.29%
epoch 32, loss: 1.12, train 31.41%
epoch 32, loss: 1.11, train 31.36%
epoch 32, loss: 1.79, train 30.88%
epoch 32, loss: 1.14, train 31.14%
epoch 32, loss: 1.10, train 31.39%
epoch 32, loss: 1.04, train 31.76%
epoch 32, loss: 1.09, train 32.37%
epoch 32, loss: 1.10, train 32.56%
epoch 32, loss: 1.04, train 33.12%
epoch 32, loss: 1.27, train 33.17%
epoch 32, loss: 1.81, train 32.98%
epoch 32, loss: 1.09, train 33.14%
epoch 32, loss: 1.12, train 32.95%
epoch 32, loss: 1.10, train 32.89%
Epoch completed!
epoch 32, total signals 900, average_loss_per_batch: 1.185254, train 32.89%
Validating
Val set size: 120, validation accuracy 33.33%
epoch 33, loss: 1.13, train 35.00%
epoch 33, loss: 1.07, train 40.00%
epoch 33, loss: 1.07, train 40.00%
epoch 33, loss: 1.06, train 41.25%
epoch 33, loss: 1.10, train 40.00%
epoch 33, loss: 1.11, train 36.67%
epoch 33, loss: 1.09, train 39.29%
epoch 33, loss: 1.08, train 40.00%
epoch 33, loss: 1.11, train 40.00%
epoch 33, loss: 1.06, train 40.00%
epoch 33, loss: 1.12, train 39.55%
epoch 33, loss: 1.30, train 37.92%
epoch 33, loss: 1.06, train 38.85%
epoch 33, loss: 1.17, train 38.21%
epoch 33, loss: 1.06, train 38.00%
epoch 33, loss: 1.12, train 37.19%
epoch 33, loss: 1.08, train 36.76%
epoch 33, loss: 1.09, train 36.94%
epoch 33, loss: 1.05, train 37.37%
epoch 33, loss: 1.09, train 37.50%
epoch 33, loss: 1.11, train 37.14%
epoch 33, loss: 1.14, train 36.36%
epoch 33, loss: 1.11, train 35.43%
epoch 33, loss: 1.15, train 35.00%
epoch 33, loss: 1.15, train 35.20%
epoch 33, loss: 1.12, train 35.00%
epoch 33, loss: 1.34, train 34.81%
epoch 33, loss: 1.17, train 34.64%
epoch 33, loss: 1.14, train 34.14%
epoch 33, loss: 1.09, train 34.00%
epoch 33, loss: 1.09, train 34.35%
epoch 33, loss: 1.08, train 34.22%
epoch 33, loss: 1.08, train 34.55%
epoch 33, loss: 1.09, train 34.56%
epoch 33, loss: 1.12, train 34.29%
epoch 33, loss: 1.07, train 34.44%
epoch 33, loss: 1.12, train 34.59%
epoch 33, loss: 1.12, train 34.47%
epoch 33, loss: 1.16, train 34.10%
epoch 33, loss: 1.14, train 34.25%
epoch 33, loss: 1.11, train 34.15%
epoch 33, loss: 1.01, train 34.64%
epoch 33, loss: 1.03, train 35.00%
epoch 33, loss: 1.13, train 34.66%
epoch 33, loss: 1.10, train 34.67%
Epoch completed!
epoch 33, total signals 900, average_loss_per_batch: 1.111209, train 34.67%
Validating
Val set size: 120, validation accuracy 33.33%
epoch 34, loss: 1.16, train 25.00%
epoch 34, loss: 1.08, train 32.50%
epoch 34, loss: 1.25, train 26.67%
epoch 34, loss: 1.06, train 31.25%
epoch 34, loss: 1.14, train 28.00%
epoch 34, loss: 1.19, train 25.83%
epoch 34, loss: 1.08, train 28.57%
epoch 34, loss: 1.04, train 31.25%
epoch 34, loss: 1.10, train 32.22%
epoch 34, loss: 1.10, train 33.00%
epoch 34, loss: 1.13, train 33.64%
epoch 34, loss: 1.13, train 33.33%
epoch 34, loss: 1.07, train 34.62%
epoch 34, loss: 1.20, train 33.21%
epoch 34, loss: 1.07, train 34.00%
epoch 34, loss: 1.09, train 33.75%
epoch 34, loss: 1.08, train 34.41%
epoch 34, loss: 1.11, train 34.72%
epoch 34, loss: 1.10, train 33.95%
epoch 34, loss: 1.14, train 33.50%
epoch 34, loss: 1.04, train 34.29%
epoch 34, loss: 1.14, train 33.64%
epoch 34, loss: 1.10, train 34.13%
epoch 34, loss: 1.18, train 33.54%
epoch 34, loss: 1.07, train 34.00%
epoch 34, loss: 1.13, train 33.46%
epoch 34, loss: 1.03, train 34.07%
epoch 34, loss: 1.02, train 34.46%
epoch 34, loss: 1.02, train 35.34%
epoch 34, loss: 1.25, train 34.83%
epoch 34, loss: 1.39, train 34.84%
epoch 34, loss: 1.12, train 34.84%
epoch 34, loss: 1.16, train 34.55%
epoch 34, loss: 1.24, train 34.71%
epoch 34, loss: 2.64, train 35.29%
epoch 34, loss: 1.31, train 35.00%
epoch 34, loss: 1.25, train 34.86%
epoch 34, loss: 1.07, train 35.13%
epoch 34, loss: 1.08, train 35.64%
epoch 34, loss: 1.19, train 35.62%
epoch 34, loss: 3.77, train 35.73%
epoch 34, loss: 1.07, train 35.95%
epoch 34, loss: 1.02, train 36.51%
epoch 34, loss: 1.06, train 36.82%
epoch 34, loss: 1.11, train 36.67%
Epoch completed!
epoch 34, total signals 900, average_loss_per_batch: 1.217395, train 36.67%
Validating
Val set size: 120, validation accuracy 33.33%
epoch 35, loss: 1.23, train 15.00%
epoch 35, loss: 1.05, train 32.50%
epoch 35, loss: 1.22, train 28.33%
epoch 35, loss: 1.11, train 32.50%
epoch 35, loss: 1.08, train 33.00%
epoch 35, loss: 1.11, train 31.67%
epoch 35, loss: 1.08, train 32.14%
epoch 35, loss: 1.12, train 33.12%
epoch 35, loss: 1.11, train 33.33%
epoch 35, loss: 1.18, train 32.00%
epoch 35, loss: 1.22, train 31.82%
epoch 35, loss: 1.15, train 30.83%
epoch 35, loss: 1.08, train 30.77%
epoch 35, loss: 1.14, train 30.71%
epoch 35, loss: 1.20, train 31.00%
epoch 35, loss: 1.15, train 31.25%
epoch 35, loss: 1.10, train 31.76%
epoch 35, loss: 1.04, train 32.50%
epoch 35, loss: 1.07, train 33.16%
epoch 35, loss: 1.09, train 34.00%
epoch 35, loss: 1.09, train 35.24%
epoch 35, loss: 1.08, train 35.23%
epoch 35, loss: 1.09, train 34.78%
epoch 35, loss: 1.13, train 34.58%
epoch 35, loss: 1.26, train 34.20%
epoch 35, loss: 1.06, train 34.23%
epoch 35, loss: 1.15, train 34.26%
epoch 35, loss: 1.20, train 34.11%
epoch 35, loss: 1.15, train 33.97%
epoch 35, loss: 1.07, train 34.67%
epoch 35, loss: 1.12, train 34.35%
epoch 35, loss: 1.10, train 34.38%
epoch 35, loss: 1.14, train 34.09%
epoch 35, loss: 1.08, train 34.41%
epoch 35, loss: 1.50, train 34.14%
epoch 35, loss: 1.07, train 34.44%
epoch 35, loss: 1.07, train 34.32%
epoch 35, loss: 1.18, train 33.82%
epoch 35, loss: 1.13, train 33.33%
epoch 35, loss: 1.68, train 33.25%
epoch 35, loss: 1.10, train 33.17%
epoch 35, loss: 1.47, train 32.98%
epoch 35, loss: 1.06, train 33.26%
epoch 35, loss: 1.08, train 33.30%
epoch 35, loss: 1.14, train 32.89%
Epoch completed!
epoch 35, total signals 900, average_loss_per_batch: 1.150205, train 32.89%
Validating
Val set size: 120, validation accuracy 33.33%
epoch 36, loss: 1.14, train 35.00%
epoch 36, loss: 1.08, train 37.50%
epoch 36, loss: 1.06, train 40.00%
epoch 36, loss: 1.22, train 33.75%
epoch 36, loss: 1.00, train 38.00%
epoch 36, loss: 1.14, train 36.67%
epoch 36, loss: 1.03, train 38.57%
epoch 36, loss: 1.09, train 38.75%
epoch 36, loss: 1.16, train 37.78%
epoch 36, loss: 1.09, train 38.00%
epoch 36, loss: 1.17, train 37.27%
epoch 36, loss: 1.12, train 36.25%
epoch 36, loss: 1.39, train 36.54%
epoch 36, loss: 1.11, train 36.07%
epoch 36, loss: 1.11, train 35.67%
epoch 36, loss: 1.21, train 34.69%
epoch 36, loss: 1.08, train 35.00%
epoch 36, loss: 1.16, train 34.44%
epoch 36, loss: 1.13, train 34.21%
epoch 36, loss: 1.13, train 33.50%
epoch 36, loss: 1.03, train 33.81%
epoch 36, loss: 1.08, train 35.00%
epoch 36, loss: 1.09, train 35.00%
epoch 36, loss: 1.05, train 35.42%
epoch 36, loss: 1.10, train 35.20%
epoch 36, loss: 1.08, train 35.77%
epoch 36, loss: 1.11, train 35.37%
epoch 36, loss: 1.10, train 35.00%
epoch 36, loss: 1.12, train 35.00%
epoch 36, loss: 1.10, train 35.00%
epoch 36, loss: 1.10, train 34.84%
epoch 36, loss: 1.11, train 35.16%
epoch 36, loss: 1.09, train 35.15%
epoch 36, loss: 1.20, train 34.71%
epoch 36, loss: 1.04, train 35.29%
epoch 36, loss: 1.08, train 35.28%
epoch 36, loss: 1.12, train 35.41%
epoch 36, loss: 1.13, train 34.87%
epoch 36, loss: 1.07, train 35.00%
epoch 36, loss: 1.16, train 34.62%
epoch 36, loss: 1.26, train 34.27%
epoch 36, loss: 1.09, train 34.29%
epoch 36, loss: 1.06, train 34.42%
epoch 36, loss: 1.03, train 34.77%
epoch 36, loss: 1.12, train 34.67%
Epoch completed!
epoch 36, total signals 900, average_loss_per_batch: 1.114172, train 34.67%
Validating
Val set size: 120, validation accuracy 33.33%
epoch 37, loss: 1.10, train 40.00%
epoch 37, loss: 1.07, train 45.00%
epoch 37, loss: 1.09, train 43.33%
epoch 37, loss: 1.08, train 41.25%
epoch 37, loss: 1.09, train 39.00%
epoch 37, loss: 1.11, train 36.67%
epoch 37, loss: 1.13, train 35.00%
epoch 37, loss: 1.09, train 35.00%
epoch 37, loss: 1.17, train 33.33%
epoch 37, loss: 1.09, train 34.50%
epoch 37, loss: 1.09, train 34.09%
epoch 37, loss: 1.14, train 34.17%
epoch 37, loss: 1.08, train 35.00%
epoch 37, loss: 1.17, train 33.93%
epoch 37, loss: 1.04, train 34.67%
epoch 37, loss: 1.01, train 35.62%
epoch 37, loss: 1.11, train 35.29%
epoch 37, loss: 1.06, train 35.28%
epoch 37, loss: 1.10, train 35.26%
epoch 37, loss: 1.10, train 35.25%
epoch 37, loss: 1.38, train 34.76%
epoch 37, loss: 1.28, train 35.45%
epoch 37, loss: 1.11, train 35.43%
epoch 37, loss: 1.11, train 34.58%
epoch 37, loss: 1.12, train 34.60%
epoch 37, loss: 1.12, train 34.62%
epoch 37, loss: 1.10, train 35.00%
epoch 37, loss: 1.05, train 35.54%
epoch 37, loss: 1.12, train 35.52%
epoch 37, loss: 1.12, train 35.50%
epoch 37, loss: 1.20, train 35.00%
epoch 37, loss: 1.07, train 35.00%
epoch 37, loss: 1.15, train 34.85%
epoch 37, loss: 1.11, train 34.85%
epoch 37, loss: 1.03, train 35.14%
epoch 37, loss: 1.08, train 35.14%
epoch 37, loss: 1.24, train 35.27%
epoch 37, loss: 1.13, train 35.13%
epoch 37, loss: 1.12, train 34.62%
epoch 37, loss: 5.63, train 34.88%
epoch 37, loss: 1.08, train 34.88%
epoch 37, loss: 1.07, train 34.88%
epoch 37, loss: 1.05, train 35.23%
epoch 37, loss: 1.06, train 35.80%
epoch 37, loss: 1.15, train 35.44%
Epoch completed!
epoch 37, total signals 900, average_loss_per_batch: 1.212941, train 35.44%
Validating
Val set size: 120, validation accuracy 33.33%
epoch 38, loss: 1.17, train 30.00%
epoch 38, loss: 1.17, train 25.00%
epoch 38, loss: 1.15, train 26.67%
epoch 38, loss: 1.08, train 28.75%
epoch 38, loss: 1.10, train 31.00%
epoch 38, loss: 1.25, train 30.83%
epoch 38, loss: 1.03, train 32.86%
epoch 38, loss: 1.09, train 33.12%
epoch 38, loss: 1.08, train 33.33%
epoch 38, loss: 1.11, train 32.50%
epoch 38, loss: 1.10, train 33.18%
epoch 38, loss: 1.20, train 32.92%
epoch 38, loss: 1.12, train 32.69%
epoch 38, loss: 1.13, train 31.43%
epoch 38, loss: 1.14, train 30.67%
epoch 38, loss: 1.10, train 31.87%
epoch 38, loss: 1.59, train 31.18%
epoch 38, loss: 1.24, train 29.72%
epoch 38, loss: 1.09, train 30.26%
epoch 38, loss: 1.28, train 30.75%
epoch 38, loss: 1.08, train 31.43%
epoch 38, loss: 1.11, train 31.82%
epoch 38, loss: 1.12, train 31.74%
epoch 38, loss: 1.02, train 32.29%
epoch 38, loss: 1.09, train 32.60%
epoch 38, loss: 1.11, train 32.31%
epoch 38, loss: 1.06, train 32.41%
epoch 38, loss: 1.11, train 32.50%
epoch 38, loss: 1.56, train 32.24%
epoch 38, loss: 1.13, train 32.67%
epoch 38, loss: 1.17, train 32.58%
epoch 38, loss: 1.11, train 32.03%
epoch 38, loss: 1.11, train 31.82%
epoch 38, loss: 1.11, train 32.21%
epoch 38, loss: 1.16, train 31.86%
epoch 38, loss: 1.09, train 32.22%
epoch 38, loss: 1.14, train 31.62%
epoch 38, loss: 1.10, train 31.58%
epoch 38, loss: 1.07, train 31.54%
epoch 38, loss: 1.06, train 31.75%
epoch 38, loss: 1.03, train 32.20%
epoch 38, loss: 1.09, train 32.38%
epoch 38, loss: 1.10, train 32.67%
epoch 38, loss: 1.09, train 32.95%
epoch 38, loss: 1.09, train 33.11%
Epoch completed!
epoch 38, total signals 900, average_loss_per_batch: 1.135803, train 33.11%
Validating
Val set size: 120, validation accuracy 33.33%
epoch 39, loss: 1.15, train 30.00%
epoch 39, loss: 2.84, train 25.00%
epoch 39, loss: 1.07, train 30.00%
epoch 39, loss: 1.08, train 37.50%
epoch 39, loss: 1.14, train 35.00%
epoch 39, loss: 1.08, train 34.17%
epoch 39, loss: 1.11, train 35.00%
epoch 39, loss: 1.12, train 35.62%
epoch 39, loss: 1.13, train 34.44%
epoch 39, loss: 1.15, train 34.00%
epoch 39, loss: 1.39, train 34.09%
epoch 39, loss: 1.12, train 33.33%
epoch 39, loss: 1.08, train 34.23%
epoch 39, loss: 1.11, train 33.93%
epoch 39, loss: 1.08, train 34.67%
epoch 39, loss: 1.13, train 34.38%
epoch 39, loss: 1.22, train 33.24%
epoch 39, loss: 1.40, train 31.94%
epoch 39, loss: 1.10, train 31.58%
epoch 39, loss: 1.10, train 31.25%
epoch 39, loss: 1.17, train 30.95%
epoch 39, loss: 1.18, train 30.23%
epoch 39, loss: 1.12, train 30.22%
epoch 39, loss: 1.11, train 30.21%
epoch 39, loss: 1.09, train 30.40%
epoch 39, loss: 1.09, train 30.58%
epoch 39, loss: 1.17, train 30.37%
epoch 39, loss: 1.18, train 30.36%
epoch 39, loss: 1.13, train 30.69%
epoch 39, loss: 1.08, train 30.67%
epoch 39, loss: 1.04, train 31.77%
epoch 39, loss: 1.09, train 32.03%
epoch 39, loss: 1.21, train 32.27%
epoch 39, loss: 1.10, train 32.06%
epoch 39, loss: 1.08, train 32.14%
epoch 39, loss: 1.14, train 31.94%
epoch 39, loss: 1.09, train 32.30%
epoch 39, loss: 1.11, train 32.37%
epoch 39, loss: 1.06, train 32.44%
epoch 39, loss: 1.08, train 32.88%
epoch 39, loss: 1.14, train 32.68%
epoch 39, loss: 1.11, train 32.62%
epoch 39, loss: 1.05, train 32.67%
epoch 39, loss: 1.08, train 32.84%
epoch 39, loss: 1.11, train 32.56%
Epoch completed!
epoch 39, total signals 900, average_loss_per_batch: 1.164990, train 32.56%
Validating
Val set size: 120, validation accuracy 33.33%
epoch 40, loss: 1.21, train 25.00%
epoch 40, loss: 1.28, train 30.00%
epoch 40, loss: 1.08, train 35.00%
epoch 40, loss: 1.06, train 33.75%
epoch 40, loss: 1.12, train 35.00%
epoch 40, loss: 1.50, train 34.17%
epoch 40, loss: 1.11, train 33.57%
epoch 40, loss: 1.06, train 36.25%
epoch 40, loss: 1.05, train 37.78%
epoch 40, loss: 1.12, train 36.00%
epoch 40, loss: 1.09, train 36.36%
epoch 40, loss: 1.17, train 36.67%
epoch 40, loss: 3.98, train 35.77%
epoch 40, loss: 1.11, train 36.43%
epoch 40, loss: 1.13, train 35.67%
epoch 40, loss: 1.11, train 35.94%
epoch 40, loss: 1.07, train 36.76%
epoch 40, loss: 4.05, train 36.94%
epoch 40, loss: 1.27, train 36.84%
epoch 40, loss: 1.12, train 35.75%
epoch 40, loss: 1.25, train 35.71%
epoch 40, loss: 1.18, train 35.23%
epoch 40, loss: 1.15, train 34.78%
epoch 40, loss: 1.07, train 35.00%
epoch 40, loss: 1.07, train 35.00%
epoch 40, loss: 1.06, train 35.38%
epoch 40, loss: 1.13, train 35.00%
epoch 40, loss: 1.08, train 35.18%
epoch 40, loss: 1.10, train 35.17%
epoch 40, loss: 1.68, train 35.17%
epoch 40, loss: 1.15, train 34.84%
epoch 40, loss: 1.12, train 34.38%
epoch 40, loss: 1.06, train 34.55%
epoch 40, loss: 1.17, train 34.56%
epoch 40, loss: 1.06, train 35.00%
epoch 40, loss: 1.07, train 35.28%
epoch 40, loss: 1.05, train 35.54%
epoch 40, loss: 2.77, train 35.66%
epoch 40, loss: 1.24, train 35.26%
epoch 40, loss: 1.09, train 35.00%
epoch 40, loss: 1.17, train 34.76%
epoch 40, loss: 1.16, train 34.52%
epoch 40, loss: 1.08, train 34.88%
epoch 40, loss: 1.11, train 34.89%
epoch 40, loss: 1.18, train 34.89%
Epoch completed!
epoch 40, total signals 900, average_loss_per_batch: 1.310136, train 34.89%
Validating
Val set size: 120, validation accuracy 33.33%
epoch 41, loss: 1.11, train 30.00%
epoch 41, loss: 1.10, train 35.00%
epoch 41, loss: 1.09, train 36.67%
epoch 41, loss: 1.06, train 38.75%
epoch 41, loss: 1.02, train 41.00%
epoch 41, loss: 4.68, train 39.17%
epoch 41, loss: 1.08, train 37.14%
epoch 41, loss: 1.11, train 36.88%
epoch 41, loss: 1.38, train 36.67%
epoch 41, loss: 1.09, train 36.50%
epoch 41, loss: 1.11, train 35.91%
epoch 41, loss: 1.13, train 35.83%
epoch 41, loss: 1.14, train 35.38%
epoch 41, loss: 1.11, train 35.00%
epoch 41, loss: 1.19, train 35.00%
epoch 41, loss: 1.10, train 35.00%
epoch 41, loss: 1.53, train 34.71%
epoch 41, loss: 1.09, train 34.44%
epoch 41, loss: 1.04, train 35.26%
epoch 41, loss: 1.11, train 35.00%
epoch 41, loss: 1.18, train 34.29%
epoch 41, loss: 1.04, train 34.77%
epoch 41, loss: 1.16, train 33.91%
epoch 41, loss: 1.16, train 32.71%
epoch 41, loss: 1.21, train 32.20%
epoch 41, loss: 1.10, train 32.50%
epoch 41, loss: 1.12, train 32.96%
epoch 41, loss: 2.40, train 32.68%
epoch 41, loss: 1.11, train 32.59%
epoch 41, loss: 1.11, train 32.50%
epoch 41, loss: 1.19, train 31.94%
epoch 41, loss: 1.05, train 32.34%
epoch 41, loss: 1.11, train 32.58%
epoch 41, loss: 1.08, train 33.09%
epoch 41, loss: 1.07, train 33.43%
epoch 41, loss: 1.14, train 33.06%
epoch 41, loss: 1.21, train 33.51%
epoch 41, loss: 1.18, train 33.16%
epoch 41, loss: 1.06, train 33.72%
epoch 41, loss: 1.01, train 34.12%
epoch 41, loss: 1.09, train 33.90%
epoch 41, loss: 1.14, train 33.93%
epoch 41, loss: 1.11, train 33.60%
epoch 41, loss: 1.01, train 34.32%
epoch 41, loss: 1.13, train 34.11%
Epoch completed!
epoch 41, total signals 900, average_loss_per_batch: 1.232213, train 34.11%
Validating
Val set size: 120, validation accuracy 33.33%
epoch 42, loss: 1.12, train 20.00%
epoch 42, loss: 1.12, train 27.50%
epoch 42, loss: 1.10, train 28.33%
epoch 42, loss: 1.09, train 28.75%
epoch 42, loss: 1.11, train 31.00%
epoch 42, loss: 1.12, train 30.83%
epoch 42, loss: 1.06, train 32.86%
epoch 42, loss: 1.11, train 33.12%
epoch 42, loss: 1.25, train 30.56%
epoch 42, loss: 1.14, train 30.50%
epoch 42, loss: 1.62, train 30.91%
epoch 42, loss: 1.09, train 31.25%
epoch 42, loss: 1.09, train 31.92%
epoch 42, loss: 1.07, train 32.50%
epoch 42, loss: 1.17, train 33.67%
epoch 42, loss: 1.10, train 33.75%
epoch 42, loss: 1.23, train 33.53%
epoch 42, loss: 1.08, train 33.33%
epoch 42, loss: 1.14, train 33.16%
epoch 42, loss: 1.16, train 33.25%
epoch 42, loss: 1.09, train 34.05%
epoch 42, loss: 1.21, train 33.64%
epoch 42, loss: 1.13, train 33.48%
epoch 42, loss: 1.10, train 33.75%
epoch 42, loss: 1.11, train 34.00%
epoch 42, loss: 1.10, train 33.85%
epoch 42, loss: 1.07, train 34.44%
epoch 42, loss: 1.09, train 35.00%
epoch 42, loss: 1.12, train 35.00%
epoch 42, loss: 2.44, train 35.17%
epoch 42, loss: 1.17, train 35.00%
epoch 42, loss: 1.14, train 35.16%
epoch 42, loss: 1.15, train 35.45%
epoch 42, loss: 1.12, train 35.44%
epoch 42, loss: 1.09, train 35.57%
epoch 42, loss: 1.05, train 35.69%
epoch 42, loss: 1.08, train 35.81%
epoch 42, loss: 1.20, train 35.26%
epoch 42, loss: 1.42, train 34.87%
epoch 42, loss: 1.16, train 35.50%
epoch 42, loss: 1.18, train 35.61%
epoch 42, loss: 1.10, train 35.60%
epoch 42, loss: 1.13, train 35.58%
epoch 42, loss: 1.11, train 35.45%
epoch 42, loss: 1.08, train 35.44%
Epoch completed!
epoch 42, total signals 900, average_loss_per_batch: 1.168947, train 35.44%
Validating
Val set size: 120, validation accuracy 33.33%
epoch 43, loss: 1.12, train 35.00%
epoch 43, loss: 1.07, train 42.50%
epoch 43, loss: 1.13, train 40.00%
epoch 43, loss: 1.09, train 40.00%
epoch 43, loss: 1.10, train 41.00%
epoch 43, loss: 1.16, train 38.33%
epoch 43, loss: 1.11, train 38.57%
epoch 43, loss: 1.15, train 38.12%
epoch 43, loss: 1.09, train 38.33%
epoch 43, loss: 1.11, train 37.00%
epoch 43, loss: 1.12, train 36.82%
epoch 43, loss: 2.14, train 36.25%
epoch 43, loss: 1.30, train 35.38%
epoch 43, loss: 1.11, train 35.71%
epoch 43, loss: 1.09, train 36.00%
epoch 43, loss: 1.14, train 35.00%
epoch 43, loss: 0.98, train 35.00%
epoch 43, loss: 1.11, train 35.00%
epoch 43, loss: 1.00, train 35.79%
epoch 43, loss: 1.09, train 36.00%
epoch 43, loss: 1.14, train 36.19%
epoch 43, loss: 1.14, train 35.23%
epoch 43, loss: 1.12, train 35.22%
epoch 43, loss: 1.11, train 35.83%
epoch 43, loss: 1.04, train 35.80%
epoch 43, loss: 1.66, train 35.38%
epoch 43, loss: 1.12, train 35.00%
epoch 43, loss: 1.34, train 35.18%
epoch 43, loss: 1.09, train 35.17%
epoch 43, loss: 1.17, train 35.33%
epoch 43, loss: 1.51, train 35.16%
epoch 43, loss: 1.17, train 34.84%
epoch 43, loss: 1.12, train 34.55%
epoch 43, loss: 1.08, train 34.41%
epoch 43, loss: 1.09, train 34.29%
epoch 43, loss: 1.14, train 34.17%
epoch 43, loss: 1.03, train 34.73%
epoch 43, loss: 1.14, train 34.61%
epoch 43, loss: 1.13, train 34.87%
epoch 43, loss: 1.14, train 35.25%
epoch 43, loss: 1.08, train 35.49%
epoch 43, loss: 1.01, train 35.48%
epoch 43, loss: 1.12, train 35.47%
epoch 43, loss: 1.32, train 35.23%
epoch 43, loss: 1.99, train 35.44%
Epoch completed!
epoch 43, total signals 900, average_loss_per_batch: 1.181732, train 35.44%
Validating
Val set size: 120, validation accuracy 33.33%
epoch 44, loss: 1.24, train 30.00%
epoch 44, loss: 1.25, train 22.50%
epoch 44, loss: 1.05, train 33.33%
epoch 44, loss: 1.12, train 33.75%
epoch 44, loss: 1.03, train 38.00%
epoch 44, loss: 1.22, train 34.17%
epoch 44, loss: 1.14, train 34.29%
epoch 44, loss: 1.19, train 31.87%
epoch 44, loss: 1.11, train 31.67%
epoch 44, loss: 1.10, train 32.50%
epoch 44, loss: 1.11, train 32.27%
epoch 44, loss: 1.11, train 32.08%
epoch 44, loss: 1.13, train 32.31%
epoch 44, loss: 1.10, train 32.50%
epoch 44, loss: 1.05, train 33.33%
epoch 44, loss: 1.14, train 32.81%
epoch 44, loss: 1.08, train 32.65%
epoch 44, loss: 1.14, train 32.22%
epoch 44, loss: 1.04, train 32.63%
epoch 44, loss: 1.16, train 32.50%
epoch 44, loss: 1.11, train 32.38%
epoch 44, loss: 1.13, train 31.82%
epoch 44, loss: 1.13, train 31.74%
epoch 44, loss: 1.11, train 31.87%
epoch 44, loss: 1.12, train 31.80%
epoch 44, loss: 1.13, train 31.92%
epoch 44, loss: 1.09, train 31.85%
epoch 44, loss: 1.21, train 31.61%
epoch 44, loss: 1.15, train 32.07%
epoch 44, loss: 1.06, train 32.50%
epoch 44, loss: 1.03, train 33.55%
epoch 44, loss: 1.06, train 34.06%
epoch 44, loss: 1.09, train 34.39%
epoch 44, loss: 1.36, train 33.68%
epoch 44, loss: 1.11, train 33.71%
epoch 44, loss: 1.11, train 34.03%
epoch 44, loss: 1.08, train 34.05%
epoch 44, loss: 1.09, train 34.61%
epoch 44, loss: 1.09, train 34.74%
epoch 44, loss: 1.09, train 34.75%
epoch 44, loss: 1.31, train 34.51%
epoch 44, loss: 1.15, train 34.52%
epoch 44, loss: 1.11, train 34.42%
epoch 44, loss: 1.09, train 34.55%
epoch 44, loss: 1.10, train 34.78%
Epoch completed!
epoch 44, total signals 900, average_loss_per_batch: 1.125232, train 34.78%
Validating
Val set size: 120, validation accuracy 33.33%
epoch 45, loss: 1.11, train 40.00%
epoch 45, loss: 1.12, train 35.00%
epoch 45, loss: 1.04, train 38.33%
epoch 45, loss: 1.08, train 41.25%
epoch 45, loss: 1.13, train 39.00%
epoch 45, loss: 1.14, train 39.17%
epoch 45, loss: 1.47, train 37.14%
epoch 45, loss: 1.23, train 35.62%
epoch 45, loss: 1.25, train 33.33%
epoch 45, loss: 1.09, train 33.50%
epoch 45, loss: 1.12, train 32.73%
epoch 45, loss: 1.13, train 32.50%
epoch 45, loss: 1.15, train 31.92%
epoch 45, loss: 1.42, train 32.14%
epoch 45, loss: 1.10, train 33.00%
epoch 45, loss: 1.20, train 31.87%
epoch 45, loss: 1.08, train 32.35%
epoch 45, loss: 1.10, train 32.78%
epoch 45, loss: 1.08, train 33.16%
epoch 45, loss: 1.13, train 33.75%
epoch 45, loss: 1.50, train 33.10%
epoch 45, loss: 1.25, train 32.50%
epoch 45, loss: 1.03, train 33.70%
epoch 45, loss: 1.18, train 33.12%
epoch 45, loss: 1.05, train 33.80%
epoch 45, loss: 1.09, train 34.23%
epoch 45, loss: 1.09, train 34.44%
epoch 45, loss: 1.13, train 34.46%
epoch 45, loss: 1.10, train 34.66%
epoch 45, loss: 1.11, train 34.67%
epoch 45, loss: 1.19, train 34.19%
epoch 45, loss: 1.07, train 34.53%
epoch 45, loss: 1.13, train 34.39%
epoch 45, loss: 1.12, train 34.71%
epoch 45, loss: 1.09, train 34.71%
epoch 45, loss: 1.06, train 35.14%
epoch 45, loss: 1.21, train 34.86%
epoch 45, loss: 1.14, train 34.87%
epoch 45, loss: 1.14, train 34.74%
epoch 45, loss: 1.14, train 34.25%
epoch 45, loss: 1.08, train 34.27%
epoch 45, loss: 1.09, train 34.40%
epoch 45, loss: 1.12, train 34.19%
epoch 45, loss: 1.14, train 33.98%
epoch 45, loss: 1.52, train 33.78%
Epoch completed!
epoch 45, total signals 900, average_loss_per_batch: 1.153463, train 33.78%
Validating
Val set size: 120, validation accuracy 33.33%
epoch 46, loss: 1.13, train 40.00%
epoch 46, loss: 1.12, train 32.50%
epoch 46, loss: 1.09, train 35.00%
epoch 46, loss: 1.06, train 40.00%
epoch 46, loss: 1.09, train 38.00%
epoch 46, loss: 1.08, train 37.50%
epoch 46, loss: 1.05, train 38.57%
epoch 46, loss: 1.20, train 38.12%
epoch 46, loss: 1.04, train 38.89%
epoch 46, loss: 1.14, train 38.00%
epoch 46, loss: 1.24, train 35.91%
epoch 46, loss: 1.09, train 35.42%
epoch 46, loss: 1.16, train 33.85%
epoch 46, loss: 1.14, train 32.86%
epoch 46, loss: 1.14, train 32.33%
epoch 46, loss: 1.18, train 30.94%
epoch 46, loss: 1.29, train 30.88%
epoch 46, loss: 1.09, train 31.39%
epoch 46, loss: 1.04, train 32.37%
epoch 46, loss: 1.07, train 32.75%
epoch 46, loss: 1.09, train 33.33%
epoch 46, loss: 1.11, train 33.41%
epoch 46, loss: 1.11, train 33.04%
epoch 46, loss: 1.11, train 33.54%
epoch 46, loss: 1.21, train 33.00%
epoch 46, loss: 1.07, train 33.46%
epoch 46, loss: 1.07, train 33.33%
epoch 46, loss: 1.16, train 33.04%
epoch 46, loss: 1.24, train 32.76%
epoch 46, loss: 1.13, train 32.67%
epoch 46, loss: 1.12, train 32.26%
epoch 46, loss: 1.14, train 32.19%
epoch 46, loss: 1.13, train 31.97%
epoch 46, loss: 1.08, train 32.35%
epoch 46, loss: 1.11, train 32.43%
epoch 46, loss: 1.07, train 32.36%
epoch 46, loss: 1.11, train 32.16%
epoch 46, loss: 1.21, train 31.71%
epoch 46, loss: 1.07, train 31.92%
epoch 46, loss: 1.05, train 32.25%
epoch 46, loss: 1.13, train 32.20%
epoch 46, loss: 1.14, train 31.90%
epoch 46, loss: 1.12, train 31.63%
epoch 46, loss: 1.12, train 31.59%
epoch 46, loss: 1.78, train 31.67%
Epoch completed!
epoch 46, total signals 900, average_loss_per_batch: 1.135453, train 31.67%
Validating
Val set size: 120, validation accuracy 33.33%
epoch 47, loss: 1.16, train 30.00%
epoch 47, loss: 1.28, train 37.50%
epoch 47, loss: 1.16, train 36.67%
epoch 47, loss: 1.05, train 40.00%
epoch 47, loss: 1.13, train 40.00%
epoch 47, loss: 1.11, train 40.83%
epoch 47, loss: 1.07, train 42.14%
epoch 47, loss: 1.32, train 38.12%
epoch 47, loss: 1.18, train 37.22%
epoch 47, loss: 1.10, train 37.50%
epoch 47, loss: 1.08, train 37.73%
epoch 47, loss: 1.74, train 35.83%
epoch 47, loss: 1.08, train 35.77%
epoch 47, loss: 1.16, train 35.00%
epoch 47, loss: 1.14, train 35.33%
epoch 47, loss: 1.07, train 35.94%
epoch 47, loss: 1.04, train 36.18%
epoch 47, loss: 1.04, train 36.67%
epoch 47, loss: 1.10, train 36.32%
epoch 47, loss: 6.01, train 36.25%
epoch 47, loss: 1.09, train 36.19%
epoch 47, loss: 1.13, train 35.68%
epoch 47, loss: 1.07, train 35.65%
epoch 47, loss: 1.16, train 35.42%
epoch 47, loss: 1.11, train 35.60%
epoch 47, loss: 1.12, train 35.77%
epoch 47, loss: 1.32, train 35.74%
epoch 47, loss: 1.02, train 36.25%
epoch 47, loss: 1.06, train 36.55%
epoch 47, loss: 1.23, train 36.67%
epoch 47, loss: 1.19, train 36.61%
epoch 47, loss: 1.11, train 36.72%
epoch 47, loss: 1.10, train 36.52%
epoch 47, loss: 1.23, train 36.03%
epoch 47, loss: 1.12, train 36.00%
epoch 47, loss: 2.07, train 36.11%
epoch 47, loss: 1.15, train 36.08%
epoch 47, loss: 1.31, train 35.79%
epoch 47, loss: 1.07, train 35.77%
epoch 47, loss: 1.19, train 35.50%
epoch 47, loss: 1.11, train 35.37%
epoch 47, loss: 1.04, train 35.60%
epoch 47, loss: 1.18, train 35.58%
epoch 47, loss: 1.09, train 35.68%
epoch 47, loss: 1.07, train 36.00%
Epoch completed!
epoch 47, total signals 900, average_loss_per_batch: 1.274689, train 36.00%
Validating
Val set size: 120, validation accuracy 33.33%
epoch 48, loss: 1.17, train 15.00%
epoch 48, loss: 1.14, train 15.00%
epoch 48, loss: 1.18, train 16.67%
epoch 48, loss: 1.09, train 22.50%
epoch 48, loss: 1.07, train 28.00%
epoch 48, loss: 0.99, train 32.50%
epoch 48, loss: 1.15, train 30.71%
epoch 48, loss: 1.18, train 30.63%
epoch 48, loss: 1.09, train 31.67%
epoch 48, loss: 1.07, train 33.50%
epoch 48, loss: 1.11, train 34.55%
epoch 48, loss: 4.48, train 33.75%
epoch 48, loss: 1.10, train 33.08%
epoch 48, loss: 1.15, train 32.14%
epoch 48, loss: 1.09, train 32.00%
epoch 48, loss: 1.10, train 32.19%
epoch 48, loss: 1.18, train 31.18%
epoch 48, loss: 1.11, train 31.11%
epoch 48, loss: 1.13, train 31.05%
epoch 48, loss: 1.12, train 30.75%
epoch 48, loss: 1.14, train 30.95%
epoch 48, loss: 1.12, train 30.68%
epoch 48, loss: 1.08, train 31.52%
epoch 48, loss: 1.13, train 31.67%
epoch 48, loss: 1.17, train 31.80%
epoch 48, loss: 1.07, train 31.92%
epoch 48, loss: 1.16, train 31.85%
epoch 48, loss: 1.11, train 31.96%
epoch 48, loss: 1.10, train 31.90%
epoch 48, loss: 1.38, train 32.00%
epoch 48, loss: 1.07, train 32.42%
epoch 48, loss: 1.11, train 32.34%
epoch 48, loss: 1.12, train 31.82%
epoch 48, loss: 1.10, train 32.06%
epoch 48, loss: 1.15, train 32.14%
epoch 48, loss: 1.13, train 31.67%
epoch 48, loss: 1.09, train 31.62%
epoch 48, loss: 1.09, train 31.71%
epoch 48, loss: 1.16, train 31.92%
epoch 48, loss: 1.07, train 32.12%
epoch 48, loss: 1.10, train 32.07%
epoch 48, loss: 1.14, train 31.67%
epoch 48, loss: 1.17, train 31.86%
epoch 48, loss: 1.13, train 32.16%
epoch 48, loss: 1.23, train 32.11%
Epoch completed!
epoch 48, total signals 900, average_loss_per_batch: 1.200369, train 32.11%
Validating
Val set size: 120, validation accuracy 33.33%
epoch 49, loss: 1.39, train 40.00%
epoch 49, loss: 1.10, train 40.00%
epoch 49, loss: 1.11, train 40.00%
epoch 49, loss: 1.43, train 38.75%
epoch 49, loss: 1.13, train 35.00%
epoch 49, loss: 1.30, train 35.83%
epoch 49, loss: 1.11, train 34.29%
epoch 49, loss: 1.20, train 31.87%
epoch 49, loss: 1.10, train 31.67%
epoch 49, loss: 1.10, train 32.50%
epoch 49, loss: 1.14, train 32.73%
epoch 49, loss: 1.29, train 32.92%
epoch 49, loss: 1.13, train 32.69%
epoch 49, loss: 1.17, train 32.50%
epoch 49, loss: 1.32, train 32.00%
epoch 49, loss: 1.12, train 32.50%
epoch 49, loss: 1.18, train 31.76%
epoch 49, loss: 1.10, train 32.22%
epoch 49, loss: 1.11, train 32.37%
epoch 49, loss: 1.19, train 31.75%
epoch 49, loss: 1.12, train 32.14%
epoch 49, loss: 1.07, train 32.05%
epoch 49, loss: 1.13, train 32.17%
epoch 49, loss: 1.11, train 32.50%
epoch 49, loss: 1.07, train 32.80%
epoch 49, loss: 1.08, train 33.08%
epoch 49, loss: 1.11, train 33.33%
epoch 49, loss: 1.12, train 33.21%
epoch 49, loss: 1.15, train 32.76%
epoch 49, loss: 1.10, train 32.67%
epoch 49, loss: 1.04, train 33.23%
epoch 49, loss: 1.12, train 33.28%
epoch 49, loss: 1.27, train 33.03%
epoch 49, loss: 1.08, train 33.53%
epoch 49, loss: 1.16, train 33.43%
epoch 49, loss: 1.21, train 33.61%
epoch 49, loss: 1.08, train 33.78%
epoch 49, loss: 1.17, train 33.42%
epoch 49, loss: 1.07, train 33.97%
epoch 49, loss: 2.27, train 34.12%
epoch 49, loss: 1.08, train 34.39%
epoch 49, loss: 1.03, train 34.76%
epoch 49, loss: 1.11, train 34.53%
epoch 49, loss: 1.01, train 35.11%
epoch 49, loss: 1.17, train 35.00%
Epoch completed!
epoch 49, total signals 900, average_loss_per_batch: 1.169458, train 35.00%
Validating
Val set size: 120, validation accuracy 33.33%
Training Completed!
Testing
en es ko
[[ 0 40  0]
 [ 0 40  0]
 [ 0 40  0]]
Test set size: 120, Test accuracy 33.33%
