1.12.1+cu102
cuda:0
Trainable Parameters : 593411
Start training...
epoch 0, loss: 1.11, train 30.00%
epoch 0, loss: 1.11, train 30.00%
epoch 0, loss: 1.14, train 30.00%
epoch 0, loss: 1.11, train 31.25%
epoch 0, loss: 1.17, train 32.00%
epoch 0, loss: 1.15, train 30.00%
epoch 0, loss: 1.15, train 27.86%
epoch 0, loss: 1.06, train 29.38%
epoch 0, loss: 1.23, train 30.00%
epoch 0, loss: 1.46, train 30.50%
epoch 0, loss: 1.18, train 30.45%
epoch 0, loss: 1.33, train 30.42%
epoch 0, loss: 1.50, train 30.00%
epoch 0, loss: 1.01, train 30.71%
epoch 0, loss: 1.19, train 30.33%
epoch 0, loss: 1.53, train 30.31%
epoch 0, loss: 1.14, train 30.29%
epoch 0, loss: 1.18, train 30.83%
epoch 0, loss: 1.06, train 31.58%
epoch 0, loss: 1.25, train 31.00%
epoch 0, loss: 2.00, train 30.71%
epoch 0, loss: 1.19, train 30.45%
epoch 0, loss: 1.38, train 30.22%
epoch 0, loss: 1.69, train 30.42%
epoch 0, loss: 1.15, train 31.20%
epoch 0, loss: 1.06, train 32.12%
epoch 0, loss: 1.06, train 32.78%
epoch 0, loss: 1.03, train 33.75%
epoch 0, loss: 1.13, train 34.14%
epoch 0, loss: 1.12, train 34.33%
epoch 0, loss: 1.08, train 34.68%
epoch 0, loss: 1.10, train 34.38%
epoch 0, loss: 1.48, train 34.24%
epoch 0, loss: 1.11, train 34.12%
epoch 0, loss: 1.17, train 34.14%
epoch 0, loss: 1.40, train 33.61%
epoch 0, loss: 1.32, train 33.51%
epoch 0, loss: 1.09, train 33.55%
epoch 0, loss: 1.14, train 33.59%
epoch 0, loss: 1.16, train 33.88%
epoch 0, loss: 4.22, train 33.66%
epoch 0, loss: 1.63, train 33.33%
epoch 0, loss: 1.90, train 32.91%
epoch 0, loss: 3.02, train 32.61%
epoch 0, loss: 1.44, train 32.89%
Epoch completed!
epoch 0, total signals 900, average_loss_per_batch: 1.358331, train 32.89%
Validating
Val set size: 120, validation accuracy 33.33%
epoch 1, loss: 1.29, train 25.00%
epoch 1, loss: 1.59, train 22.50%
epoch 1, loss: 1.12, train 25.00%
epoch 1, loss: 1.19, train 27.50%
epoch 1, loss: 1.29, train 29.00%
epoch 1, loss: 1.56, train 30.83%
epoch 1, loss: 1.42, train 32.14%
epoch 1, loss: 2.62, train 33.75%
epoch 1, loss: 1.30, train 33.89%
epoch 1, loss: 1.71, train 33.50%
epoch 1, loss: 1.23, train 33.18%
epoch 1, loss: 3.76, train 33.75%
epoch 1, loss: 3.70, train 32.69%
epoch 1, loss: 1.30, train 32.86%
epoch 1, loss: 1.46, train 31.67%
epoch 1, loss: 1.27, train 32.19%
epoch 1, loss: 1.45, train 31.76%
epoch 1, loss: 1.10, train 32.50%
epoch 1, loss: 1.30, train 33.16%
epoch 1, loss: 2.39, train 32.75%
epoch 1, loss: 1.08, train 33.57%
epoch 1, loss: 1.56, train 33.18%
epoch 1, loss: 3.00, train 33.91%
epoch 1, loss: 1.21, train 33.54%
epoch 1, loss: 1.47, train 33.40%
epoch 1, loss: 1.49, train 33.65%
epoch 1, loss: 1.21, train 32.96%
epoch 1, loss: 1.46, train 32.32%
epoch 1, loss: 1.10, train 32.59%
epoch 1, loss: 1.49, train 32.33%
epoch 1, loss: 4.68, train 32.10%
epoch 1, loss: 1.20, train 32.34%
epoch 1, loss: 1.27, train 31.82%
epoch 1, loss: 1.12, train 31.76%
epoch 1, loss: 1.17, train 31.71%
epoch 1, loss: 1.24, train 31.39%
epoch 1, loss: 1.62, train 31.22%
epoch 1, loss: 1.35, train 31.58%
epoch 1, loss: 1.32, train 31.67%
epoch 1, loss: 1.26, train 31.25%
epoch 1, loss: 1.36, train 31.46%
epoch 1, loss: 1.01, train 31.90%
epoch 1, loss: 1.33, train 31.86%
epoch 1, loss: 1.08, train 32.05%
epoch 1, loss: 2.59, train 32.56%
Epoch completed!
epoch 1, total signals 900, average_loss_per_batch: 1.616226, train 32.56%
Validating
Val set size: 120, validation accuracy 33.33%
epoch 2, loss: 1.28, train 40.00%
epoch 2, loss: 1.18, train 37.50%
epoch 2, loss: 1.15, train 41.67%
epoch 2, loss: 1.32, train 38.75%
epoch 2, loss: 1.01, train 43.00%
epoch 2, loss: 1.67, train 41.67%
epoch 2, loss: 1.45, train 40.00%
epoch 2, loss: 1.32, train 36.88%
epoch 2, loss: 1.10, train 38.33%
epoch 2, loss: 1.12, train 38.00%
epoch 2, loss: 1.76, train 37.73%
epoch 2, loss: 1.19, train 38.75%
epoch 2, loss: 1.15, train 38.85%
epoch 2, loss: 1.10, train 38.93%
epoch 2, loss: 1.11, train 38.33%
epoch 2, loss: 1.11, train 37.50%
epoch 2, loss: 1.01, train 38.24%
epoch 2, loss: 2.12, train 37.22%
epoch 2, loss: 1.12, train 37.37%
epoch 2, loss: 1.26, train 36.50%
epoch 2, loss: 1.12, train 37.14%
epoch 2, loss: 1.12, train 36.82%
epoch 2, loss: 1.07, train 36.74%
epoch 2, loss: 1.25, train 36.88%
epoch 2, loss: 1.11, train 36.60%
epoch 2, loss: 1.12, train 36.35%
epoch 2, loss: 1.13, train 36.11%
epoch 2, loss: 1.06, train 36.61%
epoch 2, loss: 1.15, train 36.38%
epoch 2, loss: 1.16, train 36.17%
epoch 2, loss: 1.01, train 36.45%
epoch 2, loss: 2.76, train 36.41%
epoch 2, loss: 1.08, train 36.21%
epoch 2, loss: 1.04, train 36.91%
epoch 2, loss: 1.33, train 36.71%
epoch 2, loss: 1.15, train 36.53%
epoch 2, loss: 1.52, train 36.35%
epoch 2, loss: 1.24, train 36.45%
epoch 2, loss: 1.39, train 36.41%
epoch 2, loss: 1.04, train 36.62%
epoch 2, loss: 1.16, train 36.46%
epoch 2, loss: 1.10, train 36.19%
epoch 2, loss: 1.65, train 36.05%
epoch 2, loss: 1.11, train 36.14%
epoch 2, loss: 1.32, train 35.89%
Epoch completed!
epoch 2, total signals 900, average_loss_per_batch: 1.260465, train 35.89%
Validating
Val set size: 120, validation accuracy 33.33%
epoch 3, loss: 1.27, train 40.00%
epoch 3, loss: 1.57, train 25.00%
epoch 3, loss: 1.30, train 25.00%
epoch 3, loss: 1.15, train 27.50%
epoch 3, loss: 1.22, train 29.00%
epoch 3, loss: 1.28, train 27.50%
epoch 3, loss: 1.22, train 27.86%
epoch 3, loss: 1.33, train 26.88%
epoch 3, loss: 2.21, train 25.56%
epoch 3, loss: 1.03, train 28.00%
epoch 3, loss: 1.16, train 28.18%
epoch 3, loss: 1.20, train 28.33%
epoch 3, loss: 1.09, train 29.23%
epoch 3, loss: 1.24, train 29.64%
epoch 3, loss: 1.36, train 30.00%
epoch 3, loss: 1.28, train 30.31%
epoch 3, loss: 1.36, train 30.00%
epoch 3, loss: 1.92, train 30.00%
epoch 3, loss: 1.28, train 30.00%
epoch 3, loss: 5.63, train 29.50%
epoch 3, loss: 1.65, train 29.29%
epoch 3, loss: 1.79, train 30.00%
epoch 3, loss: 1.10, train 29.57%
epoch 3, loss: 1.42, train 29.38%
epoch 3, loss: 1.50, train 29.80%
epoch 3, loss: 1.78, train 29.42%
epoch 3, loss: 1.11, train 29.63%
epoch 3, loss: 1.14, train 30.00%
epoch 3, loss: 1.25, train 30.52%
epoch 3, loss: 1.71, train 30.00%
epoch 3, loss: 1.52, train 29.52%
epoch 3, loss: 1.37, train 29.69%
epoch 3, loss: 1.49, train 29.24%
epoch 3, loss: 2.42, train 29.71%
epoch 3, loss: 1.50, train 29.57%
epoch 3, loss: 1.43, train 30.00%
epoch 3, loss: 2.64, train 29.86%
epoch 3, loss: 1.56, train 30.13%
epoch 3, loss: 1.59, train 30.00%
epoch 3, loss: 1.54, train 29.75%
epoch 3, loss: 1.12, train 29.51%
epoch 3, loss: 1.13, train 29.64%
epoch 3, loss: 1.15, train 29.53%
epoch 3, loss: 1.15, train 29.55%
epoch 3, loss: 1.65, train 29.89%
Epoch completed!
epoch 3, total signals 900, average_loss_per_batch: 1.529100, train 29.89%
Validating
Val set size: 120, validation accuracy 33.33%
epoch 4, loss: 1.32, train 40.00%
epoch 4, loss: 1.75, train 27.50%
epoch 4, loss: 1.26, train 28.33%
epoch 4, loss: 1.18, train 31.25%
epoch 4, loss: 3.42, train 32.00%
epoch 4, loss: 1.05, train 35.83%
epoch 4, loss: 1.60, train 35.71%
epoch 4, loss: 2.11, train 34.38%
epoch 4, loss: 1.36, train 33.89%
epoch 4, loss: 1.93, train 33.00%
epoch 4, loss: 1.51, train 33.18%
epoch 4, loss: 1.23, train 33.33%
epoch 4, loss: 2.28, train 33.08%
epoch 4, loss: 1.37, train 32.14%
epoch 4, loss: 1.11, train 33.00%
epoch 4, loss: 2.00, train 32.50%
epoch 4, loss: 1.83, train 32.65%
epoch 4, loss: 1.30, train 33.06%
epoch 4, loss: 3.61, train 33.95%
epoch 4, loss: 2.72, train 33.75%
epoch 4, loss: 2.21, train 33.33%
epoch 4, loss: 1.13, train 34.32%
epoch 4, loss: 1.64, train 34.13%
epoch 4, loss: 1.12, train 34.79%
epoch 4, loss: 1.10, train 34.80%
epoch 4, loss: 1.47, train 34.62%
epoch 4, loss: 1.44, train 34.63%
epoch 4, loss: 1.22, train 34.82%
epoch 4, loss: 1.24, train 34.83%
epoch 4, loss: 1.26, train 34.50%
epoch 4, loss: 1.42, train 34.84%
epoch 4, loss: 7.06, train 34.69%
epoch 4, loss: 1.20, train 34.85%
epoch 4, loss: 1.08, train 34.85%
epoch 4, loss: 1.20, train 34.71%
epoch 4, loss: 1.17, train 34.86%
epoch 4, loss: 1.20, train 35.00%
epoch 4, loss: 1.31, train 35.26%
epoch 4, loss: 1.42, train 35.26%
epoch 4, loss: 1.62, train 35.12%
epoch 4, loss: 1.11, train 35.12%
epoch 4, loss: 1.67, train 34.64%
epoch 4, loss: 2.36, train 34.77%
epoch 4, loss: 1.12, train 34.89%
epoch 4, loss: 1.20, train 35.00%
Epoch completed!
epoch 4, total signals 900, average_loss_per_batch: 1.687006, train 35.00%
Validating
Val set size: 120, validation accuracy 33.33%
epoch 5, loss: 3.53, train 45.00%
epoch 5, loss: 1.32, train 40.00%
epoch 5, loss: 1.41, train 31.67%
epoch 5, loss: 1.09, train 37.50%
epoch 5, loss: 1.58, train 36.00%
epoch 5, loss: 1.31, train 34.17%
epoch 5, loss: 1.24, train 34.29%
epoch 5, loss: 1.07, train 33.75%
epoch 5, loss: 2.16, train 32.78%
epoch 5, loss: 1.12, train 33.50%
epoch 5, loss: 1.12, train 33.18%
epoch 5, loss: 1.27, train 32.08%
epoch 5, loss: 1.12, train 30.77%
epoch 5, loss: 1.20, train 30.36%
epoch 5, loss: 1.13, train 30.00%
epoch 5, loss: 1.38, train 30.00%
epoch 5, loss: 1.11, train 30.29%
epoch 5, loss: 1.37, train 30.28%
epoch 5, loss: 1.18, train 30.26%
epoch 5, loss: 1.15, train 30.25%
epoch 5, loss: 1.44, train 30.71%
epoch 5, loss: 5.06, train 30.00%
epoch 5, loss: 1.50, train 29.57%
epoch 5, loss: 2.15, train 29.79%
epoch 5, loss: 1.13, train 30.40%
epoch 5, loss: 1.07, train 30.96%
epoch 5, loss: 1.23, train 30.74%
epoch 5, loss: 1.36, train 31.07%
epoch 5, loss: 1.19, train 31.90%
epoch 5, loss: 1.45, train 32.00%
epoch 5, loss: 1.64, train 31.77%
epoch 5, loss: 0.98, train 32.81%
epoch 5, loss: 1.15, train 33.03%
epoch 5, loss: 1.15, train 32.65%
epoch 5, loss: 1.08, train 32.71%
epoch 5, loss: 1.07, train 33.06%
epoch 5, loss: 1.62, train 32.57%
epoch 5, loss: 1.11, train 32.89%
epoch 5, loss: 1.23, train 33.21%
epoch 5, loss: 1.07, train 33.75%
epoch 5, loss: 1.08, train 33.66%
epoch 5, loss: 1.14, train 33.45%
epoch 5, loss: 1.12, train 33.49%
epoch 5, loss: 1.14, train 33.64%
epoch 5, loss: 1.36, train 33.67%
Epoch completed!
epoch 5, total signals 900, average_loss_per_batch: 1.408921, train 33.67%
Validating
Val set size: 120, validation accuracy 33.33%
epoch 6, loss: 1.23, train 30.00%
epoch 6, loss: 1.10, train 35.00%
epoch 6, loss: 1.11, train 36.67%
epoch 6, loss: 1.11, train 36.25%
epoch 6, loss: 1.43, train 33.00%
epoch 6, loss: 1.05, train 37.50%
epoch 6, loss: 1.24, train 37.86%
epoch 6, loss: 5.20, train 36.88%
epoch 6, loss: 1.09, train 36.67%
epoch 6, loss: 1.07, train 36.50%
epoch 6, loss: 1.26, train 35.45%
epoch 6, loss: 1.10, train 36.25%
epoch 6, loss: 3.00, train 37.69%
epoch 6, loss: 1.66, train 35.71%
epoch 6, loss: 1.13, train 36.67%
epoch 6, loss: 1.39, train 37.19%
epoch 6, loss: 1.29, train 36.18%
epoch 6, loss: 1.52, train 36.11%
epoch 6, loss: 1.01, train 37.63%
epoch 6, loss: 3.00, train 36.75%
epoch 6, loss: 2.09, train 36.67%
epoch 6, loss: 1.46, train 36.14%
epoch 6, loss: 1.74, train 35.43%
epoch 6, loss: 1.32, train 35.21%
epoch 6, loss: 1.22, train 35.00%
epoch 6, loss: 1.20, train 35.19%
epoch 6, loss: 1.09, train 35.37%
epoch 6, loss: 1.13, train 35.54%
epoch 6, loss: 1.31, train 35.34%
epoch 6, loss: 1.00, train 36.00%
epoch 6, loss: 1.15, train 35.81%
epoch 6, loss: 1.27, train 35.62%
epoch 6, loss: 1.25, train 35.76%
epoch 6, loss: 1.21, train 35.15%
epoch 6, loss: 1.34, train 35.14%
epoch 6, loss: 1.17, train 35.00%
epoch 6, loss: 1.23, train 34.59%
epoch 6, loss: 1.06, train 34.87%
epoch 6, loss: 1.15, train 34.74%
epoch 6, loss: 2.35, train 34.50%
epoch 6, loss: 1.23, train 34.51%
epoch 6, loss: 1.25, train 34.29%
epoch 6, loss: 1.62, train 34.42%
epoch 6, loss: 3.72, train 34.66%
epoch 6, loss: 1.59, train 34.67%
Epoch completed!
epoch 6, total signals 900, average_loss_per_batch: 1.514008, train 34.67%
Validating
Val set size: 120, validation accuracy 33.33%
epoch 7, loss: 1.99, train 35.00%
epoch 7, loss: 1.74, train 35.00%
epoch 7, loss: 1.13, train 33.33%
epoch 7, loss: 1.07, train 35.00%
epoch 7, loss: 1.28, train 35.00%
epoch 7, loss: 1.16, train 34.17%
epoch 7, loss: 1.40, train 32.86%
epoch 7, loss: 1.25, train 31.87%
epoch 7, loss: 1.28, train 31.11%
epoch 7, loss: 1.41, train 29.50%
epoch 7, loss: 1.13, train 29.09%
epoch 7, loss: 7.24, train 27.92%
epoch 7, loss: 1.40, train 28.46%
epoch 7, loss: 1.02, train 28.93%
epoch 7, loss: 2.83, train 28.33%
epoch 7, loss: 1.34, train 30.31%
epoch 7, loss: 2.11, train 29.41%
epoch 7, loss: 2.30, train 28.61%
epoch 7, loss: 1.49, train 28.42%
epoch 7, loss: 1.10, train 29.50%
epoch 7, loss: 1.24, train 29.52%
epoch 7, loss: 1.01, train 30.91%
epoch 7, loss: 1.36, train 31.09%
epoch 7, loss: 1.12, train 31.67%
epoch 7, loss: 1.23, train 32.00%
epoch 7, loss: 1.49, train 32.69%
epoch 7, loss: 1.83, train 32.41%
epoch 7, loss: 1.58, train 32.14%
epoch 7, loss: 1.12, train 32.24%
epoch 7, loss: 2.22, train 32.67%
epoch 7, loss: 1.19, train 33.06%
epoch 7, loss: 1.33, train 33.44%
epoch 7, loss: 2.23, train 33.33%
epoch 7, loss: 1.03, train 33.53%
epoch 7, loss: 1.37, train 33.57%
epoch 7, loss: 3.83, train 33.19%
epoch 7, loss: 2.09, train 33.38%
epoch 7, loss: 1.05, train 33.82%
epoch 7, loss: 1.83, train 33.85%
epoch 7, loss: 1.87, train 33.75%
epoch 7, loss: 1.55, train 33.66%
epoch 7, loss: 1.52, train 33.45%
epoch 7, loss: 1.16, train 33.49%
epoch 7, loss: 1.35, train 33.52%
epoch 7, loss: 1.77, train 33.22%
Epoch completed!
epoch 7, total signals 900, average_loss_per_batch: 1.668410, train 33.22%
Validating
Val set size: 120, validation accuracy 33.33%
epoch 8, loss: 1.15, train 40.00%
epoch 8, loss: 2.05, train 35.00%
epoch 8, loss: 1.29, train 28.33%
epoch 8, loss: 1.34, train 28.75%
epoch 8, loss: 1.29, train 30.00%
epoch 8, loss: 1.57, train 30.00%
epoch 8, loss: 1.02, train 33.57%
epoch 8, loss: 3.64, train 34.38%
epoch 8, loss: 4.30, train 33.89%
epoch 8, loss: 1.06, train 35.00%
epoch 8, loss: 1.28, train 35.91%
epoch 8, loss: 1.11, train 36.25%
epoch 8, loss: 1.66, train 35.00%
epoch 8, loss: 1.00, train 34.29%
epoch 8, loss: 1.18, train 34.00%
epoch 8, loss: 1.24, train 34.06%
epoch 8, loss: 1.12, train 34.41%
epoch 8, loss: 1.26, train 33.89%
epoch 8, loss: 1.15, train 33.95%
epoch 8, loss: 1.36, train 34.00%
epoch 8, loss: 1.10, train 34.76%
epoch 8, loss: 1.20, train 34.77%
epoch 8, loss: 1.04, train 35.43%
epoch 8, loss: 1.57, train 35.21%
epoch 8, loss: 1.62, train 35.40%
epoch 8, loss: 1.09, train 35.58%
epoch 8, loss: 1.25, train 35.00%
epoch 8, loss: 1.07, train 35.54%
epoch 8, loss: 1.67, train 35.00%
epoch 8, loss: 1.24, train 34.17%
epoch 8, loss: 1.14, train 34.19%
epoch 8, loss: 1.10, train 34.38%
epoch 8, loss: 1.28, train 33.64%
epoch 8, loss: 1.10, train 33.53%
epoch 8, loss: 3.99, train 33.43%
epoch 8, loss: 1.18, train 33.61%
epoch 8, loss: 1.27, train 33.92%
epoch 8, loss: 1.97, train 33.42%
epoch 8, loss: 1.11, train 33.46%
epoch 8, loss: 1.21, train 33.25%
epoch 8, loss: 1.16, train 33.05%
epoch 8, loss: 1.09, train 33.33%
epoch 8, loss: 2.59, train 33.26%
epoch 8, loss: 1.13, train 33.52%
epoch 8, loss: 2.49, train 33.33%
Epoch completed!
epoch 8, total signals 900, average_loss_per_batch: 1.505554, train 33.33%
Validating
Val set size: 120, validation accuracy 33.33%
epoch 9, loss: 4.32, train 30.00%
epoch 9, loss: 1.85, train 20.00%
epoch 9, loss: 1.27, train 23.33%
epoch 9, loss: 1.37, train 31.25%
epoch 9, loss: 1.33, train 32.00%
epoch 9, loss: 1.23, train 33.33%
epoch 9, loss: 4.86, train 34.29%
epoch 9, loss: 1.45, train 33.12%
epoch 9, loss: 1.57, train 31.11%
epoch 9, loss: 2.11, train 31.50%
epoch 9, loss: 1.11, train 32.27%
epoch 9, loss: 1.17, train 32.08%
epoch 9, loss: 1.05, train 33.46%
epoch 9, loss: 1.18, train 33.57%
epoch 9, loss: 1.93, train 34.33%
epoch 9, loss: 1.20, train 33.75%
epoch 9, loss: 1.16, train 32.94%
epoch 9, loss: 1.13, train 32.78%
epoch 9, loss: 1.49, train 33.16%
epoch 9, loss: 1.10, train 33.50%
epoch 9, loss: 1.09, train 33.57%
epoch 9, loss: 1.08, train 33.41%
epoch 9, loss: 1.09, train 33.48%
epoch 9, loss: 1.22, train 33.12%
epoch 9, loss: 1.23, train 33.00%
epoch 9, loss: 1.12, train 32.88%
epoch 9, loss: 1.11, train 33.15%
epoch 9, loss: 1.98, train 33.57%
epoch 9, loss: 1.08, train 34.14%
epoch 9, loss: 1.18, train 34.00%
epoch 9, loss: 1.16, train 33.87%
epoch 9, loss: 1.12, train 34.06%
epoch 9, loss: 1.24, train 33.94%
epoch 9, loss: 1.12, train 34.12%
epoch 9, loss: 1.21, train 33.86%
epoch 9, loss: 1.22, train 33.75%
epoch 9, loss: 1.08, train 33.78%
epoch 9, loss: 2.68, train 33.68%
epoch 9, loss: 1.09, train 33.85%
epoch 9, loss: 1.16, train 33.50%
epoch 9, loss: 1.17, train 33.17%
epoch 9, loss: 1.12, train 33.21%
epoch 9, loss: 1.11, train 33.02%
epoch 9, loss: 1.09, train 33.30%
epoch 9, loss: 1.12, train 33.33%
Epoch completed!
epoch 9, total signals 900, average_loss_per_batch: 1.438461, train 33.33%
Validating
Val set size: 120, validation accuracy 33.33%
epoch 10, loss: 1.70, train 20.00%
epoch 10, loss: 1.12, train 25.00%
epoch 10, loss: 1.07, train 30.00%
epoch 10, loss: 1.12, train 28.75%
epoch 10, loss: 1.08, train 32.00%
epoch 10, loss: 1.16, train 30.83%
epoch 10, loss: 1.52, train 32.86%
epoch 10, loss: 1.12, train 33.12%
epoch 10, loss: 1.12, train 31.11%
epoch 10, loss: 1.17, train 32.00%
epoch 10, loss: 1.08, train 32.27%
epoch 10, loss: 1.09, train 33.33%
epoch 10, loss: 1.14, train 33.08%
epoch 10, loss: 1.04, train 34.29%
epoch 10, loss: 1.14, train 34.00%
epoch 10, loss: 1.82, train 33.75%
epoch 10, loss: 1.15, train 33.24%
epoch 10, loss: 1.10, train 33.61%
epoch 10, loss: 1.09, train 33.95%
epoch 10, loss: 1.08, train 34.50%
epoch 10, loss: 1.11, train 34.29%
epoch 10, loss: 1.41, train 33.41%
epoch 10, loss: 1.62, train 33.04%
epoch 10, loss: 1.09, train 33.75%
epoch 10, loss: 1.09, train 33.80%
epoch 10, loss: 1.09, train 34.23%
epoch 10, loss: 1.14, train 34.26%
epoch 10, loss: 1.32, train 33.75%
epoch 10, loss: 1.14, train 33.79%
epoch 10, loss: 1.13, train 33.67%
epoch 10, loss: 1.35, train 33.55%
epoch 10, loss: 1.15, train 33.28%
epoch 10, loss: 1.11, train 32.88%
epoch 10, loss: 1.07, train 33.24%
epoch 10, loss: 1.18, train 32.86%
epoch 10, loss: 3.24, train 32.78%
epoch 10, loss: 1.56, train 32.70%
epoch 10, loss: 1.11, train 32.76%
epoch 10, loss: 3.08, train 32.44%
epoch 10, loss: 1.31, train 32.50%
epoch 10, loss: 1.10, train 32.56%
epoch 10, loss: 1.28, train 32.38%
epoch 10, loss: 1.11, train 32.33%
epoch 10, loss: 1.10, train 32.16%
epoch 10, loss: 1.16, train 32.22%
Epoch completed!
epoch 10, total signals 900, average_loss_per_batch: 1.287568, train 32.22%
Validating
Val set size: 120, validation accuracy 33.33%
epoch 11, loss: 1.17, train 40.00%
epoch 11, loss: 1.27, train 37.50%
epoch 11, loss: 1.14, train 31.67%
epoch 11, loss: 1.09, train 32.50%
epoch 11, loss: 1.17, train 35.00%
epoch 11, loss: 1.21, train 32.50%
epoch 11, loss: 1.05, train 32.86%
epoch 11, loss: 1.13, train 32.50%
epoch 11, loss: 1.11, train 32.78%
epoch 11, loss: 1.12, train 32.50%
epoch 11, loss: 1.12, train 31.82%
epoch 11, loss: 1.45, train 30.83%
epoch 11, loss: 1.08, train 31.54%
epoch 11, loss: 1.25, train 31.43%
epoch 11, loss: 1.12, train 31.00%
epoch 11, loss: 1.10, train 31.56%
epoch 11, loss: 1.09, train 31.76%
epoch 11, loss: 1.10, train 31.67%
epoch 11, loss: 1.20, train 31.05%
epoch 11, loss: 1.07, train 31.75%
epoch 11, loss: 3.56, train 31.67%
epoch 11, loss: 1.12, train 31.14%
epoch 11, loss: 1.12, train 31.09%
epoch 11, loss: 1.11, train 31.25%
epoch 11, loss: 1.09, train 31.00%
epoch 11, loss: 1.23, train 30.19%
epoch 11, loss: 1.10, train 30.19%
epoch 11, loss: 1.14, train 30.00%
epoch 11, loss: 1.11, train 30.17%
epoch 11, loss: 1.08, train 30.67%
epoch 11, loss: 1.12, train 30.65%
epoch 11, loss: 1.10, train 30.63%
epoch 11, loss: 1.08, train 30.61%
epoch 11, loss: 1.06, train 31.18%
epoch 11, loss: 1.10, train 31.57%
epoch 11, loss: 3.60, train 31.25%
epoch 11, loss: 1.11, train 31.35%
epoch 11, loss: 1.09, train 31.32%
epoch 11, loss: 1.36, train 31.03%
epoch 11, loss: 1.07, train 31.25%
epoch 11, loss: 1.11, train 31.22%
epoch 11, loss: 1.15, train 30.83%
epoch 11, loss: 1.14, train 30.70%
epoch 11, loss: 1.05, train 31.02%
epoch 11, loss: 1.15, train 31.00%
Epoch completed!
epoch 11, total signals 900, average_loss_per_batch: 1.244373, train 31.00%
Validating
Val set size: 120, validation accuracy 33.33%
epoch 12, loss: 1.14, train 20.00%
epoch 12, loss: 1.13, train 27.50%
epoch 12, loss: 1.05, train 33.33%
epoch 12, loss: 1.20, train 31.25%
epoch 12, loss: 1.16, train 31.00%
epoch 12, loss: 1.09, train 31.67%
epoch 12, loss: 1.13, train 31.43%
epoch 12, loss: 1.07, train 33.12%
epoch 12, loss: 1.25, train 33.89%
epoch 12, loss: 1.12, train 33.50%
epoch 12, loss: 1.24, train 33.18%
epoch 12, loss: 1.12, train 31.67%
epoch 12, loss: 1.19, train 31.15%
epoch 12, loss: 1.09, train 31.79%
epoch 12, loss: 1.09, train 32.33%
epoch 12, loss: 1.08, train 32.19%
epoch 12, loss: 1.84, train 32.06%
epoch 12, loss: 1.12, train 32.22%
epoch 12, loss: 1.14, train 31.84%
epoch 12, loss: 1.14, train 31.50%
epoch 12, loss: 1.06, train 31.67%
epoch 12, loss: 1.15, train 32.27%
epoch 12, loss: 1.10, train 31.96%
epoch 12, loss: 1.21, train 31.87%
epoch 12, loss: 1.19, train 32.00%
epoch 12, loss: 1.10, train 31.54%
epoch 12, loss: 1.17, train 31.67%
epoch 12, loss: 1.12, train 31.61%
epoch 12, loss: 1.15, train 31.38%
epoch 12, loss: 1.10, train 31.17%
epoch 12, loss: 1.16, train 30.81%
epoch 12, loss: 1.17, train 31.09%
epoch 12, loss: 1.25, train 30.91%
epoch 12, loss: 1.10, train 31.18%
epoch 12, loss: 1.12, train 31.14%
epoch 12, loss: 1.06, train 31.53%
epoch 12, loss: 1.10, train 32.03%
epoch 12, loss: 1.11, train 32.24%
epoch 12, loss: 1.26, train 32.31%
epoch 12, loss: 1.10, train 32.50%
epoch 12, loss: 1.17, train 32.32%
epoch 12, loss: 1.07, train 32.50%
epoch 12, loss: 1.12, train 32.21%
epoch 12, loss: 1.10, train 32.39%
epoch 12, loss: 1.11, train 32.56%
Epoch completed!
epoch 12, total signals 900, average_loss_per_batch: 1.150374, train 32.56%
Validating
Val set size: 120, validation accuracy 33.33%
epoch 13, loss: 1.12, train 40.00%
epoch 13, loss: 3.19, train 40.00%
epoch 13, loss: 1.10, train 38.33%
epoch 13, loss: 1.10, train 40.00%
epoch 13, loss: 1.12, train 38.00%
epoch 13, loss: 1.08, train 40.00%
epoch 13, loss: 1.19, train 37.86%
epoch 13, loss: 1.16, train 37.50%
epoch 13, loss: 1.01, train 38.33%
epoch 13, loss: 1.22, train 36.00%
epoch 13, loss: 1.20, train 34.55%
epoch 13, loss: 1.15, train 34.58%
epoch 13, loss: 1.20, train 34.23%
epoch 13, loss: 1.08, train 34.64%
epoch 13, loss: 1.13, train 34.00%
epoch 13, loss: 1.09, train 33.75%
epoch 13, loss: 1.09, train 34.12%
epoch 13, loss: 1.12, train 33.61%
epoch 13, loss: 1.11, train 33.16%
epoch 13, loss: 1.12, train 33.00%
epoch 13, loss: 1.09, train 33.57%
epoch 13, loss: 1.06, train 34.32%
epoch 13, loss: 1.06, train 35.00%
epoch 13, loss: 1.10, train 34.58%
epoch 13, loss: 1.14, train 34.00%
epoch 13, loss: 1.09, train 34.62%
epoch 13, loss: 1.38, train 34.26%
epoch 13, loss: 1.17, train 33.75%
epoch 13, loss: 1.18, train 33.10%
epoch 13, loss: 1.26, train 32.67%
epoch 13, loss: 1.06, train 33.23%
epoch 13, loss: 1.10, train 32.81%
epoch 13, loss: 1.11, train 32.88%
epoch 13, loss: 1.16, train 32.50%
epoch 13, loss: 1.13, train 32.57%
epoch 13, loss: 1.14, train 32.36%
epoch 13, loss: 1.23, train 32.16%
epoch 13, loss: 1.11, train 32.37%
epoch 13, loss: 1.15, train 32.31%
epoch 13, loss: 1.06, train 32.62%
epoch 13, loss: 1.45, train 32.32%
epoch 13, loss: 1.11, train 32.38%
epoch 13, loss: 1.11, train 32.56%
epoch 13, loss: 1.20, train 32.50%
epoch 13, loss: 1.14, train 32.33%
Epoch completed!
epoch 13, total signals 900, average_loss_per_batch: 1.186591, train 32.33%
Validating
Val set size: 120, validation accuracy 33.33%
epoch 14, loss: 1.15, train 30.00%
epoch 14, loss: 1.07, train 40.00%
epoch 14, loss: 1.10, train 38.33%
epoch 14, loss: 1.11, train 37.50%
epoch 14, loss: 1.10, train 37.00%
epoch 14, loss: 1.27, train 35.00%
epoch 14, loss: 1.19, train 32.86%
epoch 14, loss: 1.07, train 34.38%
epoch 14, loss: 1.23, train 32.22%
epoch 14, loss: 1.14, train 31.50%
epoch 14, loss: 1.18, train 30.45%
epoch 14, loss: 1.09, train 30.83%
epoch 14, loss: 1.16, train 31.15%
epoch 14, loss: 1.13, train 30.71%
epoch 14, loss: 1.09, train 31.33%
epoch 14, loss: 1.08, train 32.19%
epoch 14, loss: 1.18, train 32.94%
epoch 14, loss: 1.13, train 32.78%
epoch 14, loss: 1.12, train 32.89%
epoch 14, loss: 1.09, train 33.00%
epoch 14, loss: 1.10, train 32.86%
epoch 14, loss: 1.18, train 31.36%
epoch 14, loss: 1.11, train 31.30%
epoch 14, loss: 1.19, train 31.25%
epoch 14, loss: 1.09, train 31.00%
epoch 14, loss: 1.08, train 31.35%
epoch 14, loss: 1.11, train 31.11%
epoch 14, loss: 1.11, train 30.89%
epoch 14, loss: 1.11, train 31.21%
epoch 14, loss: 1.12, train 30.83%
epoch 14, loss: 1.87, train 30.65%
epoch 14, loss: 1.30, train 30.63%
epoch 14, loss: 1.17, train 30.45%
epoch 14, loss: 1.10, train 30.74%
epoch 14, loss: 1.09, train 30.71%
epoch 14, loss: 1.12, train 30.69%
epoch 14, loss: 1.12, train 30.54%
epoch 14, loss: 1.10, train 30.53%
epoch 14, loss: 1.10, train 30.77%
epoch 14, loss: 1.07, train 31.13%
epoch 14, loss: 1.17, train 30.61%
epoch 14, loss: 1.54, train 30.60%
epoch 14, loss: 1.09, train 30.70%
epoch 14, loss: 1.09, train 30.68%
epoch 14, loss: 1.14, train 31.00%
Epoch completed!
epoch 14, total signals 900, average_loss_per_batch: 1.154437, train 31.00%
Validating
Val set size: 120, validation accuracy 33.33%
epoch 15, loss: 1.94, train 30.00%
epoch 15, loss: 1.21, train 30.00%
epoch 15, loss: 1.09, train 35.00%
epoch 15, loss: 1.08, train 35.00%
epoch 15, loss: 1.16, train 31.00%
epoch 15, loss: 1.11, train 30.00%
epoch 15, loss: 1.09, train 32.14%
epoch 15, loss: 1.14, train 31.25%
epoch 15, loss: 1.08, train 32.22%
epoch 15, loss: 1.06, train 33.50%
epoch 15, loss: 1.09, train 34.09%
epoch 15, loss: 1.31, train 33.33%
epoch 15, loss: 1.04, train 35.00%
epoch 15, loss: 1.03, train 36.43%
epoch 15, loss: 1.18, train 35.00%
epoch 15, loss: 1.06, train 35.94%
epoch 15, loss: 1.06, train 36.47%
epoch 15, loss: 1.12, train 35.56%
epoch 15, loss: 1.12, train 35.53%
epoch 15, loss: 1.09, train 36.00%
epoch 15, loss: 1.51, train 35.71%
epoch 15, loss: 1.11, train 35.45%
epoch 15, loss: 1.14, train 35.22%
epoch 15, loss: 1.09, train 34.79%
epoch 15, loss: 1.15, train 34.20%
epoch 15, loss: 1.13, train 33.65%
epoch 15, loss: 1.10, train 33.70%
epoch 15, loss: 1.08, train 33.75%
epoch 15, loss: 1.08, train 33.79%
epoch 15, loss: 1.12, train 33.83%
epoch 15, loss: 1.07, train 34.19%
epoch 15, loss: 1.10, train 34.22%
epoch 15, loss: 1.37, train 33.94%
epoch 15, loss: 1.11, train 33.82%
epoch 15, loss: 1.10, train 34.00%
epoch 15, loss: 1.20, train 34.03%
epoch 15, loss: 1.10, train 34.19%
epoch 15, loss: 1.15, train 33.82%
epoch 15, loss: 1.07, train 33.97%
epoch 15, loss: 1.15, train 33.75%
epoch 15, loss: 1.13, train 33.29%
epoch 15, loss: 1.12, train 32.98%
epoch 15, loss: 1.12, train 32.91%
epoch 15, loss: 1.17, train 32.84%
epoch 15, loss: 1.08, train 33.00%
Epoch completed!
epoch 15, total signals 900, average_loss_per_batch: 1.147038, train 33.00%
Validating
Val set size: 120, validation accuracy 33.33%
epoch 16, loss: 1.11, train 30.00%
epoch 16, loss: 1.11, train 35.00%
epoch 16, loss: 1.22, train 31.67%
epoch 16, loss: 1.19, train 26.25%
epoch 16, loss: 1.10, train 27.00%
epoch 16, loss: 1.09, train 30.00%
epoch 16, loss: 1.11, train 31.43%
epoch 16, loss: 1.13, train 31.25%
epoch 16, loss: 1.13, train 30.00%
epoch 16, loss: 1.09, train 30.00%
epoch 16, loss: 1.11, train 29.55%
epoch 16, loss: 1.12, train 30.42%
epoch 16, loss: 1.10, train 30.38%
epoch 16, loss: 1.10, train 31.43%
epoch 16, loss: 1.16, train 31.67%
epoch 16, loss: 1.17, train 31.56%
epoch 16, loss: 1.15, train 30.59%
epoch 16, loss: 1.20, train 30.56%
epoch 16, loss: 1.15, train 30.53%
epoch 16, loss: 1.12, train 30.00%
epoch 16, loss: 1.11, train 30.00%
epoch 16, loss: 1.06, train 31.14%
epoch 16, loss: 1.25, train 31.09%
epoch 16, loss: 1.11, train 31.04%
epoch 16, loss: 1.11, train 30.60%
epoch 16, loss: 1.16, train 30.00%
epoch 16, loss: 1.15, train 29.81%
epoch 16, loss: 1.13, train 29.29%
epoch 16, loss: 1.09, train 29.83%
epoch 16, loss: 1.11, train 29.67%
epoch 16, loss: 1.73, train 29.52%
epoch 16, loss: 1.13, train 29.38%
epoch 16, loss: 1.69, train 29.09%
epoch 16, loss: 1.10, train 28.97%
epoch 16, loss: 1.11, train 29.29%
epoch 16, loss: 1.12, train 29.44%
epoch 16, loss: 1.06, train 30.00%
epoch 16, loss: 1.10, train 29.74%
epoch 16, loss: 1.14, train 29.49%
epoch 16, loss: 1.14, train 29.38%
epoch 16, loss: 1.10, train 29.63%
epoch 16, loss: 1.10, train 29.64%
epoch 16, loss: 1.12, train 29.88%
epoch 16, loss: 1.10, train 29.89%
epoch 16, loss: 1.12, train 30.00%
Epoch completed!
epoch 16, total signals 900, average_loss_per_batch: 1.150957, train 30.00%
Validating
Val set size: 120, validation accuracy 33.33%
epoch 17, loss: 1.14, train 40.00%
epoch 17, loss: 1.17, train 32.50%
epoch 17, loss: 1.11, train 31.67%
epoch 17, loss: 1.10, train 36.25%
epoch 17, loss: 1.11, train 36.00%
epoch 17, loss: 1.14, train 34.17%
epoch 17, loss: 1.14, train 32.14%
epoch 17, loss: 1.10, train 31.87%
epoch 17, loss: 1.10, train 32.22%
epoch 17, loss: 1.10, train 33.50%
epoch 17, loss: 3.07, train 33.18%
epoch 17, loss: 1.07, train 33.75%
epoch 17, loss: 1.10, train 33.85%
epoch 17, loss: 1.12, train 33.93%
epoch 17, loss: 1.24, train 33.33%
epoch 17, loss: 1.11, train 33.75%
epoch 17, loss: 1.14, train 33.53%
epoch 17, loss: 1.05, train 34.17%
epoch 17, loss: 1.09, train 34.47%
epoch 17, loss: 1.07, train 35.50%
epoch 17, loss: 1.10, train 35.24%
epoch 17, loss: 1.09, train 35.23%
epoch 17, loss: 1.10, train 35.00%
epoch 17, loss: 1.17, train 34.58%
epoch 17, loss: 1.12, train 34.40%
epoch 17, loss: 1.11, train 34.23%
epoch 17, loss: 1.14, train 33.70%
epoch 17, loss: 1.11, train 33.57%
epoch 17, loss: 1.14, train 33.28%
epoch 17, loss: 1.02, train 33.67%
epoch 17, loss: 1.09, train 33.71%
epoch 17, loss: 1.11, train 33.75%
epoch 17, loss: 1.21, train 33.48%
epoch 17, loss: 1.12, train 33.38%
epoch 17, loss: 1.12, train 33.57%
epoch 17, loss: 1.07, train 33.89%
epoch 17, loss: 1.11, train 33.92%
epoch 17, loss: 1.09, train 34.21%
epoch 17, loss: 1.14, train 33.97%
epoch 17, loss: 1.12, train 33.38%
epoch 17, loss: 1.10, train 33.05%
epoch 17, loss: 1.09, train 33.33%
epoch 17, loss: 1.21, train 33.02%
epoch 17, loss: 1.12, train 32.95%
epoch 17, loss: 1.11, train 32.89%
Epoch completed!
epoch 17, total signals 900, average_loss_per_batch: 1.159336, train 32.89%
Validating
Val set size: 120, validation accuracy 33.33%
epoch 18, loss: 1.13, train 40.00%
epoch 18, loss: 1.12, train 37.50%
epoch 18, loss: 1.11, train 36.67%
epoch 18, loss: 1.09, train 36.25%
epoch 18, loss: 1.20, train 32.00%
epoch 18, loss: 1.15, train 28.33%
epoch 18, loss: 1.05, train 30.00%
epoch 18, loss: 1.09, train 31.87%
epoch 18, loss: 1.12, train 31.11%
epoch 18, loss: 1.28, train 31.00%
epoch 18, loss: 1.08, train 33.18%
epoch 18, loss: 1.12, train 33.33%
epoch 18, loss: 1.08, train 33.85%
epoch 18, loss: 1.21, train 33.21%
epoch 18, loss: 1.14, train 32.67%
epoch 18, loss: 1.11, train 32.50%
epoch 18, loss: 1.14, train 32.06%
epoch 18, loss: 1.10, train 32.22%
epoch 18, loss: 1.12, train 32.37%
epoch 18, loss: 1.16, train 31.50%
epoch 18, loss: 1.11, train 31.90%
epoch 18, loss: 1.17, train 31.36%
epoch 18, loss: 1.13, train 30.87%
epoch 18, loss: 1.04, train 31.67%
epoch 18, loss: 1.04, train 31.80%
epoch 18, loss: 1.08, train 31.92%
epoch 18, loss: 1.07, train 31.48%
epoch 18, loss: 1.10, train 31.79%
epoch 18, loss: 1.10, train 31.90%
epoch 18, loss: 1.07, train 32.33%
epoch 18, loss: 1.09, train 33.06%
epoch 18, loss: 1.09, train 33.12%
epoch 18, loss: 1.07, train 33.48%
epoch 18, loss: 1.05, train 33.82%
epoch 18, loss: 1.05, train 34.43%
epoch 18, loss: 1.20, train 34.72%
epoch 18, loss: 1.06, train 34.86%
epoch 18, loss: 1.13, train 34.34%
epoch 18, loss: 1.05, train 34.74%
epoch 18, loss: 1.16, train 34.75%
epoch 18, loss: 1.14, train 34.27%
epoch 18, loss: 1.10, train 34.40%
epoch 18, loss: 1.08, train 34.42%
epoch 18, loss: 1.39, train 34.20%
epoch 18, loss: 1.13, train 34.11%
Epoch completed!
epoch 18, total signals 900, average_loss_per_batch: 1.117716, train 34.11%
Validating
Val set size: 120, validation accuracy 35.00%
epoch 19, loss: 1.12, train 40.00%
epoch 19, loss: 1.16, train 42.50%
epoch 19, loss: 1.09, train 43.33%
epoch 19, loss: 1.10, train 43.75%
epoch 19, loss: 1.10, train 41.00%
epoch 19, loss: 1.13, train 38.33%
epoch 19, loss: 1.09, train 39.29%
epoch 19, loss: 1.13, train 36.88%
epoch 19, loss: 1.08, train 38.89%
epoch 19, loss: 1.27, train 38.00%
epoch 19, loss: 1.08, train 38.64%
epoch 19, loss: 1.21, train 36.67%
epoch 19, loss: 1.14, train 36.15%
epoch 19, loss: 1.10, train 36.43%
epoch 19, loss: 1.21, train 35.33%
epoch 19, loss: 1.06, train 36.25%
epoch 19, loss: 1.12, train 36.47%
epoch 19, loss: 1.09, train 36.39%
epoch 19, loss: 1.13, train 36.32%
epoch 19, loss: 1.07, train 36.75%
epoch 19, loss: 1.10, train 36.67%
epoch 19, loss: 1.06, train 37.73%
epoch 19, loss: 1.14, train 37.39%
epoch 19, loss: 1.14, train 37.08%
epoch 19, loss: 1.31, train 37.00%
epoch 19, loss: 1.01, train 37.88%
epoch 19, loss: 1.08, train 37.96%
epoch 19, loss: 1.13, train 37.50%
epoch 19, loss: 1.10, train 37.07%
epoch 19, loss: 1.11, train 36.83%
epoch 19, loss: 1.08, train 36.94%
epoch 19, loss: 1.16, train 36.56%
epoch 19, loss: 1.04, train 36.97%
epoch 19, loss: 1.10, train 36.91%
epoch 19, loss: 1.11, train 36.71%
epoch 19, loss: 1.15, train 35.97%
epoch 19, loss: 1.07, train 36.35%
epoch 19, loss: 1.24, train 36.18%
epoch 19, loss: 1.10, train 36.03%
epoch 19, loss: 1.12, train 35.88%
epoch 19, loss: 1.21, train 35.61%
epoch 19, loss: 1.13, train 35.60%
epoch 19, loss: 1.11, train 35.23%
epoch 19, loss: 1.00, train 35.57%
epoch 19, loss: 1.12, train 35.56%
Epoch completed!
epoch 19, total signals 900, average_loss_per_batch: 1.119591, train 35.56%
Validating
Val set size: 120, validation accuracy 33.33%
epoch 20, loss: 1.06, train 60.00%
epoch 20, loss: 1.11, train 42.50%
epoch 20, loss: 1.11, train 36.67%
epoch 20, loss: 1.12, train 37.50%
epoch 20, loss: 1.06, train 38.00%
epoch 20, loss: 1.09, train 38.33%
epoch 20, loss: 1.16, train 37.14%
epoch 20, loss: 1.18, train 35.62%
epoch 20, loss: 1.14, train 34.44%
epoch 20, loss: 1.08, train 35.00%
epoch 20, loss: 1.07, train 36.36%
epoch 20, loss: 1.16, train 35.42%
epoch 20, loss: 1.14, train 34.62%
epoch 20, loss: 1.08, train 36.07%
epoch 20, loss: 1.11, train 36.33%
epoch 20, loss: 1.10, train 36.56%
epoch 20, loss: 1.12, train 36.47%
epoch 20, loss: 1.16, train 35.28%
epoch 20, loss: 1.15, train 34.74%
epoch 20, loss: 1.08, train 34.75%
epoch 20, loss: 1.09, train 35.24%
epoch 20, loss: 1.12, train 35.23%
epoch 20, loss: 1.09, train 35.43%
epoch 20, loss: 1.11, train 35.00%
epoch 20, loss: 1.08, train 35.60%
epoch 20, loss: 1.20, train 35.58%
epoch 20, loss: 1.08, train 35.93%
epoch 20, loss: 1.11, train 35.71%
epoch 20, loss: 1.26, train 35.34%
epoch 20, loss: 1.24, train 34.33%
epoch 20, loss: 1.10, train 34.52%
epoch 20, loss: 1.08, train 34.69%
epoch 20, loss: 1.09, train 34.55%
epoch 20, loss: 1.14, train 34.26%
epoch 20, loss: 1.09, train 34.29%
epoch 20, loss: 1.10, train 34.44%
epoch 20, loss: 1.07, train 34.73%
epoch 20, loss: 1.09, train 35.00%
epoch 20, loss: 1.07, train 35.38%
epoch 20, loss: 1.11, train 35.25%
epoch 20, loss: 1.27, train 34.63%
epoch 20, loss: 1.12, train 34.64%
epoch 20, loss: 1.09, train 34.65%
epoch 20, loss: 1.12, train 34.43%
epoch 20, loss: 1.09, train 34.22%
Epoch completed!
epoch 20, total signals 900, average_loss_per_batch: 1.117730, train 34.22%
Validating
Val set size: 120, validation accuracy 33.33%
epoch 21, loss: 1.11, train 35.00%
epoch 21, loss: 1.11, train 32.50%
epoch 21, loss: 1.11, train 30.00%
epoch 21, loss: 1.13, train 31.25%
epoch 21, loss: 1.07, train 37.00%
epoch 21, loss: 1.12, train 36.67%
epoch 21, loss: 1.07, train 37.14%
epoch 21, loss: 1.14, train 35.00%
epoch 21, loss: 1.09, train 35.56%
epoch 21, loss: 1.11, train 35.00%
epoch 21, loss: 1.12, train 35.00%
epoch 21, loss: 1.06, train 35.42%
epoch 21, loss: 1.13, train 35.00%
epoch 21, loss: 1.13, train 34.29%
epoch 21, loss: 1.07, train 34.67%
epoch 21, loss: 1.08, train 34.69%
epoch 21, loss: 1.17, train 34.71%
epoch 21, loss: 1.14, train 32.78%
epoch 21, loss: 1.08, train 33.16%
epoch 21, loss: 1.13, train 32.50%
epoch 21, loss: 1.11, train 32.38%
epoch 21, loss: 1.09, train 33.18%
epoch 21, loss: 1.12, train 33.26%
epoch 21, loss: 1.09, train 33.54%
epoch 21, loss: 1.09, train 33.60%
epoch 21, loss: 1.11, train 33.65%
epoch 21, loss: 1.11, train 33.70%
epoch 21, loss: 1.09, train 33.75%
epoch 21, loss: 1.08, train 33.97%
epoch 21, loss: 1.10, train 34.00%
epoch 21, loss: 1.12, train 34.03%
epoch 21, loss: 1.11, train 34.06%
epoch 21, loss: 1.15, train 33.64%
epoch 21, loss: 1.11, train 33.53%
epoch 21, loss: 1.08, train 34.00%
epoch 21, loss: 1.11, train 33.61%
epoch 21, loss: 1.09, train 33.92%
epoch 21, loss: 1.10, train 34.21%
epoch 21, loss: 1.16, train 33.97%
epoch 21, loss: 1.10, train 34.00%
epoch 21, loss: 1.14, train 34.15%
epoch 21, loss: 1.32, train 33.93%
epoch 21, loss: 1.16, train 33.72%
epoch 21, loss: 1.06, train 33.86%
epoch 21, loss: 1.11, train 33.78%
Epoch completed!
epoch 21, total signals 900, average_loss_per_batch: 1.112704, train 33.78%
Validating
Val set size: 120, validation accuracy 33.33%
epoch 22, loss: 1.11, train 25.00%
epoch 22, loss: 1.14, train 27.50%
epoch 22, loss: 1.12, train 28.33%
epoch 22, loss: 1.21, train 26.25%
epoch 22, loss: 1.11, train 31.00%
epoch 22, loss: 1.16, train 28.33%
epoch 22, loss: 1.20, train 28.57%
epoch 22, loss: 1.22, train 28.12%
epoch 22, loss: 1.09, train 30.00%
epoch 22, loss: 1.14, train 29.50%
epoch 22, loss: 1.07, train 30.91%
epoch 22, loss: 1.40, train 31.25%
epoch 22, loss: 1.10, train 32.69%
epoch 22, loss: 1.09, train 32.86%
epoch 22, loss: 1.10, train 32.00%
epoch 22, loss: 1.13, train 30.94%
epoch 22, loss: 1.16, train 30.59%
epoch 22, loss: 1.11, train 29.72%
epoch 22, loss: 0.96, train 31.32%
epoch 22, loss: 1.11, train 31.25%
epoch 22, loss: 1.09, train 30.95%
epoch 22, loss: 1.15, train 31.14%
epoch 22, loss: 1.11, train 31.30%
epoch 22, loss: 1.09, train 32.08%
epoch 22, loss: 1.48, train 32.00%
epoch 22, loss: 1.18, train 31.54%
epoch 22, loss: 1.61, train 32.22%
epoch 22, loss: 1.10, train 31.96%
epoch 22, loss: 1.11, train 32.24%
epoch 22, loss: 1.10, train 32.17%
epoch 22, loss: 1.11, train 31.94%
epoch 22, loss: 1.10, train 32.19%
epoch 22, loss: 1.20, train 32.42%
epoch 22, loss: 1.10, train 32.50%
epoch 22, loss: 1.14, train 32.43%
epoch 22, loss: 1.08, train 33.06%
epoch 22, loss: 1.10, train 33.11%
epoch 22, loss: 1.10, train 33.29%
epoch 22, loss: 1.37, train 33.33%
epoch 22, loss: 1.01, train 33.88%
epoch 22, loss: 1.23, train 33.66%
epoch 22, loss: 2.04, train 33.57%
epoch 22, loss: 1.19, train 33.26%
epoch 22, loss: 1.56, train 33.07%
epoch 22, loss: 1.03, train 33.11%
Epoch completed!
epoch 22, total signals 900, average_loss_per_batch: 1.179880, train 33.11%
Validating
Val set size: 120, validation accuracy 33.33%
epoch 23, loss: 1.17, train 20.00%
epoch 23, loss: 1.14, train 22.50%
epoch 23, loss: 1.14, train 26.67%
epoch 23, loss: 1.14, train 25.00%
epoch 23, loss: 1.12, train 27.00%
epoch 23, loss: 1.13, train 26.67%
epoch 23, loss: 1.11, train 28.57%
epoch 23, loss: 1.09, train 29.38%
epoch 23, loss: 1.12, train 29.44%
epoch 23, loss: 1.10, train 29.50%
epoch 23, loss: 1.17, train 28.64%
epoch 23, loss: 1.08, train 30.00%
epoch 23, loss: 1.08, train 31.54%
epoch 23, loss: 1.13, train 31.43%
epoch 23, loss: 1.18, train 30.67%
epoch 23, loss: 1.06, train 31.87%
epoch 23, loss: 1.07, train 32.65%
epoch 23, loss: 1.13, train 32.22%
epoch 23, loss: 1.15, train 32.11%
epoch 23, loss: 1.08, train 32.25%
epoch 23, loss: 1.10, train 32.38%
epoch 23, loss: 1.12, train 32.27%
epoch 23, loss: 1.10, train 32.61%
epoch 23, loss: 1.11, train 32.08%
epoch 23, loss: 1.10, train 32.20%
epoch 23, loss: 1.13, train 31.73%
epoch 23, loss: 1.13, train 31.48%
epoch 23, loss: 1.15, train 31.25%
epoch 23, loss: 1.09, train 31.55%
epoch 23, loss: 1.10, train 32.17%
epoch 23, loss: 1.11, train 31.94%
epoch 23, loss: 1.06, train 32.34%
epoch 23, loss: 1.08, train 32.88%
epoch 23, loss: 1.11, train 32.65%
epoch 23, loss: 1.09, train 33.00%
epoch 23, loss: 1.07, train 33.47%
epoch 23, loss: 1.11, train 32.97%
epoch 23, loss: 1.08, train 33.68%
epoch 23, loss: 1.11, train 33.85%
epoch 23, loss: 1.01, train 34.50%
epoch 23, loss: 1.12, train 34.27%
epoch 23, loss: 1.11, train 34.17%
epoch 23, loss: 1.10, train 34.30%
epoch 23, loss: 1.09, train 34.32%
epoch 23, loss: 1.13, train 34.00%
Epoch completed!
epoch 23, total signals 900, average_loss_per_batch: 1.109059, train 34.00%
Validating
Val set size: 120, validation accuracy 33.33%
epoch 24, loss: 1.10, train 35.00%
epoch 24, loss: 1.09, train 35.00%
epoch 24, loss: 1.41, train 31.67%
epoch 24, loss: 1.15, train 32.50%
epoch 24, loss: 1.11, train 30.00%
epoch 24, loss: 1.06, train 33.33%
epoch 24, loss: 1.14, train 30.71%
epoch 24, loss: 1.08, train 31.25%
epoch 24, loss: 1.17, train 31.11%
epoch 24, loss: 1.10, train 31.50%
epoch 24, loss: 1.07, train 34.09%
epoch 24, loss: 1.14, train 33.75%
epoch 24, loss: 1.13, train 33.85%
epoch 24, loss: 1.09, train 33.57%
epoch 24, loss: 1.13, train 33.33%
epoch 24, loss: 1.14, train 32.50%
epoch 24, loss: 1.10, train 33.24%
epoch 24, loss: 1.12, train 33.06%
epoch 24, loss: 1.12, train 32.63%
epoch 24, loss: 1.09, train 32.50%
epoch 24, loss: 1.11, train 32.62%
epoch 24, loss: 1.08, train 32.95%
epoch 24, loss: 1.12, train 32.83%
epoch 24, loss: 1.05, train 33.54%
epoch 24, loss: 1.10, train 33.40%
epoch 24, loss: 1.22, train 32.88%
epoch 24, loss: 1.08, train 33.15%
epoch 24, loss: 1.10, train 33.21%
epoch 24, loss: 1.08, train 33.28%
epoch 24, loss: 1.10, train 33.50%
epoch 24, loss: 1.14, train 33.55%
epoch 24, loss: 1.40, train 33.28%
epoch 24, loss: 1.11, train 33.64%
epoch 24, loss: 1.00, train 33.82%
epoch 24, loss: 1.12, train 33.43%
epoch 24, loss: 1.14, train 33.33%
epoch 24, loss: 1.21, train 33.11%
epoch 24, loss: 1.12, train 32.89%
epoch 24, loss: 1.11, train 32.95%
epoch 24, loss: 1.09, train 33.12%
epoch 24, loss: 1.13, train 33.17%
epoch 24, loss: 1.09, train 33.21%
epoch 24, loss: 1.11, train 33.14%
epoch 24, loss: 1.17, train 32.95%
epoch 24, loss: 1.10, train 33.00%
Epoch completed!
epoch 24, total signals 900, average_loss_per_batch: 1.124861, train 33.00%
Validating
Val set size: 120, validation accuracy 33.33%
epoch 25, loss: 1.11, train 40.00%
epoch 25, loss: 1.08, train 40.00%
epoch 25, loss: 1.08, train 40.00%
epoch 25, loss: 1.10, train 38.75%
epoch 25, loss: 1.13, train 35.00%
epoch 25, loss: 1.10, train 35.00%
epoch 25, loss: 1.07, train 34.29%
epoch 25, loss: 1.10, train 33.75%
epoch 25, loss: 1.37, train 32.78%
epoch 25, loss: 1.13, train 33.00%
epoch 25, loss: 1.11, train 32.27%
epoch 25, loss: 1.26, train 30.83%
epoch 25, loss: 1.05, train 32.31%
epoch 25, loss: 1.11, train 32.86%
epoch 25, loss: 1.12, train 31.67%
epoch 25, loss: 1.17, train 31.25%
epoch 25, loss: 1.13, train 31.18%
epoch 25, loss: 1.22, train 30.56%
epoch 25, loss: 1.10, train 30.79%
epoch 25, loss: 1.11, train 30.75%
epoch 25, loss: 1.08, train 31.19%
epoch 25, loss: 1.08, train 32.05%
epoch 25, loss: 1.11, train 32.83%
epoch 25, loss: 1.09, train 33.12%
epoch 25, loss: 1.12, train 32.20%
epoch 25, loss: 1.09, train 32.69%
epoch 25, loss: 1.21, train 32.41%
epoch 25, loss: 1.14, train 32.86%
epoch 25, loss: 1.08, train 33.28%
epoch 25, loss: 1.12, train 33.00%
epoch 25, loss: 1.15, train 32.58%
epoch 25, loss: 1.13, train 32.50%
epoch 25, loss: 1.11, train 32.42%
epoch 25, loss: 1.08, train 32.65%
epoch 25, loss: 1.08, train 33.00%
epoch 25, loss: 1.12, train 32.50%
epoch 25, loss: 1.23, train 32.70%
epoch 25, loss: 1.18, train 32.11%
epoch 25, loss: 1.09, train 32.44%
epoch 25, loss: 1.06, train 32.75%
epoch 25, loss: 1.05, train 33.05%
epoch 25, loss: 1.15, train 32.50%
epoch 25, loss: 1.10, train 32.33%
epoch 25, loss: 1.12, train 32.16%
epoch 25, loss: 1.13, train 32.11%
Epoch completed!
epoch 25, total signals 900, average_loss_per_batch: 1.123879, train 32.11%
Validating
Val set size: 120, validation accuracy 33.33%
epoch 26, loss: 1.10, train 40.00%
epoch 26, loss: 1.06, train 42.50%
epoch 26, loss: 1.07, train 48.33%
epoch 26, loss: 1.12, train 45.00%
epoch 26, loss: 1.06, train 49.00%
epoch 26, loss: 1.05, train 48.33%
epoch 26, loss: 1.10, train 46.43%
epoch 26, loss: 1.08, train 45.00%
epoch 26, loss: 1.12, train 41.67%
epoch 26, loss: 1.10, train 41.00%
epoch 26, loss: 1.08, train 40.91%
epoch 26, loss: 1.10, train 40.42%
epoch 26, loss: 1.16, train 39.23%
epoch 26, loss: 1.11, train 38.57%
epoch 26, loss: 1.06, train 39.00%
epoch 26, loss: 1.11, train 38.75%
epoch 26, loss: 1.14, train 38.24%
epoch 26, loss: 1.10, train 37.22%
epoch 26, loss: 1.14, train 36.32%
epoch 26, loss: 1.07, train 37.00%
epoch 26, loss: 1.11, train 36.19%
epoch 26, loss: 1.10, train 35.91%
epoch 26, loss: 1.03, train 36.74%
epoch 26, loss: 1.21, train 36.25%
epoch 26, loss: 1.04, train 37.00%
epoch 26, loss: 1.10, train 36.92%
epoch 26, loss: 1.15, train 36.30%
epoch 26, loss: 1.48, train 36.43%
epoch 26, loss: 1.10, train 36.03%
epoch 26, loss: 1.12, train 35.83%
epoch 26, loss: 1.10, train 35.32%
epoch 26, loss: 1.09, train 35.78%
epoch 26, loss: 1.12, train 35.61%
epoch 26, loss: 1.11, train 35.44%
epoch 26, loss: 1.06, train 35.71%
epoch 26, loss: 1.10, train 35.42%
epoch 26, loss: 1.09, train 35.81%
epoch 26, loss: 1.09, train 36.05%
epoch 26, loss: 1.17, train 35.51%
epoch 26, loss: 1.21, train 34.88%
epoch 26, loss: 1.07, train 35.12%
epoch 26, loss: 1.09, train 35.24%
epoch 26, loss: 1.12, train 35.23%
epoch 26, loss: 1.15, train 34.77%
epoch 26, loss: 1.06, train 35.22%
Epoch completed!
epoch 26, total signals 900, average_loss_per_batch: 1.111447, train 35.22%
Validating
Val set size: 120, validation accuracy 33.33%
epoch 27, loss: 1.10, train 25.00%
epoch 27, loss: 1.14, train 32.50%
epoch 27, loss: 1.08, train 35.00%
epoch 27, loss: 1.12, train 35.00%
epoch 27, loss: 1.10, train 34.00%
epoch 27, loss: 1.11, train 32.50%
epoch 27, loss: 1.08, train 34.29%
epoch 27, loss: 1.12, train 34.38%
epoch 27, loss: 1.09, train 35.56%
epoch 27, loss: 1.14, train 35.50%
epoch 27, loss: 1.10, train 35.00%
epoch 27, loss: 1.20, train 34.17%
epoch 27, loss: 1.09, train 34.62%
epoch 27, loss: 1.10, train 34.64%
epoch 27, loss: 1.12, train 34.00%
epoch 27, loss: 1.08, train 34.06%
epoch 27, loss: 1.04, train 35.29%
epoch 27, loss: 1.42, train 35.00%
epoch 27, loss: 1.10, train 35.26%
epoch 27, loss: 1.08, train 35.75%
epoch 27, loss: 1.14, train 35.71%
epoch 27, loss: 1.13, train 35.45%
epoch 27, loss: 1.10, train 35.65%
epoch 27, loss: 1.10, train 35.62%
epoch 27, loss: 1.20, train 35.20%
epoch 27, loss: 1.14, train 34.81%
epoch 27, loss: 1.09, train 35.00%
epoch 27, loss: 1.13, train 34.64%
epoch 27, loss: 1.47, train 34.66%
epoch 27, loss: 1.12, train 34.67%
epoch 27, loss: 1.08, train 35.16%
epoch 27, loss: 1.12, train 35.16%
epoch 27, loss: 1.08, train 35.15%
epoch 27, loss: 1.18, train 34.56%
epoch 27, loss: 1.11, train 34.71%
epoch 27, loss: 1.10, train 34.72%
epoch 27, loss: 1.11, train 34.86%
epoch 27, loss: 1.07, train 34.87%
epoch 27, loss: 1.13, train 34.62%
epoch 27, loss: 1.14, train 34.25%
epoch 27, loss: 1.11, train 34.27%
epoch 27, loss: 1.41, train 34.05%
epoch 27, loss: 1.11, train 33.95%
epoch 27, loss: 1.03, train 34.43%
epoch 27, loss: 1.11, train 34.44%
Epoch completed!
epoch 27, total signals 900, average_loss_per_batch: 1.131695, train 34.44%
Validating
Val set size: 120, validation accuracy 33.33%
epoch 28, loss: 1.13, train 30.00%
epoch 28, loss: 1.07, train 42.50%
epoch 28, loss: 1.11, train 43.33%
epoch 28, loss: 1.10, train 41.25%
epoch 28, loss: 1.15, train 38.00%
epoch 28, loss: 1.14, train 35.83%
epoch 28, loss: 1.11, train 33.57%
epoch 28, loss: 1.11, train 31.87%
epoch 28, loss: 1.08, train 32.78%
epoch 28, loss: 1.10, train 31.50%
epoch 28, loss: 1.14, train 31.36%
epoch 28, loss: 1.06, train 32.92%
epoch 28, loss: 1.14, train 33.46%
epoch 28, loss: 1.09, train 33.93%
epoch 28, loss: 1.11, train 33.67%
epoch 28, loss: 1.10, train 34.06%
epoch 28, loss: 1.10, train 34.41%
epoch 28, loss: 1.33, train 33.89%
epoch 28, loss: 1.14, train 33.68%
epoch 28, loss: 1.13, train 33.75%
epoch 28, loss: 1.13, train 33.57%
epoch 28, loss: 1.16, train 32.50%
epoch 28, loss: 1.10, train 32.61%
epoch 28, loss: 1.12, train 32.08%
epoch 28, loss: 1.08, train 32.20%
epoch 28, loss: 1.11, train 32.31%
epoch 28, loss: 1.09, train 32.59%
epoch 28, loss: 1.12, train 32.50%
epoch 28, loss: 1.09, train 32.59%
epoch 28, loss: 1.11, train 32.50%
epoch 28, loss: 1.11, train 32.26%
epoch 28, loss: 1.07, train 32.50%
epoch 28, loss: 1.11, train 32.58%
epoch 28, loss: 1.10, train 32.65%
epoch 28, loss: 1.12, train 32.29%
epoch 28, loss: 1.10, train 32.36%
epoch 28, loss: 1.03, train 32.84%
epoch 28, loss: 1.10, train 32.76%
epoch 28, loss: 1.10, train 32.56%
epoch 28, loss: 1.11, train 32.25%
epoch 28, loss: 1.16, train 32.20%
epoch 28, loss: 1.11, train 32.14%
epoch 28, loss: 1.21, train 31.63%
epoch 28, loss: 1.11, train 31.70%
epoch 28, loss: 1.06, train 32.00%
Epoch completed!
epoch 28, total signals 900, average_loss_per_batch: 1.114942, train 32.00%
Validating
Val set size: 120, validation accuracy 33.33%
epoch 29, loss: 1.08, train 45.00%
epoch 29, loss: 1.09, train 40.00%
epoch 29, loss: 1.13, train 35.00%
epoch 29, loss: 1.20, train 30.00%
epoch 29, loss: 1.12, train 29.00%
epoch 29, loss: 1.07, train 31.67%
epoch 29, loss: 1.11, train 32.86%
epoch 29, loss: 1.11, train 33.12%
epoch 29, loss: 1.16, train 32.22%
epoch 29, loss: 1.10, train 32.50%
epoch 29, loss: 1.13, train 31.36%
epoch 29, loss: 1.09, train 32.08%
epoch 29, loss: 1.09, train 32.31%
epoch 29, loss: 1.09, train 32.86%
epoch 29, loss: 1.11, train 32.33%
epoch 29, loss: 1.12, train 32.19%
epoch 29, loss: 1.12, train 31.76%
epoch 29, loss: 1.06, train 32.50%
epoch 29, loss: 1.12, train 32.89%
epoch 29, loss: 1.13, train 32.25%
epoch 29, loss: 1.12, train 31.90%
epoch 29, loss: 1.22, train 30.91%
epoch 29, loss: 1.08, train 31.96%
epoch 29, loss: 1.11, train 31.46%
epoch 29, loss: 1.13, train 31.60%
epoch 29, loss: 1.10, train 31.73%
epoch 29, loss: 1.10, train 32.22%
epoch 29, loss: 1.11, train 32.32%
epoch 29, loss: 1.14, train 32.41%
epoch 29, loss: 1.08, train 32.33%
epoch 29, loss: 1.17, train 32.10%
epoch 29, loss: 1.09, train 32.03%
epoch 29, loss: 1.17, train 31.36%
epoch 29, loss: 1.10, train 31.18%
epoch 29, loss: 1.08, train 31.57%
epoch 29, loss: 1.45, train 31.25%
epoch 29, loss: 1.10, train 31.35%
epoch 29, loss: 1.09, train 31.84%
epoch 29, loss: 1.35, train 31.67%
epoch 29, loss: 1.11, train 31.75%
epoch 29, loss: 1.16, train 31.46%
epoch 29, loss: 1.12, train 31.55%
epoch 29, loss: 1.22, train 31.51%
epoch 29, loss: 1.09, train 31.36%
epoch 29, loss: 1.10, train 31.44%
Epoch completed!
epoch 29, total signals 900, average_loss_per_batch: 1.128825, train 31.44%
Validating
Val set size: 120, validation accuracy 33.33%
epoch 30, loss: 1.10, train 20.00%
epoch 30, loss: 1.12, train 22.50%
epoch 30, loss: 1.14, train 23.33%
epoch 30, loss: 1.10, train 27.50%
epoch 30, loss: 1.11, train 28.00%
epoch 30, loss: 1.12, train 27.50%
epoch 30, loss: 1.06, train 29.29%
epoch 30, loss: 1.16, train 28.75%
epoch 30, loss: 1.21, train 27.22%
epoch 30, loss: 1.36, train 28.00%
epoch 30, loss: 1.19, train 28.18%
epoch 30, loss: 1.09, train 29.17%
epoch 30, loss: 1.10, train 28.85%
epoch 30, loss: 1.14, train 28.21%
epoch 30, loss: 1.11, train 28.67%
epoch 30, loss: 1.14, train 27.50%
epoch 30, loss: 1.15, train 26.76%
epoch 30, loss: 1.08, train 28.06%
epoch 30, loss: 1.09, train 28.68%
epoch 30, loss: 1.09, train 29.00%
epoch 30, loss: 1.08, train 29.29%
epoch 30, loss: 1.09, train 29.77%
epoch 30, loss: 1.54, train 29.35%
epoch 30, loss: 1.11, train 29.79%
epoch 30, loss: 1.09, train 30.20%
epoch 30, loss: 1.09, train 30.58%
epoch 30, loss: 1.13, train 30.74%
epoch 30, loss: 1.09, train 31.25%
epoch 30, loss: 1.23, train 30.69%
epoch 30, loss: 1.11, train 30.50%
epoch 30, loss: 1.07, train 30.97%
epoch 30, loss: 1.11, train 30.94%
epoch 30, loss: 1.10, train 31.06%
epoch 30, loss: 1.10, train 31.03%
epoch 30, loss: 1.12, train 30.86%
epoch 30, loss: 1.08, train 30.69%
epoch 30, loss: 1.09, train 30.68%
epoch 30, loss: 1.12, train 30.79%
epoch 30, loss: 1.12, train 30.38%
epoch 30, loss: 1.15, train 30.12%
epoch 30, loss: 1.17, train 29.88%
epoch 30, loss: 1.11, train 30.00%
epoch 30, loss: 1.13, train 29.77%
epoch 30, loss: 1.12, train 29.66%
epoch 30, loss: 1.08, train 29.89%
Epoch completed!
epoch 30, total signals 900, average_loss_per_batch: 1.130460, train 29.89%
Validating
Val set size: 120, validation accuracy 33.33%
epoch 31, loss: 1.13, train 25.00%
epoch 31, loss: 1.09, train 30.00%
epoch 31, loss: 1.11, train 26.67%
epoch 31, loss: 1.09, train 31.25%
epoch 31, loss: 1.11, train 30.00%
epoch 31, loss: 1.09, train 29.17%
epoch 31, loss: 1.10, train 31.43%
epoch 31, loss: 1.12, train 29.38%
epoch 31, loss: 1.08, train 32.22%
epoch 31, loss: 1.06, train 33.50%
epoch 31, loss: 1.09, train 33.64%
epoch 31, loss: 1.10, train 33.75%
epoch 31, loss: 1.10, train 33.08%
epoch 31, loss: 1.12, train 32.14%
epoch 31, loss: 1.11, train 32.33%
epoch 31, loss: 1.11, train 32.50%
epoch 31, loss: 1.09, train 32.65%
epoch 31, loss: 1.10, train 32.78%
epoch 31, loss: 1.09, train 33.42%
epoch 31, loss: 1.12, train 33.00%
epoch 31, loss: 1.12, train 33.10%
epoch 31, loss: 1.08, train 33.18%
epoch 31, loss: 1.10, train 33.26%
epoch 31, loss: 1.11, train 33.12%
epoch 31, loss: 1.09, train 33.60%
epoch 31, loss: 0.98, train 34.62%
epoch 31, loss: 1.10, train 35.00%
epoch 31, loss: 1.11, train 34.82%
epoch 31, loss: 1.10, train 34.48%
epoch 31, loss: 1.12, train 34.33%
epoch 31, loss: 1.10, train 34.19%
epoch 31, loss: 1.10, train 34.22%
epoch 31, loss: 1.11, train 33.94%
epoch 31, loss: 1.12, train 33.97%
epoch 31, loss: 1.09, train 34.29%
epoch 31, loss: 1.11, train 33.89%
epoch 31, loss: 1.10, train 33.65%
epoch 31, loss: 1.09, train 33.95%
epoch 31, loss: 1.16, train 33.72%
epoch 31, loss: 1.09, train 34.00%
epoch 31, loss: 1.08, train 34.15%
epoch 31, loss: 1.10, train 33.81%
epoch 31, loss: 1.11, train 33.60%
epoch 31, loss: 1.10, train 33.64%
epoch 31, loss: 1.13, train 33.44%
Epoch completed!
epoch 31, total signals 900, average_loss_per_batch: 1.099959, train 33.44%
Validating
Val set size: 120, validation accuracy 33.33%
epoch 32, loss: 1.10, train 40.00%
epoch 32, loss: 1.11, train 35.00%
epoch 32, loss: 1.07, train 43.33%
epoch 32, loss: 1.10, train 41.25%
epoch 32, loss: 1.09, train 39.00%
epoch 32, loss: 1.08, train 39.17%
epoch 32, loss: 1.10, train 38.57%
epoch 32, loss: 1.10, train 38.75%
epoch 32, loss: 1.10, train 38.89%
epoch 32, loss: 1.12, train 39.00%
epoch 32, loss: 1.04, train 40.45%
epoch 32, loss: 1.10, train 40.42%
epoch 32, loss: 1.12, train 38.85%
epoch 32, loss: 1.08, train 39.29%
epoch 32, loss: 1.21, train 38.33%
epoch 32, loss: 1.12, train 37.50%
epoch 32, loss: 1.08, train 37.65%
epoch 32, loss: 1.11, train 37.22%
epoch 32, loss: 1.22, train 36.58%
epoch 32, loss: 1.29, train 36.25%
epoch 32, loss: 1.11, train 35.95%
epoch 32, loss: 1.10, train 35.91%
epoch 32, loss: 1.09, train 36.09%
epoch 32, loss: 1.07, train 36.88%
epoch 32, loss: 1.10, train 36.60%
epoch 32, loss: 1.15, train 36.35%
epoch 32, loss: 1.12, train 35.93%
epoch 32, loss: 1.13, train 35.54%
epoch 32, loss: 1.14, train 35.86%
epoch 32, loss: 1.10, train 36.00%
epoch 32, loss: 1.09, train 35.97%
epoch 32, loss: 1.12, train 35.94%
epoch 32, loss: 1.10, train 35.61%
epoch 32, loss: 1.09, train 35.44%
epoch 32, loss: 1.10, train 35.43%
epoch 32, loss: 1.11, train 35.42%
epoch 32, loss: 1.11, train 35.41%
epoch 32, loss: 1.10, train 35.53%
epoch 32, loss: 1.10, train 35.64%
epoch 32, loss: 1.14, train 35.38%
epoch 32, loss: 1.09, train 35.49%
epoch 32, loss: 1.10, train 35.24%
epoch 32, loss: 1.10, train 35.12%
epoch 32, loss: 1.07, train 35.23%
epoch 32, loss: 1.12, train 35.11%
Epoch completed!
epoch 32, total signals 900, average_loss_per_batch: 1.110657, train 35.11%
Validating
Val set size: 120, validation accuracy 33.33%
epoch 33, loss: 1.11, train 30.00%
epoch 33, loss: 1.11, train 32.50%
epoch 33, loss: 1.10, train 28.33%
epoch 33, loss: 1.13, train 28.75%
epoch 33, loss: 1.10, train 29.00%
epoch 33, loss: 1.08, train 31.67%
epoch 33, loss: 1.11, train 30.71%
epoch 33, loss: 1.09, train 31.25%
epoch 33, loss: 1.06, train 33.33%
epoch 33, loss: 1.11, train 32.50%
epoch 33, loss: 1.10, train 32.27%
epoch 33, loss: 1.11, train 32.50%
epoch 33, loss: 1.09, train 33.08%
epoch 33, loss: 1.11, train 32.86%
epoch 33, loss: 1.13, train 32.33%
epoch 33, loss: 1.10, train 33.12%
epoch 33, loss: 1.09, train 33.82%
epoch 33, loss: 1.09, train 34.17%
epoch 33, loss: 1.10, train 34.47%
epoch 33, loss: 1.12, train 33.50%
epoch 33, loss: 1.12, train 32.14%
epoch 33, loss: 1.08, train 32.73%
epoch 33, loss: 1.12, train 32.39%
epoch 33, loss: 1.11, train 32.08%
epoch 33, loss: 1.10, train 32.40%
epoch 33, loss: 1.10, train 32.50%
epoch 33, loss: 1.13, train 32.04%
epoch 33, loss: 1.09, train 32.50%
epoch 33, loss: 1.09, train 32.59%
epoch 33, loss: 1.10, train 32.67%
epoch 33, loss: 1.11, train 32.74%
epoch 33, loss: 1.10, train 32.81%
epoch 33, loss: 1.15, train 32.73%
epoch 33, loss: 1.09, train 32.79%
epoch 33, loss: 1.11, train 32.57%
epoch 33, loss: 1.09, train 32.78%
epoch 33, loss: 1.09, train 33.51%
epoch 33, loss: 1.10, train 33.29%
epoch 33, loss: 1.09, train 33.59%
epoch 33, loss: 1.09, train 33.75%
epoch 33, loss: 1.12, train 33.41%
epoch 33, loss: 1.08, train 33.57%
epoch 33, loss: 1.09, train 33.84%
epoch 33, loss: 1.10, train 33.64%
epoch 33, loss: 1.10, train 33.89%
Epoch completed!
epoch 33, total signals 900, average_loss_per_batch: 1.102492, train 33.89%
Validating
Val set size: 120, validation accuracy 32.50%
epoch 34, loss: 1.05, train 45.00%
epoch 34, loss: 1.10, train 35.00%
epoch 34, loss: 1.10, train 36.67%
epoch 34, loss: 1.11, train 35.00%
epoch 34, loss: 1.10, train 36.00%
epoch 34, loss: 1.10, train 36.67%
epoch 34, loss: 1.09, train 36.43%
epoch 34, loss: 1.11, train 36.25%
epoch 34, loss: 0.94, train 37.22%
epoch 34, loss: 1.16, train 37.00%
epoch 34, loss: 1.09, train 37.27%
epoch 34, loss: 1.10, train 35.83%
epoch 34, loss: 1.11, train 35.00%
epoch 34, loss: 1.11, train 35.00%
epoch 34, loss: 1.23, train 34.33%
epoch 34, loss: 1.10, train 34.38%
epoch 34, loss: 1.07, train 35.88%
epoch 34, loss: 1.10, train 35.56%
epoch 34, loss: 1.09, train 35.79%
epoch 34, loss: 1.09, train 36.00%
epoch 34, loss: 1.23, train 34.76%
epoch 34, loss: 1.08, train 35.00%
epoch 34, loss: 1.08, train 35.65%
epoch 34, loss: 1.09, train 35.83%
epoch 34, loss: 1.11, train 35.80%
epoch 34, loss: 1.09, train 36.54%
epoch 34, loss: 1.10, train 36.30%
epoch 34, loss: 1.12, train 35.71%
epoch 34, loss: 1.10, train 35.00%
epoch 34, loss: 1.09, train 34.83%
epoch 34, loss: 1.08, train 35.32%
epoch 34, loss: 1.10, train 35.47%
epoch 34, loss: 1.07, train 35.91%
epoch 34, loss: 1.08, train 35.74%
epoch 34, loss: 1.09, train 35.71%
epoch 34, loss: 1.08, train 35.97%
epoch 34, loss: 1.09, train 36.22%
epoch 34, loss: 1.10, train 36.05%
epoch 34, loss: 1.16, train 35.38%
epoch 34, loss: 1.10, train 35.62%
epoch 34, loss: 1.09, train 35.73%
epoch 34, loss: 1.09, train 35.95%
epoch 34, loss: 1.12, train 35.70%
epoch 34, loss: 1.04, train 35.80%
epoch 34, loss: 1.10, train 35.78%
Epoch completed!
epoch 34, total signals 900, average_loss_per_batch: 1.098751, train 35.78%
Validating
Val set size: 120, validation accuracy 33.33%
epoch 35, loss: 1.09, train 25.00%
epoch 35, loss: 1.09, train 35.00%
epoch 35, loss: 1.10, train 33.33%
epoch 35, loss: 1.08, train 36.25%
epoch 35, loss: 1.09, train 38.00%
epoch 35, loss: 1.09, train 38.33%
epoch 35, loss: 1.11, train 36.43%
epoch 35, loss: 1.11, train 34.38%
epoch 35, loss: 1.15, train 32.78%
epoch 35, loss: 1.09, train 33.00%
epoch 35, loss: 1.06, train 34.55%
epoch 35, loss: 1.10, train 34.17%
epoch 35, loss: 1.11, train 33.46%
epoch 35, loss: 1.08, train 34.29%
epoch 35, loss: 1.11, train 34.00%
epoch 35, loss: 1.08, train 34.38%
epoch 35, loss: 1.10, train 33.24%
epoch 35, loss: 1.06, train 33.61%
epoch 35, loss: 1.12, train 32.63%
epoch 35, loss: 1.12, train 31.75%
epoch 35, loss: 1.06, train 32.14%
epoch 35, loss: 1.08, train 32.95%
epoch 35, loss: 1.11, train 33.04%
epoch 35, loss: 1.09, train 33.96%
epoch 35, loss: 1.09, train 34.40%
epoch 35, loss: 1.12, train 34.04%
epoch 35, loss: 1.14, train 33.52%
epoch 35, loss: 1.11, train 33.21%
epoch 35, loss: 1.09, train 32.93%
epoch 35, loss: 1.40, train 32.50%
epoch 35, loss: 1.11, train 32.42%
epoch 35, loss: 1.54, train 32.34%
epoch 35, loss: 1.10, train 32.58%
epoch 35, loss: 1.10, train 32.79%
epoch 35, loss: 1.12, train 32.57%
epoch 35, loss: 1.12, train 32.22%
epoch 35, loss: 1.15, train 31.76%
epoch 35, loss: 1.11, train 31.97%
epoch 35, loss: 1.09, train 32.18%
epoch 35, loss: 1.10, train 32.00%
epoch 35, loss: 1.09, train 31.95%
epoch 35, loss: 1.12, train 31.31%
epoch 35, loss: 1.12, train 30.93%
epoch 35, loss: 1.11, train 30.80%
epoch 35, loss: 1.08, train 30.89%
Epoch completed!
epoch 35, total signals 900, average_loss_per_batch: 1.117908, train 30.89%
Validating
Val set size: 120, validation accuracy 33.33%
epoch 36, loss: 1.12, train 25.00%
epoch 36, loss: 1.11, train 32.50%
epoch 36, loss: 1.08, train 33.33%
epoch 36, loss: 1.10, train 35.00%
epoch 36, loss: 1.09, train 36.00%
epoch 36, loss: 1.11, train 33.33%
epoch 36, loss: 1.04, train 35.71%
epoch 36, loss: 1.10, train 34.38%
epoch 36, loss: 1.40, train 32.78%
epoch 36, loss: 1.09, train 33.00%
epoch 36, loss: 1.13, train 33.18%
epoch 36, loss: 1.23, train 33.75%
epoch 36, loss: 1.12, train 33.46%
epoch 36, loss: 1.10, train 33.57%
epoch 36, loss: 1.12, train 33.33%
epoch 36, loss: 1.09, train 33.44%
epoch 36, loss: 1.10, train 33.24%
epoch 36, loss: 1.10, train 33.06%
epoch 36, loss: 1.14, train 32.63%
epoch 36, loss: 1.07, train 33.25%
epoch 36, loss: 1.09, train 33.57%
epoch 36, loss: 1.11, train 33.18%
epoch 36, loss: 1.10, train 33.04%
epoch 36, loss: 1.12, train 32.71%
epoch 36, loss: 1.09, train 32.60%
epoch 36, loss: 1.10, train 32.50%
epoch 36, loss: 1.13, train 31.85%
epoch 36, loss: 1.10, train 31.96%
epoch 36, loss: 1.08, train 32.24%
epoch 36, loss: 1.13, train 31.83%
epoch 36, loss: 1.12, train 31.77%
epoch 36, loss: 1.41, train 31.09%
epoch 36, loss: 1.12, train 31.06%
epoch 36, loss: 1.09, train 31.18%
epoch 36, loss: 1.24, train 31.00%
epoch 36, loss: 1.10, train 31.25%
epoch 36, loss: 1.04, train 31.76%
epoch 36, loss: 1.11, train 31.58%
epoch 36, loss: 1.03, train 31.67%
epoch 36, loss: 1.10, train 31.62%
epoch 36, loss: 1.10, train 31.34%
epoch 36, loss: 1.09, train 31.43%
epoch 36, loss: 1.13, train 31.16%
epoch 36, loss: 1.12, train 30.68%
epoch 36, loss: 1.07, train 31.11%
Epoch completed!
epoch 36, total signals 900, average_loss_per_batch: 1.119407, train 31.11%
Validating
Val set size: 120, validation accuracy 32.50%
epoch 37, loss: 1.11, train 20.00%
epoch 37, loss: 1.13, train 17.50%
epoch 37, loss: 1.14, train 21.67%
epoch 37, loss: 1.10, train 26.25%
epoch 37, loss: 1.16, train 30.00%
epoch 37, loss: 1.12, train 30.83%
epoch 37, loss: 1.09, train 31.43%
epoch 37, loss: 1.09, train 31.87%
epoch 37, loss: 1.10, train 32.22%
epoch 37, loss: 1.10, train 32.50%
epoch 37, loss: 1.10, train 32.27%
epoch 37, loss: 0.99, train 32.08%
epoch 37, loss: 1.08, train 32.69%
epoch 37, loss: 1.08, train 33.21%
epoch 37, loss: 1.22, train 33.67%
epoch 37, loss: 1.08, train 33.12%
epoch 37, loss: 1.12, train 32.35%
epoch 37, loss: 1.14, train 31.94%
epoch 37, loss: 1.09, train 32.11%
epoch 37, loss: 1.10, train 32.25%
epoch 37, loss: 1.11, train 32.14%
epoch 37, loss: 1.09, train 32.73%
epoch 37, loss: 1.19, train 32.39%
epoch 37, loss: 1.14, train 32.29%
epoch 37, loss: 1.12, train 31.40%
epoch 37, loss: 1.09, train 31.73%
epoch 37, loss: 1.12, train 30.93%
epoch 37, loss: 1.12, train 30.89%
epoch 37, loss: 1.12, train 31.03%
epoch 37, loss: 1.15, train 31.00%
epoch 37, loss: 1.09, train 31.61%
epoch 37, loss: 1.13, train 31.41%
epoch 37, loss: 1.11, train 31.36%
epoch 37, loss: 1.10, train 31.32%
epoch 37, loss: 1.13, train 31.14%
epoch 37, loss: 1.09, train 31.39%
epoch 37, loss: 1.08, train 32.16%
epoch 37, loss: 1.12, train 31.97%
epoch 37, loss: 1.14, train 31.54%
epoch 37, loss: 1.11, train 31.62%
epoch 37, loss: 1.09, train 31.59%
epoch 37, loss: 1.10, train 31.90%
epoch 37, loss: 1.09, train 32.21%
epoch 37, loss: 1.09, train 32.27%
epoch 37, loss: 1.10, train 32.44%
Epoch completed!
epoch 37, total signals 900, average_loss_per_batch: 1.110560, train 32.44%
Validating
Val set size: 120, validation accuracy 33.33%
epoch 38, loss: 1.08, train 45.00%
epoch 38, loss: 1.10, train 32.50%
epoch 38, loss: 1.12, train 30.00%
epoch 38, loss: 1.11, train 31.25%
epoch 38, loss: 1.19, train 30.00%
epoch 38, loss: 1.06, train 32.50%
epoch 38, loss: 1.07, train 35.71%
epoch 38, loss: 1.08, train 36.88%
epoch 38, loss: 1.10, train 36.67%
epoch 38, loss: 1.09, train 37.00%
epoch 38, loss: 1.13, train 36.36%
epoch 38, loss: 1.11, train 36.67%
epoch 38, loss: 1.10, train 37.31%
epoch 38, loss: 1.10, train 37.14%
epoch 38, loss: 1.11, train 36.67%
epoch 38, loss: 1.05, train 37.19%
epoch 38, loss: 1.11, train 35.88%
epoch 38, loss: 1.12, train 35.28%
epoch 38, loss: 1.12, train 34.74%
epoch 38, loss: 1.09, train 35.00%
epoch 38, loss: 1.08, train 35.24%
epoch 38, loss: 1.12, train 35.00%
epoch 38, loss: 1.10, train 35.00%
epoch 38, loss: 1.11, train 34.79%
epoch 38, loss: 1.11, train 34.60%
epoch 38, loss: 1.13, train 34.42%
epoch 38, loss: 1.10, train 34.26%
epoch 38, loss: 1.17, train 34.29%
epoch 38, loss: 1.10, train 34.14%
epoch 38, loss: 1.17, train 34.33%
epoch 38, loss: 1.28, train 34.03%
epoch 38, loss: 1.11, train 34.06%
epoch 38, loss: 1.07, train 34.39%
epoch 38, loss: 1.09, train 34.71%
epoch 38, loss: 1.11, train 34.71%
epoch 38, loss: 1.10, train 34.72%
epoch 38, loss: 1.10, train 34.73%
epoch 38, loss: 1.11, train 34.61%
epoch 38, loss: 1.09, train 34.87%
epoch 38, loss: 1.10, train 34.50%
epoch 38, loss: 1.31, train 34.27%
epoch 38, loss: 1.10, train 34.29%
epoch 38, loss: 1.12, train 34.19%
epoch 38, loss: 1.09, train 34.32%
epoch 38, loss: 1.10, train 34.56%
Epoch completed!
epoch 38, total signals 900, average_loss_per_batch: 1.113710, train 34.56%
Validating
Val set size: 120, validation accuracy 33.33%
epoch 39, loss: 1.13, train 15.00%
epoch 39, loss: 1.09, train 27.50%
epoch 39, loss: 1.11, train 28.33%
epoch 39, loss: 1.34, train 28.75%
epoch 39, loss: 1.10, train 28.00%
epoch 39, loss: 1.08, train 30.00%
epoch 39, loss: 1.11, train 30.71%
epoch 39, loss: 1.09, train 32.50%
epoch 39, loss: 1.08, train 32.78%
epoch 39, loss: 1.14, train 31.00%
epoch 39, loss: 1.07, train 31.36%
epoch 39, loss: 1.11, train 30.83%
epoch 39, loss: 1.11, train 30.77%
epoch 39, loss: 1.11, train 30.36%
epoch 39, loss: 1.08, train 30.67%
epoch 39, loss: 1.10, train 30.63%
epoch 39, loss: 2.21, train 30.00%
epoch 39, loss: 1.13, train 29.17%
epoch 39, loss: 1.12, train 28.42%
epoch 39, loss: 1.09, train 29.00%
epoch 39, loss: 1.10, train 29.29%
epoch 39, loss: 1.14, train 28.41%
epoch 39, loss: 1.14, train 27.83%
epoch 39, loss: 1.09, train 28.54%
epoch 39, loss: 1.11, train 28.40%
epoch 39, loss: 1.11, train 28.27%
epoch 39, loss: 1.09, train 28.33%
epoch 39, loss: 1.10, train 28.57%
epoch 39, loss: 1.11, train 28.62%
epoch 39, loss: 1.11, train 28.50%
epoch 39, loss: 1.17, train 28.23%
epoch 39, loss: 1.10, train 28.59%
epoch 39, loss: 1.10, train 28.48%
epoch 39, loss: 1.21, train 28.38%
epoch 39, loss: 1.09, train 28.57%
epoch 39, loss: 1.12, train 28.19%
epoch 39, loss: 1.10, train 28.38%
epoch 39, loss: 1.11, train 28.03%
epoch 39, loss: 1.11, train 27.82%
epoch 39, loss: 1.11, train 27.88%
epoch 39, loss: 1.11, train 27.44%
epoch 39, loss: 1.09, train 27.98%
epoch 39, loss: 1.09, train 28.26%
epoch 39, loss: 1.10, train 28.07%
epoch 39, loss: 1.10, train 28.00%
Epoch completed!
epoch 39, total signals 900, average_loss_per_batch: 1.137777, train 28.00%
Validating
Val set size: 120, validation accuracy 33.33%
epoch 40, loss: 1.11, train 30.00%
epoch 40, loss: 1.11, train 35.00%
epoch 40, loss: 1.10, train 35.00%
epoch 40, loss: 1.11, train 33.75%
epoch 40, loss: 1.10, train 33.00%
epoch 40, loss: 1.08, train 36.67%
epoch 40, loss: 1.06, train 37.14%
epoch 40, loss: 1.09, train 36.88%
epoch 40, loss: 1.14, train 35.00%
epoch 40, loss: 1.14, train 33.50%
epoch 40, loss: 1.13, train 32.27%
epoch 40, loss: 1.10, train 32.08%
epoch 40, loss: 1.11, train 32.31%
epoch 40, loss: 1.10, train 32.50%
epoch 40, loss: 1.08, train 34.00%
epoch 40, loss: 1.12, train 34.06%
epoch 40, loss: 1.09, train 34.71%
epoch 40, loss: 1.09, train 35.00%
epoch 40, loss: 1.11, train 34.47%
epoch 40, loss: 1.13, train 33.50%
epoch 40, loss: 1.10, train 33.57%
epoch 40, loss: 1.10, train 33.86%
epoch 40, loss: 1.10, train 33.48%
epoch 40, loss: 1.09, train 33.96%
epoch 40, loss: 1.09, train 34.40%
epoch 40, loss: 1.13, train 34.42%
epoch 40, loss: 1.11, train 34.26%
epoch 40, loss: 1.11, train 33.93%
epoch 40, loss: 1.07, train 34.31%
epoch 40, loss: 1.10, train 34.33%
epoch 40, loss: 1.13, train 33.87%
epoch 40, loss: 1.16, train 33.59%
epoch 40, loss: 1.12, train 33.33%
epoch 40, loss: 1.10, train 33.53%
epoch 40, loss: 1.08, train 34.00%
epoch 40, loss: 1.10, train 34.03%
epoch 40, loss: 1.13, train 33.78%
epoch 40, loss: 1.09, train 33.82%
epoch 40, loss: 1.10, train 33.59%
epoch 40, loss: 1.03, train 34.25%
epoch 40, loss: 1.10, train 34.39%
epoch 40, loss: 1.08, train 34.52%
epoch 40, loss: 1.14, train 34.42%
epoch 40, loss: 1.10, train 34.32%
epoch 40, loss: 1.12, train 34.11%
Epoch completed!
epoch 40, total signals 900, average_loss_per_batch: 1.104710, train 34.11%
Validating
Val set size: 120, validation accuracy 33.33%
epoch 41, loss: 1.11, train 35.00%
epoch 41, loss: 1.09, train 32.50%
epoch 41, loss: 1.11, train 30.00%
epoch 41, loss: 1.07, train 36.25%
epoch 41, loss: 1.10, train 38.00%
epoch 41, loss: 1.11, train 37.50%
epoch 41, loss: 1.09, train 38.57%
epoch 41, loss: 1.15, train 35.62%
epoch 41, loss: 1.09, train 36.11%
epoch 41, loss: 1.19, train 35.00%
epoch 41, loss: 1.15, train 33.18%
epoch 41, loss: 1.09, train 32.50%
epoch 41, loss: 1.10, train 33.08%
epoch 41, loss: 1.08, train 33.93%
epoch 41, loss: 1.09, train 34.67%
epoch 41, loss: 1.12, train 33.44%
epoch 41, loss: 1.10, train 33.24%
epoch 41, loss: 1.12, train 32.50%
epoch 41, loss: 1.10, train 32.37%
epoch 41, loss: 1.10, train 32.00%
epoch 41, loss: 1.09, train 32.62%
epoch 41, loss: 1.10, train 32.73%
epoch 41, loss: 1.09, train 32.61%
epoch 41, loss: 1.11, train 32.71%
epoch 41, loss: 1.08, train 33.40%
epoch 41, loss: 1.09, train 34.04%
epoch 41, loss: 1.11, train 33.70%
epoch 41, loss: 1.12, train 33.39%
epoch 41, loss: 1.22, train 33.45%
epoch 41, loss: 1.09, train 33.83%
epoch 41, loss: 1.09, train 33.87%
epoch 41, loss: 1.09, train 33.91%
epoch 41, loss: 1.09, train 33.79%
epoch 41, loss: 1.13, train 33.53%
epoch 41, loss: 1.09, train 34.14%
epoch 41, loss: 1.22, train 34.17%
epoch 41, loss: 1.10, train 34.05%
epoch 41, loss: 1.13, train 33.55%
epoch 41, loss: 1.11, train 33.46%
epoch 41, loss: 1.13, train 33.00%
epoch 41, loss: 1.11, train 33.17%
epoch 41, loss: 1.08, train 33.10%
epoch 41, loss: 1.11, train 33.14%
epoch 41, loss: 1.14, train 32.50%
epoch 41, loss: 1.07, train 32.56%
Epoch completed!
epoch 41, total signals 900, average_loss_per_batch: 1.110266, train 32.56%
Validating
Val set size: 120, validation accuracy 33.33%
epoch 42, loss: 1.10, train 35.00%
epoch 42, loss: 1.10, train 27.50%
epoch 42, loss: 1.11, train 28.33%
epoch 42, loss: 1.08, train 36.25%
epoch 42, loss: 1.11, train 35.00%
epoch 42, loss: 1.09, train 34.17%
epoch 42, loss: 1.11, train 33.57%
epoch 42, loss: 1.16, train 32.50%
epoch 42, loss: 1.10, train 31.67%
epoch 42, loss: 1.10, train 32.00%
epoch 42, loss: 1.11, train 31.36%
epoch 42, loss: 1.09, train 31.67%
epoch 42, loss: 1.07, train 32.69%
epoch 42, loss: 1.06, train 34.29%
epoch 42, loss: 1.11, train 33.67%
epoch 42, loss: 1.12, train 33.12%
epoch 42, loss: 1.10, train 33.24%
epoch 42, loss: 1.19, train 32.78%
epoch 42, loss: 1.19, train 31.84%
epoch 42, loss: 1.10, train 31.75%
epoch 42, loss: 1.05, train 31.67%
epoch 42, loss: 1.12, train 31.36%
epoch 42, loss: 1.14, train 30.87%
epoch 42, loss: 1.10, train 30.83%
epoch 42, loss: 1.12, train 30.80%
epoch 42, loss: 1.09, train 31.35%
epoch 42, loss: 1.11, train 31.48%
epoch 42, loss: 1.10, train 31.25%
epoch 42, loss: 1.08, train 31.72%
epoch 42, loss: 1.10, train 31.67%
epoch 42, loss: 1.12, train 31.29%
epoch 42, loss: 1.08, train 31.41%
epoch 42, loss: 1.10, train 31.36%
epoch 42, loss: 1.08, train 31.91%
epoch 42, loss: 1.11, train 31.71%
epoch 42, loss: 1.11, train 31.81%
epoch 42, loss: 1.11, train 31.62%
epoch 42, loss: 1.08, train 31.84%
epoch 42, loss: 1.11, train 31.79%
epoch 42, loss: 1.09, train 32.00%
epoch 42, loss: 1.11, train 32.20%
epoch 42, loss: 1.09, train 32.50%
epoch 42, loss: 1.09, train 32.56%
epoch 42, loss: 1.12, train 32.61%
epoch 42, loss: 1.14, train 32.33%
Epoch completed!
epoch 42, total signals 900, average_loss_per_batch: 1.105994, train 32.33%
Validating
Val set size: 120, validation accuracy 33.33%
epoch 43, loss: 1.06, train 40.00%
epoch 43, loss: 1.07, train 42.50%
epoch 43, loss: 1.12, train 36.67%
epoch 43, loss: 1.12, train 33.75%
epoch 43, loss: 1.13, train 34.00%
epoch 43, loss: 1.12, train 31.67%
epoch 43, loss: 1.11, train 32.86%
epoch 43, loss: 1.10, train 33.12%
epoch 43, loss: 1.12, train 31.67%
epoch 43, loss: 1.12, train 30.00%
epoch 43, loss: 1.10, train 30.00%
epoch 43, loss: 1.07, train 31.25%
epoch 43, loss: 1.08, train 32.31%
epoch 43, loss: 1.11, train 32.50%
epoch 43, loss: 1.12, train 32.33%
epoch 43, loss: 1.09, train 32.81%
epoch 43, loss: 1.13, train 32.35%
epoch 43, loss: 1.19, train 31.94%
epoch 43, loss: 1.09, train 32.63%
epoch 43, loss: 1.10, train 32.75%
epoch 43, loss: 1.11, train 32.62%
epoch 43, loss: 1.09, train 33.18%
epoch 43, loss: 1.09, train 33.48%
epoch 43, loss: 1.10, train 33.75%
epoch 43, loss: 1.12, train 32.80%
epoch 43, loss: 1.08, train 33.08%
epoch 43, loss: 1.12, train 33.33%
epoch 43, loss: 1.10, train 33.21%
epoch 43, loss: 1.08, train 33.10%
epoch 43, loss: 1.08, train 33.83%
epoch 43, loss: 1.09, train 34.19%
epoch 43, loss: 1.11, train 34.06%
epoch 43, loss: 1.09, train 34.39%
epoch 43, loss: 1.09, train 34.56%
epoch 43, loss: 1.06, train 35.14%
epoch 43, loss: 1.11, train 35.00%
epoch 43, loss: 1.10, train 34.86%
epoch 43, loss: 1.09, train 34.74%
epoch 43, loss: 1.10, train 34.74%
epoch 43, loss: 1.10, train 34.50%
epoch 43, loss: 1.11, train 34.27%
epoch 43, loss: 1.10, train 34.40%
epoch 43, loss: 1.08, train 34.65%
epoch 43, loss: 1.05, train 34.89%
epoch 43, loss: 1.08, train 35.00%
Epoch completed!
epoch 43, total signals 900, average_loss_per_batch: 1.100273, train 35.00%
Validating
Val set size: 120, validation accuracy 33.33%
epoch 44, loss: 1.10, train 35.00%
epoch 44, loss: 1.09, train 37.50%
epoch 44, loss: 1.17, train 33.33%
epoch 44, loss: 1.09, train 32.50%
epoch 44, loss: 1.10, train 31.00%
epoch 44, loss: 1.12, train 31.67%
epoch 44, loss: 1.09, train 32.14%
epoch 44, loss: 1.11, train 33.12%
epoch 44, loss: 1.10, train 32.78%
epoch 44, loss: 1.10, train 33.00%
epoch 44, loss: 1.10, train 34.09%
epoch 44, loss: 1.10, train 33.75%
epoch 44, loss: 1.10, train 33.85%
epoch 44, loss: 1.10, train 33.57%
epoch 44, loss: 1.09, train 34.67%
epoch 44, loss: 1.10, train 34.69%
epoch 44, loss: 1.12, train 33.82%
epoch 44, loss: 1.11, train 33.06%
epoch 44, loss: 1.11, train 32.63%
epoch 44, loss: 1.11, train 32.00%
epoch 44, loss: 1.11, train 31.90%
epoch 44, loss: 1.07, train 32.95%
epoch 44, loss: 1.07, train 34.13%
epoch 44, loss: 1.07, train 35.21%
epoch 44, loss: 1.16, train 34.20%
epoch 44, loss: 1.14, train 34.42%
epoch 44, loss: 1.08, train 34.63%
epoch 44, loss: 1.12, train 33.93%
epoch 44, loss: 1.12, train 33.79%
epoch 44, loss: 1.09, train 33.83%
epoch 44, loss: 1.12, train 33.71%
epoch 44, loss: 1.11, train 33.59%
epoch 44, loss: 1.07, train 34.24%
epoch 44, loss: 1.09, train 33.68%
epoch 44, loss: 1.11, train 33.43%
epoch 44, loss: 1.11, train 33.61%
epoch 44, loss: 1.27, train 33.51%
epoch 44, loss: 1.11, train 33.42%
epoch 44, loss: 1.12, train 33.33%
epoch 44, loss: 1.09, train 33.62%
epoch 44, loss: 1.10, train 33.54%
epoch 44, loss: 1.08, train 33.69%
epoch 44, loss: 1.09, train 33.60%
epoch 44, loss: 1.12, train 33.64%
epoch 44, loss: 1.09, train 33.89%
Epoch completed!
epoch 44, total signals 900, average_loss_per_batch: 1.107146, train 33.89%
Validating
Val set size: 120, validation accuracy 34.17%
epoch 45, loss: 1.09, train 45.00%
epoch 45, loss: 1.09, train 40.00%
epoch 45, loss: 1.12, train 31.67%
epoch 45, loss: 1.07, train 37.50%
epoch 45, loss: 1.09, train 38.00%
epoch 45, loss: 1.11, train 37.50%
epoch 45, loss: 1.12, train 35.71%
epoch 45, loss: 1.15, train 32.50%
epoch 45, loss: 1.14, train 30.00%
epoch 45, loss: 1.09, train 30.50%
epoch 45, loss: 1.17, train 30.00%
epoch 45, loss: 1.10, train 30.42%
epoch 45, loss: 1.38, train 28.85%
epoch 45, loss: 1.13, train 28.93%
epoch 45, loss: 1.14, train 28.33%
epoch 45, loss: 1.23, train 28.75%
epoch 45, loss: 1.09, train 28.53%
epoch 45, loss: 1.12, train 28.33%
epoch 45, loss: 1.09, train 29.21%
epoch 45, loss: 1.11, train 29.25%
epoch 45, loss: 1.09, train 29.76%
epoch 45, loss: 1.08, train 30.68%
epoch 45, loss: 1.15, train 30.87%
epoch 45, loss: 1.10, train 31.25%
epoch 45, loss: 1.09, train 31.60%
epoch 45, loss: 1.13, train 31.35%
epoch 45, loss: 1.14, train 31.67%
epoch 45, loss: 1.11, train 31.43%
epoch 45, loss: 1.10, train 31.38%
epoch 45, loss: 1.12, train 31.17%
epoch 45, loss: 1.11, train 30.81%
epoch 45, loss: 1.10, train 30.78%
epoch 45, loss: 1.34, train 30.15%
epoch 45, loss: 1.12, train 30.00%
epoch 45, loss: 1.11, train 30.14%
epoch 45, loss: 1.10, train 30.28%
epoch 45, loss: 1.10, train 30.54%
epoch 45, loss: 1.24, train 30.26%
epoch 45, loss: 1.10, train 30.64%
epoch 45, loss: 1.09, train 30.75%
epoch 45, loss: 1.13, train 30.61%
epoch 45, loss: 1.10, train 30.71%
epoch 45, loss: 1.14, train 30.47%
epoch 45, loss: 1.11, train 30.34%
epoch 45, loss: 1.19, train 30.33%
Epoch completed!
epoch 45, total signals 900, average_loss_per_batch: 1.128566, train 30.33%
Validating
Val set size: 120, validation accuracy 33.33%
epoch 46, loss: 1.10, train 40.00%
epoch 46, loss: 1.11, train 37.50%
epoch 46, loss: 1.12, train 35.00%
epoch 46, loss: 1.08, train 35.00%
epoch 46, loss: 1.12, train 34.00%
epoch 46, loss: 1.12, train 34.17%
epoch 46, loss: 1.12, train 32.14%
epoch 46, loss: 1.08, train 33.12%
epoch 46, loss: 1.11, train 33.33%
epoch 46, loss: 1.10, train 32.50%
epoch 46, loss: 1.12, train 32.73%
epoch 46, loss: 1.10, train 32.92%
epoch 46, loss: 1.11, train 32.31%
epoch 46, loss: 1.12, train 32.14%
epoch 46, loss: 1.10, train 32.33%
epoch 46, loss: 1.10, train 31.56%
epoch 46, loss: 1.13, train 31.76%
epoch 46, loss: 1.11, train 31.39%
epoch 46, loss: 1.09, train 32.11%
epoch 46, loss: 1.09, train 32.25%
epoch 46, loss: 1.11, train 31.67%
epoch 46, loss: 1.12, train 31.36%
epoch 46, loss: 1.09, train 31.96%
epoch 46, loss: 1.09, train 32.29%
epoch 46, loss: 1.10, train 32.00%
epoch 46, loss: 1.10, train 32.12%
epoch 46, loss: 1.06, train 32.59%
epoch 46, loss: 1.07, train 33.39%
epoch 46, loss: 1.10, train 33.62%
epoch 46, loss: 1.14, train 33.33%
epoch 46, loss: 1.11, train 33.06%
epoch 46, loss: 1.09, train 33.44%
epoch 46, loss: 1.09, train 33.64%
epoch 46, loss: 1.10, train 33.97%
epoch 46, loss: 1.11, train 34.00%
epoch 46, loss: 1.14, train 34.03%
epoch 46, loss: 1.11, train 33.92%
epoch 46, loss: 1.10, train 34.34%
epoch 46, loss: 1.09, train 34.49%
epoch 46, loss: 1.11, train 34.25%
epoch 46, loss: 1.12, train 34.15%
epoch 46, loss: 1.10, train 34.29%
epoch 46, loss: 1.11, train 33.84%
epoch 46, loss: 1.11, train 33.86%
epoch 46, loss: 1.09, train 33.89%
Epoch completed!
epoch 46, total signals 900, average_loss_per_batch: 1.104129, train 33.89%
Validating
Val set size: 120, validation accuracy 31.67%
epoch 47, loss: 1.09, train 30.00%
epoch 47, loss: 1.10, train 37.50%
epoch 47, loss: 1.10, train 35.00%
epoch 47, loss: 1.09, train 36.25%
epoch 47, loss: 1.09, train 36.00%
epoch 47, loss: 1.13, train 36.67%
epoch 47, loss: 1.11, train 36.43%
epoch 47, loss: 1.09, train 36.25%
epoch 47, loss: 1.12, train 35.56%
epoch 47, loss: 1.08, train 35.50%
epoch 47, loss: 1.08, train 36.82%
epoch 47, loss: 1.07, train 37.50%
epoch 47, loss: 1.13, train 36.15%
epoch 47, loss: 1.11, train 36.07%
epoch 47, loss: 1.10, train 36.33%
epoch 47, loss: 1.09, train 36.25%
epoch 47, loss: 1.12, train 35.59%
epoch 47, loss: 1.14, train 34.72%
epoch 47, loss: 1.08, train 35.26%
epoch 47, loss: 1.14, train 35.00%
epoch 47, loss: 1.09, train 35.48%
epoch 47, loss: 1.13, train 35.00%
epoch 47, loss: 1.15, train 35.00%
epoch 47, loss: 1.50, train 35.00%
epoch 47, loss: 1.09, train 35.00%
epoch 47, loss: 1.11, train 35.00%
epoch 47, loss: 1.08, train 35.37%
epoch 47, loss: 1.09, train 35.71%
epoch 47, loss: 1.07, train 36.90%
epoch 47, loss: 1.10, train 37.17%
epoch 47, loss: 1.11, train 37.26%
epoch 47, loss: 1.12, train 36.56%
epoch 47, loss: 1.10, train 36.52%
epoch 47, loss: 1.10, train 36.18%
epoch 47, loss: 1.17, train 36.43%
epoch 47, loss: 1.10, train 36.25%
epoch 47, loss: 1.09, train 36.35%
epoch 47, loss: 1.10, train 36.32%
epoch 47, loss: 1.14, train 35.90%
epoch 47, loss: 1.10, train 36.00%
epoch 47, loss: 1.12, train 35.61%
epoch 47, loss: 1.10, train 35.60%
epoch 47, loss: 1.10, train 35.23%
epoch 47, loss: 1.20, train 34.89%
epoch 47, loss: 1.09, train 34.78%
Epoch completed!
epoch 47, total signals 900, average_loss_per_batch: 1.116102, train 34.78%
Validating
Val set size: 120, validation accuracy 33.33%
epoch 48, loss: 1.09, train 45.00%
epoch 48, loss: 1.09, train 45.00%
epoch 48, loss: 1.11, train 41.67%
epoch 48, loss: 1.10, train 40.00%
epoch 48, loss: 1.10, train 39.00%
epoch 48, loss: 1.11, train 36.67%
epoch 48, loss: 1.07, train 36.43%
epoch 48, loss: 1.11, train 36.25%
epoch 48, loss: 1.09, train 37.22%
epoch 48, loss: 1.09, train 38.50%
epoch 48, loss: 1.09, train 38.64%
epoch 48, loss: 1.10, train 38.33%
epoch 48, loss: 1.10, train 37.69%
epoch 48, loss: 1.10, train 37.14%
epoch 48, loss: 1.09, train 37.67%
epoch 48, loss: 1.18, train 36.88%
epoch 48, loss: 1.10, train 36.47%
epoch 48, loss: 1.11, train 35.56%
epoch 48, loss: 1.09, train 35.53%
epoch 48, loss: 1.09, train 35.25%
epoch 48, loss: 1.07, train 35.48%
epoch 48, loss: 1.11, train 34.77%
epoch 48, loss: 1.08, train 35.00%
epoch 48, loss: 1.08, train 35.21%
epoch 48, loss: 1.11, train 34.60%
epoch 48, loss: 1.07, train 35.58%
epoch 48, loss: 1.12, train 35.00%
epoch 48, loss: 1.14, train 34.29%
epoch 48, loss: 1.09, train 34.48%
epoch 48, loss: 1.10, train 34.33%
epoch 48, loss: 1.10, train 34.84%
epoch 48, loss: 1.09, train 35.00%
epoch 48, loss: 1.11, train 35.30%
epoch 48, loss: 1.12, train 35.15%
epoch 48, loss: 1.07, train 35.29%
epoch 48, loss: 1.14, train 35.00%
epoch 48, loss: 1.10, train 35.00%
epoch 48, loss: 1.09, train 35.00%
epoch 48, loss: 1.11, train 34.87%
epoch 48, loss: 1.09, train 35.12%
epoch 48, loss: 1.09, train 35.37%
epoch 48, loss: 1.09, train 35.36%
epoch 48, loss: 1.09, train 35.23%
epoch 48, loss: 1.09, train 35.23%
epoch 48, loss: 1.09, train 35.22%
Epoch completed!
epoch 48, total signals 900, average_loss_per_batch: 1.099506, train 35.22%
Validating
Val set size: 120, validation accuracy 32.50%
epoch 49, loss: 1.11, train 30.00%
epoch 49, loss: 1.14, train 25.00%
epoch 49, loss: 1.09, train 38.33%
epoch 49, loss: 1.10, train 38.75%
epoch 49, loss: 1.09, train 37.00%
epoch 49, loss: 1.09, train 37.50%
epoch 49, loss: 1.13, train 33.57%
epoch 49, loss: 1.12, train 33.75%
epoch 49, loss: 1.14, train 32.78%
epoch 49, loss: 1.10, train 33.00%
epoch 49, loss: 1.10, train 33.64%
epoch 49, loss: 1.11, train 33.33%
epoch 49, loss: 1.11, train 33.46%
epoch 49, loss: 1.10, train 34.29%
epoch 49, loss: 1.09, train 34.67%
epoch 49, loss: 1.11, train 34.06%
epoch 49, loss: 1.21, train 33.24%
epoch 49, loss: 1.12, train 32.78%
epoch 49, loss: 1.10, train 32.37%
epoch 49, loss: 1.13, train 32.00%
epoch 49, loss: 1.09, train 32.62%
epoch 49, loss: 1.08, train 33.86%
epoch 49, loss: 1.10, train 33.70%
epoch 49, loss: 1.12, train 33.33%
epoch 49, loss: 1.11, train 33.40%
epoch 49, loss: 1.13, train 33.08%
epoch 49, loss: 1.10, train 32.78%
epoch 49, loss: 1.04, train 33.39%
epoch 49, loss: 1.14, train 33.10%
epoch 49, loss: 1.11, train 33.00%
epoch 49, loss: 1.10, train 32.74%
epoch 49, loss: 1.13, train 32.50%
epoch 49, loss: 1.11, train 32.27%
epoch 49, loss: 1.09, train 32.65%
epoch 49, loss: 1.15, train 32.00%
epoch 49, loss: 1.08, train 32.36%
epoch 49, loss: 1.09, train 32.97%
epoch 49, loss: 1.12, train 32.76%
epoch 49, loss: 1.09, train 32.69%
epoch 49, loss: 1.11, train 32.25%
epoch 49, loss: 1.08, train 32.56%
epoch 49, loss: 1.10, train 32.62%
epoch 49, loss: 1.09, train 32.67%
epoch 49, loss: 1.10, train 33.07%
epoch 49, loss: 1.11, train 33.00%
Epoch completed!
epoch 49, total signals 900, average_loss_per_batch: 1.107581, train 33.00%
Validating
Val set size: 120, validation accuracy 32.50%
Training Completed!
Testing
da no sv
[[15 25  0]
 [17 23  0]
 [20 20  0]]
Test set size: 120, Test accuracy 31.67%
